[2026-04-13 17:10:51] BUILD_SCENE_START site= trimmed-parade mode= single_state year= 180 render_exrs= True
[2026-04-13 17:10:55] INIT_SCENE scene_name= bV2_trimmed-parade_single_state_yr180 site= trimmed-parade mode= single_state year= 180 camera= None
[2026-04-13 17:10:55] INIT_USE_TEMPLATE_SCENE_START bV2_template -> bV2_trimmed-parade_single_state_yr180
[2026-04-13 17:10:55] INIT_USE_TEMPLATE_SCENE_DONE active_scene= bV2_trimmed-parade_single_state_yr180
[2026-04-13 17:10:55] INIT_TOP_LEVEL_COLLECTIONS_START cameras,world,instancers,bioenvelopes,build
[2026-04-13 17:10:55] INIT_TOP_LEVEL_COLLECTIONS_DONE count= 5 names= bioenvelopes,build,cameras,instancers,world
[2026-04-13 17:10:55] INIT_SECOND_LEVEL_COLLECTIONS_START
[2026-04-13 17:10:55] INIT_SECOND_LEVEL_COLLECTIONS_DONE count= 9 names= bioenvelope_positive,bioenvelope_trending,helpers,positive_instances,positive_priority_instances,trending_instances,world_positive_attributes,world_sources,world_trending_attributes
[2026-04-13 17:10:55] INIT_POPULATE_SITE_SOURCES_START site= trimmed-parade mode= single_state camera= parade-hero-image
[2026-04-13 17:10:55] INIT_POPULATE_SITE_SOURCES_DONE world= trimmed-parade_buildings_source.001,trimmed-parade_roads_source.001 cameras= parade - camera - time slice - zoom.001,parade-hero-image.001
[2026-04-13 17:10:55] INIT_VIEW_LAYERS_START
[2026-04-13 17:10:55] INIT_VIEW_LAYERS_DONE names= existing_condition_positive,existing_condition_trending,positive_state,positive_priority_state,trending_state,bioenvelope_positive,bioenvelope_trending
[2026-04-13 17:10:55] INIT_AOV_RESET_START layer_count= 7 aov_count= 28
[2026-04-13 17:10:55] INIT_AOV_RESET_LAYER_START existing_condition_positive
[2026-04-13 17:10:55] INIT_AOV_RESET_LAYER_DONE existing_condition_positive count= 28
[2026-04-13 17:10:55] INIT_AOV_RESET_LAYER_START existing_condition_trending
[2026-04-13 17:10:55] INIT_AOV_RESET_LAYER_DONE existing_condition_trending count= 28
[2026-04-13 17:10:55] INIT_AOV_RESET_LAYER_START positive_state
[2026-04-13 17:10:55] INIT_AOV_RESET_LAYER_DONE positive_state count= 28
[2026-04-13 17:10:55] INIT_AOV_RESET_LAYER_START positive_priority_state
[2026-04-13 17:10:55] INIT_AOV_RESET_LAYER_DONE positive_priority_state count= 28
[2026-04-13 17:10:55] INIT_AOV_RESET_LAYER_START trending_state
[2026-04-13 17:10:55] INIT_AOV_RESET_LAYER_DONE trending_state count= 28
[2026-04-13 17:10:55] INIT_AOV_RESET_LAYER_START bioenvelope_positive
[2026-04-13 17:10:55] INIT_AOV_RESET_LAYER_DONE bioenvelope_positive count= 28
[2026-04-13 17:10:55] INIT_AOV_RESET_LAYER_START bioenvelope_trending
[2026-04-13 17:10:55] INIT_AOV_RESET_LAYER_DONE bioenvelope_trending count= 28
[2026-04-13 17:10:55] INIT_NEUTRAL_SCENE_STATE_START
[2026-04-13 17:10:55] INIT_NEUTRAL_SCENE_STATE_DONE
[2026-04-13 17:10:55] INIT_REMOVE_TEMPLATE_COLLECTIONS_START world_sources,camera_sources
[2026-04-13 17:10:55] INIT_REMOVE_TEMPLATE_COLLECTIONS_DONE
[2026-04-13 17:10:55] INIT_NORMALIZE_NAMES_START
[2026-04-13 17:10:55] INIT_NORMALIZE_NAMES_DONE
[2026-04-13 17:10:55] INIT_NORMALIZE_VISIBILITY_START
[2026-04-13 17:10:55] INIT_NORMALIZE_VISIBILITY_DONE
[2026-04-13 17:10:55] INIT_WRITE_METADATA_START
[2026-04-13 17:10:55] INIT_WRITE_METADATA_DONE
[2026-04-13 17:10:55] INIT_ASSIGN_CAMERA_START parade-hero-image
[2026-04-13 17:10:55] INIT_ASSIGN_CAMERA_DONE scene_camera= parade-hero-image
[2026-04-13 17:10:55] INIT_UI_WORKSPACE_STEPS_SKIPPED
[2026-04-13 17:10:55] INIT_APPLY_VIEW_LAYER_SEMANTICS_START
[2026-04-13 17:10:55] INIT_APPLY_VIEW_LAYER_SEMANTICS_DONE
[2026-04-13 17:10:55] INIT_SCENE_DONE bV2_trimmed-parade_single_state_yr180
[2026-04-13 17:10:55] Building bV2 instancers for scene=bV2_trimmed-parade_single_state_yr180, site=trimmed-parade, mode=single_state, year=180
[2026-04-13 17:10:55] BUILD_INSTANCERS_LOAD_POSITIVE_START
[2026-04-13 17:10:56] LOAD_SCENARIO_START site= trimmed-parade scenario= positive mode= single_state years= (180,)
[2026-04-13 17:10:56] LOAD_SCENARIO_YEAR_START positive 180 D:\2026 Arboreal Futures\urban-futures\_data-refactored\model-outputs\generated-states\4.10\output\feature-locations\trimmed-parade\trimmed-parade_positive_1_nodeDF_yr180.csv
[2026-04-13 17:10:56] LOAD_SCENARIO_YEAR_DONE positive 180 rows= 641
[2026-04-13 17:10:56] LOAD_SCENARIO_DONE positive rows= 641
[2026-04-13 17:10:56] BUILD_INSTANCERS_LOAD_POSITIVE_DONE rows= 641
[2026-04-13 17:10:56] BUILD_INSTANCERS_LOAD_TRENDING_START
[2026-04-13 17:10:56] LOAD_SCENARIO_START site= trimmed-parade scenario= trending mode= single_state years= (180,)
[2026-04-13 17:10:56] LOAD_SCENARIO_YEAR_START trending 180 D:\2026 Arboreal Futures\urban-futures\_data-refactored\model-outputs\generated-states\4.10\output\feature-locations\trimmed-parade\trimmed-parade_trending_1_nodeDF_yr180.csv
[2026-04-13 17:10:56] LOAD_SCENARIO_YEAR_DONE trending 180 rows= 456
[2026-04-13 17:10:56] LOAD_SCENARIO_DONE trending rows= 456
[2026-04-13 17:10:56] BUILD_INSTANCERS_LOAD_TRENDING_DONE rows= 456
[2026-04-13 17:10:56] BUILD_INSTANCERS_DERIVE_PRIORITY_START
[2026-04-13 17:10:56] BUILD_INSTANCERS_DERIVE_PRIORITY_DONE rows= 117
[2026-04-13 17:10:56] BUILD_INSTANCERS_STATE_START positive families= logs,trees
[2026-04-13 17:10:56] BUILD_INSTANCERS_FAMILY_START state= positive family= trees rows= 641
[2026-04-13 17:10:56] BUILD_STATE_START family= trees state= positive rows= 641
[2026-04-13 17:10:56] IMPORT_START trees precolonial.False_size.decayed_control.improved-tree_id.10.ply
[2026-04-13 17:10:56] IMPORT_DONE trees precolonial.False_size.decayed_control.improved-tree_id.10.ply seconds 0.04
[2026-04-13 17:10:56] IMPORT_START trees precolonial.False_size.decayed_control.improved-tree_id.12.ply
[2026-04-13 17:10:56] IMPORT_DONE trees precolonial.False_size.decayed_control.improved-tree_id.12.ply seconds 0.02
[2026-04-13 17:10:56] IMPORT_START trees precolonial.False_size.decayed_control.improved-tree_id.7.ply
[2026-04-13 17:10:56] IMPORT_DONE trees precolonial.False_size.decayed_control.improved-tree_id.7.ply seconds 0.03
[2026-04-13 17:10:56] IMPORT_START trees precolonial.False_size.fallen_control.improved-tree_id.10.ply
[2026-04-13 17:10:56] IMPORT_DONE trees precolonial.False_size.fallen_control.improved-tree_id.10.ply seconds 0.12
[2026-04-13 17:10:56] IMPORT_START trees precolonial.False_size.fallen_control.improved-tree_id.12.ply
[2026-04-13 17:10:56] IMPORT_DONE trees precolonial.False_size.fallen_control.improved-tree_id.12.ply seconds 0.06
[2026-04-13 17:10:56] IMPORT_START trees precolonial.False_size.fallen_control.improved-tree_id.13.ply
[2026-04-13 17:10:56] IMPORT_DONE trees precolonial.False_size.fallen_control.improved-tree_id.13.ply seconds 0.07
[2026-04-13 17:10:56] IMPORT_START trees precolonial.False_size.fallen_control.improved-tree_id.14.ply
[2026-04-13 17:10:56] IMPORT_DONE trees precolonial.False_size.fallen_control.improved-tree_id.14.ply seconds 0.05
[2026-04-13 17:10:56] IMPORT_START trees precolonial.False_size.fallen_control.improved-tree_id.7.ply
[2026-04-13 17:10:56] IMPORT_DONE trees precolonial.False_size.fallen_control.improved-tree_id.7.ply seconds 0.18
[2026-04-13 17:10:56] IMPORT_START trees precolonial.False_size.fallen_control.improved-tree_id.8.ply
[2026-04-13 17:10:57] IMPORT_DONE trees precolonial.False_size.fallen_control.improved-tree_id.8.ply seconds 0.05
[2026-04-13 17:10:57] IMPORT_START trees precolonial.False_size.fallen_control.improved-tree_id.9.ply
[2026-04-13 17:10:57] IMPORT_DONE trees precolonial.False_size.fallen_control.improved-tree_id.9.ply seconds 0.1
[2026-04-13 17:10:57] IMPORT_START trees precolonial.False_size.senescing_control.improved-tree_id.1.ply
[2026-04-13 17:10:57] IMPORT_DONE trees precolonial.False_size.senescing_control.improved-tree_id.1.ply seconds 0.53
[2026-04-13 17:10:57] IMPORT_START trees precolonial.False_size.senescing_control.improved-tree_id.10.ply
[2026-04-13 17:10:59] IMPORT_DONE trees precolonial.False_size.senescing_control.improved-tree_id.10.ply seconds 1.64
[2026-04-13 17:10:59] IMPORT_START trees precolonial.False_size.senescing_control.improved-tree_id.11.ply
[2026-04-13 17:11:01] IMPORT_DONE trees precolonial.False_size.senescing_control.improved-tree_id.11.ply seconds 1.95
[2026-04-13 17:11:01] IMPORT_START trees precolonial.False_size.senescing_control.improved-tree_id.2.ply
[2026-04-13 17:11:01] IMPORT_DONE trees precolonial.False_size.senescing_control.improved-tree_id.2.ply seconds 0.65
[2026-04-13 17:11:01] IMPORT_START trees precolonial.False_size.senescing_control.improved-tree_id.3.ply
[2026-04-13 17:11:02] IMPORT_DONE trees precolonial.False_size.senescing_control.improved-tree_id.3.ply seconds 0.54
[2026-04-13 17:11:02] IMPORT_START trees precolonial.False_size.senescing_control.improved-tree_id.7.ply
[2026-04-13 17:11:03] IMPORT_DONE trees precolonial.False_size.senescing_control.improved-tree_id.7.ply seconds 1.39
[2026-04-13 17:11:03] IMPORT_START trees precolonial.False_size.senescing_control.improved-tree_id.9.ply
[2026-04-13 17:11:05] IMPORT_DONE trees precolonial.False_size.senescing_control.improved-tree_id.9.ply seconds 1.2
[2026-04-13 17:11:05] CACHE_HIT trees precolonial.False_size.senescing_control.improved-tree_id.9.ply
[2026-04-13 17:11:05] IMPORT_START trees precolonial.False_size.snag_control.improved-tree_id.10.ply
[2026-04-13 17:11:05] IMPORT_DONE trees precolonial.False_size.snag_control.improved-tree_id.10.ply seconds 0.09
[2026-04-13 17:11:05] IMPORT_START trees precolonial.False_size.snag_control.improved-tree_id.11.ply
[2026-04-13 17:11:05] IMPORT_DONE trees precolonial.False_size.snag_control.improved-tree_id.11.ply seconds 0.13
[2026-04-13 17:11:05] IMPORT_START trees precolonial.False_size.snag_control.improved-tree_id.12.ply
[2026-04-13 17:11:05] IMPORT_DONE trees precolonial.False_size.snag_control.improved-tree_id.12.ply seconds 0.09
[2026-04-13 17:11:05] IMPORT_START trees precolonial.False_size.snag_control.improved-tree_id.13.ply
[2026-04-13 17:11:05] IMPORT_DONE trees precolonial.False_size.snag_control.improved-tree_id.13.ply seconds 0.04
[2026-04-13 17:11:05] IMPORT_START trees precolonial.False_size.snag_control.improved-tree_id.14.ply
[2026-04-13 17:11:05] IMPORT_DONE trees precolonial.False_size.snag_control.improved-tree_id.14.ply seconds 0.04
[2026-04-13 17:11:05] IMPORT_START trees precolonial.False_size.snag_control.improved-tree_id.7.ply
[2026-04-13 17:11:05] IMPORT_DONE trees precolonial.False_size.snag_control.improved-tree_id.7.ply seconds 0.07
[2026-04-13 17:11:05] IMPORT_START trees precolonial.False_size.snag_control.improved-tree_id.8.ply
[2026-04-13 17:11:05] IMPORT_DONE trees precolonial.False_size.snag_control.improved-tree_id.8.ply seconds 0.02
[2026-04-13 17:11:05] IMPORT_START trees precolonial.False_size.snag_control.improved-tree_id.9.ply
[2026-04-13 17:11:05] IMPORT_DONE trees precolonial.False_size.snag_control.improved-tree_id.9.ply seconds 0.06
[2026-04-13 17:11:05] IMPORT_START trees precolonial.True_size.decayed_control.improved-tree_id.13.ply
[2026-04-13 17:11:05] IMPORT_DONE trees precolonial.True_size.decayed_control.improved-tree_id.13.ply seconds 0.01
[2026-04-13 17:11:05] IMPORT_START trees precolonial.True_size.fallen_control.improved-tree_id.12.ply
[2026-04-13 17:11:05] IMPORT_DONE trees precolonial.True_size.fallen_control.improved-tree_id.12.ply seconds 0.01
[2026-04-13 17:11:05] IMPORT_START trees precolonial.True_size.fallen_control.improved-tree_id.13.ply
[2026-04-13 17:11:05] IMPORT_DONE trees precolonial.True_size.fallen_control.improved-tree_id.13.ply seconds 0.01
[2026-04-13 17:11:05] IMPORT_START trees precolonial.True_size.fallen_control.improved-tree_id.16.ply
[2026-04-13 17:11:05] IMPORT_DONE trees precolonial.True_size.fallen_control.improved-tree_id.16.ply seconds 0.02
[2026-04-13 17:11:05] IMPORT_START trees precolonial.True_size.large_control.park-tree_id.13.ply
[2026-04-13 17:11:05] IMPORT_DONE trees precolonial.True_size.large_control.park-tree_id.13.ply seconds 0.19
[2026-04-13 17:11:05] IMPORT_START trees precolonial.True_size.large_control.park-tree_id.14.ply
[2026-04-13 17:11:06] IMPORT_DONE trees precolonial.True_size.large_control.park-tree_id.14.ply seconds 0.14
[2026-04-13 17:11:06] IMPORT_START trees precolonial.True_size.large_control.reserve-tree_id.11.ply
[2026-04-13 17:11:06] IMPORT_DONE trees precolonial.True_size.large_control.reserve-tree_id.11.ply seconds 0.36
[2026-04-13 17:11:06] IMPORT_START trees precolonial.True_size.large_control.reserve-tree_id.12.ply
[2026-04-13 17:11:06] IMPORT_DONE trees precolonial.True_size.large_control.reserve-tree_id.12.ply seconds 0.12
[2026-04-13 17:11:06] IMPORT_START trees precolonial.True_size.large_control.reserve-tree_id.13.ply
[2026-04-13 17:11:06] IMPORT_DONE trees precolonial.True_size.large_control.reserve-tree_id.13.ply seconds 0.14
[2026-04-13 17:11:06] IMPORT_START trees precolonial.True_size.large_control.reserve-tree_id.14.ply
[2026-04-13 17:11:06] IMPORT_DONE trees precolonial.True_size.large_control.reserve-tree_id.14.ply seconds 0.1
[2026-04-13 17:11:06] IMPORT_START trees precolonial.True_size.large_control.reserve-tree_id.16.ply
[2026-04-13 17:11:06] IMPORT_DONE trees precolonial.True_size.large_control.reserve-tree_id.16.ply seconds 0.16
[2026-04-13 17:11:06] IMPORT_START trees precolonial.True_size.medium_control.park-tree_id.10.ply
[2026-04-13 17:11:07] IMPORT_DONE trees precolonial.True_size.medium_control.park-tree_id.10.ply seconds 0.21
[2026-04-13 17:11:07] IMPORT_START trees precolonial.True_size.medium_control.park-tree_id.5.ply
[2026-04-13 17:11:07] IMPORT_DONE trees precolonial.True_size.medium_control.park-tree_id.5.ply seconds 0.09
[2026-04-13 17:11:07] IMPORT_START trees precolonial.True_size.medium_control.park-tree_id.6.ply
[2026-04-13 17:11:07] IMPORT_DONE trees precolonial.True_size.medium_control.park-tree_id.6.ply seconds 0.13
[2026-04-13 17:11:07] IMPORT_START trees precolonial.True_size.medium_control.park-tree_id.7.ply
[2026-04-13 17:11:07] IMPORT_DONE trees precolonial.True_size.medium_control.park-tree_id.7.ply seconds 0.11
[2026-04-13 17:11:07] IMPORT_START trees precolonial.True_size.medium_control.park-tree_id.8.ply
[2026-04-13 17:11:07] IMPORT_DONE trees precolonial.True_size.medium_control.park-tree_id.8.ply seconds 0.18
[2026-04-13 17:11:07] IMPORT_START trees precolonial.True_size.medium_control.park-tree_id.9.ply
[2026-04-13 17:11:07] IMPORT_DONE trees precolonial.True_size.medium_control.park-tree_id.9.ply seconds 0.2
[2026-04-13 17:11:07] IMPORT_START trees precolonial.True_size.medium_control.reserve-tree_id.10.ply
[2026-04-13 17:11:08] IMPORT_DONE trees precolonial.True_size.medium_control.reserve-tree_id.10.ply seconds 0.25
[2026-04-13 17:11:08] IMPORT_START trees precolonial.True_size.medium_control.reserve-tree_id.5.ply
[2026-04-13 17:11:08] IMPORT_DONE trees precolonial.True_size.medium_control.reserve-tree_id.5.ply seconds 0.09
[2026-04-13 17:11:08] IMPORT_START trees precolonial.True_size.medium_control.reserve-tree_id.6.ply
[2026-04-13 17:11:08] IMPORT_DONE trees precolonial.True_size.medium_control.reserve-tree_id.6.ply seconds 0.11
[2026-04-13 17:11:08] IMPORT_START trees precolonial.True_size.medium_control.reserve-tree_id.7.ply
[2026-04-13 17:11:08] IMPORT_DONE trees precolonial.True_size.medium_control.reserve-tree_id.7.ply seconds 0.09
[2026-04-13 17:11:08] IMPORT_START trees precolonial.True_size.medium_control.reserve-tree_id.8.ply
[2026-04-13 17:11:08] IMPORT_DONE trees precolonial.True_size.medium_control.reserve-tree_id.8.ply seconds 0.15
[2026-04-13 17:11:08] IMPORT_START trees precolonial.True_size.medium_control.reserve-tree_id.9.ply
[2026-04-13 17:11:08] IMPORT_DONE trees precolonial.True_size.medium_control.reserve-tree_id.9.ply seconds 0.19
[2026-04-13 17:11:08] IMPORT_START trees precolonial.True_size.medium_control.street-tree_id.10.ply
[2026-04-13 17:11:09] IMPORT_DONE trees precolonial.True_size.medium_control.street-tree_id.10.ply seconds 0.19
[2026-04-13 17:11:09] IMPORT_START trees precolonial.True_size.medium_control.street-tree_id.5.ply
[2026-04-13 17:11:09] IMPORT_DONE trees precolonial.True_size.medium_control.street-tree_id.5.ply seconds 0.1
[2026-04-13 17:11:09] IMPORT_START trees precolonial.True_size.medium_control.street-tree_id.6.ply
[2026-04-13 17:11:09] IMPORT_DONE trees precolonial.True_size.medium_control.street-tree_id.6.ply seconds 0.12
[2026-04-13 17:11:09] IMPORT_START trees precolonial.True_size.medium_control.street-tree_id.7.ply
[2026-04-13 17:11:09] IMPORT_DONE trees precolonial.True_size.medium_control.street-tree_id.7.ply seconds 0.15
[2026-04-13 17:11:09] IMPORT_START trees precolonial.True_size.medium_control.street-tree_id.8.ply
[2026-04-13 17:11:09] IMPORT_DONE trees precolonial.True_size.medium_control.street-tree_id.8.ply seconds 0.23
[2026-04-13 17:11:09] IMPORT_START trees precolonial.True_size.medium_control.street-tree_id.9.ply
[2026-04-13 17:11:09] IMPORT_DONE trees precolonial.True_size.medium_control.street-tree_id.9.ply seconds 0.17
[2026-04-13 17:11:09] IMPORT_START trees precolonial.True_size.senescing_control.improved-tree_id.11.ply
[2026-04-13 17:11:09] IMPORT_DONE trees precolonial.True_size.senescing_control.improved-tree_id.11.ply seconds 0.13
[2026-04-13 17:11:09] IMPORT_START trees precolonial.True_size.senescing_control.improved-tree_id.12.ply
[2026-04-13 17:11:10] IMPORT_DONE trees precolonial.True_size.senescing_control.improved-tree_id.12.ply seconds 0.08
[2026-04-13 17:11:10] IMPORT_START trees precolonial.True_size.senescing_control.improved-tree_id.13.ply
[2026-04-13 17:11:10] IMPORT_DONE trees precolonial.True_size.senescing_control.improved-tree_id.13.ply seconds 0.07
[2026-04-13 17:11:10] IMPORT_START trees precolonial.True_size.senescing_control.improved-tree_id.14.ply
[2026-04-13 17:11:10] IMPORT_DONE trees precolonial.True_size.senescing_control.improved-tree_id.14.ply seconds 0.03
[2026-04-13 17:11:10] IMPORT_START trees precolonial.True_size.senescing_control.improved-tree_id.15.ply
[2026-04-13 17:11:10] IMPORT_DONE trees precolonial.True_size.senescing_control.improved-tree_id.15.ply seconds 0.06
[2026-04-13 17:11:10] IMPORT_START trees precolonial.True_size.senescing_control.improved-tree_id.16.ply
[2026-04-13 17:11:10] IMPORT_DONE trees precolonial.True_size.senescing_control.improved-tree_id.16.ply seconds 0.06
[2026-04-13 17:11:10] IMPORT_START trees precolonial.True_size.small_control.park-tree_id.1.ply
[2026-04-13 17:11:10] IMPORT_DONE trees precolonial.True_size.small_control.park-tree_id.1.ply seconds 0.02
[2026-04-13 17:11:10] IMPORT_START trees precolonial.True_size.small_control.park-tree_id.2.ply
[2026-04-13 17:11:10] IMPORT_DONE trees precolonial.True_size.small_control.park-tree_id.2.ply seconds 0.01
[2026-04-13 17:11:10] IMPORT_START trees precolonial.True_size.small_control.park-tree_id.3.ply
[2026-04-13 17:11:10] IMPORT_DONE trees precolonial.True_size.small_control.park-tree_id.3.ply seconds 0.06
[2026-04-13 17:11:10] IMPORT_START trees precolonial.True_size.small_control.park-tree_id.4.ply
[2026-04-13 17:11:10] IMPORT_DONE trees precolonial.True_size.small_control.park-tree_id.4.ply seconds 0.04
[2026-04-13 17:11:10] IMPORT_START trees precolonial.True_size.small_control.reserve-tree_id.1.ply
[2026-04-13 17:11:10] IMPORT_DONE trees precolonial.True_size.small_control.reserve-tree_id.1.ply seconds 0.01
[2026-04-13 17:11:10] IMPORT_START trees precolonial.True_size.small_control.reserve-tree_id.2.ply
[2026-04-13 17:11:10] IMPORT_DONE trees precolonial.True_size.small_control.reserve-tree_id.2.ply seconds 0.02
[2026-04-13 17:11:10] IMPORT_START trees precolonial.True_size.small_control.reserve-tree_id.3.ply
[2026-04-13 17:11:10] IMPORT_DONE trees precolonial.True_size.small_control.reserve-tree_id.3.ply seconds 0.09
[2026-04-13 17:11:10] IMPORT_START trees precolonial.True_size.small_control.reserve-tree_id.4.ply
[2026-04-13 17:11:10] IMPORT_DONE trees precolonial.True_size.small_control.reserve-tree_id.4.ply seconds 0.02
[2026-04-13 17:11:10] IMPORT_START trees precolonial.True_size.small_control.street-tree_id.1.ply
[2026-04-13 17:11:10] IMPORT_DONE trees precolonial.True_size.small_control.street-tree_id.1.ply seconds 0.01
[2026-04-13 17:11:10] IMPORT_START trees precolonial.True_size.small_control.street-tree_id.2.ply
[2026-04-13 17:11:10] IMPORT_DONE trees precolonial.True_size.small_control.street-tree_id.2.ply seconds 0.01
[2026-04-13 17:11:10] IMPORT_START trees precolonial.True_size.small_control.street-tree_id.3.ply
[2026-04-13 17:11:10] IMPORT_DONE trees precolonial.True_size.small_control.street-tree_id.3.ply seconds 0.05
[2026-04-13 17:11:10] IMPORT_START trees precolonial.True_size.small_control.street-tree_id.4.ply
[2026-04-13 17:11:10] IMPORT_DONE trees precolonial.True_size.small_control.street-tree_id.4.ply seconds 0.01
[2026-04-13 17:11:10] IMPORT_START trees precolonial.True_size.snag_control.improved-tree_id.11.ply
[2026-04-13 17:11:10] IMPORT_DONE trees precolonial.True_size.snag_control.improved-tree_id.11.ply seconds 0.02
[2026-04-13 17:11:10] IMPORT_START trees precolonial.True_size.snag_control.improved-tree_id.12.ply
[2026-04-13 17:11:10] IMPORT_DONE trees precolonial.True_size.snag_control.improved-tree_id.12.ply seconds 0.01
[2026-04-13 17:11:10] IMPORT_START trees precolonial.True_size.snag_control.improved-tree_id.13.ply
[2026-04-13 17:11:10] IMPORT_DONE trees precolonial.True_size.snag_control.improved-tree_id.13.ply seconds 0.01
[2026-04-13 17:11:10] IMPORT_START trees precolonial.True_size.snag_control.improved-tree_id.14.ply
[2026-04-13 17:11:10] IMPORT_DONE trees precolonial.True_size.snag_control.improved-tree_id.14.ply seconds 0.03
[2026-04-13 17:11:10] IMPORT_START trees precolonial.True_size.snag_control.improved-tree_id.15.ply
[2026-04-13 17:11:10] IMPORT_DONE trees precolonial.True_size.snag_control.improved-tree_id.15.ply seconds 0.04
[2026-04-13 17:11:10] BUILD_STATE_MODELS_DONE family= trees state= positive rows= 641 models= 78
[2026-04-13 17:11:10] BUILD_STATE_DONE family= trees state= positive point_name= trees_positions_trimmed-parade_yr180_positive points= 641
[2026-04-13 17:11:10] BUILD_INSTANCERS_FAMILY_DONE state= positive family= trees
[2026-04-13 17:11:10] BUILD_INSTANCERS_FAMILY_START state= positive family= logs rows= 0
[2026-04-13 17:11:10] Skipping logs/positive: no rows
[2026-04-13 17:11:10] BUILD_INSTANCERS_FAMILY_DONE state= positive family= logs
[2026-04-13 17:11:10] BUILD_INSTANCERS_STATE_DONE positive
[2026-04-13 17:11:10] BUILD_INSTANCERS_STATE_START positive_priority families= logs,trees
[2026-04-13 17:11:10] BUILD_INSTANCERS_FAMILY_START state= positive_priority family= trees rows= 117
[2026-04-13 17:11:10] BUILD_STATE_START family= trees state= positive_priority rows= 117
[2026-04-13 17:11:10] CACHE_HIT trees precolonial.False_size.fallen_control.improved-tree_id.10.ply
[2026-04-13 17:11:10] CACHE_HIT trees precolonial.False_size.fallen_control.improved-tree_id.12.ply
[2026-04-13 17:11:10] CACHE_HIT trees precolonial.False_size.fallen_control.improved-tree_id.13.ply
[2026-04-13 17:11:10] CACHE_HIT trees precolonial.False_size.fallen_control.improved-tree_id.14.ply
[2026-04-13 17:11:10] CACHE_HIT trees precolonial.False_size.fallen_control.improved-tree_id.7.ply
[2026-04-13 17:11:10] CACHE_HIT trees precolonial.False_size.fallen_control.improved-tree_id.8.ply
[2026-04-13 17:11:10] CACHE_HIT trees precolonial.False_size.fallen_control.improved-tree_id.9.ply
[2026-04-13 17:11:11] CACHE_HIT trees precolonial.False_size.senescing_control.improved-tree_id.1.ply
[2026-04-13 17:11:11] CACHE_HIT trees precolonial.False_size.senescing_control.improved-tree_id.10.ply
[2026-04-13 17:11:11] CACHE_HIT trees precolonial.False_size.senescing_control.improved-tree_id.11.ply
[2026-04-13 17:11:11] CACHE_HIT trees precolonial.False_size.senescing_control.improved-tree_id.2.ply
[2026-04-13 17:11:11] CACHE_HIT trees precolonial.False_size.senescing_control.improved-tree_id.3.ply
[2026-04-13 17:11:11] CACHE_HIT trees precolonial.False_size.senescing_control.improved-tree_id.7.ply
[2026-04-13 17:11:11] CACHE_HIT trees precolonial.False_size.senescing_control.improved-tree_id.9.ply
[2026-04-13 17:11:11] CACHE_HIT trees precolonial.False_size.senescing_control.improved-tree_id.9.ply
[2026-04-13 17:11:11] CACHE_HIT trees precolonial.False_size.snag_control.improved-tree_id.10.ply
[2026-04-13 17:11:11] CACHE_HIT trees precolonial.False_size.snag_control.improved-tree_id.11.ply
[2026-04-13 17:11:11] CACHE_HIT trees precolonial.False_size.snag_control.improved-tree_id.12.ply
[2026-04-13 17:11:11] CACHE_HIT trees precolonial.False_size.snag_control.improved-tree_id.13.ply
[2026-04-13 17:11:11] CACHE_HIT trees precolonial.False_size.snag_control.improved-tree_id.14.ply
[2026-04-13 17:11:11] CACHE_HIT trees precolonial.False_size.snag_control.improved-tree_id.7.ply
[2026-04-13 17:11:11] CACHE_HIT trees precolonial.False_size.snag_control.improved-tree_id.8.ply
[2026-04-13 17:11:11] CACHE_HIT trees precolonial.False_size.snag_control.improved-tree_id.9.ply
[2026-04-13 17:11:11] CACHE_HIT trees precolonial.True_size.fallen_control.improved-tree_id.12.ply
[2026-04-13 17:11:11] CACHE_HIT trees precolonial.True_size.fallen_control.improved-tree_id.13.ply
[2026-04-13 17:11:11] CACHE_HIT trees precolonial.True_size.fallen_control.improved-tree_id.16.ply
[2026-04-13 17:11:11] CACHE_HIT trees precolonial.True_size.senescing_control.improved-tree_id.11.ply
[2026-04-13 17:11:11] CACHE_HIT trees precolonial.True_size.senescing_control.improved-tree_id.12.ply
[2026-04-13 17:11:11] CACHE_HIT trees precolonial.True_size.senescing_control.improved-tree_id.13.ply
[2026-04-13 17:11:11] CACHE_HIT trees precolonial.True_size.senescing_control.improved-tree_id.14.ply
[2026-04-13 17:11:11] CACHE_HIT trees precolonial.True_size.senescing_control.improved-tree_id.15.ply
[2026-04-13 17:11:11] CACHE_HIT trees precolonial.True_size.senescing_control.improved-tree_id.16.ply
[2026-04-13 17:11:11] CACHE_HIT trees precolonial.True_size.snag_control.improved-tree_id.11.ply
[2026-04-13 17:11:11] CACHE_HIT trees precolonial.True_size.snag_control.improved-tree_id.12.ply
[2026-04-13 17:11:11] CACHE_HIT trees precolonial.True_size.snag_control.improved-tree_id.13.ply
[2026-04-13 17:11:11] CACHE_HIT trees precolonial.True_size.snag_control.improved-tree_id.14.ply
[2026-04-13 17:11:11] CACHE_HIT trees precolonial.True_size.snag_control.improved-tree_id.15.ply
[2026-04-13 17:11:11] BUILD_STATE_MODELS_DONE family= trees state= positive_priority rows= 117 models= 37
[2026-04-13 17:11:11] BUILD_STATE_DONE family= trees state= positive_priority point_name= trees_positions_trimmed-parade_yr180_positive_priority points= 117
[2026-04-13 17:11:11] BUILD_INSTANCERS_FAMILY_DONE state= positive_priority family= trees
[2026-04-13 17:11:11] BUILD_INSTANCERS_FAMILY_START state= positive_priority family= logs rows= 0
[2026-04-13 17:11:11] Skipping logs/positive_priority: no rows
[2026-04-13 17:11:11] BUILD_INSTANCERS_FAMILY_DONE state= positive_priority family= logs
[2026-04-13 17:11:11] BUILD_INSTANCERS_STATE_DONE positive_priority
[2026-04-13 17:11:11] BUILD_INSTANCERS_STATE_START trending families= logs,trees
[2026-04-13 17:11:11] BUILD_INSTANCERS_FAMILY_START state= trending family= trees rows= 456
[2026-04-13 17:11:11] BUILD_STATE_START family= trees state= trending rows= 456
[2026-04-13 17:11:11] IMPORT_START trees precolonial.True_size.large_control.street-tree_id.11.ply
[2026-04-13 17:11:11] IMPORT_DONE trees precolonial.True_size.large_control.street-tree_id.11.ply seconds 0.28
[2026-04-13 17:11:11] CACHE_HIT trees precolonial.True_size.medium_control.street-tree_id.10.ply
[2026-04-13 17:11:11] CACHE_HIT trees precolonial.True_size.medium_control.street-tree_id.5.ply
[2026-04-13 17:11:11] CACHE_HIT trees precolonial.True_size.medium_control.street-tree_id.6.ply
[2026-04-13 17:11:11] CACHE_HIT trees precolonial.True_size.medium_control.street-tree_id.7.ply
[2026-04-13 17:11:11] CACHE_HIT trees precolonial.True_size.medium_control.street-tree_id.8.ply
[2026-04-13 17:11:11] CACHE_HIT trees precolonial.True_size.medium_control.street-tree_id.9.ply
[2026-04-13 17:11:11] CACHE_HIT trees precolonial.True_size.small_control.street-tree_id.1.ply
[2026-04-13 17:11:11] CACHE_HIT trees precolonial.True_size.small_control.street-tree_id.2.ply
[2026-04-13 17:11:11] CACHE_HIT trees precolonial.True_size.small_control.street-tree_id.3.ply
[2026-04-13 17:11:11] CACHE_HIT trees precolonial.True_size.small_control.street-tree_id.4.ply
[2026-04-13 17:11:11] BUILD_STATE_MODELS_DONE family= trees state= trending rows= 456 models= 11
[2026-04-13 17:11:11] BUILD_STATE_DONE family= trees state= trending point_name= trees_positions_trimmed-parade_yr180_trending points= 456
[2026-04-13 17:11:11] BUILD_INSTANCERS_FAMILY_DONE state= trending family= trees
[2026-04-13 17:11:11] BUILD_INSTANCERS_FAMILY_START state= trending family= logs rows= 0
[2026-04-13 17:11:11] Skipping logs/trending: no rows
[2026-04-13 17:11:11] BUILD_INSTANCERS_FAMILY_DONE state= trending family= logs
[2026-04-13 17:11:11] BUILD_INSTANCERS_STATE_DONE trending
[2026-04-13 17:11:11] Instancer build summary: {'scene': 'bV2_trimmed-parade_single_state_yr180', 'site': 'trimmed-parade', 'mode': 'single_state', 'year': 180, 'results': [{'family': 'trees', 'state': 'positive', 'row_count': 641, 'model_count': 78, 'point_object': 'trees_positions_trimmed-parade_yr180_positive', 'models_collection': 'trees_models_trimmed-parade_yr180_positive'}, {'family': 'trees', 'state': 'positive_priority', 'row_count': 117, 'model_count': 37, 'point_object': 'trees_positions_trimmed-parade_yr180_positive_priority', 'models_collection': 'trees_models_trimmed-parade_yr180_positive_priority'}, {'family': 'trees', 'state': 'trending', 'row_count': 456, 'model_count': 11, 'point_object': 'trees_positions_trimmed-parade_yr180_trending', 'models_collection': 'trees_models_trimmed-parade_yr180_trending'}], 'positive_rows': 641, 'priority_rows': 117, 'trending_rows': 456}
[2026-04-13 17:11:11] BIOENV_BUILD_START scene= bV2_trimmed-parade_single_state_yr180 site= trimmed-parade mode= single_state year= 180
[2026-04-13 17:11:11] BIOENV_IMPORT_START site= trimmed-parade state= positive year= 180 path= D:\2026 Arboreal Futures\urban-futures\_data-refactored\model-outputs\generated-states\4.10\output\bioenvelopes\trimmed-parade\trimmed-parade_positive_1_envelope_scenarioYR180.ply
[2026-04-13 17:11:12] BIOENV_IMPORT_DONE site= trimmed-parade state= positive year= 180 object= bioenvelope_trimmed-parade_yr180_positive__yr180
[2026-04-13 17:11:12] BIOENV_STATE_DONE {'state': 'positive', 'object': 'bioenvelope_trimmed-parade_yr180_positive', 'vertex_count': 250063, 'source_years': (180,), 'missing_years': ()}
[2026-04-13 17:11:12] BIOENV_IMPORT_START site= trimmed-parade state= trending year= 180 path= D:\2026 Arboreal Futures\urban-futures\_data-refactored\model-outputs\generated-states\4.10\output\bioenvelopes\trimmed-parade\trimmed-parade_trending_1_envelope_scenarioYR180.ply
[2026-04-13 17:11:12] BIOENV_IMPORT_DONE site= trimmed-parade state= trending year= 180 object= bioenvelope_trimmed-parade_yr180_trending__yr180
[2026-04-13 17:11:12] BIOENV_STATE_DONE {'state': 'trending', 'object': 'bioenvelope_trimmed-parade_yr180_trending', 'vertex_count': 221, 'source_years': (180,), 'missing_years': ()}
[2026-04-13 17:11:12] BIOENV_BUILD_DONE {'scene': 'bV2_trimmed-parade_single_state_yr180', 'site': 'trimmed-parade', 'mode': 'single_state', 'year': 180, 'results': [{'state': 'positive', 'object': 'bioenvelope_trimmed-parade_yr180_positive', 'vertex_count': 250063, 'source_years': (180,), 'missing_years': ()}, {'state': 'trending', 'object': 'bioenvelope_trimmed-parade_yr180_trending', 'vertex_count': 221, 'source_years': (180,), 'missing_years': ()}]}
[2026-04-13 17:11:12] WORLD_BUILD_START bV2_trimmed-parade_single_state_yr180 trimmed-parade single_state 180
[2026-04-13 17:11:21] WORLD_OBJECT_DONE bV2_trimmed-parade_single_state_yr180 buildings_trimmed-parade_yr180_positive points=1660036 matched=1591281
[2026-04-13 17:11:24] WORLD_OBJECT_DONE bV2_trimmed-parade_single_state_yr180 roads_trimmed-parade_yr180_positive points=2502974 matched=2496275
[2026-04-13 17:11:27] WORLD_OBJECT_DONE bV2_trimmed-parade_single_state_yr180 buildings_trimmed-parade_yr180_trending points=1660036 matched=1588831
[2026-04-13 17:11:31] WORLD_OBJECT_DONE bV2_trimmed-parade_single_state_yr180 roads_trimmed-parade_yr180_trending points=2502974 matched=2496275
[2026-04-13 17:11:31] WORLD_BUILD_DONE bV2_trimmed-parade_single_state_yr180 {'positive': ['buildings_trimmed-parade_yr180_positive', 'roads_trimmed-parade_yr180_positive'], 'trending': ['buildings_trimmed-parade_yr180_trending', 'roads_trimmed-parade_yr180_trending']}
[2026-04-13 17:11:31] VALIDATE_SCENE {'scene': 'bV2_trimmed-parade_single_state_yr180', 'site': 'trimmed-parade', 'mode': 'single_state', 'year': 180, 'errors': [], 'warnings': [], 'ok': True}
[2026-04-13 17:11:32] BUILD_SCENE_BLEND_SAVED D:\2026 Arboreal Futures\urban-futures\_data-refactored\blenderv2\blends\4.10\parade_single-state_yr180__full_pipeline.blend
[2026-04-13 17:11:32] MIST_APPLIED profile=city_single_state_hero camera=parade-hero-image use_mist=False start=60.0 depth=420.0 falloff=LINEAR
[2026-04-13 17:11:32] CYCLES_GPU_ENABLED backend=OPTIX devices=('NVIDIA A40-24Q|OPTIX', 'NVIDIA L40-24Q|CUDA', 'NVIDIA L40-24Q|OPTIX')
[2026-04-13 17:11:32] RENDER_SETUP_DONE {'scene': 'bV2_trimmed-parade_single_state_yr180', 'output_root': 'D:\\2026 Arboreal Futures\\urban-futures\\_data-refactored\\blenderv2\\output\\4.10\\parade_single-state_yr180', 'resolution': (7680, 4320, 100), 'samples': 64, 'tag': '8k64s-doccheck-20260413'}
[2026-04-13 17:11:34] CYCLES_GPU_ENABLED backend=OPTIX devices=('NVIDIA A40-24Q|OPTIX', 'NVIDIA L40-24Q|CUDA', 'NVIDIA L40-24Q|OPTIX')
[2026-04-13 17:12:13] RENDER_EXR_DONE existing_condition_positive D:\2026 Arboreal Futures\urban-futures\_data-refactored\blenderv2\output\4.10\parade_single-state_yr180\parade_single-state_yr180__existing_condition_positive__8k64s-doccheck-20260413.exr
[2026-04-13 17:12:13] CYCLES_GPU_ENABLED backend=OPTIX devices=('NVIDIA A40-24Q|OPTIX', 'NVIDIA L40-24Q|CUDA', 'NVIDIA L40-24Q|OPTIX')
[2026-04-13 17:12:49] RENDER_EXR_DONE existing_condition_trending D:\2026 Arboreal Futures\urban-futures\_data-refactored\blenderv2\output\4.10\parade_single-state_yr180\parade_single-state_yr180__existing_condition_trending__8k64s-doccheck-20260413.exr
[2026-04-13 17:12:49] CYCLES_GPU_ENABLED backend=OPTIX devices=('NVIDIA A40-24Q|OPTIX', 'NVIDIA L40-24Q|CUDA', 'NVIDIA L40-24Q|OPTIX')
[2026-04-13 17:13:42] RENDER_EXR_DONE positive_state D:\2026 Arboreal Futures\urban-futures\_data-refactored\blenderv2\output\4.10\parade_single-state_yr180\parade_single-state_yr180__positive_state__8k64s-doccheck-20260413.exr
[2026-04-13 17:13:42] CYCLES_GPU_ENABLED backend=OPTIX devices=('NVIDIA A40-24Q|OPTIX', 'NVIDIA L40-24Q|CUDA', 'NVIDIA L40-24Q|OPTIX')
[2026-04-13 17:14:27] RENDER_EXR_DONE positive_priority_state D:\2026 Arboreal Futures\urban-futures\_data-refactored\blenderv2\output\4.10\parade_single-state_yr180\parade_single-state_yr180__positive_priority_state__8k64s-doccheck-20260413.exr
[2026-04-13 17:14:27] CYCLES_GPU_ENABLED backend=OPTIX devices=('NVIDIA A40-24Q|OPTIX', 'NVIDIA L40-24Q|CUDA', 'NVIDIA L40-24Q|OPTIX')
[2026-04-13 17:15:07] RENDER_EXR_DONE trending_state D:\2026 Arboreal Futures\urban-futures\_data-refactored\blenderv2\output\4.10\parade_single-state_yr180\parade_single-state_yr180__trending_state__8k64s-doccheck-20260413.exr
[2026-04-13 17:15:07] CYCLES_GPU_ENABLED backend=OPTIX devices=('NVIDIA A40-24Q|OPTIX', 'NVIDIA L40-24Q|CUDA', 'NVIDIA L40-24Q|OPTIX')
[2026-04-13 17:15:46] RENDER_EXR_DONE bioenvelope_positive D:\2026 Arboreal Futures\urban-futures\_data-refactored\blenderv2\output\4.10\parade_single-state_yr180\parade_single-state_yr180__bioenvelope_positive__8k64s-doccheck-20260413.exr
[2026-04-13 17:15:46] CYCLES_GPU_ENABLED backend=OPTIX devices=('NVIDIA A40-24Q|OPTIX', 'NVIDIA L40-24Q|CUDA', 'NVIDIA L40-24Q|OPTIX')
[2026-04-13 17:16:23] RENDER_EXR_DONE bioenvelope_trending D:\2026 Arboreal Futures\urban-futures\_data-refactored\blenderv2\output\4.10\parade_single-state_yr180\parade_single-state_yr180__bioenvelope_trending__8k64s-doccheck-20260413.exr
[2026-04-13 17:16:23] BUILD_SCENE_DONE {'scene': 'bV2_trimmed-parade_single_state_yr180', 'site': 'trimmed-parade', 'mode': 'single_state', 'year': 180, 'blend_output_path': 'D:\\2026 Arboreal Futures\\urban-futures\\_data-refactored\\blenderv2\\blends\\4.10\\parade_single-state_yr180__full_pipeline.blend', 'render_output_root': 'D:\\2026 Arboreal Futures\\urban-futures\\_data-refactored\\blenderv2\\output\\4.10\\parade_single-state_yr180', 'remote_subpath': '', 'instancers': {'scene': 'bV2_trimmed-parade_single_state_yr180', 'site': 'trimmed-parade', 'mode': 'single_state', 'year': 180, 'results': [{'family': 'trees', 'state': 'positive', 'row_count': 641, 'model_count': 78, 'point_object': 'trees_positions_trimmed-parade_yr180_positive', 'models_collection': 'trees_models_trimmed-parade_yr180_positive'}, {'family': 'trees', 'state': 'positive_priority', 'row_count': 117, 'model_count': 37, 'point_object': 'trees_positions_trimmed-parade_yr180_positive_priority', 'models_collection': 'trees_models_trimmed-parade_yr180_positive_priority'}, {'family': 'trees', 'state': 'trending', 'row_count': 456, 'model_count': 11, 'point_object': 'trees_positions_trimmed-parade_yr180_trending', 'models_collection': 'trees_models_trimmed-parade_yr180_trending'}], 'positive_rows': 641, 'priority_rows': 117, 'trending_rows': 456}, 'bioenvelopes': {'scene': 'bV2_trimmed-parade_single_state_yr180', 'site': 'trimmed-parade', 'mode': 'single_state', 'year': 180, 'results': [{'state': 'positive', 'object': 'bioenvelope_trimmed-parade_yr180_positive', 'vertex_count': 250063, 'source_years': (180,), 'missing_years': ()}, {'state': 'trending', 'object': 'bioenvelope_trimmed-parade_yr180_trending', 'vertex_count': 221, 'source_years': (180,), 'missing_years': ()}]}, 'world': {'positive': ['buildings_trimmed-parade_yr180_positive', 'roads_trimmed-parade_yr180_positive'], 'trending': ['buildings_trimmed-parade_yr180_trending', 'roads_trimmed-parade_yr180_trending']}, 'template_setup': {}, 'validation': {'scene': 'bV2_trimmed-parade_single_state_yr180', 'site': 'trimmed-parade', 'mode': 'single_state', 'year': 180, 'errors': [], 'warnings': [], 'ok': True}, 'render': {'scene': 'bV2_trimmed-parade_single_state_yr180', 'output_root': 'D:\\2026 Arboreal Futures\\urban-futures\\_data-refactored\\blenderv2\\output\\4.10\\parade_single-state_yr180', 'resolution': (7680, 4320, 100), 'samples': 64, 'tag': '8k64s-doccheck-20260413'}, 'rendered_paths': ['D:\\2026 Arboreal Futures\\urban-futures\\_data-refactored\\blenderv2\\output\\4.10\\parade_single-state_yr180\\parade_single-state_yr180__existing_condition_positive__8k64s-doccheck-20260413.exr', 'D:\\2026 Arboreal Futures\\urban-futures\\_data-refactored\\blenderv2\\output\\4.10\\parade_single-state_yr180\\parade_single-state_yr180__existing_condition_trending__8k64s-doccheck-20260413.exr', 'D:\\2026 Arboreal Futures\\urban-futures\\_data-refactored\\blenderv2\\output\\4.10\\parade_single-state_yr180\\parade_single-state_yr180__positive_state__8k64s-doccheck-20260413.exr', 'D:\\2026 Arboreal Futures\\urban-futures\\_data-refactored\\blenderv2\\output\\4.10\\parade_single-state_yr180\\parade_single-state_yr180__positive_priority_state__8k64s-doccheck-20260413.exr', 'D:\\2026 Arboreal Futures\\urban-futures\\_data-refactored\\blenderv2\\output\\4.10\\parade_single-state_yr180\\parade_single-state_yr180__trending_state__8k64s-doccheck-20260413.exr', 'D:\\2026 Arboreal Futures\\urban-futures\\_data-refactored\\blenderv2\\output\\4.10\\parade_single-state_yr180\\parade_single-state_yr180__bioenvelope_positive__8k64s-doccheck-20260413.exr', 'D:\\2026 Arboreal Futures\\urban-futures\\_data-refactored\\blenderv2\\output\\4.10\\parade_single-state_yr180\\parade_single-state_yr180__bioenvelope_trending__8k64s-doccheck-20260413.exr']}
