##### MIST FAMILY #####

==== [mist 1/24] precolonial.True_size.large_control.reserve-tree_id.11_north ====
  moved 3 PNG(s) -> d:/2026 Arboreal Futures/urban-futures/_data-refactored/compositor/outputs/_library/20260407_232744_ply-library-exr-4sides-large-senescing-snag_el20_4k64s/mist__20260411_2016__library-reserve-tree

==== [mist 2/24] precolonial.True_size.large_control.reserve-tree_id.11_south ====
  moved 3 PNG(s) -> d:/2026 Arboreal Futures/urban-futures/_data-refactored/compositor/outputs/_library/20260407_232744_ply-library-exr-4sides-large-senescing-snag_el20_4k64s/mist__20260411_2016__library-reserve-tree

==== [mist 3/24] precolonial.True_size.large_control.reserve-tree_id.11_east ====
  moved 3 PNG(s) -> d:/2026 Arboreal Futures/urban-futures/_data-refactored/compositor/outputs/_library/20260407_232744_ply-library-exr-4sides-large-senescing-snag_el20_4k64s/mist__20260411_2016__library-reserve-tree

==== [mist 4/24] precolonial.True_size.large_control.reserve-tree_id.11_west ====
  moved 3 PNG(s) -> d:/2026 Arboreal Futures/urban-futures/_data-refactored/compositor/outputs/_library/20260407_232744_ply-library-exr-4sides-large-senescing-snag_el20_4k64s/mist__20260411_2016__library-reserve-tree

==== [mist 5/24] precolonial.True_size.large_control.reserve-tree_id.12_north ====
  moved 3 PNG(s) -> d:/2026 Arboreal Futures/urban-futures/_data-refactored/compositor/outputs/_library/20260407_232744_ply-library-exr-4sides-large-senescing-snag_el20_4k64s/mist__20260411_2016__library-reserve-tree

==== [mist 6/24] precolonial.True_size.large_control.reserve-tree_id.12_south ====
  moved 3 PNG(s) -> d:/2026 Arboreal Futures/urban-futures/_data-refactored/compositor/outputs/_library/20260407_232744_ply-library-exr-4sides-large-senescing-snag_el20_4k64s/mist__20260411_2016__library-reserve-tree

==== [mist 7/24] precolonial.True_size.large_control.reserve-tree_id.12_east ====
  moved 3 PNG(s) -> d:/2026 Arboreal Futures/urban-futures/_data-refactored/compositor/outputs/_library/20260407_232744_ply-library-exr-4sides-large-senescing-snag_el20_4k64s/mist__20260411_2016__library-reserve-tree

==== [mist 8/24] precolonial.True_size.large_control.reserve-tree_id.12_west ====
  moved 3 PNG(s) -> d:/2026 Arboreal Futures/urban-futures/_data-refactored/compositor/outputs/_library/20260407_232744_ply-library-exr-4sides-large-senescing-snag_el20_4k64s/mist__20260411_2016__library-reserve-tree

==== [mist 9/24] precolonial.True_size.large_control.reserve-tree_id.13_north ====
  moved 3 PNG(s) -> d:/2026 Arboreal Futures/urban-futures/_data-refactored/compositor/outputs/_library/20260407_232744_ply-library-exr-4sides-large-senescing-snag_el20_4k64s/mist__20260411_2016__library-reserve-tree

==== [mist 10/24] precolonial.True_size.large_control.reserve-tree_id.13_south ====
  moved 3 PNG(s) -> d:/2026 Arboreal Futures/urban-futures/_data-refactored/compositor/outputs/_library/20260407_232744_ply-library-exr-4sides-large-senescing-snag_el20_4k64s/mist__20260411_2016__library-reserve-tree

==== [mist 11/24] precolonial.True_size.large_control.reserve-tree_id.13_east ====
  moved 3 PNG(s) -> d:/2026 Arboreal Futures/urban-futures/_data-refactored/compositor/outputs/_library/20260407_232744_ply-library-exr-4sides-large-senescing-snag_el20_4k64s/mist__20260411_2016__library-reserve-tree

==== [mist 12/24] precolonial.True_size.large_control.reserve-tree_id.13_west ====
  moved 3 PNG(s) -> d:/2026 Arboreal Futures/urban-futures/_data-refactored/compositor/outputs/_library/20260407_232744_ply-library-exr-4sides-large-senescing-snag_el20_4k64s/mist__20260411_2016__library-reserve-tree

==== [mist 13/24] precolonial.True_size.large_control.reserve-tree_id.14_north ====
  moved 3 PNG(s) -> d:/2026 Arboreal Futures/urban-futures/_data-refactored/compositor/outputs/_library/20260407_232744_ply-library-exr-4sides-large-senescing-snag_el20_4k64s/mist__20260411_2016__library-reserve-tree

==== [mist 14/24] precolonial.True_size.large_control.reserve-tree_id.14_south ====
  moved 3 PNG(s) -> d:/2026 Arboreal Futures/urban-futures/_data-refactored/compositor/outputs/_library/20260407_232744_ply-library-exr-4sides-large-senescing-snag_el20_4k64s/mist__20260411_2016__library-reserve-tree

==== [mist 15/24] precolonial.True_size.large_control.reserve-tree_id.14_east ====
  moved 3 PNG(s) -> d:/2026 Arboreal Futures/urban-futures/_data-refactored/compositor/outputs/_library/20260407_232744_ply-library-exr-4sides-large-senescing-snag_el20_4k64s/mist__20260411_2016__library-reserve-tree

==== [mist 16/24] precolonial.True_size.large_control.reserve-tree_id.14_west ====
  moved 3 PNG(s) -> d:/2026 Arboreal Futures/urban-futures/_data-refactored/compositor/outputs/_library/20260407_232744_ply-library-exr-4sides-large-senescing-snag_el20_4k64s/mist__20260411_2016__library-reserve-tree

==== [mist 17/24] precolonial.True_size.large_control.reserve-tree_id.15_north ====
  moved 3 PNG(s) -> d:/2026 Arboreal Futures/urban-futures/_data-refactored/compositor/outputs/_library/20260407_232744_ply-library-exr-4sides-large-senescing-snag_el20_4k64s/mist__20260411_2016__library-reserve-tree

==== [mist 18/24] precolonial.True_size.large_control.reserve-tree_id.15_south ====
  moved 3 PNG(s) -> d:/2026 Arboreal Futures/urban-futures/_data-refactored/compositor/outputs/_library/20260407_232744_ply-library-exr-4sides-large-senescing-snag_el20_4k64s/mist__20260411_2016__library-reserve-tree

==== [mist 19/24] precolonial.True_size.large_control.reserve-tree_id.15_east ====
  moved 3 PNG(s) -> d:/2026 Arboreal Futures/urban-futures/_data-refactored/compositor/outputs/_library/20260407_232744_ply-library-exr-4sides-large-senescing-snag_el20_4k64s/mist__20260411_2016__library-reserve-tree

==== [mist 20/24] precolonial.True_size.large_control.reserve-tree_id.15_west ====
  moved 3 PNG(s) -> d:/2026 Arboreal Futures/urban-futures/_data-refactored/compositor/outputs/_library/20260407_232744_ply-library-exr-4sides-large-senescing-snag_el20_4k64s/mist__20260411_2016__library-reserve-tree

==== [mist 21/24] precolonial.True_size.large_control.reserve-tree_id.16_north ====
  moved 3 PNG(s) -> d:/2026 Arboreal Futures/urban-futures/_data-refactored/compositor/outputs/_library/20260407_232744_ply-library-exr-4sides-large-senescing-snag_el20_4k64s/mist__20260411_2016__library-reserve-tree

==== [mist 22/24] precolonial.True_size.large_control.reserve-tree_id.16_south ====
  moved 3 PNG(s) -> d:/2026 Arboreal Futures/urban-futures/_data-refactored/compositor/outputs/_library/20260407_232744_ply-library-exr-4sides-large-senescing-snag_el20_4k64s/mist__20260411_2016__library-reserve-tree

==== [mist 23/24] precolonial.True_size.large_control.reserve-tree_id.16_east ====
  moved 3 PNG(s) -> d:/2026 Arboreal Futures/urban-futures/_data-refactored/compositor/outputs/_library/20260407_232744_ply-library-exr-4sides-large-senescing-snag_el20_4k64s/mist__20260411_2016__library-reserve-tree

==== [mist 24/24] precolonial.True_size.large_control.reserve-tree_id.16_west ====
  moved 3 PNG(s) -> d:/2026 Arboreal Futures/urban-futures/_data-refactored/compositor/outputs/_library/20260407_232744_ply-library-exr-4sides-large-senescing-snag_el20_4k64s/mist__20260411_2016__library-reserve-tree

##### DEPTH_OUTLINER FAMILY #####

==== [depth 1/24] precolonial.True_size.large_control.reserve-tree_id.11_north ====
  moved 1 PNG(s) -> d:/2026 Arboreal Futures/urban-futures/_data-refactored/compositor/outputs/_library/20260407_232744_ply-library-exr-4sides-large-senescing-snag_el20_4k64s/depth-outliner__20260411_2016__library-reserve-tree

==== [depth 2/24] precolonial.True_size.large_control.reserve-tree_id.11_south ====
  moved 1 PNG(s) -> d:/2026 Arboreal Futures/urban-futures/_data-refactored/compositor/outputs/_library/20260407_232744_ply-library-exr-4sides-large-senescing-snag_el20_4k64s/depth-outliner__20260411_2016__library-reserve-tree

==== [depth 3/24] precolonial.True_size.large_control.reserve-tree_id.11_east ====
  moved 1 PNG(s) -> d:/2026 Arboreal Futures/urban-futures/_data-refactored/compositor/outputs/_library/20260407_232744_ply-library-exr-4sides-large-senescing-snag_el20_4k64s/depth-outliner__20260411_2016__library-reserve-tree

==== [depth 4/24] precolonial.True_size.large_control.reserve-tree_id.11_west ====
  moved 1 PNG(s) -> d:/2026 Arboreal Futures/urban-futures/_data-refactored/compositor/outputs/_library/20260407_232744_ply-library-exr-4sides-large-senescing-snag_el20_4k64s/depth-outliner__20260411_2016__library-reserve-tree

==== [depth 5/24] precolonial.True_size.large_control.reserve-tree_id.12_north ====
  moved 1 PNG(s) -> d:/2026 Arboreal Futures/urban-futures/_data-refactored/compositor/outputs/_library/20260407_232744_ply-library-exr-4sides-large-senescing-snag_el20_4k64s/depth-outliner__20260411_2016__library-reserve-tree

==== [depth 6/24] precolonial.True_size.large_control.reserve-tree_id.12_south ====
  moved 1 PNG(s) -> d:/2026 Arboreal Futures/urban-futures/_data-refactored/compositor/outputs/_library/20260407_232744_ply-library-exr-4sides-large-senescing-snag_el20_4k64s/depth-outliner__20260411_2016__library-reserve-tree

==== [depth 7/24] precolonial.True_size.large_control.reserve-tree_id.12_east ====
  moved 1 PNG(s) -> d:/2026 Arboreal Futures/urban-futures/_data-refactored/compositor/outputs/_library/20260407_232744_ply-library-exr-4sides-large-senescing-snag_el20_4k64s/depth-outliner__20260411_2016__library-reserve-tree

==== [depth 8/24] precolonial.True_size.large_control.reserve-tree_id.12_west ====
  moved 1 PNG(s) -> d:/2026 Arboreal Futures/urban-futures/_data-refactored/compositor/outputs/_library/20260407_232744_ply-library-exr-4sides-large-senescing-snag_el20_4k64s/depth-outliner__20260411_2016__library-reserve-tree

==== [depth 9/24] precolonial.True_size.large_control.reserve-tree_id.13_north ====
  moved 1 PNG(s) -> d:/2026 Arboreal Futures/urban-futures/_data-refactored/compositor/outputs/_library/20260407_232744_ply-library-exr-4sides-large-senescing-snag_el20_4k64s/depth-outliner__20260411_2016__library-reserve-tree

==== [depth 10/24] precolonial.True_size.large_control.reserve-tree_id.13_south ====
  moved 1 PNG(s) -> d:/2026 Arboreal Futures/urban-futures/_data-refactored/compositor/outputs/_library/20260407_232744_ply-library-exr-4sides-large-senescing-snag_el20_4k64s/depth-outliner__20260411_2016__library-reserve-tree

==== [depth 11/24] precolonial.True_size.large_control.reserve-tree_id.13_east ====
  moved 1 PNG(s) -> d:/2026 Arboreal Futures/urban-futures/_data-refactored/compositor/outputs/_library/20260407_232744_ply-library-exr-4sides-large-senescing-snag_el20_4k64s/depth-outliner__20260411_2016__library-reserve-tree

==== [depth 12/24] precolonial.True_size.large_control.reserve-tree_id.13_west ====
  moved 1 PNG(s) -> d:/2026 Arboreal Futures/urban-futures/_data-refactored/compositor/outputs/_library/20260407_232744_ply-library-exr-4sides-large-senescing-snag_el20_4k64s/depth-outliner__20260411_2016__library-reserve-tree

==== [depth 13/24] precolonial.True_size.large_control.reserve-tree_id.14_north ====
  moved 1 PNG(s) -> d:/2026 Arboreal Futures/urban-futures/_data-refactored/compositor/outputs/_library/20260407_232744_ply-library-exr-4sides-large-senescing-snag_el20_4k64s/depth-outliner__20260411_2016__library-reserve-tree

==== [depth 14/24] precolonial.True_size.large_control.reserve-tree_id.14_south ====
  moved 1 PNG(s) -> d:/2026 Arboreal Futures/urban-futures/_data-refactored/compositor/outputs/_library/20260407_232744_ply-library-exr-4sides-large-senescing-snag_el20_4k64s/depth-outliner__20260411_2016__library-reserve-tree

==== [depth 15/24] precolonial.True_size.large_control.reserve-tree_id.14_east ====
  moved 1 PNG(s) -> d:/2026 Arboreal Futures/urban-futures/_data-refactored/compositor/outputs/_library/20260407_232744_ply-library-exr-4sides-large-senescing-snag_el20_4k64s/depth-outliner__20260411_2016__library-reserve-tree

==== [depth 16/24] precolonial.True_size.large_control.reserve-tree_id.14_west ====
  moved 1 PNG(s) -> d:/2026 Arboreal Futures/urban-futures/_data-refactored/compositor/outputs/_library/20260407_232744_ply-library-exr-4sides-large-senescing-snag_el20_4k64s/depth-outliner__20260411_2016__library-reserve-tree

==== [depth 17/24] precolonial.True_size.large_control.reserve-tree_id.15_north ====
  moved 1 PNG(s) -> d:/2026 Arboreal Futures/urban-futures/_data-refactored/compositor/outputs/_library/20260407_232744_ply-library-exr-4sides-large-senescing-snag_el20_4k64s/depth-outliner__20260411_2016__library-reserve-tree

==== [depth 18/24] precolonial.True_size.large_control.reserve-tree_id.15_south ====
  moved 1 PNG(s) -> d:/2026 Arboreal Futures/urban-futures/_data-refactored/compositor/outputs/_library/20260407_232744_ply-library-exr-4sides-large-senescing-snag_el20_4k64s/depth-outliner__20260411_2016__library-reserve-tree

==== [depth 19/24] precolonial.True_size.large_control.reserve-tree_id.15_east ====
  moved 1 PNG(s) -> d:/2026 Arboreal Futures/urban-futures/_data-refactored/compositor/outputs/_library/20260407_232744_ply-library-exr-4sides-large-senescing-snag_el20_4k64s/depth-outliner__20260411_2016__library-reserve-tree

==== [depth 20/24] precolonial.True_size.large_control.reserve-tree_id.15_west ====
  moved 1 PNG(s) -> d:/2026 Arboreal Futures/urban-futures/_data-refactored/compositor/outputs/_library/20260407_232744_ply-library-exr-4sides-large-senescing-snag_el20_4k64s/depth-outliner__20260411_2016__library-reserve-tree

==== [depth 21/24] precolonial.True_size.large_control.reserve-tree_id.16_north ====
  moved 1 PNG(s) -> d:/2026 Arboreal Futures/urban-futures/_data-refactored/compositor/outputs/_library/20260407_232744_ply-library-exr-4sides-large-senescing-snag_el20_4k64s/depth-outliner__20260411_2016__library-reserve-tree

==== [depth 22/24] precolonial.True_size.large_control.reserve-tree_id.16_south ====
  moved 1 PNG(s) -> d:/2026 Arboreal Futures/urban-futures/_data-refactored/compositor/outputs/_library/20260407_232744_ply-library-exr-4sides-large-senescing-snag_el20_4k64s/depth-outliner__20260411_2016__library-reserve-tree

==== [depth 23/24] precolonial.True_size.large_control.reserve-tree_id.16_east ====
  moved 1 PNG(s) -> d:/2026 Arboreal Futures/urban-futures/_data-refactored/compositor/outputs/_library/20260407_232744_ply-library-exr-4sides-large-senescing-snag_el20_4k64s/depth-outliner__20260411_2016__library-reserve-tree

==== [depth 24/24] precolonial.True_size.large_control.reserve-tree_id.16_west ====
  moved 1 PNG(s) -> d:/2026 Arboreal Futures/urban-futures/_data-refactored/compositor/outputs/_library/20260407_232744_ply-library-exr-4sides-large-senescing-snag_el20_4k64s/depth-outliner__20260411_2016__library-reserve-tree

##### DONE #####
Mist outputs:
72
Depth outputs:
24
