
==== [1/24] precolonial.True_size.large_control.reserve-tree_id.11_north ====
  ao=1  resources=8

==== [2/24] precolonial.True_size.large_control.reserve-tree_id.11_south ====
  ao=1  resources=8

==== [3/24] precolonial.True_size.large_control.reserve-tree_id.11_east ====
  ao=1  resources=8

==== [4/24] precolonial.True_size.large_control.reserve-tree_id.11_west ====
  ao=1  resources=8

==== [5/24] precolonial.True_size.large_control.reserve-tree_id.12_north ====
  ao=1  resources=8

==== [6/24] precolonial.True_size.large_control.reserve-tree_id.12_south ====
  ao=1  resources=8

==== [7/24] precolonial.True_size.large_control.reserve-tree_id.12_east ====
  ao=1  resources=8

==== [8/24] precolonial.True_size.large_control.reserve-tree_id.12_west ====
  ao=1  resources=8

==== [9/24] precolonial.True_size.large_control.reserve-tree_id.13_north ====
  ao=1  resources=8

==== [10/24] precolonial.True_size.large_control.reserve-tree_id.13_south ====
  ao=1  resources=8

==== [11/24] precolonial.True_size.large_control.reserve-tree_id.13_east ====
  ao=1  resources=8

==== [12/24] precolonial.True_size.large_control.reserve-tree_id.13_west ====
  ao=1  resources=8

==== [13/24] precolonial.True_size.large_control.reserve-tree_id.14_north ====
  ao=1  resources=8

==== [14/24] precolonial.True_size.large_control.reserve-tree_id.14_south ====
  ao=1  resources=8

==== [15/24] precolonial.True_size.large_control.reserve-tree_id.14_east ====
  ao=1  resources=8

==== [16/24] precolonial.True_size.large_control.reserve-tree_id.14_west ====
  ao=1  resources=8

==== [17/24] precolonial.True_size.large_control.reserve-tree_id.15_north ====
  ao=1  resources=8

==== [18/24] precolonial.True_size.large_control.reserve-tree_id.15_south ====
  ao=1  resources=8

==== [19/24] precolonial.True_size.large_control.reserve-tree_id.15_east ====
  ao=1  resources=8

==== [20/24] precolonial.True_size.large_control.reserve-tree_id.15_west ====
  ao=1  resources=8

==== [21/24] precolonial.True_size.large_control.reserve-tree_id.16_north ====
  ao=1  resources=8

==== [22/24] precolonial.True_size.large_control.reserve-tree_id.16_south ====
  ao=1  resources=8

==== [23/24] precolonial.True_size.large_control.reserve-tree_id.16_east ====
  ao=1  resources=8

==== [24/24] precolonial.True_size.large_control.reserve-tree_id.16_west ====
  ao=1  resources=8

##### DONE #####
AO outputs:        24
Resource outputs:  192
