==== [1/24] precolonial.True_size.large_control.reserve-tree_id.11_north  size=large ====
  moved 1
==== [2/24] precolonial.True_size.large_control.reserve-tree_id.11_south  size=large ====
  moved 1
==== [3/24] precolonial.True_size.large_control.reserve-tree_id.11_east  size=large ====
  moved 1
==== [4/24] precolonial.True_size.large_control.reserve-tree_id.11_west  size=large ====
  moved 1
==== [5/24] precolonial.True_size.large_control.reserve-tree_id.12_north  size=large ====
  moved 1
==== [6/24] precolonial.True_size.large_control.reserve-tree_id.12_south  size=large ====
  moved 1
==== [7/24] precolonial.True_size.large_control.reserve-tree_id.12_east  size=large ====
  moved 1
==== [8/24] precolonial.True_size.large_control.reserve-tree_id.12_west  size=large ====
  moved 1
==== [9/24] precolonial.True_size.large_control.reserve-tree_id.13_north  size=large ====
  moved 1
==== [10/24] precolonial.True_size.large_control.reserve-tree_id.13_south  size=large ====
  moved 1
==== [11/24] precolonial.True_size.large_control.reserve-tree_id.13_east  size=large ====
  moved 1
==== [12/24] precolonial.True_size.large_control.reserve-tree_id.13_west  size=large ====
  moved 1
==== [13/24] precolonial.True_size.large_control.reserve-tree_id.14_north  size=large ====
  moved 1
==== [14/24] precolonial.True_size.large_control.reserve-tree_id.14_south  size=large ====
  BLENDER FAILED
==== [15/24] precolonial.True_size.large_control.reserve-tree_id.14_east  size=large ====
  moved 1
==== [16/24] precolonial.True_size.large_control.reserve-tree_id.14_west  size=large ====
  BLENDER FAILED
==== [17/24] precolonial.True_size.large_control.reserve-tree_id.15_north  size=large ====
  moved 1
==== [18/24] precolonial.True_size.large_control.reserve-tree_id.15_south  size=large ====
  moved 1
==== [19/24] precolonial.True_size.large_control.reserve-tree_id.15_east  size=large ====
  moved 1
==== [20/24] precolonial.True_size.large_control.reserve-tree_id.15_west  size=large ====
  moved 1
==== [21/24] precolonial.True_size.large_control.reserve-tree_id.16_north  size=large ====
  moved 1
==== [22/24] precolonial.True_size.large_control.reserve-tree_id.16_south  size=large ====
  moved 1
==== [23/24] precolonial.True_size.large_control.reserve-tree_id.16_east  size=large ====
  moved 1
==== [24/24] precolonial.True_size.large_control.reserve-tree_id.16_west  size=large ====
  moved 1

##### DONE #####
Sizes outputs: 22
