[2026-04-11 15:48:51] BUILD_SCENE_START site= city mode= baseline year= None render_exrs= False
[2026-04-11 15:48:54] INIT_SCENE scene_name= bV2_city_baseline site= city mode= baseline year= None camera= None
[2026-04-11 15:48:54] INIT_USE_TEMPLATE_SCENE_START bV2_template -> bV2_city_baseline
[2026-04-11 15:48:54] INIT_USE_TEMPLATE_SCENE_DONE active_scene= bV2_city_baseline
[2026-04-11 15:48:54] INIT_TOP_LEVEL_COLLECTIONS_START cameras,world,instancers,bioenvelopes,build
[2026-04-11 15:48:54] INIT_TOP_LEVEL_COLLECTIONS_DONE count= 5 names= bioenvelopes,build,cameras,instancers,world
[2026-04-11 15:48:54] INIT_SECOND_LEVEL_COLLECTIONS_START
[2026-04-11 15:48:54] INIT_SECOND_LEVEL_COLLECTIONS_DONE count= 5 names= helpers,positive_instances,positive_priority_instances,world_positive_attributes,world_sources
[2026-04-11 15:48:54] INIT_POPULATE_SITE_SOURCES_START site= city mode= baseline camera= city-yr180-hero-image
[2026-04-11 15:48:54] INIT_POPULATE_SITE_SOURCES_DONE world= city_buildings_source.001,city_roads_source.001 cameras= city-yr180-hero-image.001
[2026-04-11 15:48:54] INIT_VIEW_LAYERS_START
[2026-04-11 15:48:54] INIT_VIEW_LAYERS_DONE names= existing_condition_positive,positive_state,positive_priority_state
[2026-04-11 15:48:54] INIT_AOV_RESET_START layer_count= 3 aov_count= 27
[2026-04-11 15:48:54] INIT_AOV_RESET_LAYER_START existing_condition_positive
[2026-04-11 15:48:54] INIT_AOV_RESET_LAYER_DONE existing_condition_positive count= 27
[2026-04-11 15:48:54] INIT_AOV_RESET_LAYER_START positive_state
[2026-04-11 15:48:54] INIT_AOV_RESET_LAYER_DONE positive_state count= 27
[2026-04-11 15:48:54] INIT_AOV_RESET_LAYER_START positive_priority_state
[2026-04-11 15:48:54] INIT_AOV_RESET_LAYER_DONE positive_priority_state count= 27
[2026-04-11 15:48:54] INIT_NEUTRAL_SCENE_STATE_START
[2026-04-11 15:48:54] INIT_NEUTRAL_SCENE_STATE_DONE
[2026-04-11 15:48:54] INIT_REMOVE_TEMPLATE_COLLECTIONS_START world_sources,camera_sources
[2026-04-11 15:48:54] INIT_REMOVE_TEMPLATE_COLLECTIONS_DONE
[2026-04-11 15:48:54] INIT_NORMALIZE_NAMES_START
[2026-04-11 15:48:54] INIT_NORMALIZE_NAMES_DONE
[2026-04-11 15:48:54] INIT_NORMALIZE_VISIBILITY_START
[2026-04-11 15:48:54] INIT_NORMALIZE_VISIBILITY_DONE
[2026-04-11 15:48:54] INIT_WRITE_METADATA_START
[2026-04-11 15:48:54] INIT_WRITE_METADATA_DONE
[2026-04-11 15:48:54] INIT_ASSIGN_CAMERA_START city-yr180-hero-image
[2026-04-11 15:48:54] INIT_ASSIGN_CAMERA_DONE scene_camera= city-yr180-hero-image
[2026-04-11 15:48:54] INIT_UI_WORKSPACE_STEPS_SKIPPED
[2026-04-11 15:48:54] INIT_APPLY_VIEW_LAYER_SEMANTICS_START
[2026-04-11 15:48:54] INIT_APPLY_VIEW_LAYER_SEMANTICS_DONE
[2026-04-11 15:48:54] INIT_SCENE_DONE bV2_city_baseline
[2026-04-11 15:48:54] Building bV2 instancers for scene=bV2_city_baseline, site=city, mode=baseline, year=None
[2026-04-11 15:48:54] BUILD_INSTANCERS_LOAD_BASELINE_START
[2026-04-11 15:48:54] LOAD_SCENARIO_START site= city scenario= baseline mode= baseline years= (-180,)
[2026-04-11 15:48:54] LOAD_SCENARIO_YEAR_START baseline -180 D:\2026 Arboreal Futures\urban-futures\_data-refactored\model-outputs\generated-states\4.9\output\feature-locations\city\city_baseline_1_nodeDF_yr-180.csv
[2026-04-11 15:48:54] LOAD_SCENARIO_YEAR_DONE baseline -180 rows= 2545
[2026-04-11 15:48:54] LOAD_SCENARIO_DONE baseline rows= 2545
[2026-04-11 15:48:54] BUILD_INSTANCERS_LOAD_BASELINE_DONE rows= 2545
[2026-04-11 15:48:54] BUILD_INSTANCERS_STATE_START positive families= logs,trees
[2026-04-11 15:48:54] BUILD_INSTANCERS_FAMILY_START state= positive family= trees rows= 2545
[2026-04-11 15:48:54] BUILD_STATE_START family= trees state= positive rows= 2545
[2026-04-11 15:48:55] IMPORT_START trees precolonial.True_size.decayed_control.improved-tree_id.11.ply
[2026-04-11 15:48:55] IMPORT_DONE trees precolonial.True_size.decayed_control.improved-tree_id.11.ply seconds 0.07
[2026-04-11 15:48:55] IMPORT_START trees precolonial.True_size.decayed_control.improved-tree_id.12.ply
[2026-04-11 15:48:55] IMPORT_DONE trees precolonial.True_size.decayed_control.improved-tree_id.12.ply seconds 0.02
[2026-04-11 15:48:55] IMPORT_START trees precolonial.True_size.decayed_control.improved-tree_id.14.ply
[2026-04-11 15:48:55] IMPORT_DONE trees precolonial.True_size.decayed_control.improved-tree_id.14.ply seconds 0.04
[2026-04-11 15:48:55] IMPORT_START trees precolonial.True_size.decayed_control.improved-tree_id.15.ply
[2026-04-11 15:48:55] IMPORT_DONE trees precolonial.True_size.decayed_control.improved-tree_id.15.ply seconds 0.09
[2026-04-11 15:48:55] IMPORT_START trees precolonial.True_size.decayed_control.improved-tree_id.16.ply
[2026-04-11 15:48:55] IMPORT_DONE trees precolonial.True_size.decayed_control.improved-tree_id.16.ply seconds 0.04
[2026-04-11 15:48:55] IMPORT_START trees precolonial.True_size.fallen_control.improved-tree_id.11.ply
[2026-04-11 15:48:55] IMPORT_DONE trees precolonial.True_size.fallen_control.improved-tree_id.11.ply seconds 0.06
[2026-04-11 15:48:55] IMPORT_START trees precolonial.True_size.fallen_control.improved-tree_id.12.ply
[2026-04-11 15:48:55] IMPORT_DONE trees precolonial.True_size.fallen_control.improved-tree_id.12.ply seconds 0.02
[2026-04-11 15:48:55] IMPORT_START trees precolonial.True_size.fallen_control.improved-tree_id.13.ply
[2026-04-11 15:48:55] IMPORT_DONE trees precolonial.True_size.fallen_control.improved-tree_id.13.ply seconds 0.03
[2026-04-11 15:48:55] IMPORT_START trees precolonial.True_size.fallen_control.improved-tree_id.14.ply
[2026-04-11 15:48:55] IMPORT_DONE trees precolonial.True_size.fallen_control.improved-tree_id.14.ply seconds 0.04
[2026-04-11 15:48:55] IMPORT_START trees precolonial.True_size.fallen_control.improved-tree_id.15.ply
[2026-04-11 15:48:55] IMPORT_DONE trees precolonial.True_size.fallen_control.improved-tree_id.15.ply seconds 0.07
[2026-04-11 15:48:55] IMPORT_START trees precolonial.True_size.fallen_control.improved-tree_id.16.ply
[2026-04-11 15:48:55] IMPORT_DONE trees precolonial.True_size.fallen_control.improved-tree_id.16.ply seconds 0.04
[2026-04-11 15:48:55] IMPORT_START trees precolonial.True_size.large_control.reserve-tree_id.11.ply
[2026-04-11 15:48:56] IMPORT_DONE trees precolonial.True_size.large_control.reserve-tree_id.11.ply seconds 0.43
[2026-04-11 15:48:56] IMPORT_START trees precolonial.True_size.large_control.reserve-tree_id.12.ply
[2026-04-11 15:48:56] IMPORT_DONE trees precolonial.True_size.large_control.reserve-tree_id.12.ply seconds 0.25
[2026-04-11 15:48:56] IMPORT_START trees precolonial.True_size.large_control.reserve-tree_id.13.ply
[2026-04-11 15:48:56] IMPORT_DONE trees precolonial.True_size.large_control.reserve-tree_id.13.ply seconds 0.33
[2026-04-11 15:48:56] IMPORT_START trees precolonial.True_size.large_control.reserve-tree_id.14.ply
[2026-04-11 15:48:57] IMPORT_DONE trees precolonial.True_size.large_control.reserve-tree_id.14.ply seconds 0.21
[2026-04-11 15:48:57] IMPORT_START trees precolonial.True_size.large_control.reserve-tree_id.15.ply
[2026-04-11 15:48:57] IMPORT_DONE trees precolonial.True_size.large_control.reserve-tree_id.15.ply seconds 0.3
[2026-04-11 15:48:57] IMPORT_START trees precolonial.True_size.large_control.reserve-tree_id.16.ply
[2026-04-11 15:48:57] IMPORT_DONE trees precolonial.True_size.large_control.reserve-tree_id.16.ply seconds 0.26
[2026-04-11 15:48:57] IMPORT_START trees precolonial.True_size.medium_control.reserve-tree_id.10.ply
[2026-04-11 15:48:57] IMPORT_DONE trees precolonial.True_size.medium_control.reserve-tree_id.10.ply seconds 0.22
[2026-04-11 15:48:57] IMPORT_START trees precolonial.True_size.medium_control.reserve-tree_id.5.ply
[2026-04-11 15:48:57] IMPORT_DONE trees precolonial.True_size.medium_control.reserve-tree_id.5.ply seconds 0.14
[2026-04-11 15:48:57] IMPORT_START trees precolonial.True_size.medium_control.reserve-tree_id.6.ply
[2026-04-11 15:48:58] IMPORT_DONE trees precolonial.True_size.medium_control.reserve-tree_id.6.ply seconds 0.13
[2026-04-11 15:48:58] IMPORT_START trees precolonial.True_size.medium_control.reserve-tree_id.7.ply
[2026-04-11 15:48:58] IMPORT_DONE trees precolonial.True_size.medium_control.reserve-tree_id.7.ply seconds 0.13
[2026-04-11 15:48:58] IMPORT_START trees precolonial.True_size.medium_control.reserve-tree_id.8.ply
[2026-04-11 15:48:58] IMPORT_DONE trees precolonial.True_size.medium_control.reserve-tree_id.8.ply seconds 0.23
[2026-04-11 15:48:58] IMPORT_START trees precolonial.True_size.medium_control.reserve-tree_id.9.ply
[2026-04-11 15:48:58] IMPORT_DONE trees precolonial.True_size.medium_control.reserve-tree_id.9.ply seconds 0.21
[2026-04-11 15:48:58] IMPORT_START trees precolonial.True_size.senescing_control.improved-tree_id.11.ply
[2026-04-11 15:48:58] IMPORT_DONE trees precolonial.True_size.senescing_control.improved-tree_id.11.ply seconds 0.14
[2026-04-11 15:48:58] IMPORT_START trees precolonial.True_size.senescing_control.improved-tree_id.12.ply
[2026-04-11 15:48:58] IMPORT_DONE trees precolonial.True_size.senescing_control.improved-tree_id.12.ply seconds 0.07
[2026-04-11 15:48:58] IMPORT_START trees precolonial.True_size.senescing_control.improved-tree_id.13.ply
[2026-04-11 15:48:58] IMPORT_DONE trees precolonial.True_size.senescing_control.improved-tree_id.13.ply seconds 0.05
[2026-04-11 15:48:58] IMPORT_START trees precolonial.True_size.senescing_control.improved-tree_id.14.ply
[2026-04-11 15:48:58] IMPORT_DONE trees precolonial.True_size.senescing_control.improved-tree_id.14.ply seconds 0.04
[2026-04-11 15:48:58] IMPORT_START trees precolonial.True_size.senescing_control.improved-tree_id.15.ply
[2026-04-11 15:48:59] IMPORT_DONE trees precolonial.True_size.senescing_control.improved-tree_id.15.ply seconds 0.08
[2026-04-11 15:48:59] IMPORT_START trees precolonial.True_size.senescing_control.improved-tree_id.16.ply
[2026-04-11 15:48:59] IMPORT_DONE trees precolonial.True_size.senescing_control.improved-tree_id.16.ply seconds 0.07
[2026-04-11 15:48:59] IMPORT_START trees precolonial.True_size.small_control.reserve-tree_id.1.ply
[2026-04-11 15:48:59] IMPORT_DONE trees precolonial.True_size.small_control.reserve-tree_id.1.ply seconds 0.04
[2026-04-11 15:48:59] IMPORT_START trees precolonial.True_size.small_control.reserve-tree_id.2.ply
[2026-04-11 15:48:59] IMPORT_DONE trees precolonial.True_size.small_control.reserve-tree_id.2.ply seconds 0.04
[2026-04-11 15:48:59] IMPORT_START trees precolonial.True_size.small_control.reserve-tree_id.3.ply
[2026-04-11 15:48:59] IMPORT_DONE trees precolonial.True_size.small_control.reserve-tree_id.3.ply seconds 0.1
[2026-04-11 15:48:59] IMPORT_START trees precolonial.True_size.small_control.reserve-tree_id.4.ply
[2026-04-11 15:48:59] IMPORT_DONE trees precolonial.True_size.small_control.reserve-tree_id.4.ply seconds 0.07
[2026-04-11 15:48:59] IMPORT_START trees precolonial.True_size.snag_control.improved-tree_id.11.ply
[2026-04-11 15:48:59] IMPORT_DONE trees precolonial.True_size.snag_control.improved-tree_id.11.ply seconds 0.07
[2026-04-11 15:48:59] IMPORT_START trees precolonial.True_size.snag_control.improved-tree_id.12.ply
[2026-04-11 15:48:59] IMPORT_DONE trees precolonial.True_size.snag_control.improved-tree_id.12.ply seconds 0.03
[2026-04-11 15:48:59] IMPORT_START trees precolonial.True_size.snag_control.improved-tree_id.13.ply
[2026-04-11 15:48:59] IMPORT_DONE trees precolonial.True_size.snag_control.improved-tree_id.13.ply seconds 0.04
[2026-04-11 15:48:59] IMPORT_START trees precolonial.True_size.snag_control.improved-tree_id.14.ply
[2026-04-11 15:48:59] IMPORT_DONE trees precolonial.True_size.snag_control.improved-tree_id.14.ply seconds 0.04
[2026-04-11 15:48:59] IMPORT_START trees precolonial.True_size.snag_control.improved-tree_id.15.ply
[2026-04-11 15:48:59] IMPORT_DONE trees precolonial.True_size.snag_control.improved-tree_id.15.ply seconds 0.06
[2026-04-11 15:48:59] IMPORT_START trees precolonial.True_size.snag_control.improved-tree_id.16.ply
[2026-04-11 15:48:59] IMPORT_DONE trees precolonial.True_size.snag_control.improved-tree_id.16.ply seconds 0.05
[2026-04-11 15:48:59] BUILD_STATE_MODELS_DONE family= trees state= positive rows= 2545 models= 39
[2026-04-11 15:48:59] BUILD_STATE_DONE family= trees state= positive point_name= trees_positions_city_baseline_positive points= 2545
[2026-04-11 15:48:59] BUILD_INSTANCERS_FAMILY_DONE state= positive family= trees
[2026-04-11 15:48:59] BUILD_INSTANCERS_FAMILY_START state= positive family= logs rows= 0
[2026-04-11 15:48:59] Skipping logs/positive: no rows
[2026-04-11 15:48:59] BUILD_INSTANCERS_FAMILY_DONE state= positive family= logs
[2026-04-11 15:48:59] BUILD_INSTANCERS_STATE_DONE positive
[2026-04-11 15:48:59] BUILD_INSTANCERS_STATE_START positive_priority families= logs,trees
[2026-04-11 15:48:59] BUILD_INSTANCERS_FAMILY_START state= positive_priority family= trees rows= 185
[2026-04-11 15:48:59] BUILD_STATE_START family= trees state= positive_priority rows= 185
[2026-04-11 15:48:59] CACHE_HIT trees precolonial.True_size.fallen_control.improved-tree_id.11.ply
[2026-04-11 15:48:59] CACHE_HIT trees precolonial.True_size.fallen_control.improved-tree_id.12.ply
[2026-04-11 15:48:59] CACHE_HIT trees precolonial.True_size.fallen_control.improved-tree_id.13.ply
[2026-04-11 15:48:59] CACHE_HIT trees precolonial.True_size.fallen_control.improved-tree_id.14.ply
[2026-04-11 15:48:59] CACHE_HIT trees precolonial.True_size.fallen_control.improved-tree_id.15.ply
[2026-04-11 15:48:59] CACHE_HIT trees precolonial.True_size.fallen_control.improved-tree_id.16.ply
[2026-04-11 15:48:59] CACHE_HIT trees precolonial.True_size.senescing_control.improved-tree_id.11.ply
[2026-04-11 15:48:59] CACHE_HIT trees precolonial.True_size.senescing_control.improved-tree_id.12.ply
[2026-04-11 15:48:59] CACHE_HIT trees precolonial.True_size.senescing_control.improved-tree_id.13.ply
[2026-04-11 15:48:59] CACHE_HIT trees precolonial.True_size.senescing_control.improved-tree_id.14.ply
[2026-04-11 15:49:00] CACHE_HIT trees precolonial.True_size.senescing_control.improved-tree_id.15.ply
[2026-04-11 15:49:00] CACHE_HIT trees precolonial.True_size.senescing_control.improved-tree_id.16.ply
[2026-04-11 15:49:00] CACHE_HIT trees precolonial.True_size.snag_control.improved-tree_id.11.ply
[2026-04-11 15:49:00] CACHE_HIT trees precolonial.True_size.snag_control.improved-tree_id.12.ply
[2026-04-11 15:49:00] CACHE_HIT trees precolonial.True_size.snag_control.improved-tree_id.13.ply
[2026-04-11 15:49:00] CACHE_HIT trees precolonial.True_size.snag_control.improved-tree_id.14.ply
[2026-04-11 15:49:00] CACHE_HIT trees precolonial.True_size.snag_control.improved-tree_id.15.ply
[2026-04-11 15:49:00] CACHE_HIT trees precolonial.True_size.snag_control.improved-tree_id.16.ply
[2026-04-11 15:49:00] BUILD_STATE_MODELS_DONE family= trees state= positive_priority rows= 185 models= 18
[2026-04-11 15:49:00] BUILD_STATE_DONE family= trees state= positive_priority point_name= trees_positions_city_baseline_positive_priority points= 185
[2026-04-11 15:49:00] BUILD_INSTANCERS_FAMILY_DONE state= positive_priority family= trees
[2026-04-11 15:49:00] BUILD_INSTANCERS_FAMILY_START state= positive_priority family= logs rows= 0
[2026-04-11 15:49:00] Skipping logs/positive_priority: no rows
[2026-04-11 15:49:00] BUILD_INSTANCERS_FAMILY_DONE state= positive_priority family= logs
[2026-04-11 15:49:00] BUILD_INSTANCERS_STATE_DONE positive_priority
[2026-04-11 15:49:00] Instancer build summary: {'scene': 'bV2_city_baseline', 'site': 'city', 'mode': 'baseline', 'year': None, 'results': [{'family': 'trees', 'state': 'positive', 'row_count': 2545, 'model_count': 39, 'point_object': 'trees_positions_city_baseline_positive', 'models_collection': 'trees_models_city_baseline_positive'}, {'family': 'trees', 'state': 'positive_priority', 'row_count': 185, 'model_count': 18, 'point_object': 'trees_positions_city_baseline_positive_priority', 'models_collection': 'trees_models_city_baseline_positive_priority'}], 'positive_rows': 2545, 'priority_rows': 185, 'trending_rows': 0}
[2026-04-11 15:49:00] WORLD_BUILD_START bV2_city_baseline city baseline timeline
[2026-04-11 15:49:04] BASELINE_TERRAIN_IMPORTED city_baseline_terrain_source verts=172863
[2026-04-11 15:49:04] WORLD_OBJECT_DONE bV2_city_baseline terrain_city_baseline_positive points=172863 matched=172863
[2026-04-11 15:49:04] WORLD_BUILD_DONE bV2_city_baseline {'positive': ['terrain_city_baseline_positive']}
[2026-04-11 15:49:04] VALIDATE_SCENE {'scene': 'bV2_city_baseline', 'site': 'city', 'mode': 'baseline', 'year': None, 'errors': [], 'warnings': [], 'ok': True}
[2026-04-11 15:49:05] BUILD_SCENE_BLEND_SAVED D:\2026 Arboreal Futures\urban-futures\_data-refactored\blenderv2\blends\4.9\city_baseline__full_pipeline.blend
[2026-04-11 15:49:05] BUILD_SCENE_DONE {'scene': 'bV2_city_baseline', 'site': 'city', 'mode': 'baseline', 'year': None, 'blend_output_path': 'D:\\2026 Arboreal Futures\\urban-futures\\_data-refactored\\blenderv2\\blends\\4.9\\city_baseline__full_pipeline.blend', 'render_output_root': '', 'remote_subpath': '', 'instancers': {'scene': 'bV2_city_baseline', 'site': 'city', 'mode': 'baseline', 'year': None, 'results': [{'family': 'trees', 'state': 'positive', 'row_count': 2545, 'model_count': 39, 'point_object': 'trees_positions_city_baseline_positive', 'models_collection': 'trees_models_city_baseline_positive'}, {'family': 'trees', 'state': 'positive_priority', 'row_count': 185, 'model_count': 18, 'point_object': 'trees_positions_city_baseline_positive_priority', 'models_collection': 'trees_models_city_baseline_positive_priority'}], 'positive_rows': 2545, 'priority_rows': 185, 'trending_rows': 0}, 'bioenvelopes': {'skipped': True, 'reason': 'baseline mode'}, 'world': {'positive': ['terrain_city_baseline_positive']}, 'validation': {'scene': 'bV2_city_baseline', 'site': 'city', 'mode': 'baseline', 'year': None, 'errors': [], 'warnings': [], 'ok': True}, 'render': None, 'rendered_paths': []}
