[2026-04-11 19:09:59] BUILD_SCENE_START site= trimmed-parade mode= timeline year= None render_exrs= True
[2026-04-11 19:10:02] INIT_SCENE scene_name= bV2_trimmed-parade_timeline site= trimmed-parade mode= timeline year= None camera= None
[2026-04-11 19:10:02] INIT_USE_TEMPLATE_SCENE_START bV2_template -> bV2_trimmed-parade_timeline
[2026-04-11 19:10:02] INIT_USE_TEMPLATE_SCENE_DONE active_scene= bV2_trimmed-parade_timeline
[2026-04-11 19:10:02] INIT_TOP_LEVEL_COLLECTIONS_START cameras,world,instancers,bioenvelopes,build
[2026-04-11 19:10:02] INIT_TOP_LEVEL_COLLECTIONS_DONE count= 5 names= bioenvelopes,build,cameras,instancers,world
[2026-04-11 19:10:02] INIT_SECOND_LEVEL_COLLECTIONS_START
[2026-04-11 19:10:02] INIT_SECOND_LEVEL_COLLECTIONS_DONE count= 9 names= bioenvelope_positive,bioenvelope_trending,helpers,positive_instances,positive_priority_instances,trending_instances,world_positive_attributes,world_sources,world_trending_attributes
[2026-04-11 19:10:02] INIT_POPULATE_SITE_SOURCES_START site= trimmed-parade mode= timeline camera= parade - camera - time slice - zoom
[2026-04-11 19:10:02] INIT_POPULATE_SITE_SOURCES_DONE world= trimmed-parade_buildings_source.001,trimmed-parade_roads_source.001 cameras= parade - camera - time slice - zoom.001
[2026-04-11 19:10:02] INIT_VIEW_LAYERS_START
[2026-04-11 19:10:02] INIT_VIEW_LAYERS_DONE names= existing_condition_positive,existing_condition_trending,positive_state,positive_priority_state,trending_state,bioenvelope_positive,bioenvelope_trending
[2026-04-11 19:10:02] INIT_AOV_RESET_START layer_count= 7 aov_count= 27
[2026-04-11 19:10:02] INIT_AOV_RESET_LAYER_START existing_condition_positive
[2026-04-11 19:10:02] INIT_AOV_RESET_LAYER_DONE existing_condition_positive count= 27
[2026-04-11 19:10:02] INIT_AOV_RESET_LAYER_START existing_condition_trending
[2026-04-11 19:10:02] INIT_AOV_RESET_LAYER_DONE existing_condition_trending count= 27
[2026-04-11 19:10:02] INIT_AOV_RESET_LAYER_START positive_state
[2026-04-11 19:10:02] INIT_AOV_RESET_LAYER_DONE positive_state count= 27
[2026-04-11 19:10:02] INIT_AOV_RESET_LAYER_START positive_priority_state
[2026-04-11 19:10:02] INIT_AOV_RESET_LAYER_DONE positive_priority_state count= 27
[2026-04-11 19:10:02] INIT_AOV_RESET_LAYER_START trending_state
[2026-04-11 19:10:02] INIT_AOV_RESET_LAYER_DONE trending_state count= 27
[2026-04-11 19:10:02] INIT_AOV_RESET_LAYER_START bioenvelope_positive
[2026-04-11 19:10:02] INIT_AOV_RESET_LAYER_DONE bioenvelope_positive count= 27
[2026-04-11 19:10:02] INIT_AOV_RESET_LAYER_START bioenvelope_trending
[2026-04-11 19:10:02] INIT_AOV_RESET_LAYER_DONE bioenvelope_trending count= 27
[2026-04-11 19:10:02] INIT_NEUTRAL_SCENE_STATE_START
[2026-04-11 19:10:02] INIT_NEUTRAL_SCENE_STATE_DONE
[2026-04-11 19:10:02] INIT_REMOVE_TEMPLATE_COLLECTIONS_START world_sources,camera_sources
[2026-04-11 19:10:02] INIT_REMOVE_TEMPLATE_COLLECTIONS_DONE
[2026-04-11 19:10:02] INIT_NORMALIZE_NAMES_START
[2026-04-11 19:10:02] INIT_NORMALIZE_NAMES_DONE
[2026-04-11 19:10:02] INIT_NORMALIZE_VISIBILITY_START
[2026-04-11 19:10:02] INIT_NORMALIZE_VISIBILITY_DONE
[2026-04-11 19:10:02] INIT_WRITE_METADATA_START
[2026-04-11 19:10:02] INIT_WRITE_METADATA_DONE
[2026-04-11 19:10:02] INIT_ASSIGN_CAMERA_START parade - camera - time slice - zoom
[2026-04-11 19:10:02] INIT_ASSIGN_CAMERA_DONE scene_camera= parade - camera - time slice - zoom
[2026-04-11 19:10:02] INIT_UI_WORKSPACE_STEPS_SKIPPED
[2026-04-11 19:10:02] INIT_APPLY_VIEW_LAYER_SEMANTICS_START
[2026-04-11 19:10:02] INIT_APPLY_VIEW_LAYER_SEMANTICS_DONE
[2026-04-11 19:10:02] INIT_SCENE_DONE bV2_trimmed-parade_timeline
[2026-04-11 19:10:02] Building bV2 instancers for scene=bV2_trimmed-parade_timeline, site=trimmed-parade, mode=timeline, year=None
[2026-04-11 19:10:02] BUILD_INSTANCERS_LOAD_POSITIVE_START
[2026-04-11 19:10:02] LOAD_SCENARIO_START site= trimmed-parade scenario= positive mode= timeline years= (0, 10, 30, 60, 180)
[2026-04-11 19:10:02] LOAD_SCENARIO_YEAR_START positive 0 D:\2026 Arboreal Futures\urban-futures\_data-refactored\model-outputs\generated-states\4.9\output\feature-locations\trimmed-parade\trimmed-parade_positive_1_nodeDF_yr0.csv
[2026-04-11 19:10:02] LOAD_SCENARIO_YEAR_DONE positive 0 rows= 75
[2026-04-11 19:10:02] LOAD_SCENARIO_YEAR_START positive 10 D:\2026 Arboreal Futures\urban-futures\_data-refactored\model-outputs\generated-states\4.9\output\feature-locations\trimmed-parade\trimmed-parade_positive_1_nodeDF_yr10.csv
[2026-04-11 19:10:02] LOAD_SCENARIO_YEAR_DONE positive 10 rows= 99
[2026-04-11 19:10:02] LOAD_SCENARIO_YEAR_START positive 30 D:\2026 Arboreal Futures\urban-futures\_data-refactored\model-outputs\generated-states\4.9\output\feature-locations\trimmed-parade\trimmed-parade_positive_1_nodeDF_yr30.csv
[2026-04-11 19:10:02] LOAD_SCENARIO_YEAR_DONE positive 30 rows= 95
[2026-04-11 19:10:02] LOAD_SCENARIO_YEAR_START positive 60 D:\2026 Arboreal Futures\urban-futures\_data-refactored\model-outputs\generated-states\4.9\output\feature-locations\trimmed-parade\trimmed-parade_positive_1_nodeDF_yr60.csv
[2026-04-11 19:10:02] LOAD_SCENARIO_YEAR_DONE positive 60 rows= 119
[2026-04-11 19:10:02] LOAD_SCENARIO_YEAR_START positive 180 D:\2026 Arboreal Futures\urban-futures\_data-refactored\model-outputs\generated-states\4.9\output\feature-locations\trimmed-parade\trimmed-parade_positive_1_nodeDF_yr180.csv
[2026-04-11 19:10:02] LOAD_SCENARIO_YEAR_DONE positive 180 rows= 149
[2026-04-11 19:10:02] LOAD_SCENARIO_DONE positive rows= 537
[2026-04-11 19:10:02] BUILD_INSTANCERS_LOAD_POSITIVE_DONE rows= 537
[2026-04-11 19:10:02] BUILD_INSTANCERS_LOAD_TRENDING_START
[2026-04-11 19:10:02] LOAD_SCENARIO_START site= trimmed-parade scenario= trending mode= timeline years= (0, 10, 30, 60, 180)
[2026-04-11 19:10:02] LOAD_SCENARIO_YEAR_START trending 0 D:\2026 Arboreal Futures\urban-futures\_data-refactored\model-outputs\generated-states\4.9\output\feature-locations\trimmed-parade\trimmed-parade_trending_1_nodeDF_yr0.csv
[2026-04-11 19:10:02] LOAD_SCENARIO_YEAR_DONE trending 0 rows= 75
[2026-04-11 19:10:02] LOAD_SCENARIO_YEAR_START trending 10 D:\2026 Arboreal Futures\urban-futures\_data-refactored\model-outputs\generated-states\4.9\output\feature-locations\trimmed-parade\trimmed-parade_trending_1_nodeDF_yr10.csv
[2026-04-11 19:10:02] LOAD_SCENARIO_YEAR_DONE trending 10 rows= 97
[2026-04-11 19:10:02] LOAD_SCENARIO_YEAR_START trending 30 D:\2026 Arboreal Futures\urban-futures\_data-refactored\model-outputs\generated-states\4.9\output\feature-locations\trimmed-parade\trimmed-parade_trending_1_nodeDF_yr30.csv
[2026-04-11 19:10:02] LOAD_SCENARIO_YEAR_DONE trending 30 rows= 72
[2026-04-11 19:10:02] LOAD_SCENARIO_YEAR_START trending 60 D:\2026 Arboreal Futures\urban-futures\_data-refactored\model-outputs\generated-states\4.9\output\feature-locations\trimmed-parade\trimmed-parade_trending_1_nodeDF_yr60.csv
[2026-04-11 19:10:02] LOAD_SCENARIO_YEAR_DONE trending 60 rows= 100
[2026-04-11 19:10:02] LOAD_SCENARIO_YEAR_START trending 180 D:\2026 Arboreal Futures\urban-futures\_data-refactored\model-outputs\generated-states\4.9\output\feature-locations\trimmed-parade\trimmed-parade_trending_1_nodeDF_yr180.csv
[2026-04-11 19:10:02] LOAD_SCENARIO_YEAR_DONE trending 180 rows= 110
[2026-04-11 19:10:02] LOAD_SCENARIO_DONE trending rows= 454
[2026-04-11 19:10:02] BUILD_INSTANCERS_LOAD_TRENDING_DONE rows= 454
[2026-04-11 19:10:02] BUILD_INSTANCERS_DERIVE_PRIORITY_START
[2026-04-11 19:10:02] BUILD_INSTANCERS_DERIVE_PRIORITY_DONE rows= 50
[2026-04-11 19:10:02] BUILD_INSTANCERS_STATE_START positive families= logs,trees
[2026-04-11 19:10:02] BUILD_INSTANCERS_FAMILY_START state= positive family= trees rows= 537
[2026-04-11 19:10:02] BUILD_STATE_START family= trees state= positive rows= 537
[2026-04-11 19:10:02] IMPORT_START trees precolonial.False_size.fallen_control.improved-tree_id.10.ply
[2026-04-11 19:10:02] IMPORT_DONE trees precolonial.False_size.fallen_control.improved-tree_id.10.ply seconds 0.05
[2026-04-11 19:10:02] IMPORT_START trees precolonial.False_size.fallen_control.improved-tree_id.14.ply
[2026-04-11 19:10:02] IMPORT_DONE trees precolonial.False_size.fallen_control.improved-tree_id.14.ply seconds 0.06
[2026-04-11 19:10:02] IMPORT_START trees precolonial.False_size.large_control.park-tree_id.10.ply
[2026-04-11 19:10:04] IMPORT_DONE trees precolonial.False_size.large_control.park-tree_id.10.ply seconds 1.53
[2026-04-11 19:10:04] IMPORT_START trees precolonial.False_size.large_control.park-tree_id.11.ply
[2026-04-11 19:10:06] IMPORT_DONE trees precolonial.False_size.large_control.park-tree_id.11.ply seconds 1.88
[2026-04-11 19:10:06] IMPORT_START trees precolonial.False_size.large_control.park-tree_id.13.ply
[2026-04-11 19:10:07] IMPORT_DONE trees precolonial.False_size.large_control.park-tree_id.13.ply seconds 1.3
[2026-04-11 19:10:07] IMPORT_START trees precolonial.False_size.large_control.park-tree_id.14.ply
[2026-04-11 19:10:15] IMPORT_DONE trees precolonial.False_size.large_control.park-tree_id.14.ply seconds 7.63
[2026-04-11 19:10:15] IMPORT_START trees precolonial.False_size.large_control.park-tree_id.7.ply
[2026-04-11 19:10:17] IMPORT_DONE trees precolonial.False_size.large_control.park-tree_id.7.ply seconds 2.16
[2026-04-11 19:10:17] IMPORT_START trees precolonial.False_size.large_control.park-tree_id.9.ply
[2026-04-11 19:10:31] IMPORT_DONE trees precolonial.False_size.large_control.park-tree_id.9.ply seconds 14.28
[2026-04-11 19:10:31] IMPORT_START trees precolonial.False_size.large_control.reserve-tree_id.10.ply
[2026-04-11 19:10:44] IMPORT_DONE trees precolonial.False_size.large_control.reserve-tree_id.10.ply seconds 12.37
[2026-04-11 19:10:44] IMPORT_START trees precolonial.False_size.large_control.reserve-tree_id.11.ply
[2026-04-11 19:10:53] IMPORT_DONE trees precolonial.False_size.large_control.reserve-tree_id.11.ply seconds 9.39
[2026-04-11 19:10:53] IMPORT_START trees precolonial.False_size.large_control.reserve-tree_id.12.ply
[2026-04-11 19:11:03] IMPORT_DONE trees precolonial.False_size.large_control.reserve-tree_id.12.ply seconds 9.63
[2026-04-11 19:11:03] IMPORT_START trees precolonial.False_size.large_control.reserve-tree_id.13.ply
[2026-04-11 19:11:04] IMPORT_DONE trees precolonial.False_size.large_control.reserve-tree_id.13.ply seconds 1.36
[2026-04-11 19:11:04] IMPORT_START trees precolonial.False_size.large_control.reserve-tree_id.14.ply
[2026-04-11 19:11:05] IMPORT_DONE trees precolonial.False_size.large_control.reserve-tree_id.14.ply seconds 1.43
[2026-04-11 19:11:05] IMPORT_START trees precolonial.False_size.large_control.reserve-tree_id.7.ply
[2026-04-11 19:11:08] IMPORT_DONE trees precolonial.False_size.large_control.reserve-tree_id.7.ply seconds 2.61
[2026-04-11 19:11:08] IMPORT_START trees precolonial.False_size.large_control.reserve-tree_id.8.ply
[2026-04-11 19:11:20] IMPORT_DONE trees precolonial.False_size.large_control.reserve-tree_id.8.ply seconds 11.41
[2026-04-11 19:11:20] IMPORT_START trees precolonial.False_size.large_control.reserve-tree_id.9.ply
[2026-04-11 19:11:35] IMPORT_DONE trees precolonial.False_size.large_control.reserve-tree_id.9.ply seconds 15.78
[2026-04-11 19:11:35] IMPORT_START trees precolonial.False_size.large_control.street-tree_id.10.ply
[2026-04-11 19:11:45] IMPORT_DONE trees precolonial.False_size.large_control.street-tree_id.10.ply seconds 9.81
[2026-04-11 19:11:45] IMPORT_START trees precolonial.False_size.large_control.street-tree_id.11.ply
[2026-04-11 19:11:47] IMPORT_DONE trees precolonial.False_size.large_control.street-tree_id.11.ply seconds 1.87
[2026-04-11 19:11:47] IMPORT_START trees precolonial.False_size.large_control.street-tree_id.12.ply
[2026-04-11 19:11:48] IMPORT_DONE trees precolonial.False_size.large_control.street-tree_id.12.ply seconds 1.38
[2026-04-11 19:11:48] IMPORT_START trees precolonial.False_size.large_control.street-tree_id.13.ply
[2026-04-11 19:11:50] IMPORT_DONE trees precolonial.False_size.large_control.street-tree_id.13.ply seconds 1.32
[2026-04-11 19:11:50] IMPORT_START trees precolonial.False_size.large_control.street-tree_id.14.ply
[2026-04-11 19:11:57] IMPORT_DONE trees precolonial.False_size.large_control.street-tree_id.14.ply seconds 6.9
[2026-04-11 19:11:57] IMPORT_START trees precolonial.False_size.large_control.street-tree_id.7.ply
[2026-04-11 19:11:59] IMPORT_DONE trees precolonial.False_size.large_control.street-tree_id.7.ply seconds 2.02
[2026-04-11 19:11:59] IMPORT_START trees precolonial.False_size.large_control.street-tree_id.9.ply
[2026-04-11 19:12:00] IMPORT_DONE trees precolonial.False_size.large_control.street-tree_id.9.ply seconds 1.63
[2026-04-11 19:12:00] IMPORT_START trees precolonial.False_size.medium_control.park-tree_id.1.ply
[2026-04-11 19:12:01] IMPORT_DONE trees precolonial.False_size.medium_control.park-tree_id.1.ply seconds 0.8
[2026-04-11 19:12:01] IMPORT_START trees precolonial.False_size.medium_control.park-tree_id.2.ply
[2026-04-11 19:12:09] IMPORT_DONE trees precolonial.False_size.medium_control.park-tree_id.2.ply seconds 7.52
[2026-04-11 19:12:09] IMPORT_START trees precolonial.False_size.medium_control.park-tree_id.3.ply
[2026-04-11 19:12:09] IMPORT_DONE trees precolonial.False_size.medium_control.park-tree_id.3.ply seconds 0.76
[2026-04-11 19:12:09] IMPORT_START trees precolonial.False_size.medium_control.reserve-tree_id.1.ply
[2026-04-11 19:12:16] IMPORT_DONE trees precolonial.False_size.medium_control.reserve-tree_id.1.ply seconds 6.69
[2026-04-11 19:12:16] IMPORT_START trees precolonial.False_size.medium_control.street-tree_id.1.ply
[2026-04-11 19:12:17] IMPORT_DONE trees precolonial.False_size.medium_control.street-tree_id.1.ply seconds 0.82
[2026-04-11 19:12:17] IMPORT_START trees precolonial.False_size.medium_control.street-tree_id.2.ply
[2026-04-11 19:12:18] IMPORT_DONE trees precolonial.False_size.medium_control.street-tree_id.2.ply seconds 0.88
[2026-04-11 19:12:18] IMPORT_START trees precolonial.False_size.medium_control.street-tree_id.3.ply
[2026-04-11 19:12:19] IMPORT_DONE trees precolonial.False_size.medium_control.street-tree_id.3.ply seconds 0.89
[2026-04-11 19:12:19] IMPORT_START trees precolonial.False_size.senescing_control.improved-tree_id.1.ply
[2026-04-11 19:12:19] IMPORT_DONE trees precolonial.False_size.senescing_control.improved-tree_id.1.ply seconds 0.56
[2026-04-11 19:12:19] IMPORT_START trees precolonial.False_size.senescing_control.improved-tree_id.10.ply
[2026-04-11 19:12:21] IMPORT_DONE trees precolonial.False_size.senescing_control.improved-tree_id.10.ply seconds 1.54
[2026-04-11 19:12:21] IMPORT_START trees precolonial.False_size.senescing_control.improved-tree_id.12.ply
[2026-04-11 19:12:22] IMPORT_DONE trees precolonial.False_size.senescing_control.improved-tree_id.12.ply seconds 0.84
[2026-04-11 19:12:22] IMPORT_START trees precolonial.False_size.senescing_control.improved-tree_id.13.ply
[2026-04-11 19:12:23] IMPORT_DONE trees precolonial.False_size.senescing_control.improved-tree_id.13.ply seconds 1.1
[2026-04-11 19:12:23] IMPORT_START trees precolonial.False_size.senescing_control.improved-tree_id.14.ply
[2026-04-11 19:12:24] IMPORT_DONE trees precolonial.False_size.senescing_control.improved-tree_id.14.ply seconds 0.86
[2026-04-11 19:12:24] IMPORT_START trees precolonial.False_size.senescing_control.improved-tree_id.2.ply
[2026-04-11 19:12:24] IMPORT_DONE trees precolonial.False_size.senescing_control.improved-tree_id.2.ply seconds 0.63
[2026-04-11 19:12:24] IMPORT_START trees precolonial.False_size.senescing_control.improved-tree_id.3.ply
[2026-04-11 19:12:25] IMPORT_DONE trees precolonial.False_size.senescing_control.improved-tree_id.3.ply seconds 0.48
[2026-04-11 19:12:25] IMPORT_START trees precolonial.False_size.senescing_control.improved-tree_id.7.ply
[2026-04-11 19:12:26] IMPORT_DONE trees precolonial.False_size.senescing_control.improved-tree_id.7.ply seconds 1.11
[2026-04-11 19:12:26] IMPORT_START trees precolonial.False_size.senescing_control.improved-tree_id.9.ply
[2026-04-11 19:12:27] IMPORT_DONE trees precolonial.False_size.senescing_control.improved-tree_id.9.ply seconds 1.09
[2026-04-11 19:12:27] CACHE_HIT trees precolonial.False_size.senescing_control.improved-tree_id.9.ply
[2026-04-11 19:12:27] IMPORT_START trees precolonial.False_size.small_control.park-tree_id.4.ply
[2026-04-11 19:12:27] IMPORT_DONE trees precolonial.False_size.small_control.park-tree_id.4.ply seconds 0.07
[2026-04-11 19:12:27] IMPORT_START trees precolonial.False_size.small_control.park-tree_id.5.ply
[2026-04-11 19:12:27] IMPORT_DONE trees precolonial.False_size.small_control.park-tree_id.5.ply seconds 0.37
[2026-04-11 19:12:27] IMPORT_START trees precolonial.False_size.small_control.park-tree_id.6.ply
[2026-04-11 19:12:28] IMPORT_DONE trees precolonial.False_size.small_control.park-tree_id.6.ply seconds 0.33
[2026-04-11 19:12:28] IMPORT_START trees precolonial.False_size.small_control.street-tree_id.4.ply
[2026-04-11 19:12:28] IMPORT_DONE trees precolonial.False_size.small_control.street-tree_id.4.ply seconds 0.07
[2026-04-11 19:12:28] IMPORT_START trees precolonial.False_size.small_control.street-tree_id.5.ply
[2026-04-11 19:12:28] IMPORT_DONE trees precolonial.False_size.small_control.street-tree_id.5.ply seconds 0.13
[2026-04-11 19:12:28] IMPORT_START trees precolonial.False_size.snag_control.improved-tree_id.10.ply
[2026-04-11 19:12:28] IMPORT_DONE trees precolonial.False_size.snag_control.improved-tree_id.10.ply seconds 0.1
[2026-04-11 19:12:28] IMPORT_START trees precolonial.False_size.snag_control.improved-tree_id.11.ply
[2026-04-11 19:12:28] IMPORT_DONE trees precolonial.False_size.snag_control.improved-tree_id.11.ply seconds 0.11
[2026-04-11 19:12:28] IMPORT_START trees precolonial.False_size.snag_control.improved-tree_id.13.ply
[2026-04-11 19:12:28] IMPORT_DONE trees precolonial.False_size.snag_control.improved-tree_id.13.ply seconds 0.07
[2026-04-11 19:12:28] IMPORT_START trees precolonial.False_size.snag_control.improved-tree_id.7.ply
[2026-04-11 19:12:28] IMPORT_DONE trees precolonial.False_size.snag_control.improved-tree_id.7.ply seconds 0.18
[2026-04-11 19:12:28] IMPORT_START trees precolonial.False_size.snag_control.improved-tree_id.9.ply
[2026-04-11 19:12:28] IMPORT_DONE trees precolonial.False_size.snag_control.improved-tree_id.9.ply seconds 0.1
[2026-04-11 19:12:28] IMPORT_START trees precolonial.True_size.fallen_control.improved-tree_id.12.ply
[2026-04-11 19:12:29] IMPORT_DONE trees precolonial.True_size.fallen_control.improved-tree_id.12.ply seconds 0.02
[2026-04-11 19:12:29] IMPORT_START trees precolonial.True_size.fallen_control.improved-tree_id.14.ply
[2026-04-11 19:12:29] IMPORT_DONE trees precolonial.True_size.fallen_control.improved-tree_id.14.ply seconds 0.03
[2026-04-11 19:12:29] IMPORT_START trees precolonial.True_size.fallen_control.improved-tree_id.15.ply
[2026-04-11 19:12:29] IMPORT_DONE trees precolonial.True_size.fallen_control.improved-tree_id.15.ply seconds 0.06
[2026-04-11 19:12:29] IMPORT_START trees precolonial.True_size.large_control.park-tree_id.13.ply
[2026-04-11 19:12:29] IMPORT_DONE trees precolonial.True_size.large_control.park-tree_id.13.ply seconds 0.64
[2026-04-11 19:12:29] IMPORT_START trees precolonial.True_size.large_control.park-tree_id.15.ply
[2026-04-11 19:12:30] IMPORT_DONE trees precolonial.True_size.large_control.park-tree_id.15.ply seconds 1.21
[2026-04-11 19:12:30] IMPORT_START trees precolonial.True_size.large_control.park-tree_id.16.ply
[2026-04-11 19:12:32] IMPORT_DONE trees precolonial.True_size.large_control.park-tree_id.16.ply seconds 1.05
[2026-04-11 19:12:32] IMPORT_START trees precolonial.True_size.large_control.reserve-tree_id.13.ply
[2026-04-11 19:12:32] IMPORT_DONE trees precolonial.True_size.large_control.reserve-tree_id.13.ply seconds 0.19
[2026-04-11 19:12:32] IMPORT_START trees precolonial.True_size.large_control.reserve-tree_id.14.ply
[2026-04-11 19:12:32] IMPORT_DONE trees precolonial.True_size.large_control.reserve-tree_id.14.ply seconds 0.08
[2026-04-11 19:12:32] IMPORT_START trees precolonial.True_size.large_control.reserve-tree_id.15.ply
[2026-04-11 19:12:32] IMPORT_DONE trees precolonial.True_size.large_control.reserve-tree_id.15.ply seconds 0.19
[2026-04-11 19:12:32] IMPORT_START trees precolonial.True_size.large_control.reserve-tree_id.16.ply
[2026-04-11 19:12:32] IMPORT_DONE trees precolonial.True_size.large_control.reserve-tree_id.16.ply seconds 0.19
[2026-04-11 19:12:32] IMPORT_START trees precolonial.True_size.medium_control.park-tree_id.10.ply
[2026-04-11 19:12:32] IMPORT_DONE trees precolonial.True_size.medium_control.park-tree_id.10.ply seconds 0.15
[2026-04-11 19:12:32] IMPORT_START trees precolonial.True_size.medium_control.park-tree_id.5.ply
[2026-04-11 19:12:32] IMPORT_DONE trees precolonial.True_size.medium_control.park-tree_id.5.ply seconds 0.08
[2026-04-11 19:12:32] IMPORT_START trees precolonial.True_size.medium_control.park-tree_id.6.ply
[2026-04-11 19:12:33] IMPORT_DONE trees precolonial.True_size.medium_control.park-tree_id.6.ply seconds 0.13
[2026-04-11 19:12:33] IMPORT_START trees precolonial.True_size.medium_control.park-tree_id.7.ply
[2026-04-11 19:12:33] IMPORT_DONE trees precolonial.True_size.medium_control.park-tree_id.7.ply seconds 0.09
[2026-04-11 19:12:33] IMPORT_START trees precolonial.True_size.medium_control.park-tree_id.8.ply
[2026-04-11 19:12:33] IMPORT_DONE trees precolonial.True_size.medium_control.park-tree_id.8.ply seconds 0.17
[2026-04-11 19:12:33] IMPORT_START trees precolonial.True_size.medium_control.park-tree_id.9.ply
[2026-04-11 19:12:33] IMPORT_DONE trees precolonial.True_size.medium_control.park-tree_id.9.ply seconds 0.21
[2026-04-11 19:12:33] IMPORT_START trees precolonial.True_size.medium_control.reserve-tree_id.10.ply
[2026-04-11 19:12:33] IMPORT_DONE trees precolonial.True_size.medium_control.reserve-tree_id.10.ply seconds 0.21
[2026-04-11 19:12:33] IMPORT_START trees precolonial.True_size.medium_control.reserve-tree_id.5.ply
[2026-04-11 19:12:33] IMPORT_DONE trees precolonial.True_size.medium_control.reserve-tree_id.5.ply seconds 0.09
[2026-04-11 19:12:33] IMPORT_START trees precolonial.True_size.medium_control.reserve-tree_id.6.ply
[2026-04-11 19:12:34] IMPORT_DONE trees precolonial.True_size.medium_control.reserve-tree_id.6.ply seconds 0.13
[2026-04-11 19:12:34] IMPORT_START trees precolonial.True_size.medium_control.reserve-tree_id.7.ply
[2026-04-11 19:12:34] IMPORT_DONE trees precolonial.True_size.medium_control.reserve-tree_id.7.ply seconds 0.14
[2026-04-11 19:12:34] IMPORT_START trees precolonial.True_size.medium_control.reserve-tree_id.8.ply
[2026-04-11 19:12:34] IMPORT_DONE trees precolonial.True_size.medium_control.reserve-tree_id.8.ply seconds 0.17
[2026-04-11 19:12:34] IMPORT_START trees precolonial.True_size.medium_control.reserve-tree_id.9.ply
[2026-04-11 19:12:34] IMPORT_DONE trees precolonial.True_size.medium_control.reserve-tree_id.9.ply seconds 0.16
[2026-04-11 19:12:34] IMPORT_START trees precolonial.True_size.medium_control.street-tree_id.10.ply
[2026-04-11 19:12:34] IMPORT_DONE trees precolonial.True_size.medium_control.street-tree_id.10.ply seconds 0.21
[2026-04-11 19:12:34] IMPORT_START trees precolonial.True_size.medium_control.street-tree_id.5.ply
[2026-04-11 19:12:34] IMPORT_DONE trees precolonial.True_size.medium_control.street-tree_id.5.ply seconds 0.09
[2026-04-11 19:12:34] IMPORT_START trees precolonial.True_size.medium_control.street-tree_id.6.ply
[2026-04-11 19:12:34] IMPORT_DONE trees precolonial.True_size.medium_control.street-tree_id.6.ply seconds 0.09
[2026-04-11 19:12:34] IMPORT_START trees precolonial.True_size.medium_control.street-tree_id.7.ply
[2026-04-11 19:12:35] IMPORT_DONE trees precolonial.True_size.medium_control.street-tree_id.7.ply seconds 0.14
[2026-04-11 19:12:35] IMPORT_START trees precolonial.True_size.medium_control.street-tree_id.8.ply
[2026-04-11 19:12:35] IMPORT_DONE trees precolonial.True_size.medium_control.street-tree_id.8.ply seconds 0.17
[2026-04-11 19:12:35] IMPORT_START trees precolonial.True_size.senescing_control.improved-tree_id.14.ply
[2026-04-11 19:12:35] IMPORT_DONE trees precolonial.True_size.senescing_control.improved-tree_id.14.ply seconds 0.05
[2026-04-11 19:12:35] IMPORT_START trees precolonial.True_size.senescing_control.improved-tree_id.15.ply
[2026-04-11 19:12:35] IMPORT_DONE trees precolonial.True_size.senescing_control.improved-tree_id.15.ply seconds 0.05
[2026-04-11 19:12:35] IMPORT_START trees precolonial.True_size.senescing_control.improved-tree_id.16.ply
[2026-04-11 19:12:35] IMPORT_DONE trees precolonial.True_size.senescing_control.improved-tree_id.16.ply seconds 0.07
[2026-04-11 19:12:35] IMPORT_START trees precolonial.True_size.small_control.park-tree_id.1.ply
[2026-04-11 19:12:35] IMPORT_DONE trees precolonial.True_size.small_control.park-tree_id.1.ply seconds 0.01
[2026-04-11 19:12:35] IMPORT_START trees precolonial.True_size.small_control.park-tree_id.2.ply
[2026-04-11 19:12:35] IMPORT_DONE trees precolonial.True_size.small_control.park-tree_id.2.ply seconds 0.02
[2026-04-11 19:12:35] IMPORT_START trees precolonial.True_size.small_control.park-tree_id.3.ply
[2026-04-11 19:12:35] IMPORT_DONE trees precolonial.True_size.small_control.park-tree_id.3.ply seconds 0.04
[2026-04-11 19:12:35] IMPORT_START trees precolonial.True_size.small_control.park-tree_id.4.ply
[2026-04-11 19:12:35] IMPORT_DONE trees precolonial.True_size.small_control.park-tree_id.4.ply seconds 0.04
[2026-04-11 19:12:35] IMPORT_START trees precolonial.True_size.small_control.reserve-tree_id.1.ply
[2026-04-11 19:12:35] IMPORT_DONE trees precolonial.True_size.small_control.reserve-tree_id.1.ply seconds 0.02
[2026-04-11 19:12:35] IMPORT_START trees precolonial.True_size.small_control.reserve-tree_id.2.ply
[2026-04-11 19:12:35] IMPORT_DONE trees precolonial.True_size.small_control.reserve-tree_id.2.ply seconds 0.02
[2026-04-11 19:12:35] IMPORT_START trees precolonial.True_size.small_control.reserve-tree_id.3.ply
[2026-04-11 19:12:35] IMPORT_DONE trees precolonial.True_size.small_control.reserve-tree_id.3.ply seconds 0.1
[2026-04-11 19:12:35] IMPORT_START trees precolonial.True_size.small_control.reserve-tree_id.4.ply
[2026-04-11 19:12:35] IMPORT_DONE trees precolonial.True_size.small_control.reserve-tree_id.4.ply seconds 0.03
[2026-04-11 19:12:35] IMPORT_START trees precolonial.True_size.small_control.street-tree_id.1.ply
[2026-04-11 19:12:35] IMPORT_DONE trees precolonial.True_size.small_control.street-tree_id.1.ply seconds 0.01
[2026-04-11 19:12:35] IMPORT_START trees precolonial.True_size.small_control.street-tree_id.2.ply
[2026-04-11 19:12:35] IMPORT_DONE trees precolonial.True_size.small_control.street-tree_id.2.ply seconds 0.02
[2026-04-11 19:12:35] IMPORT_START trees precolonial.True_size.small_control.street-tree_id.3.ply
[2026-04-11 19:12:35] IMPORT_DONE trees precolonial.True_size.small_control.street-tree_id.3.ply seconds 0.06
[2026-04-11 19:12:35] IMPORT_START trees precolonial.True_size.small_control.street-tree_id.4.ply
[2026-04-11 19:12:35] IMPORT_DONE trees precolonial.True_size.small_control.street-tree_id.4.ply seconds 0.02
[2026-04-11 19:12:35] BUILD_STATE_MODELS_DONE family= trees state= positive rows= 537 models= 92
[2026-04-11 19:12:35] BUILD_STATE_DONE family= trees state= positive point_name= trees_positions_trimmed-parade_timeline_positive points= 537
[2026-04-11 19:12:35] BUILD_INSTANCERS_FAMILY_DONE state= positive family= trees
[2026-04-11 19:12:35] BUILD_INSTANCERS_FAMILY_START state= positive family= logs rows= 0
[2026-04-11 19:12:35] Skipping logs/positive: no rows
[2026-04-11 19:12:35] BUILD_INSTANCERS_FAMILY_DONE state= positive family= logs
[2026-04-11 19:12:35] BUILD_INSTANCERS_STATE_DONE positive
[2026-04-11 19:12:35] BUILD_INSTANCERS_STATE_START positive_priority families= logs,trees
[2026-04-11 19:12:35] BUILD_INSTANCERS_FAMILY_START state= positive_priority family= trees rows= 50
[2026-04-11 19:12:36] BUILD_STATE_START family= trees state= positive_priority rows= 50
[2026-04-11 19:12:36] CACHE_HIT trees precolonial.False_size.fallen_control.improved-tree_id.10.ply
[2026-04-11 19:12:36] CACHE_HIT trees precolonial.False_size.fallen_control.improved-tree_id.14.ply
[2026-04-11 19:12:36] CACHE_HIT trees precolonial.False_size.senescing_control.improved-tree_id.1.ply
[2026-04-11 19:12:36] CACHE_HIT trees precolonial.False_size.senescing_control.improved-tree_id.10.ply
[2026-04-11 19:12:36] CACHE_HIT trees precolonial.False_size.senescing_control.improved-tree_id.12.ply
[2026-04-11 19:12:36] CACHE_HIT trees precolonial.False_size.senescing_control.improved-tree_id.13.ply
[2026-04-11 19:12:36] CACHE_HIT trees precolonial.False_size.senescing_control.improved-tree_id.14.ply
[2026-04-11 19:12:36] CACHE_HIT trees precolonial.False_size.senescing_control.improved-tree_id.2.ply
[2026-04-11 19:12:36] CACHE_HIT trees precolonial.False_size.senescing_control.improved-tree_id.3.ply
[2026-04-11 19:12:36] CACHE_HIT trees precolonial.False_size.senescing_control.improved-tree_id.7.ply
[2026-04-11 19:12:36] CACHE_HIT trees precolonial.False_size.senescing_control.improved-tree_id.9.ply
[2026-04-11 19:12:36] CACHE_HIT trees precolonial.False_size.senescing_control.improved-tree_id.9.ply
[2026-04-11 19:12:36] CACHE_HIT trees precolonial.False_size.snag_control.improved-tree_id.10.ply
[2026-04-11 19:12:36] CACHE_HIT trees precolonial.False_size.snag_control.improved-tree_id.11.ply
[2026-04-11 19:12:36] CACHE_HIT trees precolonial.False_size.snag_control.improved-tree_id.13.ply
[2026-04-11 19:12:36] CACHE_HIT trees precolonial.False_size.snag_control.improved-tree_id.7.ply
[2026-04-11 19:12:36] CACHE_HIT trees precolonial.False_size.snag_control.improved-tree_id.9.ply
[2026-04-11 19:12:36] CACHE_HIT trees precolonial.True_size.fallen_control.improved-tree_id.12.ply
[2026-04-11 19:12:36] CACHE_HIT trees precolonial.True_size.fallen_control.improved-tree_id.14.ply
[2026-04-11 19:12:36] CACHE_HIT trees precolonial.True_size.fallen_control.improved-tree_id.15.ply
[2026-04-11 19:12:36] CACHE_HIT trees precolonial.True_size.senescing_control.improved-tree_id.14.ply
[2026-04-11 19:12:36] CACHE_HIT trees precolonial.True_size.senescing_control.improved-tree_id.15.ply
[2026-04-11 19:12:36] CACHE_HIT trees precolonial.True_size.senescing_control.improved-tree_id.16.ply
[2026-04-11 19:12:36] BUILD_STATE_MODELS_DONE family= trees state= positive_priority rows= 50 models= 23
[2026-04-11 19:12:36] BUILD_STATE_DONE family= trees state= positive_priority point_name= trees_positions_trimmed-parade_timeline_positive_priority points= 50
[2026-04-11 19:12:36] BUILD_INSTANCERS_FAMILY_DONE state= positive_priority family= trees
[2026-04-11 19:12:36] BUILD_INSTANCERS_FAMILY_START state= positive_priority family= logs rows= 0
[2026-04-11 19:12:36] Skipping logs/positive_priority: no rows
[2026-04-11 19:12:36] BUILD_INSTANCERS_FAMILY_DONE state= positive_priority family= logs
[2026-04-11 19:12:36] BUILD_INSTANCERS_STATE_DONE positive_priority
[2026-04-11 19:12:36] BUILD_INSTANCERS_STATE_START trending families= logs,trees
[2026-04-11 19:12:36] BUILD_INSTANCERS_FAMILY_START state= trending family= trees rows= 454
[2026-04-11 19:12:36] BUILD_STATE_START family= trees state= trending rows= 454
[2026-04-11 19:12:36] CACHE_HIT trees precolonial.False_size.large_control.park-tree_id.10.ply
[2026-04-11 19:12:36] CACHE_HIT trees precolonial.False_size.large_control.park-tree_id.11.ply
[2026-04-11 19:12:36] CACHE_HIT trees precolonial.False_size.large_control.park-tree_id.13.ply
[2026-04-11 19:12:36] CACHE_HIT trees precolonial.False_size.large_control.park-tree_id.14.ply
[2026-04-11 19:12:36] CACHE_HIT trees precolonial.False_size.large_control.street-tree_id.10.ply
[2026-04-11 19:12:36] CACHE_HIT trees precolonial.False_size.large_control.street-tree_id.11.ply
[2026-04-11 19:12:36] CACHE_HIT trees precolonial.False_size.large_control.street-tree_id.12.ply
[2026-04-11 19:12:36] CACHE_HIT trees precolonial.False_size.large_control.street-tree_id.13.ply
[2026-04-11 19:12:36] CACHE_HIT trees precolonial.False_size.large_control.street-tree_id.14.ply
[2026-04-11 19:12:36] CACHE_HIT trees precolonial.False_size.large_control.street-tree_id.7.ply
[2026-04-11 19:12:36] CACHE_HIT trees precolonial.False_size.large_control.street-tree_id.9.ply
[2026-04-11 19:12:36] CACHE_HIT trees precolonial.False_size.medium_control.park-tree_id.1.ply
[2026-04-11 19:12:36] CACHE_HIT trees precolonial.False_size.medium_control.park-tree_id.2.ply
[2026-04-11 19:12:36] CACHE_HIT trees precolonial.False_size.medium_control.park-tree_id.3.ply
[2026-04-11 19:12:36] CACHE_HIT trees precolonial.False_size.medium_control.street-tree_id.1.ply
[2026-04-11 19:12:36] CACHE_HIT trees precolonial.False_size.medium_control.street-tree_id.2.ply
[2026-04-11 19:12:36] CACHE_HIT trees precolonial.False_size.medium_control.street-tree_id.3.ply
[2026-04-11 19:12:36] CACHE_HIT trees precolonial.False_size.small_control.park-tree_id.4.ply
[2026-04-11 19:12:36] CACHE_HIT trees precolonial.False_size.small_control.park-tree_id.5.ply
[2026-04-11 19:12:36] CACHE_HIT trees precolonial.False_size.small_control.park-tree_id.6.ply
[2026-04-11 19:12:36] CACHE_HIT trees precolonial.False_size.small_control.street-tree_id.4.ply
[2026-04-11 19:12:36] CACHE_HIT trees precolonial.False_size.small_control.street-tree_id.5.ply
[2026-04-11 19:12:36] IMPORT_START trees precolonial.False_size.small_control.street-tree_id.6.ply
[2026-04-11 19:12:36] IMPORT_DONE trees precolonial.False_size.small_control.street-tree_id.6.ply seconds 0.22
[2026-04-11 19:12:36] CACHE_HIT trees precolonial.True_size.large_control.park-tree_id.15.ply
[2026-04-11 19:12:36] IMPORT_START trees precolonial.True_size.large_control.street-tree_id.16.ply
[2026-04-11 19:12:37] IMPORT_DONE trees precolonial.True_size.large_control.street-tree_id.16.ply seconds 1.16
[2026-04-11 19:12:37] CACHE_HIT trees precolonial.True_size.medium_control.park-tree_id.10.ply
[2026-04-11 19:12:37] CACHE_HIT trees precolonial.True_size.medium_control.park-tree_id.5.ply
[2026-04-11 19:12:37] CACHE_HIT trees precolonial.True_size.medium_control.park-tree_id.7.ply
[2026-04-11 19:12:37] CACHE_HIT trees precolonial.True_size.medium_control.park-tree_id.8.ply
[2026-04-11 19:12:37] CACHE_HIT trees precolonial.True_size.medium_control.park-tree_id.9.ply
[2026-04-11 19:12:37] CACHE_HIT trees precolonial.True_size.medium_control.street-tree_id.10.ply
[2026-04-11 19:12:37] CACHE_HIT trees precolonial.True_size.medium_control.street-tree_id.5.ply
[2026-04-11 19:12:37] CACHE_HIT trees precolonial.True_size.medium_control.street-tree_id.6.ply
[2026-04-11 19:12:37] CACHE_HIT trees precolonial.True_size.medium_control.street-tree_id.7.ply
[2026-04-11 19:12:37] CACHE_HIT trees precolonial.True_size.medium_control.street-tree_id.8.ply
[2026-04-11 19:12:37] IMPORT_START trees precolonial.True_size.medium_control.street-tree_id.9.ply
[2026-04-11 19:12:37] IMPORT_DONE trees precolonial.True_size.medium_control.street-tree_id.9.ply seconds 0.23
[2026-04-11 19:12:37] CACHE_HIT trees precolonial.True_size.small_control.park-tree_id.1.ply
[2026-04-11 19:12:37] CACHE_HIT trees precolonial.True_size.small_control.park-tree_id.2.ply
[2026-04-11 19:12:37] CACHE_HIT trees precolonial.True_size.small_control.park-tree_id.4.ply
[2026-04-11 19:12:37] CACHE_HIT trees precolonial.True_size.small_control.street-tree_id.1.ply
[2026-04-11 19:12:37] CACHE_HIT trees precolonial.True_size.small_control.street-tree_id.2.ply
[2026-04-11 19:12:37] CACHE_HIT trees precolonial.True_size.small_control.street-tree_id.3.ply
[2026-04-11 19:12:37] CACHE_HIT trees precolonial.True_size.small_control.street-tree_id.4.ply
[2026-04-11 19:12:37] BUILD_STATE_MODELS_DONE family= trees state= trending rows= 454 models= 43
[2026-04-11 19:12:37] BUILD_STATE_DONE family= trees state= trending point_name= trees_positions_trimmed-parade_timeline_trending points= 454
[2026-04-11 19:12:37] BUILD_INSTANCERS_FAMILY_DONE state= trending family= trees
[2026-04-11 19:12:38] BUILD_INSTANCERS_FAMILY_START state= trending family= logs rows= 0
[2026-04-11 19:12:38] Skipping logs/trending: no rows
[2026-04-11 19:12:38] BUILD_INSTANCERS_FAMILY_DONE state= trending family= logs
[2026-04-11 19:12:38] BUILD_INSTANCERS_STATE_DONE trending
[2026-04-11 19:12:38] Instancer build summary: {'scene': 'bV2_trimmed-parade_timeline', 'site': 'trimmed-parade', 'mode': 'timeline', 'year': None, 'results': [{'family': 'trees', 'state': 'positive', 'row_count': 537, 'model_count': 92, 'point_object': 'trees_positions_trimmed-parade_timeline_positive', 'models_collection': 'trees_models_trimmed-parade_timeline_positive'}, {'family': 'trees', 'state': 'positive_priority', 'row_count': 50, 'model_count': 23, 'point_object': 'trees_positions_trimmed-parade_timeline_positive_priority', 'models_collection': 'trees_models_trimmed-parade_timeline_positive_priority'}, {'family': 'trees', 'state': 'trending', 'row_count': 454, 'model_count': 43, 'point_object': 'trees_positions_trimmed-parade_timeline_trending', 'models_collection': 'trees_models_trimmed-parade_timeline_trending'}], 'positive_rows': 537, 'priority_rows': 50, 'trending_rows': 454}
[2026-04-11 19:12:38] BIOENV_BUILD_START scene= bV2_trimmed-parade_timeline site= trimmed-parade mode= timeline year= None
[2026-04-11 19:12:38] BIOENV_TIMELINE_EMPTY_BASELINE site= trimmed-parade state= positive year= 0
[2026-04-11 19:12:38] BIOENV_MISSING_SOURCE site= trimmed-parade state= positive year= 10
[2026-04-11 19:12:38] BIOENV_MISSING_SOURCE site= trimmed-parade state= positive year= 30
[2026-04-11 19:12:38] BIOENV_MISSING_SOURCE site= trimmed-parade state= positive year= 60
[2026-04-11 19:12:38] BIOENV_MISSING_SOURCE site= trimmed-parade state= positive year= 180
[2026-04-11 19:12:38] BIOENV_NO_SOURCE_GEOMETRY site= trimmed-parade state= positive mode= timeline year= None
[2026-04-11 19:12:38] BIOENV_STATE_DONE {'state': 'positive', 'object': 'bioenvelope_trimmed-parade_timeline_positive', 'vertex_count': 0, 'source_years': (), 'missing_years': (0, 10, 30, 60, 180)}
[2026-04-11 19:12:38] BIOENV_TIMELINE_EMPTY_BASELINE site= trimmed-parade state= trending year= 0
[2026-04-11 19:12:38] BIOENV_MISSING_SOURCE site= trimmed-parade state= trending year= 10
[2026-04-11 19:12:38] BIOENV_MISSING_SOURCE site= trimmed-parade state= trending year= 30
[2026-04-11 19:12:38] BIOENV_MISSING_SOURCE site= trimmed-parade state= trending year= 60
[2026-04-11 19:12:38] BIOENV_MISSING_SOURCE site= trimmed-parade state= trending year= 180
[2026-04-11 19:12:38] BIOENV_NO_SOURCE_GEOMETRY site= trimmed-parade state= trending mode= timeline year= None
[2026-04-11 19:12:38] BIOENV_STATE_DONE {'state': 'trending', 'object': 'bioenvelope_trimmed-parade_timeline_trending', 'vertex_count': 0, 'source_years': (), 'missing_years': (0, 10, 30, 60, 180)}
[2026-04-11 19:12:38] BIOENV_BUILD_DONE {'scene': 'bV2_trimmed-parade_timeline', 'site': 'trimmed-parade', 'mode': 'timeline', 'year': None, 'results': [{'state': 'positive', 'object': 'bioenvelope_trimmed-parade_timeline_positive', 'vertex_count': 0, 'source_years': (), 'missing_years': (0, 10, 30, 60, 180)}, {'state': 'trending', 'object': 'bioenvelope_trimmed-parade_timeline_trending', 'vertex_count': 0, 'source_years': (), 'missing_years': (0, 10, 30, 60, 180)}]}
[2026-04-11 19:12:38] WORLD_BUILD_START bV2_trimmed-parade_timeline trimmed-parade timeline timeline
[2026-04-11 19:12:40] WORLD_TIMELINE_SLICE trimmed-parade positive trimmed-parade_buildings_source yr0 points=368797 matched=368797
[2026-04-11 19:12:45] WORLD_TIMELINE_SLICE trimmed-parade positive trimmed-parade_buildings_source yr10 points=342091 matched=245046
[2026-04-11 19:12:50] WORLD_TIMELINE_SLICE trimmed-parade positive trimmed-parade_buildings_source yr30 points=185548 matched=135249
[2026-04-11 19:12:55] WORLD_TIMELINE_SLICE trimmed-parade positive trimmed-parade_buildings_source yr60 points=187566 matched=114092
[2026-04-11 19:12:59] WORLD_TIMELINE_SLICE trimmed-parade positive trimmed-parade_buildings_source yr180 points=178342 matched=94948
[2026-04-11 19:13:00] WORLD_OBJECT_DONE bV2_trimmed-parade_timeline buildings_trimmed-parade_timeline_positive points=1262344 matched=958132
[2026-04-11 19:13:04] WORLD_TIMELINE_SLICE trimmed-parade positive trimmed-parade_roads_source yr0 points=498148 matched=498148
[2026-04-11 19:13:07] WORLD_TIMELINE_SLICE trimmed-parade positive trimmed-parade_roads_source yr10 points=477372 matched=477365
[2026-04-11 19:13:11] WORLD_TIMELINE_SLICE trimmed-parade positive trimmed-parade_roads_source yr30 points=477076 matched=476891
[2026-04-11 19:13:16] WORLD_TIMELINE_SLICE trimmed-parade positive trimmed-parade_roads_source yr60 points=475516 matched=475508
[2026-04-11 19:13:21] WORLD_TIMELINE_SLICE trimmed-parade positive trimmed-parade_roads_source yr180 points=474725 matched=472472
[2026-04-11 19:13:22] WORLD_OBJECT_DONE bV2_trimmed-parade_timeline roads_trimmed-parade_timeline_positive points=2402837 matched=2400384
[2026-04-11 19:13:25] WORLD_TIMELINE_SLICE trimmed-parade trending trimmed-parade_buildings_source yr0 points=368797 matched=368797
[2026-04-11 19:13:29] WORLD_TIMELINE_SLICE trimmed-parade trending trimmed-parade_buildings_source yr10 points=342091 matched=245046
[2026-04-11 19:13:33] WORLD_TIMELINE_SLICE trimmed-parade trending trimmed-parade_buildings_source yr30 points=185548 matched=127128
[2026-04-11 19:13:37] WORLD_TIMELINE_SLICE trimmed-parade trending trimmed-parade_buildings_source yr60 points=187566 matched=102725
[2026-04-11 19:13:40] WORLD_TIMELINE_SLICE trimmed-parade trending trimmed-parade_buildings_source yr180 points=178342 matched=93465
[2026-04-11 19:13:41] WORLD_OBJECT_DONE bV2_trimmed-parade_timeline buildings_trimmed-parade_timeline_trending points=1262344 matched=937161
[2026-04-11 19:13:44] WORLD_TIMELINE_SLICE trimmed-parade trending trimmed-parade_roads_source yr0 points=498148 matched=498148
[2026-04-11 19:13:47] WORLD_TIMELINE_SLICE trimmed-parade trending trimmed-parade_roads_source yr10 points=477372 matched=477365
[2026-04-11 19:13:50] WORLD_TIMELINE_SLICE trimmed-parade trending trimmed-parade_roads_source yr30 points=477076 matched=476884
[2026-04-11 19:13:53] WORLD_TIMELINE_SLICE trimmed-parade trending trimmed-parade_roads_source yr60 points=475516 matched=475507
[2026-04-11 19:13:57] WORLD_TIMELINE_SLICE trimmed-parade trending trimmed-parade_roads_source yr180 points=474725 matched=472414
[2026-04-11 19:13:58] WORLD_OBJECT_DONE bV2_trimmed-parade_timeline roads_trimmed-parade_timeline_trending points=2402837 matched=2400318
[2026-04-11 19:13:58] WORLD_BUILD_DONE bV2_trimmed-parade_timeline {'positive': ['buildings_trimmed-parade_timeline_positive', 'roads_trimmed-parade_timeline_positive'], 'trending': ['buildings_trimmed-parade_timeline_trending', 'roads_trimmed-parade_timeline_trending']}
[2026-04-11 19:13:58] VALIDATE_SCENE {'scene': 'bV2_trimmed-parade_timeline', 'site': 'trimmed-parade', 'mode': 'timeline', 'year': None, 'errors': [], 'warnings': ["Bioenvelope 'bioenvelope_trimmed-parade_timeline_positive' is empty", "Bioenvelope 'bioenvelope_trimmed-parade_timeline_trending' is empty"], 'ok': True}
[2026-04-11 19:14:02] BUILD_SCENE_BLEND_SAVED D:\2026 Arboreal Futures\urban-futures\_data-refactored\blenderv2\blends\4.9\parade_timeline__full_pipeline.blend
[2026-04-11 19:14:02] MIST_APPLIED profile=timeline_shared camera=parade - camera - time slice - zoom use_mist=True start=560.0 depth=320.0 falloff=QUADRATIC
[2026-04-11 19:14:02] CYCLES_GPU_ENABLED backend=CUDA devices=('NVIDIA A40-24Q|OPTIX', 'NVIDIA L40-24Q|CUDA', 'NVIDIA L40-24Q|OPTIX')
[2026-04-11 19:14:02] RENDER_SETUP_DONE {'scene': 'bV2_trimmed-parade_timeline', 'output_root': 'D:\\2026 Arboreal Futures\\urban-futures\\_data-refactored\\blenderv2\\output\\4.9\\parade_timeline', 'resolution': (7680, 4320, 100), 'samples': 64, 'tag': '8k64s'}
[2026-04-11 19:14:05] CYCLES_GPU_ENABLED backend=CUDA devices=('NVIDIA A40-24Q|OPTIX', 'NVIDIA L40-24Q|CUDA', 'NVIDIA L40-24Q|OPTIX')
[2026-04-11 19:14:45] RENDER_EXR_DONE existing_condition_positive D:\2026 Arboreal Futures\urban-futures\_data-refactored\blenderv2\output\4.9\parade_timeline\parade_timeline__existing_condition_positive__8k64s.exr
[2026-04-11 19:14:45] CYCLES_GPU_ENABLED backend=CUDA devices=('NVIDIA A40-24Q|OPTIX', 'NVIDIA L40-24Q|CUDA', 'NVIDIA L40-24Q|OPTIX')
[2026-04-11 19:15:22] RENDER_EXR_DONE existing_condition_trending D:\2026 Arboreal Futures\urban-futures\_data-refactored\blenderv2\output\4.9\parade_timeline\parade_timeline__existing_condition_trending__8k64s.exr
[2026-04-11 19:15:22] CYCLES_GPU_ENABLED backend=CUDA devices=('NVIDIA A40-24Q|OPTIX', 'NVIDIA L40-24Q|CUDA', 'NVIDIA L40-24Q|OPTIX')
[2026-04-11 19:16:57] RENDER_EXR_DONE positive_state D:\2026 Arboreal Futures\urban-futures\_data-refactored\blenderv2\output\4.9\parade_timeline\parade_timeline__positive_state__8k64s.exr
[2026-04-11 19:16:57] CYCLES_GPU_ENABLED backend=CUDA devices=('NVIDIA A40-24Q|OPTIX', 'NVIDIA L40-24Q|CUDA', 'NVIDIA L40-24Q|OPTIX')
[2026-04-11 19:17:46] RENDER_EXR_DONE positive_priority_state D:\2026 Arboreal Futures\urban-futures\_data-refactored\blenderv2\output\4.9\parade_timeline\parade_timeline__positive_priority_state__8k64s.exr
[2026-04-11 19:17:46] CYCLES_GPU_ENABLED backend=CUDA devices=('NVIDIA A40-24Q|OPTIX', 'NVIDIA L40-24Q|CUDA', 'NVIDIA L40-24Q|OPTIX')
[2026-04-11 19:18:51] RENDER_EXR_DONE trending_state D:\2026 Arboreal Futures\urban-futures\_data-refactored\blenderv2\output\4.9\parade_timeline\parade_timeline__trending_state__8k64s.exr
[2026-04-11 19:18:51] CYCLES_GPU_ENABLED backend=CUDA devices=('NVIDIA A40-24Q|OPTIX', 'NVIDIA L40-24Q|CUDA', 'NVIDIA L40-24Q|OPTIX')
[2026-04-11 19:19:30] RENDER_EXR_DONE bioenvelope_positive D:\2026 Arboreal Futures\urban-futures\_data-refactored\blenderv2\output\4.9\parade_timeline\parade_timeline__bioenvelope_positive__8k64s.exr
[2026-04-11 19:19:30] CYCLES_GPU_ENABLED backend=CUDA devices=('NVIDIA A40-24Q|OPTIX', 'NVIDIA L40-24Q|CUDA', 'NVIDIA L40-24Q|OPTIX')
[2026-04-11 19:20:09] RENDER_EXR_DONE bioenvelope_trending D:\2026 Arboreal Futures\urban-futures\_data-refactored\blenderv2\output\4.9\parade_timeline\parade_timeline__bioenvelope_trending__8k64s.exr
[2026-04-11 19:20:09] MEDIAFLUX_UPLOAD_START D:\2026 Arboreal Futures\urban-futures\_data-refactored\blenderv2\output\4.9\parade_timeline -> pipeline\4.9\blender_exrs\parade_timeline
[2026-04-11 19:20:24] MEDIAFLUX_UPLOAD_DONE D:\2026 Arboreal Futures\urban-futures\_data-refactored\blenderv2\output\4.9\parade_timeline -> pipeline\4.9\blender_exrs\parade_timeline
[2026-04-11 19:20:24] BUILD_SCENE_DONE {'scene': 'bV2_trimmed-parade_timeline', 'site': 'trimmed-parade', 'mode': 'timeline', 'year': None, 'blend_output_path': 'D:\\2026 Arboreal Futures\\urban-futures\\_data-refactored\\blenderv2\\blends\\4.9\\parade_timeline__full_pipeline.blend', 'render_output_root': 'D:\\2026 Arboreal Futures\\urban-futures\\_data-refactored\\blenderv2\\output\\4.9\\parade_timeline', 'remote_subpath': 'pipeline\\4.9\\blender_exrs\\parade_timeline', 'instancers': {'scene': 'bV2_trimmed-parade_timeline', 'site': 'trimmed-parade', 'mode': 'timeline', 'year': None, 'results': [{'family': 'trees', 'state': 'positive', 'row_count': 537, 'model_count': 92, 'point_object': 'trees_positions_trimmed-parade_timeline_positive', 'models_collection': 'trees_models_trimmed-parade_timeline_positive'}, {'family': 'trees', 'state': 'positive_priority', 'row_count': 50, 'model_count': 23, 'point_object': 'trees_positions_trimmed-parade_timeline_positive_priority', 'models_collection': 'trees_models_trimmed-parade_timeline_positive_priority'}, {'family': 'trees', 'state': 'trending', 'row_count': 454, 'model_count': 43, 'point_object': 'trees_positions_trimmed-parade_timeline_trending', 'models_collection': 'trees_models_trimmed-parade_timeline_trending'}], 'positive_rows': 537, 'priority_rows': 50, 'trending_rows': 454}, 'bioenvelopes': {'scene': 'bV2_trimmed-parade_timeline', 'site': 'trimmed-parade', 'mode': 'timeline', 'year': None, 'results': [{'state': 'positive', 'object': 'bioenvelope_trimmed-parade_timeline_positive', 'vertex_count': 0, 'source_years': (), 'missing_years': (0, 10, 30, 60, 180)}, {'state': 'trending', 'object': 'bioenvelope_trimmed-parade_timeline_trending', 'vertex_count': 0, 'source_years': (), 'missing_years': (0, 10, 30, 60, 180)}]}, 'world': {'positive': ['buildings_trimmed-parade_timeline_positive', 'roads_trimmed-parade_timeline_positive'], 'trending': ['buildings_trimmed-parade_timeline_trending', 'roads_trimmed-parade_timeline_trending']}, 'validation': {'scene': 'bV2_trimmed-parade_timeline', 'site': 'trimmed-parade', 'mode': 'timeline', 'year': None, 'errors': [], 'warnings': ["Bioenvelope 'bioenvelope_trimmed-parade_timeline_positive' is empty", "Bioenvelope 'bioenvelope_trimmed-parade_timeline_trending' is empty"], 'ok': True}, 'render': {'scene': 'bV2_trimmed-parade_timeline', 'output_root': 'D:\\2026 Arboreal Futures\\urban-futures\\_data-refactored\\blenderv2\\output\\4.9\\parade_timeline', 'resolution': (7680, 4320, 100), 'samples': 64, 'tag': '8k64s'}, 'rendered_paths': ['D:\\2026 Arboreal Futures\\urban-futures\\_data-refactored\\blenderv2\\output\\4.9\\parade_timeline\\parade_timeline__existing_condition_positive__8k64s.exr', 'D:\\2026 Arboreal Futures\\urban-futures\\_data-refactored\\blenderv2\\output\\4.9\\parade_timeline\\parade_timeline__existing_condition_trending__8k64s.exr', 'D:\\2026 Arboreal Futures\\urban-futures\\_data-refactored\\blenderv2\\output\\4.9\\parade_timeline\\parade_timeline__positive_state__8k64s.exr', 'D:\\2026 Arboreal Futures\\urban-futures\\_data-refactored\\blenderv2\\output\\4.9\\parade_timeline\\parade_timeline__positive_priority_state__8k64s.exr', 'D:\\2026 Arboreal Futures\\urban-futures\\_data-refactored\\blenderv2\\output\\4.9\\parade_timeline\\parade_timeline__trending_state__8k64s.exr', 'D:\\2026 Arboreal Futures\\urban-futures\\_data-refactored\\blenderv2\\output\\4.9\\parade_timeline\\parade_timeline__bioenvelope_positive__8k64s.exr', 'D:\\2026 Arboreal Futures\\urban-futures\\_data-refactored\\blenderv2\\output\\4.9\\parade_timeline\\parade_timeline__bioenvelope_trending__8k64s.exr']}
