[2026-04-11 20:22:03] BUILD_SCENE_START site= trimmed-parade mode= timeline year= None render_exrs= True
[2026-04-11 20:22:05] INIT_SCENE scene_name= bV2_trimmed-parade_timeline site= trimmed-parade mode= timeline year= None camera= None
[2026-04-11 20:22:05] INIT_USE_TEMPLATE_SCENE_START bV2_template -> bV2_trimmed-parade_timeline
[2026-04-11 20:22:05] INIT_USE_TEMPLATE_SCENE_DONE active_scene= bV2_trimmed-parade_timeline
[2026-04-11 20:22:05] INIT_TOP_LEVEL_COLLECTIONS_START cameras,world,instancers,bioenvelopes,build
[2026-04-11 20:22:05] INIT_TOP_LEVEL_COLLECTIONS_DONE count= 5 names= bioenvelopes,build,cameras,instancers,world
[2026-04-11 20:22:05] INIT_SECOND_LEVEL_COLLECTIONS_START
[2026-04-11 20:22:05] INIT_SECOND_LEVEL_COLLECTIONS_DONE count= 9 names= bioenvelope_positive,bioenvelope_trending,helpers,positive_instances,positive_priority_instances,trending_instances,world_positive_attributes,world_sources,world_trending_attributes
[2026-04-11 20:22:05] INIT_POPULATE_SITE_SOURCES_START site= trimmed-parade mode= timeline camera= parade - camera - time slice - zoom
[2026-04-11 20:22:05] INIT_POPULATE_SITE_SOURCES_DONE world= trimmed-parade_buildings_source.001,trimmed-parade_roads_source.001 cameras= parade - camera - time slice - zoom.001
[2026-04-11 20:22:05] INIT_VIEW_LAYERS_START
[2026-04-11 20:22:05] INIT_VIEW_LAYERS_DONE names= existing_condition_positive,existing_condition_trending,positive_state,positive_priority_state,trending_state,bioenvelope_positive,bioenvelope_trending
[2026-04-11 20:22:05] INIT_AOV_RESET_START layer_count= 7 aov_count= 27
[2026-04-11 20:22:05] INIT_AOV_RESET_LAYER_START existing_condition_positive
[2026-04-11 20:22:05] INIT_AOV_RESET_LAYER_DONE existing_condition_positive count= 27
[2026-04-11 20:22:05] INIT_AOV_RESET_LAYER_START existing_condition_trending
[2026-04-11 20:22:05] INIT_AOV_RESET_LAYER_DONE existing_condition_trending count= 27
[2026-04-11 20:22:05] INIT_AOV_RESET_LAYER_START positive_state
[2026-04-11 20:22:05] INIT_AOV_RESET_LAYER_DONE positive_state count= 27
[2026-04-11 20:22:05] INIT_AOV_RESET_LAYER_START positive_priority_state
[2026-04-11 20:22:05] INIT_AOV_RESET_LAYER_DONE positive_priority_state count= 27
[2026-04-11 20:22:05] INIT_AOV_RESET_LAYER_START trending_state
[2026-04-11 20:22:05] INIT_AOV_RESET_LAYER_DONE trending_state count= 27
[2026-04-11 20:22:05] INIT_AOV_RESET_LAYER_START bioenvelope_positive
[2026-04-11 20:22:05] INIT_AOV_RESET_LAYER_DONE bioenvelope_positive count= 27
[2026-04-11 20:22:05] INIT_AOV_RESET_LAYER_START bioenvelope_trending
[2026-04-11 20:22:05] INIT_AOV_RESET_LAYER_DONE bioenvelope_trending count= 27
[2026-04-11 20:22:05] INIT_NEUTRAL_SCENE_STATE_START
[2026-04-11 20:22:05] INIT_NEUTRAL_SCENE_STATE_DONE
[2026-04-11 20:22:05] INIT_REMOVE_TEMPLATE_COLLECTIONS_START world_sources,camera_sources
[2026-04-11 20:22:05] INIT_REMOVE_TEMPLATE_COLLECTIONS_DONE
[2026-04-11 20:22:05] INIT_NORMALIZE_NAMES_START
[2026-04-11 20:22:05] INIT_NORMALIZE_NAMES_DONE
[2026-04-11 20:22:05] INIT_NORMALIZE_VISIBILITY_START
[2026-04-11 20:22:05] INIT_NORMALIZE_VISIBILITY_DONE
[2026-04-11 20:22:05] INIT_WRITE_METADATA_START
[2026-04-11 20:22:05] INIT_WRITE_METADATA_DONE
[2026-04-11 20:22:05] INIT_ASSIGN_CAMERA_START parade - camera - time slice - zoom
[2026-04-11 20:22:05] INIT_ASSIGN_CAMERA_DONE scene_camera= parade - camera - time slice - zoom
[2026-04-11 20:22:05] INIT_UI_WORKSPACE_STEPS_SKIPPED
[2026-04-11 20:22:05] INIT_APPLY_VIEW_LAYER_SEMANTICS_START
[2026-04-11 20:22:05] INIT_APPLY_VIEW_LAYER_SEMANTICS_DONE
[2026-04-11 20:22:05] INIT_SCENE_DONE bV2_trimmed-parade_timeline
[2026-04-11 20:22:05] Building bV2 instancers for scene=bV2_trimmed-parade_timeline, site=trimmed-parade, mode=timeline, year=None
[2026-04-11 20:22:05] BUILD_INSTANCERS_LOAD_POSITIVE_START
[2026-04-11 20:22:05] LOAD_SCENARIO_START site= trimmed-parade scenario= positive mode= timeline years= (0, 10, 30, 60, 180)
[2026-04-11 20:22:05] LOAD_SCENARIO_YEAR_START positive 0 D:\2026 Arboreal Futures\urban-futures\_data-refactored\model-outputs\generated-states\4.9\output\feature-locations\trimmed-parade\trimmed-parade_positive_1_nodeDF_yr0.csv
[2026-04-11 20:22:05] LOAD_SCENARIO_YEAR_DONE positive 0 rows= 75
[2026-04-11 20:22:05] LOAD_SCENARIO_YEAR_START positive 10 D:\2026 Arboreal Futures\urban-futures\_data-refactored\model-outputs\generated-states\4.9\output\feature-locations\trimmed-parade\trimmed-parade_positive_1_nodeDF_yr10.csv
[2026-04-11 20:22:05] LOAD_SCENARIO_YEAR_DONE positive 10 rows= 99
[2026-04-11 20:22:05] LOAD_SCENARIO_YEAR_START positive 30 D:\2026 Arboreal Futures\urban-futures\_data-refactored\model-outputs\generated-states\4.9\output\feature-locations\trimmed-parade\trimmed-parade_positive_1_nodeDF_yr30.csv
[2026-04-11 20:22:05] LOAD_SCENARIO_YEAR_DONE positive 30 rows= 95
[2026-04-11 20:22:05] LOAD_SCENARIO_YEAR_START positive 60 D:\2026 Arboreal Futures\urban-futures\_data-refactored\model-outputs\generated-states\4.9\output\feature-locations\trimmed-parade\trimmed-parade_positive_1_nodeDF_yr60.csv
[2026-04-11 20:22:05] LOAD_SCENARIO_YEAR_DONE positive 60 rows= 119
[2026-04-11 20:22:05] LOAD_SCENARIO_YEAR_START positive 180 D:\2026 Arboreal Futures\urban-futures\_data-refactored\model-outputs\generated-states\4.9\output\feature-locations\trimmed-parade\trimmed-parade_positive_1_nodeDF_yr180.csv
[2026-04-11 20:22:05] LOAD_SCENARIO_YEAR_DONE positive 180 rows= 149
[2026-04-11 20:22:05] LOAD_SCENARIO_DONE positive rows= 537
[2026-04-11 20:22:05] BUILD_INSTANCERS_LOAD_POSITIVE_DONE rows= 537
[2026-04-11 20:22:05] BUILD_INSTANCERS_LOAD_TRENDING_START
[2026-04-11 20:22:05] LOAD_SCENARIO_START site= trimmed-parade scenario= trending mode= timeline years= (0, 10, 30, 60, 180)
[2026-04-11 20:22:05] LOAD_SCENARIO_YEAR_START trending 0 D:\2026 Arboreal Futures\urban-futures\_data-refactored\model-outputs\generated-states\4.9\output\feature-locations\trimmed-parade\trimmed-parade_trending_1_nodeDF_yr0.csv
[2026-04-11 20:22:05] LOAD_SCENARIO_YEAR_DONE trending 0 rows= 75
[2026-04-11 20:22:05] LOAD_SCENARIO_YEAR_START trending 10 D:\2026 Arboreal Futures\urban-futures\_data-refactored\model-outputs\generated-states\4.9\output\feature-locations\trimmed-parade\trimmed-parade_trending_1_nodeDF_yr10.csv
[2026-04-11 20:22:05] LOAD_SCENARIO_YEAR_DONE trending 10 rows= 97
[2026-04-11 20:22:05] LOAD_SCENARIO_YEAR_START trending 30 D:\2026 Arboreal Futures\urban-futures\_data-refactored\model-outputs\generated-states\4.9\output\feature-locations\trimmed-parade\trimmed-parade_trending_1_nodeDF_yr30.csv
[2026-04-11 20:22:05] LOAD_SCENARIO_YEAR_DONE trending 30 rows= 72
[2026-04-11 20:22:05] LOAD_SCENARIO_YEAR_START trending 60 D:\2026 Arboreal Futures\urban-futures\_data-refactored\model-outputs\generated-states\4.9\output\feature-locations\trimmed-parade\trimmed-parade_trending_1_nodeDF_yr60.csv
[2026-04-11 20:22:05] LOAD_SCENARIO_YEAR_DONE trending 60 rows= 100
[2026-04-11 20:22:05] LOAD_SCENARIO_YEAR_START trending 180 D:\2026 Arboreal Futures\urban-futures\_data-refactored\model-outputs\generated-states\4.9\output\feature-locations\trimmed-parade\trimmed-parade_trending_1_nodeDF_yr180.csv
[2026-04-11 20:22:05] LOAD_SCENARIO_YEAR_DONE trending 180 rows= 110
[2026-04-11 20:22:05] LOAD_SCENARIO_DONE trending rows= 454
[2026-04-11 20:22:05] BUILD_INSTANCERS_LOAD_TRENDING_DONE rows= 454
[2026-04-11 20:22:05] BUILD_INSTANCERS_DERIVE_PRIORITY_START
[2026-04-11 20:22:05] BUILD_INSTANCERS_DERIVE_PRIORITY_DONE rows= 50
[2026-04-11 20:22:05] BUILD_INSTANCERS_STATE_START positive families= logs,trees
[2026-04-11 20:22:05] BUILD_INSTANCERS_FAMILY_START state= positive family= trees rows= 537
[2026-04-11 20:22:05] BUILD_STATE_START family= trees state= positive rows= 537
[2026-04-11 20:22:06] IMPORT_START trees precolonial.False_size.fallen_control.improved-tree_id.10.ply
[2026-04-11 20:22:06] IMPORT_DONE trees precolonial.False_size.fallen_control.improved-tree_id.10.ply seconds 0.04
[2026-04-11 20:22:06] IMPORT_START trees precolonial.False_size.fallen_control.improved-tree_id.14.ply
[2026-04-11 20:22:06] IMPORT_DONE trees precolonial.False_size.fallen_control.improved-tree_id.14.ply seconds 0.02
[2026-04-11 20:22:06] IMPORT_START trees precolonial.False_size.large_control.park-tree_id.10.ply
[2026-04-11 20:22:07] IMPORT_DONE trees precolonial.False_size.large_control.park-tree_id.10.ply seconds 1.56
[2026-04-11 20:22:07] IMPORT_START trees precolonial.False_size.large_control.park-tree_id.11.ply
[2026-04-11 20:22:09] IMPORT_DONE trees precolonial.False_size.large_control.park-tree_id.11.ply seconds 1.72
[2026-04-11 20:22:09] IMPORT_START trees precolonial.False_size.large_control.park-tree_id.13.ply
[2026-04-11 20:22:10] IMPORT_DONE trees precolonial.False_size.large_control.park-tree_id.13.ply seconds 1.19
[2026-04-11 20:22:10] IMPORT_START trees precolonial.False_size.large_control.park-tree_id.14.ply
[2026-04-11 20:22:11] IMPORT_DONE trees precolonial.False_size.large_control.park-tree_id.14.ply seconds 1.02
[2026-04-11 20:22:11] IMPORT_START trees precolonial.False_size.large_control.park-tree_id.7.ply
[2026-04-11 20:22:13] IMPORT_DONE trees precolonial.False_size.large_control.park-tree_id.7.ply seconds 2.19
[2026-04-11 20:22:13] IMPORT_START trees precolonial.False_size.large_control.park-tree_id.9.ply
[2026-04-11 20:22:15] IMPORT_DONE trees precolonial.False_size.large_control.park-tree_id.9.ply seconds 1.49
[2026-04-11 20:22:15] IMPORT_START trees precolonial.False_size.large_control.reserve-tree_id.10.ply
[2026-04-11 20:22:16] IMPORT_DONE trees precolonial.False_size.large_control.reserve-tree_id.10.ply seconds 1.36
[2026-04-11 20:22:16] IMPORT_START trees precolonial.False_size.large_control.reserve-tree_id.11.ply
[2026-04-11 20:22:18] IMPORT_DONE trees precolonial.False_size.large_control.reserve-tree_id.11.ply seconds 1.85
[2026-04-11 20:22:18] IMPORT_START trees precolonial.False_size.large_control.reserve-tree_id.12.ply
[2026-04-11 20:22:20] IMPORT_DONE trees precolonial.False_size.large_control.reserve-tree_id.12.ply seconds 1.49
[2026-04-11 20:22:20] IMPORT_START trees precolonial.False_size.large_control.reserve-tree_id.13.ply
[2026-04-11 20:22:21] IMPORT_DONE trees precolonial.False_size.large_control.reserve-tree_id.13.ply seconds 1.22
[2026-04-11 20:22:21] IMPORT_START trees precolonial.False_size.large_control.reserve-tree_id.14.ply
[2026-04-11 20:22:22] IMPORT_DONE trees precolonial.False_size.large_control.reserve-tree_id.14.ply seconds 1.44
[2026-04-11 20:22:22] IMPORT_START trees precolonial.False_size.large_control.reserve-tree_id.7.ply
[2026-04-11 20:22:25] IMPORT_DONE trees precolonial.False_size.large_control.reserve-tree_id.7.ply seconds 2.29
[2026-04-11 20:22:25] IMPORT_START trees precolonial.False_size.large_control.reserve-tree_id.8.ply
[2026-04-11 20:22:27] IMPORT_DONE trees precolonial.False_size.large_control.reserve-tree_id.8.ply seconds 2.26
[2026-04-11 20:22:27] IMPORT_START trees precolonial.False_size.large_control.reserve-tree_id.9.ply
[2026-04-11 20:22:29] IMPORT_DONE trees precolonial.False_size.large_control.reserve-tree_id.9.ply seconds 2.14
[2026-04-11 20:22:29] IMPORT_START trees precolonial.False_size.large_control.street-tree_id.10.ply
[2026-04-11 20:22:30] IMPORT_DONE trees precolonial.False_size.large_control.street-tree_id.10.ply seconds 1.44
[2026-04-11 20:22:30] IMPORT_START trees precolonial.False_size.large_control.street-tree_id.11.ply
[2026-04-11 20:22:32] IMPORT_DONE trees precolonial.False_size.large_control.street-tree_id.11.ply seconds 1.86
[2026-04-11 20:22:32] IMPORT_START trees precolonial.False_size.large_control.street-tree_id.12.ply
[2026-04-11 20:22:34] IMPORT_DONE trees precolonial.False_size.large_control.street-tree_id.12.ply seconds 1.54
[2026-04-11 20:22:34] IMPORT_START trees precolonial.False_size.large_control.street-tree_id.13.ply
[2026-04-11 20:22:35] IMPORT_DONE trees precolonial.False_size.large_control.street-tree_id.13.ply seconds 1.36
[2026-04-11 20:22:35] IMPORT_START trees precolonial.False_size.large_control.street-tree_id.14.ply
[2026-04-11 20:22:36] IMPORT_DONE trees precolonial.False_size.large_control.street-tree_id.14.ply seconds 1.24
[2026-04-11 20:22:36] IMPORT_START trees precolonial.False_size.large_control.street-tree_id.7.ply
[2026-04-11 20:22:39] IMPORT_DONE trees precolonial.False_size.large_control.street-tree_id.7.ply seconds 2.41
[2026-04-11 20:22:39] IMPORT_START trees precolonial.False_size.large_control.street-tree_id.9.ply
[2026-04-11 20:22:41] IMPORT_DONE trees precolonial.False_size.large_control.street-tree_id.9.ply seconds 1.82
[2026-04-11 20:22:41] IMPORT_START trees precolonial.False_size.medium_control.park-tree_id.1.ply
[2026-04-11 20:22:41] IMPORT_DONE trees precolonial.False_size.medium_control.park-tree_id.1.ply seconds 0.63
[2026-04-11 20:22:41] IMPORT_START trees precolonial.False_size.medium_control.park-tree_id.2.ply
[2026-04-11 20:22:42] IMPORT_DONE trees precolonial.False_size.medium_control.park-tree_id.2.ply seconds 1.14
[2026-04-11 20:22:42] IMPORT_START trees precolonial.False_size.medium_control.park-tree_id.3.ply
[2026-04-11 20:22:43] IMPORT_DONE trees precolonial.False_size.medium_control.park-tree_id.3.ply seconds 0.84
[2026-04-11 20:22:43] IMPORT_START trees precolonial.False_size.medium_control.reserve-tree_id.1.ply
[2026-04-11 20:22:44] IMPORT_DONE trees precolonial.False_size.medium_control.reserve-tree_id.1.ply seconds 0.85
[2026-04-11 20:22:44] IMPORT_START trees precolonial.False_size.medium_control.street-tree_id.1.ply
[2026-04-11 20:22:45] IMPORT_DONE trees precolonial.False_size.medium_control.street-tree_id.1.ply seconds 0.79
[2026-04-11 20:22:45] IMPORT_START trees precolonial.False_size.medium_control.street-tree_id.2.ply
[2026-04-11 20:22:46] IMPORT_DONE trees precolonial.False_size.medium_control.street-tree_id.2.ply seconds 0.95
[2026-04-11 20:22:46] IMPORT_START trees precolonial.False_size.medium_control.street-tree_id.3.ply
[2026-04-11 20:22:47] IMPORT_DONE trees precolonial.False_size.medium_control.street-tree_id.3.ply seconds 0.74
[2026-04-11 20:22:47] IMPORT_START trees precolonial.False_size.senescing_control.improved-tree_id.1.ply
[2026-04-11 20:22:47] IMPORT_DONE trees precolonial.False_size.senescing_control.improved-tree_id.1.ply seconds 0.53
[2026-04-11 20:22:47] IMPORT_START trees precolonial.False_size.senescing_control.improved-tree_id.10.ply
[2026-04-11 20:22:49] IMPORT_DONE trees precolonial.False_size.senescing_control.improved-tree_id.10.ply seconds 1.79
[2026-04-11 20:22:49] IMPORT_START trees precolonial.False_size.senescing_control.improved-tree_id.12.ply
[2026-04-11 20:22:50] IMPORT_DONE trees precolonial.False_size.senescing_control.improved-tree_id.12.ply seconds 0.88
[2026-04-11 20:22:50] IMPORT_START trees precolonial.False_size.senescing_control.improved-tree_id.13.ply
[2026-04-11 20:22:51] IMPORT_DONE trees precolonial.False_size.senescing_control.improved-tree_id.13.ply seconds 1.06
[2026-04-11 20:22:51] IMPORT_START trees precolonial.False_size.senescing_control.improved-tree_id.14.ply
[2026-04-11 20:22:52] IMPORT_DONE trees precolonial.False_size.senescing_control.improved-tree_id.14.ply seconds 0.97
[2026-04-11 20:22:52] IMPORT_START trees precolonial.False_size.senescing_control.improved-tree_id.2.ply
[2026-04-11 20:22:52] IMPORT_DONE trees precolonial.False_size.senescing_control.improved-tree_id.2.ply seconds 0.57
[2026-04-11 20:22:52] IMPORT_START trees precolonial.False_size.senescing_control.improved-tree_id.3.ply
[2026-04-11 20:22:53] IMPORT_DONE trees precolonial.False_size.senescing_control.improved-tree_id.3.ply seconds 0.47
[2026-04-11 20:22:53] IMPORT_START trees precolonial.False_size.senescing_control.improved-tree_id.7.ply
[2026-04-11 20:22:54] IMPORT_DONE trees precolonial.False_size.senescing_control.improved-tree_id.7.ply seconds 1.38
[2026-04-11 20:22:54] IMPORT_START trees precolonial.False_size.senescing_control.improved-tree_id.9.ply
[2026-04-11 20:22:55] IMPORT_DONE trees precolonial.False_size.senescing_control.improved-tree_id.9.ply seconds 1.15
[2026-04-11 20:22:55] CACHE_HIT trees precolonial.False_size.senescing_control.improved-tree_id.9.ply
[2026-04-11 20:22:56] IMPORT_START trees precolonial.False_size.small_control.park-tree_id.4.ply
[2026-04-11 20:22:56] IMPORT_DONE trees precolonial.False_size.small_control.park-tree_id.4.ply seconds 0.06
[2026-04-11 20:22:56] IMPORT_START trees precolonial.False_size.small_control.park-tree_id.5.ply
[2026-04-11 20:22:56] IMPORT_DONE trees precolonial.False_size.small_control.park-tree_id.5.ply seconds 0.07
[2026-04-11 20:22:56] IMPORT_START trees precolonial.False_size.small_control.park-tree_id.6.ply
[2026-04-11 20:22:56] IMPORT_DONE trees precolonial.False_size.small_control.park-tree_id.6.ply seconds 0.19
[2026-04-11 20:22:56] IMPORT_START trees precolonial.False_size.small_control.street-tree_id.4.ply
[2026-04-11 20:22:56] IMPORT_DONE trees precolonial.False_size.small_control.street-tree_id.4.ply seconds 0.06
[2026-04-11 20:22:56] IMPORT_START trees precolonial.False_size.small_control.street-tree_id.5.ply
[2026-04-11 20:22:56] IMPORT_DONE trees precolonial.False_size.small_control.street-tree_id.5.ply seconds 0.09
[2026-04-11 20:22:56] IMPORT_START trees precolonial.False_size.snag_control.improved-tree_id.10.ply
[2026-04-11 20:22:56] IMPORT_DONE trees precolonial.False_size.snag_control.improved-tree_id.10.ply seconds 0.06
[2026-04-11 20:22:56] IMPORT_START trees precolonial.False_size.snag_control.improved-tree_id.11.ply
[2026-04-11 20:22:56] IMPORT_DONE trees precolonial.False_size.snag_control.improved-tree_id.11.ply seconds 0.06
[2026-04-11 20:22:56] IMPORT_START trees precolonial.False_size.snag_control.improved-tree_id.13.ply
[2026-04-11 20:22:56] IMPORT_DONE trees precolonial.False_size.snag_control.improved-tree_id.13.ply seconds 0.04
[2026-04-11 20:22:56] IMPORT_START trees precolonial.False_size.snag_control.improved-tree_id.7.ply
[2026-04-11 20:22:56] IMPORT_DONE trees precolonial.False_size.snag_control.improved-tree_id.7.ply seconds 0.11
[2026-04-11 20:22:56] IMPORT_START trees precolonial.False_size.snag_control.improved-tree_id.9.ply
[2026-04-11 20:22:56] IMPORT_DONE trees precolonial.False_size.snag_control.improved-tree_id.9.ply seconds 0.07
[2026-04-11 20:22:56] IMPORT_START trees precolonial.True_size.fallen_control.improved-tree_id.12.ply
[2026-04-11 20:22:56] IMPORT_DONE trees precolonial.True_size.fallen_control.improved-tree_id.12.ply seconds 0.02
[2026-04-11 20:22:56] IMPORT_START trees precolonial.True_size.fallen_control.improved-tree_id.14.ply
[2026-04-11 20:22:56] IMPORT_DONE trees precolonial.True_size.fallen_control.improved-tree_id.14.ply seconds 0.02
[2026-04-11 20:22:56] IMPORT_START trees precolonial.True_size.fallen_control.improved-tree_id.15.ply
[2026-04-11 20:22:56] IMPORT_DONE trees precolonial.True_size.fallen_control.improved-tree_id.15.ply seconds 0.04
[2026-04-11 20:22:56] IMPORT_START trees precolonial.True_size.large_control.park-tree_id.13.ply
[2026-04-11 20:22:57] IMPORT_DONE trees precolonial.True_size.large_control.park-tree_id.13.ply seconds 0.19
[2026-04-11 20:22:57] IMPORT_START trees precolonial.True_size.large_control.park-tree_id.15.ply
[2026-04-11 20:22:57] IMPORT_DONE trees precolonial.True_size.large_control.park-tree_id.15.ply seconds 0.18
[2026-04-11 20:22:57] IMPORT_START trees precolonial.True_size.large_control.park-tree_id.16.ply
[2026-04-11 20:22:57] IMPORT_DONE trees precolonial.True_size.large_control.park-tree_id.16.ply seconds 0.22
[2026-04-11 20:22:57] IMPORT_START trees precolonial.True_size.large_control.reserve-tree_id.13.ply
[2026-04-11 20:22:57] IMPORT_DONE trees precolonial.True_size.large_control.reserve-tree_id.13.ply seconds 0.28
[2026-04-11 20:22:57] IMPORT_START trees precolonial.True_size.large_control.reserve-tree_id.14.ply
[2026-04-11 20:22:57] IMPORT_DONE trees precolonial.True_size.large_control.reserve-tree_id.14.ply seconds 0.16
[2026-04-11 20:22:58] IMPORT_START trees precolonial.True_size.large_control.reserve-tree_id.15.ply
[2026-04-11 20:22:58] IMPORT_DONE trees precolonial.True_size.large_control.reserve-tree_id.15.ply seconds 0.18
[2026-04-11 20:22:58] IMPORT_START trees precolonial.True_size.large_control.reserve-tree_id.16.ply
[2026-04-11 20:22:58] IMPORT_DONE trees precolonial.True_size.large_control.reserve-tree_id.16.ply seconds 0.14
[2026-04-11 20:22:58] IMPORT_START trees precolonial.True_size.medium_control.park-tree_id.10.ply
[2026-04-11 20:22:58] IMPORT_DONE trees precolonial.True_size.medium_control.park-tree_id.10.ply seconds 0.16
[2026-04-11 20:22:58] IMPORT_START trees precolonial.True_size.medium_control.park-tree_id.5.ply
[2026-04-11 20:22:58] IMPORT_DONE trees precolonial.True_size.medium_control.park-tree_id.5.ply seconds 0.1
[2026-04-11 20:22:58] IMPORT_START trees precolonial.True_size.medium_control.park-tree_id.6.ply
[2026-04-11 20:22:58] IMPORT_DONE trees precolonial.True_size.medium_control.park-tree_id.6.ply seconds 0.11
[2026-04-11 20:22:58] IMPORT_START trees precolonial.True_size.medium_control.park-tree_id.7.ply
[2026-04-11 20:22:58] IMPORT_DONE trees precolonial.True_size.medium_control.park-tree_id.7.ply seconds 0.08
[2026-04-11 20:22:58] IMPORT_START trees precolonial.True_size.medium_control.park-tree_id.8.ply
[2026-04-11 20:22:58] IMPORT_DONE trees precolonial.True_size.medium_control.park-tree_id.8.ply seconds 0.13
[2026-04-11 20:22:58] IMPORT_START trees precolonial.True_size.medium_control.park-tree_id.9.ply
[2026-04-11 20:22:59] IMPORT_DONE trees precolonial.True_size.medium_control.park-tree_id.9.ply seconds 0.12
[2026-04-11 20:22:59] IMPORT_START trees precolonial.True_size.medium_control.reserve-tree_id.10.ply
[2026-04-11 20:22:59] IMPORT_DONE trees precolonial.True_size.medium_control.reserve-tree_id.10.ply seconds 0.19
[2026-04-11 20:22:59] IMPORT_START trees precolonial.True_size.medium_control.reserve-tree_id.5.ply
[2026-04-11 20:22:59] IMPORT_DONE trees precolonial.True_size.medium_control.reserve-tree_id.5.ply seconds 0.07
[2026-04-11 20:22:59] IMPORT_START trees precolonial.True_size.medium_control.reserve-tree_id.6.ply
[2026-04-11 20:22:59] IMPORT_DONE trees precolonial.True_size.medium_control.reserve-tree_id.6.ply seconds 0.07
[2026-04-11 20:22:59] IMPORT_START trees precolonial.True_size.medium_control.reserve-tree_id.7.ply
[2026-04-11 20:22:59] IMPORT_DONE trees precolonial.True_size.medium_control.reserve-tree_id.7.ply seconds 0.08
[2026-04-11 20:22:59] IMPORT_START trees precolonial.True_size.medium_control.reserve-tree_id.8.ply
[2026-04-11 20:22:59] IMPORT_DONE trees precolonial.True_size.medium_control.reserve-tree_id.8.ply seconds 0.13
[2026-04-11 20:22:59] IMPORT_START trees precolonial.True_size.medium_control.reserve-tree_id.9.ply
[2026-04-11 20:22:59] IMPORT_DONE trees precolonial.True_size.medium_control.reserve-tree_id.9.ply seconds 0.13
[2026-04-11 20:22:59] IMPORT_START trees precolonial.True_size.medium_control.street-tree_id.10.ply
[2026-04-11 20:23:00] IMPORT_DONE trees precolonial.True_size.medium_control.street-tree_id.10.ply seconds 0.26
[2026-04-11 20:23:00] IMPORT_START trees precolonial.True_size.medium_control.street-tree_id.5.ply
[2026-04-11 20:23:00] IMPORT_DONE trees precolonial.True_size.medium_control.street-tree_id.5.ply seconds 0.11
[2026-04-11 20:23:00] IMPORT_START trees precolonial.True_size.medium_control.street-tree_id.6.ply
[2026-04-11 20:23:00] IMPORT_DONE trees precolonial.True_size.medium_control.street-tree_id.6.ply seconds 0.08
[2026-04-11 20:23:00] IMPORT_START trees precolonial.True_size.medium_control.street-tree_id.7.ply
[2026-04-11 20:23:00] IMPORT_DONE trees precolonial.True_size.medium_control.street-tree_id.7.ply seconds 0.09
[2026-04-11 20:23:00] IMPORT_START trees precolonial.True_size.medium_control.street-tree_id.8.ply
[2026-04-11 20:23:00] IMPORT_DONE trees precolonial.True_size.medium_control.street-tree_id.8.ply seconds 0.14
[2026-04-11 20:23:00] IMPORT_START trees precolonial.True_size.senescing_control.improved-tree_id.14.ply
[2026-04-11 20:23:00] IMPORT_DONE trees precolonial.True_size.senescing_control.improved-tree_id.14.ply seconds 0.07
[2026-04-11 20:23:00] IMPORT_START trees precolonial.True_size.senescing_control.improved-tree_id.15.ply
[2026-04-11 20:23:00] IMPORT_DONE trees precolonial.True_size.senescing_control.improved-tree_id.15.ply seconds 0.08
[2026-04-11 20:23:00] IMPORT_START trees precolonial.True_size.senescing_control.improved-tree_id.16.ply
[2026-04-11 20:23:00] IMPORT_DONE trees precolonial.True_size.senescing_control.improved-tree_id.16.ply seconds 0.08
[2026-04-11 20:23:00] IMPORT_START trees precolonial.True_size.small_control.park-tree_id.1.ply
[2026-04-11 20:23:00] IMPORT_DONE trees precolonial.True_size.small_control.park-tree_id.1.ply seconds 0.03
[2026-04-11 20:23:00] IMPORT_START trees precolonial.True_size.small_control.park-tree_id.2.ply
[2026-04-11 20:23:00] IMPORT_DONE trees precolonial.True_size.small_control.park-tree_id.2.ply seconds 0.02
[2026-04-11 20:23:00] IMPORT_START trees precolonial.True_size.small_control.park-tree_id.3.ply
[2026-04-11 20:23:00] IMPORT_DONE trees precolonial.True_size.small_control.park-tree_id.3.ply seconds 0.07
[2026-04-11 20:23:00] IMPORT_START trees precolonial.True_size.small_control.park-tree_id.4.ply
[2026-04-11 20:23:00] IMPORT_DONE trees precolonial.True_size.small_control.park-tree_id.4.ply seconds 0.05
[2026-04-11 20:23:00] IMPORT_START trees precolonial.True_size.small_control.reserve-tree_id.1.ply
[2026-04-11 20:23:00] IMPORT_DONE trees precolonial.True_size.small_control.reserve-tree_id.1.ply seconds 0.04
[2026-04-11 20:23:00] IMPORT_START trees precolonial.True_size.small_control.reserve-tree_id.2.ply
[2026-04-11 20:23:00] IMPORT_DONE trees precolonial.True_size.small_control.reserve-tree_id.2.ply seconds 0.02
[2026-04-11 20:23:00] IMPORT_START trees precolonial.True_size.small_control.reserve-tree_id.3.ply
[2026-04-11 20:23:01] IMPORT_DONE trees precolonial.True_size.small_control.reserve-tree_id.3.ply seconds 0.08
[2026-04-11 20:23:01] IMPORT_START trees precolonial.True_size.small_control.reserve-tree_id.4.ply
[2026-04-11 20:23:01] IMPORT_DONE trees precolonial.True_size.small_control.reserve-tree_id.4.ply seconds 0.03
[2026-04-11 20:23:01] IMPORT_START trees precolonial.True_size.small_control.street-tree_id.1.ply
[2026-04-11 20:23:01] IMPORT_DONE trees precolonial.True_size.small_control.street-tree_id.1.ply seconds 0.01
[2026-04-11 20:23:01] IMPORT_START trees precolonial.True_size.small_control.street-tree_id.2.ply
[2026-04-11 20:23:01] IMPORT_DONE trees precolonial.True_size.small_control.street-tree_id.2.ply seconds 0.01
[2026-04-11 20:23:01] IMPORT_START trees precolonial.True_size.small_control.street-tree_id.3.ply
[2026-04-11 20:23:01] IMPORT_DONE trees precolonial.True_size.small_control.street-tree_id.3.ply seconds 0.05
[2026-04-11 20:23:01] IMPORT_START trees precolonial.True_size.small_control.street-tree_id.4.ply
[2026-04-11 20:23:01] IMPORT_DONE trees precolonial.True_size.small_control.street-tree_id.4.ply seconds 0.02
[2026-04-11 20:23:01] BUILD_STATE_MODELS_DONE family= trees state= positive rows= 537 models= 92
[2026-04-11 20:23:01] BUILD_STATE_DONE family= trees state= positive point_name= trees_positions_trimmed-parade_timeline_positive points= 537
[2026-04-11 20:23:01] BUILD_INSTANCERS_FAMILY_DONE state= positive family= trees
[2026-04-11 20:23:01] BUILD_INSTANCERS_FAMILY_START state= positive family= logs rows= 0
[2026-04-11 20:23:01] Skipping logs/positive: no rows
[2026-04-11 20:23:01] BUILD_INSTANCERS_FAMILY_DONE state= positive family= logs
[2026-04-11 20:23:01] BUILD_INSTANCERS_STATE_DONE positive
[2026-04-11 20:23:01] BUILD_INSTANCERS_STATE_START positive_priority families= logs,trees
[2026-04-11 20:23:01] BUILD_INSTANCERS_FAMILY_START state= positive_priority family= trees rows= 50
[2026-04-11 20:23:01] BUILD_STATE_START family= trees state= positive_priority rows= 50
[2026-04-11 20:23:01] CACHE_HIT trees precolonial.False_size.fallen_control.improved-tree_id.10.ply
[2026-04-11 20:23:01] CACHE_HIT trees precolonial.False_size.fallen_control.improved-tree_id.14.ply
[2026-04-11 20:23:01] CACHE_HIT trees precolonial.False_size.senescing_control.improved-tree_id.1.ply
[2026-04-11 20:23:01] CACHE_HIT trees precolonial.False_size.senescing_control.improved-tree_id.10.ply
[2026-04-11 20:23:01] CACHE_HIT trees precolonial.False_size.senescing_control.improved-tree_id.12.ply
[2026-04-11 20:23:01] CACHE_HIT trees precolonial.False_size.senescing_control.improved-tree_id.13.ply
[2026-04-11 20:23:01] CACHE_HIT trees precolonial.False_size.senescing_control.improved-tree_id.14.ply
[2026-04-11 20:23:01] CACHE_HIT trees precolonial.False_size.senescing_control.improved-tree_id.2.ply
[2026-04-11 20:23:01] CACHE_HIT trees precolonial.False_size.senescing_control.improved-tree_id.3.ply
[2026-04-11 20:23:01] CACHE_HIT trees precolonial.False_size.senescing_control.improved-tree_id.7.ply
[2026-04-11 20:23:01] CACHE_HIT trees precolonial.False_size.senescing_control.improved-tree_id.9.ply
[2026-04-11 20:23:01] CACHE_HIT trees precolonial.False_size.senescing_control.improved-tree_id.9.ply
[2026-04-11 20:23:01] CACHE_HIT trees precolonial.False_size.snag_control.improved-tree_id.10.ply
[2026-04-11 20:23:01] CACHE_HIT trees precolonial.False_size.snag_control.improved-tree_id.11.ply
[2026-04-11 20:23:01] CACHE_HIT trees precolonial.False_size.snag_control.improved-tree_id.13.ply
[2026-04-11 20:23:01] CACHE_HIT trees precolonial.False_size.snag_control.improved-tree_id.7.ply
[2026-04-11 20:23:01] CACHE_HIT trees precolonial.False_size.snag_control.improved-tree_id.9.ply
[2026-04-11 20:23:01] CACHE_HIT trees precolonial.True_size.fallen_control.improved-tree_id.12.ply
[2026-04-11 20:23:01] CACHE_HIT trees precolonial.True_size.fallen_control.improved-tree_id.14.ply
[2026-04-11 20:23:01] CACHE_HIT trees precolonial.True_size.fallen_control.improved-tree_id.15.ply
[2026-04-11 20:23:01] CACHE_HIT trees precolonial.True_size.senescing_control.improved-tree_id.14.ply
[2026-04-11 20:23:01] CACHE_HIT trees precolonial.True_size.senescing_control.improved-tree_id.15.ply
[2026-04-11 20:23:01] CACHE_HIT trees precolonial.True_size.senescing_control.improved-tree_id.16.ply
[2026-04-11 20:23:01] BUILD_STATE_MODELS_DONE family= trees state= positive_priority rows= 50 models= 23
[2026-04-11 20:23:01] BUILD_STATE_DONE family= trees state= positive_priority point_name= trees_positions_trimmed-parade_timeline_positive_priority points= 50
[2026-04-11 20:23:01] BUILD_INSTANCERS_FAMILY_DONE state= positive_priority family= trees
[2026-04-11 20:23:01] BUILD_INSTANCERS_FAMILY_START state= positive_priority family= logs rows= 0
[2026-04-11 20:23:01] Skipping logs/positive_priority: no rows
[2026-04-11 20:23:01] BUILD_INSTANCERS_FAMILY_DONE state= positive_priority family= logs
[2026-04-11 20:23:01] BUILD_INSTANCERS_STATE_DONE positive_priority
[2026-04-11 20:23:01] BUILD_INSTANCERS_STATE_START trending families= logs,trees
[2026-04-11 20:23:01] BUILD_INSTANCERS_FAMILY_START state= trending family= trees rows= 454
[2026-04-11 20:23:01] BUILD_STATE_START family= trees state= trending rows= 454
[2026-04-11 20:23:01] CACHE_HIT trees precolonial.False_size.large_control.park-tree_id.10.ply
[2026-04-11 20:23:01] CACHE_HIT trees precolonial.False_size.large_control.park-tree_id.11.ply
[2026-04-11 20:23:01] CACHE_HIT trees precolonial.False_size.large_control.park-tree_id.13.ply
[2026-04-11 20:23:01] CACHE_HIT trees precolonial.False_size.large_control.park-tree_id.14.ply
[2026-04-11 20:23:01] CACHE_HIT trees precolonial.False_size.large_control.street-tree_id.10.ply
[2026-04-11 20:23:01] CACHE_HIT trees precolonial.False_size.large_control.street-tree_id.11.ply
[2026-04-11 20:23:01] CACHE_HIT trees precolonial.False_size.large_control.street-tree_id.12.ply
[2026-04-11 20:23:01] CACHE_HIT trees precolonial.False_size.large_control.street-tree_id.13.ply
[2026-04-11 20:23:01] CACHE_HIT trees precolonial.False_size.large_control.street-tree_id.14.ply
[2026-04-11 20:23:01] CACHE_HIT trees precolonial.False_size.large_control.street-tree_id.7.ply
[2026-04-11 20:23:01] CACHE_HIT trees precolonial.False_size.large_control.street-tree_id.9.ply
[2026-04-11 20:23:01] CACHE_HIT trees precolonial.False_size.medium_control.park-tree_id.1.ply
[2026-04-11 20:23:01] CACHE_HIT trees precolonial.False_size.medium_control.park-tree_id.2.ply
[2026-04-11 20:23:01] CACHE_HIT trees precolonial.False_size.medium_control.park-tree_id.3.ply
[2026-04-11 20:23:01] CACHE_HIT trees precolonial.False_size.medium_control.street-tree_id.1.ply
[2026-04-11 20:23:01] CACHE_HIT trees precolonial.False_size.medium_control.street-tree_id.2.ply
[2026-04-11 20:23:01] CACHE_HIT trees precolonial.False_size.medium_control.street-tree_id.3.ply
[2026-04-11 20:23:01] CACHE_HIT trees precolonial.False_size.small_control.park-tree_id.4.ply
[2026-04-11 20:23:01] CACHE_HIT trees precolonial.False_size.small_control.park-tree_id.5.ply
[2026-04-11 20:23:01] CACHE_HIT trees precolonial.False_size.small_control.park-tree_id.6.ply
[2026-04-11 20:23:01] CACHE_HIT trees precolonial.False_size.small_control.street-tree_id.4.ply
[2026-04-11 20:23:01] CACHE_HIT trees precolonial.False_size.small_control.street-tree_id.5.ply
[2026-04-11 20:23:01] IMPORT_START trees precolonial.False_size.small_control.street-tree_id.6.ply
[2026-04-11 20:23:01] IMPORT_DONE trees precolonial.False_size.small_control.street-tree_id.6.ply seconds 0.15
[2026-04-11 20:23:01] CACHE_HIT trees precolonial.True_size.large_control.park-tree_id.15.ply
[2026-04-11 20:23:01] IMPORT_START trees precolonial.True_size.large_control.street-tree_id.16.ply
[2026-04-11 20:23:01] IMPORT_DONE trees precolonial.True_size.large_control.street-tree_id.16.ply seconds 0.13
[2026-04-11 20:23:01] CACHE_HIT trees precolonial.True_size.medium_control.park-tree_id.10.ply
[2026-04-11 20:23:01] CACHE_HIT trees precolonial.True_size.medium_control.park-tree_id.5.ply
[2026-04-11 20:23:01] CACHE_HIT trees precolonial.True_size.medium_control.park-tree_id.7.ply
[2026-04-11 20:23:01] CACHE_HIT trees precolonial.True_size.medium_control.park-tree_id.8.ply
[2026-04-11 20:23:01] CACHE_HIT trees precolonial.True_size.medium_control.park-tree_id.9.ply
[2026-04-11 20:23:01] CACHE_HIT trees precolonial.True_size.medium_control.street-tree_id.10.ply
[2026-04-11 20:23:01] CACHE_HIT trees precolonial.True_size.medium_control.street-tree_id.5.ply
[2026-04-11 20:23:01] CACHE_HIT trees precolonial.True_size.medium_control.street-tree_id.6.ply
[2026-04-11 20:23:01] CACHE_HIT trees precolonial.True_size.medium_control.street-tree_id.7.ply
[2026-04-11 20:23:01] CACHE_HIT trees precolonial.True_size.medium_control.street-tree_id.8.ply
[2026-04-11 20:23:01] IMPORT_START trees precolonial.True_size.medium_control.street-tree_id.9.ply
[2026-04-11 20:23:02] IMPORT_DONE trees precolonial.True_size.medium_control.street-tree_id.9.ply seconds 0.19
[2026-04-11 20:23:02] CACHE_HIT trees precolonial.True_size.small_control.park-tree_id.1.ply
[2026-04-11 20:23:02] CACHE_HIT trees precolonial.True_size.small_control.park-tree_id.2.ply
[2026-04-11 20:23:02] CACHE_HIT trees precolonial.True_size.small_control.park-tree_id.4.ply
[2026-04-11 20:23:02] CACHE_HIT trees precolonial.True_size.small_control.street-tree_id.1.ply
[2026-04-11 20:23:02] CACHE_HIT trees precolonial.True_size.small_control.street-tree_id.2.ply
[2026-04-11 20:23:02] CACHE_HIT trees precolonial.True_size.small_control.street-tree_id.3.ply
[2026-04-11 20:23:02] CACHE_HIT trees precolonial.True_size.small_control.street-tree_id.4.ply
[2026-04-11 20:23:02] BUILD_STATE_MODELS_DONE family= trees state= trending rows= 454 models= 43
[2026-04-11 20:23:02] BUILD_STATE_DONE family= trees state= trending point_name= trees_positions_trimmed-parade_timeline_trending points= 454
[2026-04-11 20:23:02] BUILD_INSTANCERS_FAMILY_DONE state= trending family= trees
[2026-04-11 20:23:02] BUILD_INSTANCERS_FAMILY_START state= trending family= logs rows= 0
[2026-04-11 20:23:02] Skipping logs/trending: no rows
[2026-04-11 20:23:02] BUILD_INSTANCERS_FAMILY_DONE state= trending family= logs
[2026-04-11 20:23:02] BUILD_INSTANCERS_STATE_DONE trending
[2026-04-11 20:23:02] Instancer build summary: {'scene': 'bV2_trimmed-parade_timeline', 'site': 'trimmed-parade', 'mode': 'timeline', 'year': None, 'results': [{'family': 'trees', 'state': 'positive', 'row_count': 537, 'model_count': 92, 'point_object': 'trees_positions_trimmed-parade_timeline_positive', 'models_collection': 'trees_models_trimmed-parade_timeline_positive'}, {'family': 'trees', 'state': 'positive_priority', 'row_count': 50, 'model_count': 23, 'point_object': 'trees_positions_trimmed-parade_timeline_positive_priority', 'models_collection': 'trees_models_trimmed-parade_timeline_positive_priority'}, {'family': 'trees', 'state': 'trending', 'row_count': 454, 'model_count': 43, 'point_object': 'trees_positions_trimmed-parade_timeline_trending', 'models_collection': 'trees_models_trimmed-parade_timeline_trending'}], 'positive_rows': 537, 'priority_rows': 50, 'trending_rows': 454}
[2026-04-11 20:23:02] BIOENV_BUILD_START scene= bV2_trimmed-parade_timeline site= trimmed-parade mode= timeline year= None
[2026-04-11 20:23:02] BIOENV_TIMELINE_EMPTY_BASELINE site= trimmed-parade state= positive year= 0
[2026-04-11 20:23:02] BIOENV_IMPORT_START site= trimmed-parade state= positive year= 10 path= D:\2026 Arboreal Futures\urban-futures\_data-refactored\model-outputs\generated-states\4.9\output\bioenvelopes\trimmed-parade\trimmed-parade_positive_1_envelope_scenarioYR10.ply
[2026-04-11 20:23:02] BIOENV_IMPORT_DONE site= trimmed-parade state= positive year= 10 object= bioenvelope_trimmed-parade_timeline_positive__yr10
[2026-04-11 20:23:02] BIOENV_IMPORT_START site= trimmed-parade state= positive year= 30 path= D:\2026 Arboreal Futures\urban-futures\_data-refactored\model-outputs\generated-states\4.9\output\bioenvelopes\trimmed-parade\trimmed-parade_positive_1_envelope_scenarioYR30.ply
[2026-04-11 20:23:03] BIOENV_IMPORT_DONE site= trimmed-parade state= positive year= 30 object= bioenvelope_trimmed-parade_timeline_positive__yr30
[2026-04-11 20:23:03] BIOENV_IMPORT_START site= trimmed-parade state= positive year= 60 path= D:\2026 Arboreal Futures\urban-futures\_data-refactored\model-outputs\generated-states\4.9\output\bioenvelopes\trimmed-parade\trimmed-parade_positive_1_envelope_scenarioYR60.ply
[2026-04-11 20:23:05] BIOENV_IMPORT_DONE site= trimmed-parade state= positive year= 60 object= bioenvelope_trimmed-parade_timeline_positive__yr60
[2026-04-11 20:23:05] BIOENV_IMPORT_START site= trimmed-parade state= positive year= 180 path= D:\2026 Arboreal Futures\urban-futures\_data-refactored\model-outputs\generated-states\4.9\output\bioenvelopes\trimmed-parade\trimmed-parade_positive_1_envelope_scenarioYR180.ply
[2026-04-11 20:23:07] BIOENV_IMPORT_DONE site= trimmed-parade state= positive year= 180 object= bioenvelope_trimmed-parade_timeline_positive__yr180
[2026-04-11 20:23:07] BIOENV_STATE_DONE {'state': 'positive', 'object': 'bioenvelope_trimmed-parade_timeline_positive', 'vertex_count': 134161, 'source_years': (10, 30, 60, 180), 'missing_years': (0,)}
[2026-04-11 20:23:07] BIOENV_TIMELINE_EMPTY_BASELINE site= trimmed-parade state= trending year= 0
[2026-04-11 20:23:07] BIOENV_IMPORT_START site= trimmed-parade state= trending year= 10 path= D:\2026 Arboreal Futures\urban-futures\_data-refactored\model-outputs\generated-states\4.9\output\bioenvelopes\trimmed-parade\trimmed-parade_trending_1_envelope_scenarioYR10.ply
[2026-04-11 20:23:07] BIOENV_IMPORT_DONE site= trimmed-parade state= trending year= 10 object= bioenvelope_trimmed-parade_timeline_trending__yr10
[2026-04-11 20:23:07] BIOENV_IMPORT_START site= trimmed-parade state= trending year= 30 path= D:\2026 Arboreal Futures\urban-futures\_data-refactored\model-outputs\generated-states\4.9\output\bioenvelopes\trimmed-parade\trimmed-parade_trending_1_envelope_scenarioYR30.ply
[2026-04-11 20:23:07] BIOENV_IMPORT_DONE site= trimmed-parade state= trending year= 30 object= bioenvelope_trimmed-parade_timeline_trending__yr30
[2026-04-11 20:23:07] BIOENV_IMPORT_START site= trimmed-parade state= trending year= 60 path= D:\2026 Arboreal Futures\urban-futures\_data-refactored\model-outputs\generated-states\4.9\output\bioenvelopes\trimmed-parade\trimmed-parade_trending_1_envelope_scenarioYR60.ply
[2026-04-11 20:23:07] BIOENV_IMPORT_DONE site= trimmed-parade state= trending year= 60 object= bioenvelope_trimmed-parade_timeline_trending__yr60
[2026-04-11 20:23:07] BIOENV_IMPORT_START site= trimmed-parade state= trending year= 180 path= D:\2026 Arboreal Futures\urban-futures\_data-refactored\model-outputs\generated-states\4.9\output\bioenvelopes\trimmed-parade\trimmed-parade_trending_1_envelope_scenarioYR180.ply
[2026-04-11 20:23:07] BIOENV_IMPORT_DONE site= trimmed-parade state= trending year= 180 object= bioenvelope_trimmed-parade_timeline_trending__yr180
[2026-04-11 20:23:07] BIOENV_STATE_DONE {'state': 'trending', 'object': 'bioenvelope_trimmed-parade_timeline_trending', 'vertex_count': 173, 'source_years': (10, 30, 60, 180), 'missing_years': (0,)}
[2026-04-11 20:23:07] BIOENV_BUILD_DONE {'scene': 'bV2_trimmed-parade_timeline', 'site': 'trimmed-parade', 'mode': 'timeline', 'year': None, 'results': [{'state': 'positive', 'object': 'bioenvelope_trimmed-parade_timeline_positive', 'vertex_count': 134161, 'source_years': (10, 30, 60, 180), 'missing_years': (0,)}, {'state': 'trending', 'object': 'bioenvelope_trimmed-parade_timeline_trending', 'vertex_count': 173, 'source_years': (10, 30, 60, 180), 'missing_years': (0,)}]}
[2026-04-11 20:23:07] WORLD_BUILD_START bV2_trimmed-parade_timeline trimmed-parade timeline timeline
[2026-04-11 20:23:11] WORLD_TIMELINE_SLICE trimmed-parade positive trimmed-parade_buildings_source yr0 points=368797 matched=368797
[2026-04-11 20:23:15] WORLD_TIMELINE_SLICE trimmed-parade positive trimmed-parade_buildings_source yr10 points=342091 matched=245046
[2026-04-11 20:23:20] WORLD_TIMELINE_SLICE trimmed-parade positive trimmed-parade_buildings_source yr30 points=185548 matched=135249
[2026-04-11 20:23:25] WORLD_TIMELINE_SLICE trimmed-parade positive trimmed-parade_buildings_source yr60 points=187566 matched=114092
[2026-04-11 20:23:30] WORLD_TIMELINE_SLICE trimmed-parade positive trimmed-parade_buildings_source yr180 points=178342 matched=94948
[2026-04-11 20:23:31] WORLD_OBJECT_DONE bV2_trimmed-parade_timeline buildings_trimmed-parade_timeline_positive points=1262344 matched=958132
[2026-04-11 20:23:35] WORLD_TIMELINE_SLICE trimmed-parade positive trimmed-parade_roads_source yr0 points=498148 matched=498148
[2026-04-11 20:23:38] WORLD_TIMELINE_SLICE trimmed-parade positive trimmed-parade_roads_source yr10 points=477372 matched=477365
[2026-04-11 20:23:42] WORLD_TIMELINE_SLICE trimmed-parade positive trimmed-parade_roads_source yr30 points=477076 matched=476891
[2026-04-11 20:23:47] WORLD_TIMELINE_SLICE trimmed-parade positive trimmed-parade_roads_source yr60 points=475516 matched=475508
[2026-04-11 20:23:52] WORLD_TIMELINE_SLICE trimmed-parade positive trimmed-parade_roads_source yr180 points=474725 matched=472472
[2026-04-11 20:23:53] WORLD_OBJECT_DONE bV2_trimmed-parade_timeline roads_trimmed-parade_timeline_positive points=2402837 matched=2400384
[2026-04-11 20:23:56] WORLD_TIMELINE_SLICE trimmed-parade trending trimmed-parade_buildings_source yr0 points=368797 matched=368797
[2026-04-11 20:24:00] WORLD_TIMELINE_SLICE trimmed-parade trending trimmed-parade_buildings_source yr10 points=342091 matched=245046
[2026-04-11 20:24:04] WORLD_TIMELINE_SLICE trimmed-parade trending trimmed-parade_buildings_source yr30 points=185548 matched=127128
[2026-04-11 20:24:08] WORLD_TIMELINE_SLICE trimmed-parade trending trimmed-parade_buildings_source yr60 points=187566 matched=102725
[2026-04-11 20:24:11] WORLD_TIMELINE_SLICE trimmed-parade trending trimmed-parade_buildings_source yr180 points=178342 matched=93465
[2026-04-11 20:24:13] WORLD_OBJECT_DONE bV2_trimmed-parade_timeline buildings_trimmed-parade_timeline_trending points=1262344 matched=937161
[2026-04-11 20:24:16] WORLD_TIMELINE_SLICE trimmed-parade trending trimmed-parade_roads_source yr0 points=498148 matched=498148
[2026-04-11 20:24:19] WORLD_TIMELINE_SLICE trimmed-parade trending trimmed-parade_roads_source yr10 points=477372 matched=477365
[2026-04-11 20:24:23] WORLD_TIMELINE_SLICE trimmed-parade trending trimmed-parade_roads_source yr30 points=477076 matched=476884
[2026-04-11 20:24:26] WORLD_TIMELINE_SLICE trimmed-parade trending trimmed-parade_roads_source yr60 points=475516 matched=475507
[2026-04-11 20:24:29] WORLD_TIMELINE_SLICE trimmed-parade trending trimmed-parade_roads_source yr180 points=474725 matched=472414
[2026-04-11 20:24:31] WORLD_OBJECT_DONE bV2_trimmed-parade_timeline roads_trimmed-parade_timeline_trending points=2402837 matched=2400318
[2026-04-11 20:24:31] WORLD_BUILD_DONE bV2_trimmed-parade_timeline {'positive': ['buildings_trimmed-parade_timeline_positive', 'roads_trimmed-parade_timeline_positive'], 'trending': ['buildings_trimmed-parade_timeline_trending', 'roads_trimmed-parade_timeline_trending']}
[2026-04-11 20:24:31] VALIDATE_SCENE {'scene': 'bV2_trimmed-parade_timeline', 'site': 'trimmed-parade', 'mode': 'timeline', 'year': None, 'errors': [], 'warnings': [], 'ok': True}
[2026-04-11 20:24:35] BUILD_SCENE_BLEND_SAVED D:\2026 Arboreal Futures\urban-futures\_data-refactored\blenderv2\blends\4.9\parade_timeline__full_pipeline.blend
[2026-04-11 20:24:35] MIST_APPLIED profile=timeline_shared camera=parade - camera - time slice - zoom use_mist=True start=560.0 depth=320.0 falloff=QUADRATIC
[2026-04-11 20:24:35] CYCLES_GPU_ENABLED backend=CUDA devices=('NVIDIA A40-24Q|OPTIX', 'NVIDIA L40-24Q|CUDA', 'NVIDIA L40-24Q|OPTIX')
[2026-04-11 20:24:35] RENDER_SETUP_DONE {'scene': 'bV2_trimmed-parade_timeline', 'output_root': 'D:\\2026 Arboreal Futures\\urban-futures\\_data-refactored\\blenderv2\\output\\4.9\\parade_timeline', 'resolution': (7680, 4320, 100), 'samples': 64, 'tag': '8k64s'}
[2026-04-11 20:24:38] CYCLES_GPU_ENABLED backend=CUDA devices=('NVIDIA A40-24Q|OPTIX', 'NVIDIA L40-24Q|CUDA', 'NVIDIA L40-24Q|OPTIX')
[2026-04-11 20:25:21] RENDER_EXR_DONE existing_condition_positive D:\2026 Arboreal Futures\urban-futures\_data-refactored\blenderv2\output\4.9\parade_timeline\parade_timeline__existing_condition_positive__8k64s.exr
[2026-04-11 20:25:21] CYCLES_GPU_ENABLED backend=CUDA devices=('NVIDIA A40-24Q|OPTIX', 'NVIDIA L40-24Q|CUDA', 'NVIDIA L40-24Q|OPTIX')
[2026-04-11 20:26:03] RENDER_EXR_DONE existing_condition_trending D:\2026 Arboreal Futures\urban-futures\_data-refactored\blenderv2\output\4.9\parade_timeline\parade_timeline__existing_condition_trending__8k64s.exr
[2026-04-11 20:26:03] CYCLES_GPU_ENABLED backend=CUDA devices=('NVIDIA A40-24Q|OPTIX', 'NVIDIA L40-24Q|CUDA', 'NVIDIA L40-24Q|OPTIX')
[2026-04-11 20:28:19] RENDER_EXR_DONE positive_state D:\2026 Arboreal Futures\urban-futures\_data-refactored\blenderv2\output\4.9\parade_timeline\parade_timeline__positive_state__8k64s.exr
[2026-04-11 20:28:19] CYCLES_GPU_ENABLED backend=CUDA devices=('NVIDIA A40-24Q|OPTIX', 'NVIDIA L40-24Q|CUDA', 'NVIDIA L40-24Q|OPTIX')
[2026-04-11 20:29:09] RENDER_EXR_DONE positive_priority_state D:\2026 Arboreal Futures\urban-futures\_data-refactored\blenderv2\output\4.9\parade_timeline\parade_timeline__positive_priority_state__8k64s.exr
[2026-04-11 20:29:09] CYCLES_GPU_ENABLED backend=CUDA devices=('NVIDIA A40-24Q|OPTIX', 'NVIDIA L40-24Q|CUDA', 'NVIDIA L40-24Q|OPTIX')
[2026-04-11 20:30:26] RENDER_EXR_DONE trending_state D:\2026 Arboreal Futures\urban-futures\_data-refactored\blenderv2\output\4.9\parade_timeline\parade_timeline__trending_state__8k64s.exr
[2026-04-11 20:30:26] CYCLES_GPU_ENABLED backend=CUDA devices=('NVIDIA A40-24Q|OPTIX', 'NVIDIA L40-24Q|CUDA', 'NVIDIA L40-24Q|OPTIX')
[2026-04-11 20:31:16] RENDER_EXR_DONE bioenvelope_positive D:\2026 Arboreal Futures\urban-futures\_data-refactored\blenderv2\output\4.9\parade_timeline\parade_timeline__bioenvelope_positive__8k64s.exr
[2026-04-11 20:31:16] CYCLES_GPU_ENABLED backend=CUDA devices=('NVIDIA A40-24Q|OPTIX', 'NVIDIA L40-24Q|CUDA', 'NVIDIA L40-24Q|OPTIX')
[2026-04-11 20:31:55] RENDER_EXR_DONE bioenvelope_trending D:\2026 Arboreal Futures\urban-futures\_data-refactored\blenderv2\output\4.9\parade_timeline\parade_timeline__bioenvelope_trending__8k64s.exr
[2026-04-11 20:31:55] MEDIAFLUX_UPLOAD_START D:\2026 Arboreal Futures\urban-futures\_data-refactored\blenderv2\output\4.9\parade_timeline -> pipeline\4.9\blender_exrs\parade_timeline
[2026-04-11 20:33:15] MEDIAFLUX_UPLOAD_DONE D:\2026 Arboreal Futures\urban-futures\_data-refactored\blenderv2\output\4.9\parade_timeline -> pipeline\4.9\blender_exrs\parade_timeline
[2026-04-11 20:33:15] BUILD_SCENE_DONE {'scene': 'bV2_trimmed-parade_timeline', 'site': 'trimmed-parade', 'mode': 'timeline', 'year': None, 'blend_output_path': 'D:\\2026 Arboreal Futures\\urban-futures\\_data-refactored\\blenderv2\\blends\\4.9\\parade_timeline__full_pipeline.blend', 'render_output_root': 'D:\\2026 Arboreal Futures\\urban-futures\\_data-refactored\\blenderv2\\output\\4.9\\parade_timeline', 'remote_subpath': 'pipeline\\4.9\\blender_exrs\\parade_timeline', 'instancers': {'scene': 'bV2_trimmed-parade_timeline', 'site': 'trimmed-parade', 'mode': 'timeline', 'year': None, 'results': [{'family': 'trees', 'state': 'positive', 'row_count': 537, 'model_count': 92, 'point_object': 'trees_positions_trimmed-parade_timeline_positive', 'models_collection': 'trees_models_trimmed-parade_timeline_positive'}, {'family': 'trees', 'state': 'positive_priority', 'row_count': 50, 'model_count': 23, 'point_object': 'trees_positions_trimmed-parade_timeline_positive_priority', 'models_collection': 'trees_models_trimmed-parade_timeline_positive_priority'}, {'family': 'trees', 'state': 'trending', 'row_count': 454, 'model_count': 43, 'point_object': 'trees_positions_trimmed-parade_timeline_trending', 'models_collection': 'trees_models_trimmed-parade_timeline_trending'}], 'positive_rows': 537, 'priority_rows': 50, 'trending_rows': 454}, 'bioenvelopes': {'scene': 'bV2_trimmed-parade_timeline', 'site': 'trimmed-parade', 'mode': 'timeline', 'year': None, 'results': [{'state': 'positive', 'object': 'bioenvelope_trimmed-parade_timeline_positive', 'vertex_count': 134161, 'source_years': (10, 30, 60, 180), 'missing_years': (0,)}, {'state': 'trending', 'object': 'bioenvelope_trimmed-parade_timeline_trending', 'vertex_count': 173, 'source_years': (10, 30, 60, 180), 'missing_years': (0,)}]}, 'world': {'positive': ['buildings_trimmed-parade_timeline_positive', 'roads_trimmed-parade_timeline_positive'], 'trending': ['buildings_trimmed-parade_timeline_trending', 'roads_trimmed-parade_timeline_trending']}, 'validation': {'scene': 'bV2_trimmed-parade_timeline', 'site': 'trimmed-parade', 'mode': 'timeline', 'year': None, 'errors': [], 'warnings': [], 'ok': True}, 'render': {'scene': 'bV2_trimmed-parade_timeline', 'output_root': 'D:\\2026 Arboreal Futures\\urban-futures\\_data-refactored\\blenderv2\\output\\4.9\\parade_timeline', 'resolution': (7680, 4320, 100), 'samples': 64, 'tag': '8k64s'}, 'rendered_paths': ['D:\\2026 Arboreal Futures\\urban-futures\\_data-refactored\\blenderv2\\output\\4.9\\parade_timeline\\parade_timeline__existing_condition_positive__8k64s.exr', 'D:\\2026 Arboreal Futures\\urban-futures\\_data-refactored\\blenderv2\\output\\4.9\\parade_timeline\\parade_timeline__existing_condition_trending__8k64s.exr', 'D:\\2026 Arboreal Futures\\urban-futures\\_data-refactored\\blenderv2\\output\\4.9\\parade_timeline\\parade_timeline__positive_state__8k64s.exr', 'D:\\2026 Arboreal Futures\\urban-futures\\_data-refactored\\blenderv2\\output\\4.9\\parade_timeline\\parade_timeline__positive_priority_state__8k64s.exr', 'D:\\2026 Arboreal Futures\\urban-futures\\_data-refactored\\blenderv2\\output\\4.9\\parade_timeline\\parade_timeline__trending_state__8k64s.exr', 'D:\\2026 Arboreal Futures\\urban-futures\\_data-refactored\\blenderv2\\output\\4.9\\parade_timeline\\parade_timeline__bioenvelope_positive__8k64s.exr', 'D:\\2026 Arboreal Futures\\urban-futures\\_data-refactored\\blenderv2\\output\\4.9\\parade_timeline\\parade_timeline__bioenvelope_trending__8k64s.exr']}
