Blender 4.2.19 LTS (hash 12a2dfa84963 built 2026-03-17 01:34:28)
Read blend: "D:\2026 Arboreal Futures\urban-futures\_data-refactored\compositor\temp_blends\template_instantiations\compositor_base__city_single-state_yr180__4.10__20260412_131828.blend"
Fra:1 Mem:5456.32M (Peak 5456.32M) | Time:00:00.00 | Compositing
Fra:1 Mem:5456.33M (Peak 5456.33M) | Time:00:00.00 | Compositing | Initializing execution
Fra:1 Mem:5456.33M (Peak 5456.33M) | Time:00:00.00 | Compositing | Operation 2-3
Fra:1 Mem:5962.64M (Peak 5962.64M) | Time:00:00.06 | Compositing | Operation 3-3
Fra:1 Mem:6468.89M (Peak 6975.14M) | Time:00:00.33 | Compositing | Operation 4-3
Saved: 'D:\2026 Arboreal Futures\urban-futures\_data-refactored\compositor\outputs\4.10\city_single-state_yr180\base__20260412_131828\base_rgb.png'
Time: 00:03.95 (Saving: 00:03.61)

Fra:1 Mem:5456.33M (Peak 5456.33M) | Time:00:00.00 | Compositing
Fra:1 Mem:5456.33M (Peak 5456.33M) | Time:00:00.00 | Compositing | Initializing execution
Fra:1 Mem:5582.96M (Peak 5582.96M) | Time:00:00.02 | Compositing | Operation 2-12
Fra:1 Mem:5582.96M (Peak 5709.52M) | Time:00:00.11 | Compositing | Operation 3-12
Fra:1 Mem:5582.96M (Peak 5709.52M) | Time:00:00.12 | Compositing | Operation 4-12
Fra:1 Mem:5962.64M (Peak 6089.21M) | Time:00:00.18 | Compositing | Operation 5-12
Fra:1 Mem:5962.64M (Peak 6468.89M) | Time:00:00.33 | Compositing | Operation 6-12
Fra:1 Mem:5582.96M (Peak 6468.89M) | Time:00:00.37 | Compositing | Operation 7-12
Fra:1 Mem:5962.64M (Peak 6468.89M) | Time:00:00.44 | Compositing | Operation 8-12
Fra:1 Mem:5582.96M (Peak 6468.89M) | Time:00:00.47 | Compositing | Operation 9-12
Fra:1 Mem:5582.96M (Peak 6468.89M) | Time:00:00.47 | Compositing | Operation 10-12
Fra:1 Mem:5582.96M (Peak 6468.89M) | Time:00:00.47 | Compositing | Operation 11-12
Fra:1 Mem:5962.64M (Peak 6468.89M) | Time:00:00.53 | Compositing | Operation 12-12
Fra:1 Mem:6468.90M (Peak 6975.14M) | Time:00:00.78 | Compositing | Operation 13-12
Saved: 'D:\2026 Arboreal Futures\urban-futures\_data-refactored\compositor\outputs\4.10\city_single-state_yr180\base__20260412_131828\base_outlines.png'
Time: 00:03.41 (Saving: 00:02.62)

Fra:1 Mem:5456.33M (Peak 5456.33M) | Time:00:00.00 | Compositing
Fra:1 Mem:5456.33M (Peak 5456.33M) | Time:00:00.00 | Compositing | Initializing execution
Fra:1 Mem:5582.96M (Peak 5582.96M) | Time:00:00.03 | Compositing | Operation 2-9
Fra:1 Mem:5582.96M (Peak 5582.96M) | Time:00:00.03 | Compositing | Operation 3-9
Fra:1 Mem:5582.96M (Peak 5582.96M) | Time:00:00.03 | Compositing | Operation 4-9
Fra:1 Mem:5709.52M (Peak 5709.52M) | Time:00:00.09 | Compositing | Operation 5-9
Fra:1 Mem:5709.52M (Peak 5836.08M) | Time:00:00.14 | Compositing | Operation 6-9
Fra:1 Mem:6089.21M (Peak 6215.77M) | Time:00:00.20 | Compositing | Operation 7-9
Fra:1 Mem:6089.21M (Peak 6215.77M) | Time:00:00.20 | Compositing | Operation 8-9
Fra:1 Mem:5962.65M (Peak 6595.46M) | Time:00:00.28 | Compositing | Operation 9-9
Fra:1 Mem:6468.90M (Peak 6975.15M) | Time:00:00.56 | Compositing | Operation 10-9
Saved: 'D:\2026 Arboreal Futures\urban-futures\_data-refactored\compositor\outputs\4.10\city_single-state_yr180\base__20260412_131828\base_sim-turns.png'
Time: 00:03.44 (Saving: 00:02.88)

Fra:1 Mem:5456.33M (Peak 5456.33M) | Time:00:00.00 | Compositing
Fra:1 Mem:5456.33M (Peak 5456.33M) | Time:00:00.01 | Compositing | Initializing execution
Fra:1 Mem:5582.96M (Peak 5582.96M) | Time:00:00.03 | Compositing | Operation 2-10
Fra:1 Mem:5582.96M (Peak 5582.96M) | Time:00:00.03 | Compositing | Operation 3-10
Fra:1 Mem:5582.96M (Peak 5582.96M) | Time:00:00.03 | Compositing | Operation 4-10
Fra:1 Mem:5709.52M (Peak 5709.52M) | Time:00:00.06 | Compositing | Operation 5-10
Fra:1 Mem:5709.52M (Peak 5836.08M) | Time:00:00.13 | Compositing | Operation 6-10
Fra:1 Mem:5709.52M (Peak 5836.08M) | Time:00:00.17 | Compositing | Operation 7-10
Fra:1 Mem:6089.21M (Peak 6215.77M) | Time:00:00.23 | Compositing | Operation 8-10
Fra:1 Mem:6089.21M (Peak 6215.77M) | Time:00:00.23 | Compositing | Operation 9-10
Fra:1 Mem:5962.65M (Peak 6595.46M) | Time:00:00.29 | Compositing | Operation 10-10
Fra:1 Mem:6468.90M (Peak 6975.15M) | Time:00:00.58 | Compositing | Operation 11-10
Saved: 'D:\2026 Arboreal Futures\urban-futures\_data-refactored\compositor\outputs\4.10\city_single-state_yr180\base__20260412_131828\base_sim-nodes.png'
Time: 00:03.43 (Saving: 00:02.85)

Fra:1 Mem:5456.33M (Peak 5456.33M) | Time:00:00.00 | Compositing
Fra:1 Mem:5456.33M (Peak 5456.33M) | Time:00:00.01 | Compositing | Initializing execution
Fra:1 Mem:5456.33M (Peak 5456.33M) | Time:00:00.01 | Compositing | Operation 2-12
Fra:1 Mem:5456.33M (Peak 5456.33M) | Time:00:00.01 | Compositing | Operation 3-12
Fra:1 Mem:5582.96M (Peak 5582.96M) | Time:00:00.03 | Compositing | Operation 4-12
Fra:1 Mem:5709.52M (Peak 5709.52M) | Time:00:00.08 | Compositing | Operation 5-12
Fra:1 Mem:5709.52M (Peak 5709.52M) | Time:00:00.08 | Compositing | Operation 6-12
Fra:1 Mem:5709.52M (Peak 5709.52M) | Time:00:00.08 | Compositing | Operation 7-12
Fra:1 Mem:5709.52M (Peak 5836.08M) | Time:00:00.16 | Compositing | Operation 8-12
Fra:1 Mem:5709.52M (Peak 5836.08M) | Time:00:00.23 | Compositing | Operation 9-12
Fra:1 Mem:6089.21M (Peak 6215.77M) | Time:00:00.31 | Compositing | Operation 10-12
Fra:1 Mem:6089.21M (Peak 6215.77M) | Time:00:00.31 | Compositing | Operation 11-12
Fra:1 Mem:5962.65M (Peak 6595.46M) | Time:00:00.39 | Compositing | Operation 12-12
Fra:1 Mem:6468.90M (Peak 6975.15M) | Time:00:00.65 | Compositing | Operation 13-12
Saved: 'D:\2026 Arboreal Futures\urban-futures\_data-refactored\compositor\outputs\4.10\city_single-state_yr180\base__20260412_131828\base_sim-turns_ripple-effect.png'
Time: 00:03.62 (Saving: 00:02.96)

Fra:1 Mem:5456.33M (Peak 5456.33M) | Time:00:00.00 | Compositing
Fra:1 Mem:5456.33M (Peak 5456.33M) | Time:00:00.01 | Compositing | Initializing execution
Fra:1 Mem:5582.99M (Peak 5582.99M) | Time:00:00.03 | Compositing | Operation 2-120
Fra:1 Mem:5709.55M (Peak 5709.55M) | Time:00:00.10 | Compositing | Operation 3-120
Fra:1 Mem:5709.55M (Peak 5836.12M) | Time:00:00.17 | Compositing | Operation 4-120
Fra:1 Mem:6089.24M (Peak 6215.80M) | Time:00:00.25 | Compositing | Operation 5-120
Fra:1 Mem:6089.24M (Peak 6215.80M) | Time:00:00.25 | Compositing | Operation 6-120
Fra:1 Mem:6089.24M (Peak 6215.80M) | Time:00:00.25 | Compositing | Operation 7-120
Fra:1 Mem:6215.80M (Peak 6215.80M) | Time:00:00.28 | Compositing | Operation 8-120
Fra:1 Mem:6215.80M (Peak 6215.80M) | Time:00:00.28 | Compositing | Operation 9-120
Fra:1 Mem:6215.80M (Peak 6215.80M) | Time:00:00.28 | Compositing | Operation 10-120
Fra:1 Mem:6595.49M (Peak 6722.05M) | Time:00:00.35 | Compositing | Operation 11-120
Fra:1 Mem:6595.49M (Peak 6722.05M) | Time:00:00.35 | Compositing | Operation 12-120
Fra:1 Mem:6595.49M (Peak 6722.05M) | Time:00:00.35 | Compositing | Operation 13-120
Fra:1 Mem:6595.49M (Peak 7861.12M) | Time:00:00.85 | Compositing | Operation 14-120
Fra:1 Mem:6595.49M (Peak 7861.12M) | Time:00:00.85 | Compositing | Operation 15-120
Fra:1 Mem:6595.49M (Peak 7861.12M) | Time:00:00.85 | Compositing | Operation 16-120
Fra:1 Mem:6722.05M (Peak 7861.12M) | Time:00:00.88 | Compositing | Operation 17-120
Fra:1 Mem:6722.05M (Peak 7861.12M) | Time:00:00.88 | Compositing | Operation 18-120
Fra:1 Mem:6722.05M (Peak 7861.12M) | Time:00:00.88 | Compositing | Operation 19-120
Fra:1 Mem:6848.62M (Peak 7861.12M) | Time:00:00.90 | Compositing | Operation 20-120
Fra:1 Mem:6848.62M (Peak 8114.24M) | Time:00:01.43 | Compositing | Operation 21-120
Fra:1 Mem:6848.62M (Peak 8114.24M) | Time:00:01.43 | Compositing | Operation 22-120
Fra:1 Mem:6848.62M (Peak 8114.24M) | Time:00:01.43 | Compositing | Operation 23-120
Fra:1 Mem:6848.62M (Peak 8114.24M) | Time:00:01.46 | Compositing | Operation 24-120
Fra:1 Mem:6848.62M (Peak 8114.24M) | Time:00:01.46 | Compositing | Operation 25-120
Fra:1 Mem:6468.93M (Peak 8114.24M) | Time:00:01.51 | Compositing | Operation 26-120
Fra:1 Mem:6468.93M (Peak 8114.24M) | Time:00:01.54 | Compositing | Operation 27-120
Fra:1 Mem:6468.93M (Peak 8114.24M) | Time:00:01.54 | Compositing | Operation 28-120
Fra:1 Mem:6468.93M (Peak 8114.24M) | Time:00:01.57 | Compositing | Operation 29-120
Fra:1 Mem:6468.93M (Peak 8114.24M) | Time:00:01.57 | Compositing | Operation 30-120
Fra:1 Mem:6089.24M (Peak 8114.24M) | Time:00:01.62 | Compositing | Operation 31-120
Fra:1 Mem:6089.24M (Peak 8114.24M) | Time:00:01.66 | Compositing | Operation 32-120
Fra:1 Mem:6089.24M (Peak 8114.24M) | Time:00:01.66 | Compositing | Operation 33-120
Fra:1 Mem:6089.24M (Peak 8114.24M) | Time:00:01.71 | Compositing | Operation 34-120
Fra:1 Mem:6089.24M (Peak 8114.24M) | Time:00:01.71 | Compositing | Operation 35-120
Fra:1 Mem:6089.24M (Peak 8114.24M) | Time:00:01.74 | Compositing | Operation 36-120
Fra:1 Mem:6089.24M (Peak 8114.24M) | Time:00:01.74 | Compositing | Operation 37-120
Fra:1 Mem:6089.24M (Peak 8114.24M) | Time:00:01.79 | Compositing | Operation 38-120
Fra:1 Mem:6468.93M (Peak 8114.24M) | Time:00:01.85 | Compositing | Operation 39-120
Fra:1 Mem:6848.62M (Peak 8114.24M) | Time:00:01.91 | Compositing | Operation 40-120
Fra:1 Mem:7228.30M (Peak 8114.24M) | Time:00:01.96 | Compositing | Operation 41-120
Fra:1 Mem:6848.62M (Peak 8114.24M) | Time:00:02.01 | Compositing | Operation 42-120
Fra:1 Mem:6468.93M (Peak 8114.24M) | Time:00:02.06 | Compositing | Operation 43-120
Fra:1 Mem:6089.24M (Peak 8114.24M) | Time:00:02.11 | Compositing | Operation 44-120
Fra:1 Mem:6468.93M (Peak 8114.24M) | Time:00:02.19 | Compositing | Operation 45-120
Fra:1 Mem:6848.62M (Peak 8114.24M) | Time:00:02.29 | Compositing | Operation 46-120
Fra:1 Mem:7228.30M (Peak 8114.24M) | Time:00:02.37 | Compositing | Operation 47-120
Fra:1 Mem:6848.62M (Peak 8114.24M) | Time:00:02.42 | Compositing | Operation 48-120
Fra:1 Mem:6468.93M (Peak 8114.24M) | Time:00:02.46 | Compositing | Operation 49-120
Fra:1 Mem:6089.24M (Peak 8114.24M) | Time:00:02.51 | Compositing | Operation 50-120
Fra:1 Mem:6089.24M (Peak 8114.24M) | Time:00:02.51 | Compositing | Operation 51-120
Fra:1 Mem:6468.93M (Peak 8114.24M) | Time:00:02.58 | Compositing | Operation 52-120
Fra:1 Mem:6468.93M (Peak 8114.24M) | Time:00:02.58 | Compositing | Operation 53-120
Fra:1 Mem:6848.62M (Peak 8114.24M) | Time:00:02.64 | Compositing | Operation 54-120
Fra:1 Mem:6848.62M (Peak 8114.24M) | Time:00:02.64 | Compositing | Operation 55-120
Fra:1 Mem:7228.30M (Peak 8114.24M) | Time:00:02.69 | Compositing | Operation 56-120
Fra:1 Mem:7228.30M (Peak 8114.24M) | Time:00:02.83 | Compositing | Operation 57-120
Fra:1 Mem:7228.30M (Peak 8114.24M) | Time:00:02.96 | Compositing | Operation 58-120
Fra:1 Mem:7228.30M (Peak 8114.24M) | Time:00:03.09 | Compositing | Operation 59-120
Fra:1 Mem:6848.62M (Peak 8114.24M) | Time:00:03.13 | Compositing | Operation 60-120
Fra:1 Mem:6468.93M (Peak 8114.24M) | Time:00:03.18 | Compositing | Operation 61-120
Fra:1 Mem:6089.24M (Peak 8114.24M) | Time:00:03.24 | Compositing | Operation 62-120
Fra:1 Mem:6089.24M (Peak 8114.24M) | Time:00:03.32 | Compositing | Operation 63-120
Fra:1 Mem:6089.24M (Peak 8114.24M) | Time:00:03.40 | Compositing | Operation 64-120
Fra:1 Mem:6089.24M (Peak 8114.24M) | Time:00:03.47 | Compositing | Operation 65-120
Fra:1 Mem:6595.49M (Peak 8114.24M) | Time:00:03.54 | Compositing | Operation 66-120
Fra:1 Mem:6975.18M (Peak 8114.24M) | Time:00:03.61 | Compositing | Operation 67-120
Fra:1 Mem:7481.43M (Peak 8114.24M) | Time:00:03.67 | Compositing | Operation 68-120
Fra:1 Mem:7861.12M (Peak 8114.24M) | Time:00:03.73 | Compositing | Operation 69-120
Fra:1 Mem:8367.37M (Peak 8367.37M) | Time:00:03.79 | Compositing | Operation 70-120
Fra:1 Mem:8747.05M (Peak 8873.62M) | Time:00:03.84 | Compositing | Operation 71-120
Fra:1 Mem:8367.37M (Peak 8873.62M) | Time:00:03.88 | Compositing | Operation 72-120
Fra:1 Mem:7987.68M (Peak 8873.62M) | Time:00:03.91 | Compositing | Operation 73-120
Fra:1 Mem:7607.99M (Peak 8873.62M) | Time:00:03.95 | Compositing | Operation 74-120
Fra:1 Mem:7228.30M (Peak 8873.62M) | Time:00:03.99 | Compositing | Operation 75-120
Fra:1 Mem:6848.62M (Peak 8873.62M) | Time:00:04.03 | Compositing | Operation 76-120
Fra:1 Mem:6468.93M (Peak 8873.62M) | Time:00:04.07 | Compositing | Operation 77-120
Fra:1 Mem:6468.93M (Peak 8873.62M) | Time:00:04.07 | Compositing | Operation 78-120
Fra:1 Mem:6468.93M (Peak 8873.62M) | Time:00:04.23 | Compositing | Operation 79-120
Fra:1 Mem:6468.93M (Peak 8873.62M) | Time:00:04.39 | Compositing | Operation 80-120
Fra:1 Mem:6468.93M (Peak 8873.62M) | Time:00:04.39 | Compositing | Operation 81-120
Fra:1 Mem:6468.93M (Peak 8873.62M) | Time:00:04.54 | Compositing | Operation 82-120
Fra:1 Mem:6468.93M (Peak 8873.62M) | Time:00:04.68 | Compositing | Operation 83-120
Fra:1 Mem:6468.93M (Peak 8873.62M) | Time:00:04.68 | Compositing | Operation 84-120
Fra:1 Mem:6468.93M (Peak 8873.62M) | Time:00:04.83 | Compositing | Operation 85-120
Fra:1 Mem:6468.93M (Peak 8873.62M) | Time:00:04.98 | Compositing | Operation 86-120
Fra:1 Mem:6342.37M (Peak 8873.62M) | Time:00:05.00 | Compositing | Operation 87-120
Fra:1 Mem:6215.80M (Peak 8873.62M) | Time:00:05.03 | Compositing | Operation 88-120
Fra:1 Mem:6089.24M (Peak 8873.62M) | Time:00:05.06 | Compositing | Operation 89-120
Fra:1 Mem:6089.24M (Peak 8873.62M) | Time:00:05.06 | Compositing | Operation 90-120
Fra:1 Mem:6468.93M (Peak 8873.62M) | Time:00:05.12 | Compositing | Operation 91-120
Fra:1 Mem:6468.93M (Peak 8873.62M) | Time:00:05.12 | Compositing | Operation 92-120
Fra:1 Mem:6848.62M (Peak 8873.62M) | Time:00:05.18 | Compositing | Operation 93-120
Fra:1 Mem:6848.62M (Peak 8873.62M) | Time:00:05.18 | Compositing | Operation 94-120
Fra:1 Mem:7228.30M (Peak 8873.62M) | Time:00:05.24 | Compositing | Operation 95-120
Fra:1 Mem:7228.30M (Peak 8873.62M) | Time:00:05.24 | Compositing | Operation 96-120
Fra:1 Mem:7228.30M (Peak 8873.62M) | Time:00:05.33 | Compositing | Operation 97-120
Fra:1 Mem:7228.30M (Peak 8873.62M) | Time:00:05.33 | Compositing | Operation 98-120
Fra:1 Mem:7228.30M (Peak 8873.62M) | Time:00:05.41 | Compositing | Operation 99-120
Fra:1 Mem:7228.30M (Peak 8873.62M) | Time:00:05.41 | Compositing | Operation 100-120
Fra:1 Mem:7228.30M (Peak 8873.62M) | Time:00:05.49 | Compositing | Operation 101-120
Fra:1 Mem:7228.30M (Peak 8873.62M) | Time:00:05.57 | Compositing | Operation 102-120
Fra:1 Mem:7228.30M (Peak 8873.62M) | Time:00:05.65 | Compositing | Operation 103-120
Fra:1 Mem:7228.30M (Peak 8873.62M) | Time:00:05.74 | Compositing | Operation 104-120
Fra:1 Mem:7228.30M (Peak 8873.62M) | Time:00:05.74 | Compositing | Operation 105-120
Fra:1 Mem:6848.62M (Peak 8873.62M) | Time:00:05.78 | Compositing | Operation 106-120
Fra:1 Mem:6848.62M (Peak 8873.62M) | Time:00:05.78 | Compositing | Operation 107-120
Fra:1 Mem:6468.93M (Peak 8873.62M) | Time:00:05.82 | Compositing | Operation 108-120
Fra:1 Mem:6468.93M (Peak 8873.62M) | Time:00:05.82 | Compositing | Operation 109-120
Fra:1 Mem:6089.24M (Peak 8873.62M) | Time:00:05.85 | Compositing | Operation 110-120
Fra:1 Mem:6089.24M (Peak 8873.62M) | Time:00:05.85 | Compositing | Operation 111-120
Fra:1 Mem:6089.24M (Peak 8873.62M) | Time:00:05.89 | Compositing | Operation 112-120
Fra:1 Mem:5962.68M (Peak 8873.62M) | Time:00:05.92 | Compositing | Operation 113-120
Fra:1 Mem:5962.68M (Peak 8873.62M) | Time:00:05.92 | Compositing | Operation 114-120
Fra:1 Mem:5836.12M (Peak 8873.62M) | Time:00:05.96 | Compositing | Operation 115-120
Fra:1 Mem:5709.55M (Peak 8873.62M) | Time:00:06.01 | Compositing | Operation 116-120
Fra:1 Mem:5582.99M (Peak 8873.62M) | Time:00:06.04 | Compositing | Operation 117-120
Fra:1 Mem:5582.99M (Peak 8873.62M) | Time:00:06.04 | Compositing | Operation 118-120
Fra:1 Mem:5582.99M (Peak 8873.62M) | Time:00:06.04 | Compositing | Operation 119-120
Fra:1 Mem:5962.68M (Peak 8873.62M) | Time:00:06.10 | Compositing | Operation 120-120
Fra:1 Mem:6468.93M (Peak 8873.62M) | Time:00:06.43 | Compositing | Operation 121-120
Saved: 'D:\2026 Arboreal Futures\urban-futures\_data-refactored\compositor\outputs\4.10\city_single-state_yr180\base__20260412_131828\base_depth_windowed_balanced_refined.png'
Time: 00:09.20 (Saving: 00:02.76)

Fra:1 Mem:5456.33M (Peak 5456.33M) | Time:00:00.00 | Compositing
Fra:1 Mem:5456.33M (Peak 5456.33M) | Time:00:00.00 | Compositing | Initializing execution
Fra:1 Mem:5583.02M (Peak 5583.02M) | Time:00:00.03 | Compositing | Operation 2-156
Fra:1 Mem:5709.58M (Peak 5709.58M) | Time:00:00.10 | Compositing | Operation 3-156
Fra:1 Mem:6089.27M (Peak 6215.83M) | Time:00:00.18 | Compositing | Operation 4-156
Fra:1 Mem:6089.27M (Peak 6215.83M) | Time:00:00.18 | Compositing | Operation 5-156
Fra:1 Mem:6089.27M (Peak 6215.83M) | Time:00:00.18 | Compositing | Operation 6-156
Fra:1 Mem:6215.83M (Peak 6215.83M) | Time:00:00.19 | Compositing | Operation 7-156
Fra:1 Mem:6215.83M (Peak 6215.83M) | Time:00:00.19 | Compositing | Operation 8-156
Fra:1 Mem:6215.83M (Peak 6215.83M) | Time:00:00.19 | Compositing | Operation 9-156
Fra:1 Mem:6215.83M (Peak 6342.40M) | Time:00:00.24 | Compositing | Operation 10-156
Fra:1 Mem:6215.83M (Peak 6342.40M) | Time:00:00.24 | Compositing | Operation 11-156
Fra:1 Mem:6215.83M (Peak 6342.40M) | Time:00:00.24 | Compositing | Operation 12-156
Fra:1 Mem:6215.83M (Peak 7481.46M) | Time:00:00.77 | Compositing | Operation 13-156
Fra:1 Mem:6215.83M (Peak 7481.46M) | Time:00:00.77 | Compositing | Operation 14-156
Fra:1 Mem:6215.83M (Peak 7481.46M) | Time:00:00.77 | Compositing | Operation 15-156
Fra:1 Mem:6342.40M (Peak 7481.46M) | Time:00:00.79 | Compositing | Operation 16-156
Fra:1 Mem:6342.40M (Peak 7481.46M) | Time:00:00.79 | Compositing | Operation 17-156
Fra:1 Mem:6342.40M (Peak 7481.46M) | Time:00:00.79 | Compositing | Operation 18-156
Fra:1 Mem:6468.96M (Peak 7481.46M) | Time:00:00.81 | Compositing | Operation 19-156
Fra:1 Mem:6848.65M (Peak 7481.46M) | Time:00:00.87 | Compositing | Operation 20-156
Fra:1 Mem:6848.65M (Peak 7481.46M) | Time:00:00.87 | Compositing | Operation 21-156
Fra:1 Mem:6848.65M (Peak 7481.46M) | Time:00:00.87 | Compositing | Operation 22-156
Fra:1 Mem:6848.65M (Peak 7481.46M) | Time:00:00.87 | Compositing | Operation 23-156
Fra:1 Mem:6848.65M (Peak 7481.46M) | Time:00:00.87 | Compositing | Operation 24-156
Fra:1 Mem:6975.21M (Peak 7481.46M) | Time:00:00.89 | Compositing | Operation 25-156
Fra:1 Mem:6975.21M (Peak 7481.46M) | Time:00:00.89 | Compositing | Operation 26-156
Fra:1 Mem:6595.52M (Peak 7481.46M) | Time:00:00.93 | Compositing | Operation 27-156
Fra:1 Mem:6595.52M (Peak 7481.46M) | Time:00:00.97 | Compositing | Operation 28-156
Fra:1 Mem:6595.52M (Peak 7481.46M) | Time:00:00.97 | Compositing | Operation 29-156
Fra:1 Mem:6595.52M (Peak 7481.46M) | Time:00:01.00 | Compositing | Operation 30-156
Fra:1 Mem:6595.52M (Peak 7861.15M) | Time:00:01.55 | Compositing | Operation 31-156
Fra:1 Mem:6595.52M (Peak 7861.15M) | Time:00:01.55 | Compositing | Operation 32-156
Fra:1 Mem:6595.52M (Peak 7861.15M) | Time:00:01.55 | Compositing | Operation 33-156
Fra:1 Mem:6595.52M (Peak 7861.15M) | Time:00:01.58 | Compositing | Operation 34-156
Fra:1 Mem:6595.52M (Peak 7861.15M) | Time:00:01.58 | Compositing | Operation 35-156
Fra:1 Mem:6595.52M (Peak 7861.15M) | Time:00:01.60 | Compositing | Operation 36-156
Fra:1 Mem:6595.52M (Peak 7861.15M) | Time:00:01.60 | Compositing | Operation 37-156
Fra:1 Mem:6595.52M (Peak 7861.15M) | Time:00:01.63 | Compositing | Operation 38-156
Fra:1 Mem:6595.52M (Peak 7861.15M) | Time:00:01.63 | Compositing | Operation 39-156
Fra:1 Mem:6595.52M (Peak 7861.15M) | Time:00:01.66 | Compositing | Operation 40-156
Fra:1 Mem:6595.52M (Peak 7861.15M) | Time:00:01.66 | Compositing | Operation 41-156
Fra:1 Mem:6215.83M (Peak 7861.15M) | Time:00:01.69 | Compositing | Operation 42-156
Fra:1 Mem:6215.83M (Peak 7861.15M) | Time:00:01.72 | Compositing | Operation 43-156
Fra:1 Mem:6215.83M (Peak 7861.15M) | Time:00:01.72 | Compositing | Operation 44-156
Fra:1 Mem:6215.83M (Peak 7861.15M) | Time:00:01.75 | Compositing | Operation 45-156
Fra:1 Mem:6595.52M (Peak 7861.15M) | Time:00:01.81 | Compositing | Operation 46-156
Fra:1 Mem:6975.21M (Peak 7861.15M) | Time:00:01.87 | Compositing | Operation 47-156
Fra:1 Mem:6975.21M (Peak 7861.15M) | Time:00:01.87 | Compositing | Operation 48-156
Fra:1 Mem:6975.21M (Peak 7861.15M) | Time:00:01.90 | Compositing | Operation 49-156
Fra:1 Mem:7354.90M (Peak 7861.15M) | Time:00:01.96 | Compositing | Operation 50-156
Fra:1 Mem:6975.21M (Peak 7861.15M) | Time:00:02.00 | Compositing | Operation 51-156
Fra:1 Mem:6595.52M (Peak 7861.15M) | Time:00:02.05 | Compositing | Operation 52-156
Fra:1 Mem:6975.21M (Peak 7861.15M) | Time:00:02.11 | Compositing | Operation 53-156
Fra:1 Mem:6595.52M (Peak 7861.15M) | Time:00:02.15 | Compositing | Operation 54-156
Fra:1 Mem:6975.21M (Peak 7861.15M) | Time:00:02.22 | Compositing | Operation 55-156
Fra:1 Mem:7354.90M (Peak 7861.15M) | Time:00:02.28 | Compositing | Operation 56-156
Fra:1 Mem:6975.21M (Peak 7861.15M) | Time:00:02.32 | Compositing | Operation 57-156
Fra:1 Mem:7354.90M (Peak 7861.15M) | Time:00:02.39 | Compositing | Operation 58-156
Fra:1 Mem:6975.21M (Peak 7861.15M) | Time:00:02.42 | Compositing | Operation 59-156
Fra:1 Mem:6595.52M (Peak 7861.15M) | Time:00:02.47 | Compositing | Operation 60-156
Fra:1 Mem:6975.21M (Peak 7861.15M) | Time:00:02.54 | Compositing | Operation 61-156
Fra:1 Mem:6595.52M (Peak 7861.15M) | Time:00:02.58 | Compositing | Operation 62-156
Fra:1 Mem:6595.52M (Peak 7861.15M) | Time:00:02.58 | Compositing | Operation 63-156
Fra:1 Mem:6975.21M (Peak 7861.15M) | Time:00:02.64 | Compositing | Operation 64-156
Fra:1 Mem:6975.21M (Peak 7861.15M) | Time:00:02.64 | Compositing | Operation 65-156
Fra:1 Mem:7354.90M (Peak 7861.15M) | Time:00:02.71 | Compositing | Operation 66-156
Fra:1 Mem:6975.21M (Peak 7861.15M) | Time:00:02.75 | Compositing | Operation 67-156
Fra:1 Mem:6975.21M (Peak 7861.15M) | Time:00:02.75 | Compositing | Operation 68-156
Fra:1 Mem:7354.90M (Peak 7861.15M) | Time:00:02.81 | Compositing | Operation 69-156
Fra:1 Mem:7354.90M (Peak 7861.15M) | Time:00:02.95 | Compositing | Operation 70-156
Fra:1 Mem:7354.90M (Peak 7861.15M) | Time:00:03.10 | Compositing | Operation 71-156
Fra:1 Mem:7354.90M (Peak 7861.15M) | Time:00:03.10 | Compositing | Operation 72-156
Fra:1 Mem:7734.58M (Peak 7861.15M) | Time:00:03.17 | Compositing | Operation 73-156
Fra:1 Mem:7734.58M (Peak 8240.83M) | Time:00:03.30 | Compositing | Operation 74-156
Fra:1 Mem:7354.90M (Peak 8240.83M) | Time:00:03.34 | Compositing | Operation 75-156
Fra:1 Mem:6975.21M (Peak 8240.83M) | Time:00:03.38 | Compositing | Operation 76-156
Fra:1 Mem:6975.21M (Peak 8240.83M) | Time:00:03.51 | Compositing | Operation 77-156
Fra:1 Mem:6595.52M (Peak 8240.83M) | Time:00:03.55 | Compositing | Operation 78-156
Fra:1 Mem:6595.52M (Peak 8240.83M) | Time:00:03.63 | Compositing | Operation 79-156
Fra:1 Mem:6595.52M (Peak 8240.83M) | Time:00:03.73 | Compositing | Operation 80-156
Fra:1 Mem:6215.83M (Peak 8240.83M) | Time:00:03.80 | Compositing | Operation 81-156
Fra:1 Mem:6215.83M (Peak 8240.83M) | Time:00:03.90 | Compositing | Operation 82-156
Fra:1 Mem:6722.08M (Peak 8240.83M) | Time:00:03.99 | Compositing | Operation 83-156
Fra:1 Mem:7101.77M (Peak 8240.83M) | Time:00:04.06 | Compositing | Operation 84-156
Fra:1 Mem:7608.02M (Peak 8240.83M) | Time:00:04.14 | Compositing | Operation 85-156
Fra:1 Mem:7987.71M (Peak 8240.83M) | Time:00:04.21 | Compositing | Operation 86-156
Fra:1 Mem:7987.71M (Peak 8240.83M) | Time:00:04.27 | Compositing | Operation 87-156
Fra:1 Mem:8493.96M (Peak 8493.96M) | Time:00:04.34 | Compositing | Operation 88-156
Fra:1 Mem:8873.65M (Peak 9000.21M) | Time:00:04.40 | Compositing | Operation 89-156
Fra:1 Mem:8493.96M (Peak 9000.21M) | Time:00:04.44 | Compositing | Operation 90-156
Fra:1 Mem:8114.27M (Peak 9000.21M) | Time:00:04.47 | Compositing | Operation 91-156
Fra:1 Mem:7734.58M (Peak 9000.21M) | Time:00:04.51 | Compositing | Operation 92-156
Fra:1 Mem:7354.90M (Peak 9000.21M) | Time:00:04.55 | Compositing | Operation 93-156
Fra:1 Mem:7861.15M (Peak 9000.21M) | Time:00:04.62 | Compositing | Operation 94-156
Fra:1 Mem:8240.83M (Peak 9000.21M) | Time:00:04.68 | Compositing | Operation 95-156
Fra:1 Mem:7861.15M (Peak 9000.21M) | Time:00:04.72 | Compositing | Operation 96-156
Fra:1 Mem:7481.46M (Peak 9000.21M) | Time:00:04.76 | Compositing | Operation 97-156
Fra:1 Mem:7481.46M (Peak 9000.21M) | Time:00:04.76 | Compositing | Operation 98-156
Fra:1 Mem:7481.46M (Peak 9000.21M) | Time:00:04.91 | Compositing | Operation 99-156
Fra:1 Mem:7481.46M (Peak 9000.21M) | Time:00:05.05 | Compositing | Operation 100-156
Fra:1 Mem:7481.46M (Peak 9000.21M) | Time:00:05.05 | Compositing | Operation 101-156
Fra:1 Mem:7481.46M (Peak 9000.21M) | Time:00:05.22 | Compositing | Operation 102-156
Fra:1 Mem:7481.46M (Peak 9000.21M) | Time:00:05.38 | Compositing | Operation 103-156
Fra:1 Mem:7101.77M (Peak 9000.21M) | Time:00:05.41 | Compositing | Operation 104-156
Fra:1 Mem:6722.08M (Peak 9000.21M) | Time:00:05.45 | Compositing | Operation 105-156
Fra:1 Mem:6722.08M (Peak 9000.21M) | Time:00:05.45 | Compositing | Operation 106-156
Fra:1 Mem:6722.08M (Peak 9000.21M) | Time:00:05.61 | Compositing | Operation 107-156
Fra:1 Mem:6722.08M (Peak 9000.21M) | Time:00:05.76 | Compositing | Operation 108-156
Fra:1 Mem:6595.52M (Peak 9000.21M) | Time:00:05.79 | Compositing | Operation 109-156
Fra:1 Mem:6468.96M (Peak 9000.21M) | Time:00:05.83 | Compositing | Operation 110-156
Fra:1 Mem:6468.96M (Peak 9000.21M) | Time:00:05.83 | Compositing | Operation 111-156
Fra:1 Mem:6468.96M (Peak 9000.21M) | Time:00:06.00 | Compositing | Operation 112-156
Fra:1 Mem:6468.96M (Peak 9000.21M) | Time:00:06.15 | Compositing | Operation 113-156
Fra:1 Mem:6342.40M (Peak 9000.21M) | Time:00:06.19 | Compositing | Operation 114-156
Fra:1 Mem:6342.40M (Peak 9000.21M) | Time:00:06.19 | Compositing | Operation 115-156
Fra:1 Mem:6722.08M (Peak 9000.21M) | Time:00:06.26 | Compositing | Operation 116-156
Fra:1 Mem:6722.08M (Peak 9000.21M) | Time:00:06.26 | Compositing | Operation 117-156
Fra:1 Mem:7101.77M (Peak 9000.21M) | Time:00:06.31 | Compositing | Operation 118-156
Fra:1 Mem:6975.21M (Peak 9000.21M) | Time:00:06.35 | Compositing | Operation 119-156
Fra:1 Mem:6975.21M (Peak 9000.21M) | Time:00:06.35 | Compositing | Operation 120-156
Fra:1 Mem:7354.90M (Peak 9000.21M) | Time:00:06.42 | Compositing | Operation 121-156
Fra:1 Mem:7354.90M (Peak 9000.21M) | Time:00:06.42 | Compositing | Operation 122-156
Fra:1 Mem:7354.90M (Peak 9000.21M) | Time:00:06.50 | Compositing | Operation 123-156
Fra:1 Mem:7354.90M (Peak 9000.21M) | Time:00:06.50 | Compositing | Operation 124-156
Fra:1 Mem:7354.90M (Peak 9000.21M) | Time:00:06.59 | Compositing | Operation 125-156
Fra:1 Mem:7354.90M (Peak 9000.21M) | Time:00:06.59 | Compositing | Operation 126-156
Fra:1 Mem:7734.58M (Peak 9000.21M) | Time:00:06.65 | Compositing | Operation 127-156
Fra:1 Mem:7734.58M (Peak 9000.21M) | Time:00:06.65 | Compositing | Operation 128-156
Fra:1 Mem:7734.58M (Peak 9000.21M) | Time:00:06.74 | Compositing | Operation 129-156
Fra:1 Mem:7734.58M (Peak 9000.21M) | Time:00:06.81 | Compositing | Operation 130-156
Fra:1 Mem:7734.58M (Peak 9000.21M) | Time:00:06.90 | Compositing | Operation 131-156
Fra:1 Mem:7734.58M (Peak 9000.21M) | Time:00:06.90 | Compositing | Operation 132-156
Fra:1 Mem:7734.58M (Peak 9000.21M) | Time:00:07.01 | Compositing | Operation 133-156
Fra:1 Mem:7734.58M (Peak 9000.21M) | Time:00:07.10 | Compositing | Operation 134-156
Fra:1 Mem:7734.58M (Peak 9000.21M) | Time:00:07.10 | Compositing | Operation 135-156
Fra:1 Mem:7354.90M (Peak 9000.21M) | Time:00:07.15 | Compositing | Operation 136-156
Fra:1 Mem:7354.90M (Peak 9000.21M) | Time:00:07.15 | Compositing | Operation 137-156
Fra:1 Mem:6975.21M (Peak 9000.21M) | Time:00:07.19 | Compositing | Operation 138-156
Fra:1 Mem:6975.21M (Peak 9000.21M) | Time:00:07.29 | Compositing | Operation 139-156
Fra:1 Mem:6975.21M (Peak 9000.21M) | Time:00:07.29 | Compositing | Operation 140-156
Fra:1 Mem:6595.52M (Peak 9000.21M) | Time:00:07.33 | Compositing | Operation 141-156
Fra:1 Mem:6595.52M (Peak 9000.21M) | Time:00:07.33 | Compositing | Operation 142-156
Fra:1 Mem:6595.52M (Peak 9000.21M) | Time:00:07.38 | Compositing | Operation 143-156
Fra:1 Mem:6595.52M (Peak 9000.21M) | Time:00:07.43 | Compositing | Operation 144-156
Fra:1 Mem:6595.52M (Peak 9000.21M) | Time:00:07.43 | Compositing | Operation 145-156
Fra:1 Mem:6215.83M (Peak 9000.21M) | Time:00:07.49 | Compositing | Operation 146-156
Fra:1 Mem:6215.83M (Peak 9000.21M) | Time:00:07.49 | Compositing | Operation 147-156
Fra:1 Mem:6089.27M (Peak 9000.21M) | Time:00:07.54 | Compositing | Operation 148-156
Fra:1 Mem:5962.71M (Peak 9000.21M) | Time:00:07.58 | Compositing | Operation 149-156
Fra:1 Mem:5962.71M (Peak 9000.21M) | Time:00:07.58 | Compositing | Operation 150-156
Fra:1 Mem:5836.15M (Peak 9000.21M) | Time:00:07.63 | Compositing | Operation 151-156
Fra:1 Mem:5709.58M (Peak 9000.21M) | Time:00:07.69 | Compositing | Operation 152-156
Fra:1 Mem:5583.02M (Peak 9000.21M) | Time:00:07.75 | Compositing | Operation 153-156
Fra:1 Mem:5583.02M (Peak 9000.21M) | Time:00:07.75 | Compositing | Operation 154-156
Fra:1 Mem:5583.02M (Peak 9000.21M) | Time:00:07.75 | Compositing | Operation 155-156
Fra:1 Mem:5962.71M (Peak 9000.21M) | Time:00:07.83 | Compositing | Operation 156-156
Fra:1 Mem:6468.96M (Peak 9000.21M) | Time:00:08.10 | Compositing | Operation 157-156
Saved: 'D:\2026 Arboreal Futures\urban-futures\_data-refactored\compositor\outputs\4.10\city_single-state_yr180\base__20260412_131828\base_depth_windowed_internal_refined.png'
Time: 00:10.95 (Saving: 00:02.84)

Fra:1 Mem:5456.33M (Peak 5456.33M) | Time:00:00.00 | Compositing
Fra:1 Mem:5456.33M (Peak 5456.33M) | Time:00:00.01 | Compositing | Initializing execution
Fra:1 Mem:5583.02M (Peak 5583.02M) | Time:00:00.03 | Compositing | Operation 2-156
Fra:1 Mem:5709.58M (Peak 5709.58M) | Time:00:00.11 | Compositing | Operation 3-156
Fra:1 Mem:6089.27M (Peak 6215.83M) | Time:00:00.18 | Compositing | Operation 4-156
Fra:1 Mem:6089.27M (Peak 6215.83M) | Time:00:00.18 | Compositing | Operation 5-156
Fra:1 Mem:6089.27M (Peak 6215.83M) | Time:00:00.18 | Compositing | Operation 6-156
Fra:1 Mem:6215.83M (Peak 6215.83M) | Time:00:00.20 | Compositing | Operation 7-156
Fra:1 Mem:6215.83M (Peak 6215.83M) | Time:00:00.20 | Compositing | Operation 8-156
Fra:1 Mem:6215.83M (Peak 6215.83M) | Time:00:00.20 | Compositing | Operation 9-156
Fra:1 Mem:6215.83M (Peak 6342.40M) | Time:00:00.25 | Compositing | Operation 10-156
Fra:1 Mem:6215.83M (Peak 6342.40M) | Time:00:00.25 | Compositing | Operation 11-156
Fra:1 Mem:6215.83M (Peak 6342.40M) | Time:00:00.25 | Compositing | Operation 12-156
Fra:1 Mem:6215.83M (Peak 7481.46M) | Time:00:00.73 | Compositing | Operation 13-156
Fra:1 Mem:6215.83M (Peak 7481.46M) | Time:00:00.73 | Compositing | Operation 14-156
Fra:1 Mem:6215.83M (Peak 7481.46M) | Time:00:00.73 | Compositing | Operation 15-156
Fra:1 Mem:6342.40M (Peak 7481.46M) | Time:00:00.76 | Compositing | Operation 16-156
Fra:1 Mem:6342.40M (Peak 7481.46M) | Time:00:00.76 | Compositing | Operation 17-156
Fra:1 Mem:6342.40M (Peak 7481.46M) | Time:00:00.76 | Compositing | Operation 18-156
Fra:1 Mem:6468.96M (Peak 7481.46M) | Time:00:00.77 | Compositing | Operation 19-156
Fra:1 Mem:6848.65M (Peak 7481.46M) | Time:00:00.83 | Compositing | Operation 20-156
Fra:1 Mem:6848.65M (Peak 7481.46M) | Time:00:00.83 | Compositing | Operation 21-156
Fra:1 Mem:6848.65M (Peak 7481.46M) | Time:00:00.83 | Compositing | Operation 22-156
Fra:1 Mem:6848.65M (Peak 7481.46M) | Time:00:00.83 | Compositing | Operation 23-156
Fra:1 Mem:6848.65M (Peak 7481.46M) | Time:00:00.83 | Compositing | Operation 24-156
Fra:1 Mem:6975.21M (Peak 7481.46M) | Time:00:00.85 | Compositing | Operation 25-156
Fra:1 Mem:6975.21M (Peak 7481.46M) | Time:00:00.85 | Compositing | Operation 26-156
Fra:1 Mem:6595.52M (Peak 7481.46M) | Time:00:00.89 | Compositing | Operation 27-156
Fra:1 Mem:6595.52M (Peak 7481.46M) | Time:00:00.92 | Compositing | Operation 28-156
Fra:1 Mem:6595.52M (Peak 7481.46M) | Time:00:00.92 | Compositing | Operation 29-156
Fra:1 Mem:6595.52M (Peak 7481.46M) | Time:00:00.95 | Compositing | Operation 30-156
Fra:1 Mem:6595.52M (Peak 7861.15M) | Time:00:01.54 | Compositing | Operation 31-156
Fra:1 Mem:6595.52M (Peak 7861.15M) | Time:00:01.54 | Compositing | Operation 32-156
Fra:1 Mem:6595.52M (Peak 7861.15M) | Time:00:01.54 | Compositing | Operation 33-156
Fra:1 Mem:6595.52M (Peak 7861.15M) | Time:00:01.56 | Compositing | Operation 34-156
Fra:1 Mem:6595.52M (Peak 7861.15M) | Time:00:01.56 | Compositing | Operation 35-156
Fra:1 Mem:6595.52M (Peak 7861.15M) | Time:00:01.59 | Compositing | Operation 36-156
Fra:1 Mem:6595.52M (Peak 7861.15M) | Time:00:01.59 | Compositing | Operation 37-156
Fra:1 Mem:6595.52M (Peak 7861.15M) | Time:00:01.62 | Compositing | Operation 38-156
Fra:1 Mem:6595.52M (Peak 7861.15M) | Time:00:01.62 | Compositing | Operation 39-156
Fra:1 Mem:6595.52M (Peak 7861.15M) | Time:00:01.65 | Compositing | Operation 40-156
Fra:1 Mem:6595.52M (Peak 7861.15M) | Time:00:01.65 | Compositing | Operation 41-156
Fra:1 Mem:6215.83M (Peak 7861.15M) | Time:00:01.69 | Compositing | Operation 42-156
Fra:1 Mem:6215.83M (Peak 7861.15M) | Time:00:01.72 | Compositing | Operation 43-156
Fra:1 Mem:6215.83M (Peak 7861.15M) | Time:00:01.72 | Compositing | Operation 44-156
Fra:1 Mem:6215.83M (Peak 7861.15M) | Time:00:01.75 | Compositing | Operation 45-156
Fra:1 Mem:6595.52M (Peak 7861.15M) | Time:00:01.80 | Compositing | Operation 46-156
Fra:1 Mem:6975.21M (Peak 7861.15M) | Time:00:01.86 | Compositing | Operation 47-156
Fra:1 Mem:6975.21M (Peak 7861.15M) | Time:00:01.86 | Compositing | Operation 48-156
Fra:1 Mem:6975.21M (Peak 7861.15M) | Time:00:01.89 | Compositing | Operation 49-156
Fra:1 Mem:7354.90M (Peak 7861.15M) | Time:00:01.96 | Compositing | Operation 50-156
Fra:1 Mem:6975.21M (Peak 7861.15M) | Time:00:01.99 | Compositing | Operation 51-156
Fra:1 Mem:6595.52M (Peak 7861.15M) | Time:00:02.03 | Compositing | Operation 52-156
Fra:1 Mem:6975.21M (Peak 7861.15M) | Time:00:02.10 | Compositing | Operation 53-156
Fra:1 Mem:6595.52M (Peak 7861.15M) | Time:00:02.13 | Compositing | Operation 54-156
Fra:1 Mem:6975.21M (Peak 7861.15M) | Time:00:02.20 | Compositing | Operation 55-156
Fra:1 Mem:7354.90M (Peak 7861.15M) | Time:00:02.27 | Compositing | Operation 56-156
Fra:1 Mem:6975.21M (Peak 7861.15M) | Time:00:02.31 | Compositing | Operation 57-156
Fra:1 Mem:7354.90M (Peak 7861.15M) | Time:00:02.37 | Compositing | Operation 58-156
Fra:1 Mem:6975.21M (Peak 7861.15M) | Time:00:02.41 | Compositing | Operation 59-156
Fra:1 Mem:6595.52M (Peak 7861.15M) | Time:00:02.45 | Compositing | Operation 60-156
Fra:1 Mem:6975.21M (Peak 7861.15M) | Time:00:02.52 | Compositing | Operation 61-156
Fra:1 Mem:6595.52M (Peak 7861.15M) | Time:00:02.56 | Compositing | Operation 62-156
Fra:1 Mem:6595.52M (Peak 7861.15M) | Time:00:02.56 | Compositing | Operation 63-156
Fra:1 Mem:6975.21M (Peak 7861.15M) | Time:00:02.61 | Compositing | Operation 64-156
Fra:1 Mem:6975.21M (Peak 7861.15M) | Time:00:02.61 | Compositing | Operation 65-156
Fra:1 Mem:7354.90M (Peak 7861.15M) | Time:00:02.66 | Compositing | Operation 66-156
Fra:1 Mem:6975.21M (Peak 7861.15M) | Time:00:02.70 | Compositing | Operation 67-156
Fra:1 Mem:6975.21M (Peak 7861.15M) | Time:00:02.70 | Compositing | Operation 68-156
Fra:1 Mem:7354.90M (Peak 7861.15M) | Time:00:02.77 | Compositing | Operation 69-156
Fra:1 Mem:7354.90M (Peak 7861.15M) | Time:00:02.89 | Compositing | Operation 70-156
Fra:1 Mem:7354.90M (Peak 7861.15M) | Time:00:03.03 | Compositing | Operation 71-156
Fra:1 Mem:7354.90M (Peak 7861.15M) | Time:00:03.03 | Compositing | Operation 72-156
Fra:1 Mem:7734.58M (Peak 7861.15M) | Time:00:03.09 | Compositing | Operation 73-156
Fra:1 Mem:7734.58M (Peak 8240.83M) | Time:00:03.23 | Compositing | Operation 74-156
Fra:1 Mem:7354.90M (Peak 8240.83M) | Time:00:03.27 | Compositing | Operation 75-156
Fra:1 Mem:6975.21M (Peak 8240.83M) | Time:00:03.31 | Compositing | Operation 76-156
Fra:1 Mem:6975.21M (Peak 8240.83M) | Time:00:03.45 | Compositing | Operation 77-156
Fra:1 Mem:6595.52M (Peak 8240.83M) | Time:00:03.49 | Compositing | Operation 78-156
Fra:1 Mem:6595.52M (Peak 8240.83M) | Time:00:03.56 | Compositing | Operation 79-156
Fra:1 Mem:6595.52M (Peak 8240.83M) | Time:00:03.67 | Compositing | Operation 80-156
Fra:1 Mem:6215.83M (Peak 8240.83M) | Time:00:03.73 | Compositing | Operation 81-156
Fra:1 Mem:6215.83M (Peak 8240.83M) | Time:00:03.80 | Compositing | Operation 82-156
Fra:1 Mem:6722.08M (Peak 8240.83M) | Time:00:03.88 | Compositing | Operation 83-156
Fra:1 Mem:7101.77M (Peak 8240.83M) | Time:00:03.95 | Compositing | Operation 84-156
Fra:1 Mem:7608.02M (Peak 8240.83M) | Time:00:04.01 | Compositing | Operation 85-156
Fra:1 Mem:7987.71M (Peak 8240.83M) | Time:00:04.06 | Compositing | Operation 86-156
Fra:1 Mem:7987.71M (Peak 8240.83M) | Time:00:04.13 | Compositing | Operation 87-156
Fra:1 Mem:8493.96M (Peak 8493.96M) | Time:00:04.20 | Compositing | Operation 88-156
Fra:1 Mem:8873.65M (Peak 9000.21M) | Time:00:04.26 | Compositing | Operation 89-156
Fra:1 Mem:8493.96M (Peak 9000.21M) | Time:00:04.30 | Compositing | Operation 90-156
Fra:1 Mem:8114.27M (Peak 9000.21M) | Time:00:04.33 | Compositing | Operation 91-156
Fra:1 Mem:7734.58M (Peak 9000.21M) | Time:00:04.37 | Compositing | Operation 92-156
Fra:1 Mem:7354.90M (Peak 9000.21M) | Time:00:04.41 | Compositing | Operation 93-156
Fra:1 Mem:7861.15M (Peak 9000.21M) | Time:00:04.46 | Compositing | Operation 94-156
Fra:1 Mem:8240.83M (Peak 9000.21M) | Time:00:04.52 | Compositing | Operation 95-156
Fra:1 Mem:7861.15M (Peak 9000.21M) | Time:00:04.55 | Compositing | Operation 96-156
Fra:1 Mem:7481.46M (Peak 9000.21M) | Time:00:04.60 | Compositing | Operation 97-156
Fra:1 Mem:7481.46M (Peak 9000.21M) | Time:00:04.60 | Compositing | Operation 98-156
Fra:1 Mem:7481.46M (Peak 9000.21M) | Time:00:04.76 | Compositing | Operation 99-156
Fra:1 Mem:7481.46M (Peak 9000.21M) | Time:00:04.92 | Compositing | Operation 100-156
Fra:1 Mem:7481.46M (Peak 9000.21M) | Time:00:04.92 | Compositing | Operation 101-156
Fra:1 Mem:7481.46M (Peak 9000.21M) | Time:00:05.08 | Compositing | Operation 102-156
Fra:1 Mem:7481.46M (Peak 9000.21M) | Time:00:05.24 | Compositing | Operation 103-156
Fra:1 Mem:7101.77M (Peak 9000.21M) | Time:00:05.27 | Compositing | Operation 104-156
Fra:1 Mem:6722.08M (Peak 9000.21M) | Time:00:05.31 | Compositing | Operation 105-156
Fra:1 Mem:6722.08M (Peak 9000.21M) | Time:00:05.31 | Compositing | Operation 106-156
Fra:1 Mem:6722.08M (Peak 9000.21M) | Time:00:05.46 | Compositing | Operation 107-156
Fra:1 Mem:6722.08M (Peak 9000.21M) | Time:00:05.61 | Compositing | Operation 108-156
Fra:1 Mem:6595.52M (Peak 9000.21M) | Time:00:05.64 | Compositing | Operation 109-156
Fra:1 Mem:6468.96M (Peak 9000.21M) | Time:00:05.68 | Compositing | Operation 110-156
Fra:1 Mem:6468.96M (Peak 9000.21M) | Time:00:05.68 | Compositing | Operation 111-156
Fra:1 Mem:6468.96M (Peak 9000.21M) | Time:00:05.82 | Compositing | Operation 112-156
Fra:1 Mem:6468.96M (Peak 9000.21M) | Time:00:05.96 | Compositing | Operation 113-156
Fra:1 Mem:6342.40M (Peak 9000.21M) | Time:00:06.00 | Compositing | Operation 114-156
Fra:1 Mem:6342.40M (Peak 9000.21M) | Time:00:06.00 | Compositing | Operation 115-156
Fra:1 Mem:6722.08M (Peak 9000.21M) | Time:00:06.05 | Compositing | Operation 116-156
Fra:1 Mem:6722.08M (Peak 9000.21M) | Time:00:06.05 | Compositing | Operation 117-156
Fra:1 Mem:7101.77M (Peak 9000.21M) | Time:00:06.11 | Compositing | Operation 118-156
Fra:1 Mem:6975.21M (Peak 9000.21M) | Time:00:06.13 | Compositing | Operation 119-156
Fra:1 Mem:6975.21M (Peak 9000.21M) | Time:00:06.13 | Compositing | Operation 120-156
Fra:1 Mem:7354.90M (Peak 9000.21M) | Time:00:06.19 | Compositing | Operation 121-156
Fra:1 Mem:7354.90M (Peak 9000.21M) | Time:00:06.19 | Compositing | Operation 122-156
Fra:1 Mem:7354.90M (Peak 9000.21M) | Time:00:06.27 | Compositing | Operation 123-156
Fra:1 Mem:7354.90M (Peak 9000.21M) | Time:00:06.27 | Compositing | Operation 124-156
Fra:1 Mem:7354.90M (Peak 9000.21M) | Time:00:06.34 | Compositing | Operation 125-156
Fra:1 Mem:7354.90M (Peak 9000.21M) | Time:00:06.34 | Compositing | Operation 126-156
Fra:1 Mem:7734.58M (Peak 9000.21M) | Time:00:06.40 | Compositing | Operation 127-156
Fra:1 Mem:7734.58M (Peak 9000.21M) | Time:00:06.40 | Compositing | Operation 128-156
Fra:1 Mem:7734.58M (Peak 9000.21M) | Time:00:06.48 | Compositing | Operation 129-156
Fra:1 Mem:7734.58M (Peak 9000.21M) | Time:00:06.55 | Compositing | Operation 130-156
Fra:1 Mem:7734.58M (Peak 9000.21M) | Time:00:06.63 | Compositing | Operation 131-156
Fra:1 Mem:7734.58M (Peak 9000.21M) | Time:00:06.63 | Compositing | Operation 132-156
Fra:1 Mem:7734.58M (Peak 9000.21M) | Time:00:06.71 | Compositing | Operation 133-156
Fra:1 Mem:7734.58M (Peak 9000.21M) | Time:00:06.79 | Compositing | Operation 134-156
Fra:1 Mem:7734.58M (Peak 9000.21M) | Time:00:06.79 | Compositing | Operation 135-156
Fra:1 Mem:7354.90M (Peak 9000.21M) | Time:00:06.83 | Compositing | Operation 136-156
Fra:1 Mem:7354.90M (Peak 9000.21M) | Time:00:06.83 | Compositing | Operation 137-156
Fra:1 Mem:6975.21M (Peak 9000.21M) | Time:00:06.87 | Compositing | Operation 138-156
Fra:1 Mem:6975.21M (Peak 9000.21M) | Time:00:06.97 | Compositing | Operation 139-156
Fra:1 Mem:6975.21M (Peak 9000.21M) | Time:00:06.97 | Compositing | Operation 140-156
Fra:1 Mem:6595.52M (Peak 9000.21M) | Time:00:07.03 | Compositing | Operation 141-156
Fra:1 Mem:6595.52M (Peak 9000.21M) | Time:00:07.03 | Compositing | Operation 142-156
Fra:1 Mem:6595.52M (Peak 9000.21M) | Time:00:07.07 | Compositing | Operation 143-156
Fra:1 Mem:6595.52M (Peak 9000.21M) | Time:00:07.12 | Compositing | Operation 144-156
Fra:1 Mem:6595.52M (Peak 9000.21M) | Time:00:07.12 | Compositing | Operation 145-156
Fra:1 Mem:6215.83M (Peak 9000.21M) | Time:00:07.17 | Compositing | Operation 146-156
Fra:1 Mem:6215.83M (Peak 9000.21M) | Time:00:07.17 | Compositing | Operation 147-156
Fra:1 Mem:6089.27M (Peak 9000.21M) | Time:00:07.21 | Compositing | Operation 148-156
Fra:1 Mem:5962.71M (Peak 9000.21M) | Time:00:07.25 | Compositing | Operation 149-156
Fra:1 Mem:5962.71M (Peak 9000.21M) | Time:00:07.25 | Compositing | Operation 150-156
Fra:1 Mem:5836.15M (Peak 9000.21M) | Time:00:07.30 | Compositing | Operation 151-156
Fra:1 Mem:5709.58M (Peak 9000.21M) | Time:00:07.35 | Compositing | Operation 152-156
Fra:1 Mem:5583.02M (Peak 9000.21M) | Time:00:07.40 | Compositing | Operation 153-156
Fra:1 Mem:5583.02M (Peak 9000.21M) | Time:00:07.40 | Compositing | Operation 154-156
Fra:1 Mem:5583.02M (Peak 9000.21M) | Time:00:07.40 | Compositing | Operation 155-156
Fra:1 Mem:5962.71M (Peak 9000.21M) | Time:00:07.47 | Compositing | Operation 156-156
Fra:1 Mem:6468.96M (Peak 9000.21M) | Time:00:07.75 | Compositing | Operation 157-156
Saved: 'D:\2026 Arboreal Futures\urban-futures\_data-refactored\compositor\outputs\4.10\city_single-state_yr180\base__20260412_131828\base_depth_windowed_internal_dense.png'
Time: 00:10.49 (Saving: 00:02.73)

Fra:1 Mem:5456.33M (Peak 5456.33M) | Time:00:00.00 | Compositing
Fra:1 Mem:5456.33M (Peak 5456.33M) | Time:00:00.01 | Compositing | Initializing execution
Fra:1 Mem:5582.99M (Peak 5582.99M) | Time:00:00.03 | Compositing | Operation 2-120
Fra:1 Mem:5709.55M (Peak 5709.55M) | Time:00:00.10 | Compositing | Operation 3-120
Fra:1 Mem:5709.55M (Peak 5836.12M) | Time:00:00.17 | Compositing | Operation 4-120
Fra:1 Mem:6089.24M (Peak 6215.80M) | Time:00:00.24 | Compositing | Operation 5-120
Fra:1 Mem:6089.24M (Peak 6215.80M) | Time:00:00.24 | Compositing | Operation 6-120
Fra:1 Mem:6089.24M (Peak 6215.80M) | Time:00:00.24 | Compositing | Operation 7-120
Fra:1 Mem:6215.80M (Peak 6215.80M) | Time:00:00.26 | Compositing | Operation 8-120
Fra:1 Mem:6215.80M (Peak 6215.80M) | Time:00:00.26 | Compositing | Operation 9-120
Fra:1 Mem:6215.80M (Peak 6215.80M) | Time:00:00.26 | Compositing | Operation 10-120
Fra:1 Mem:6595.49M (Peak 6722.05M) | Time:00:00.33 | Compositing | Operation 11-120
Fra:1 Mem:6595.49M (Peak 6722.05M) | Time:00:00.33 | Compositing | Operation 12-120
Fra:1 Mem:6595.49M (Peak 6722.05M) | Time:00:00.33 | Compositing | Operation 13-120
Fra:1 Mem:6595.49M (Peak 7861.12M) | Time:00:00.87 | Compositing | Operation 14-120
Fra:1 Mem:6595.49M (Peak 7861.12M) | Time:00:00.87 | Compositing | Operation 15-120
Fra:1 Mem:6595.49M (Peak 7861.12M) | Time:00:00.87 | Compositing | Operation 16-120
Fra:1 Mem:6722.05M (Peak 7861.12M) | Time:00:00.89 | Compositing | Operation 17-120
Fra:1 Mem:6722.05M (Peak 7861.12M) | Time:00:00.89 | Compositing | Operation 18-120
Fra:1 Mem:6722.05M (Peak 7861.12M) | Time:00:00.89 | Compositing | Operation 19-120
Fra:1 Mem:6848.62M (Peak 7861.12M) | Time:00:00.91 | Compositing | Operation 20-120
Fra:1 Mem:6848.62M (Peak 8114.24M) | Time:00:01.45 | Compositing | Operation 21-120
Fra:1 Mem:6848.62M (Peak 8114.24M) | Time:00:01.46 | Compositing | Operation 22-120
Fra:1 Mem:6848.62M (Peak 8114.24M) | Time:00:01.46 | Compositing | Operation 23-120
Fra:1 Mem:6848.62M (Peak 8114.24M) | Time:00:01.48 | Compositing | Operation 24-120
Fra:1 Mem:6848.62M (Peak 8114.24M) | Time:00:01.48 | Compositing | Operation 25-120
Fra:1 Mem:6468.93M (Peak 8114.24M) | Time:00:01.52 | Compositing | Operation 26-120
Fra:1 Mem:6468.93M (Peak 8114.24M) | Time:00:01.55 | Compositing | Operation 27-120
Fra:1 Mem:6468.93M (Peak 8114.24M) | Time:00:01.55 | Compositing | Operation 28-120
Fra:1 Mem:6468.93M (Peak 8114.24M) | Time:00:01.57 | Compositing | Operation 29-120
Fra:1 Mem:6468.93M (Peak 8114.24M) | Time:00:01.57 | Compositing | Operation 30-120
Fra:1 Mem:6089.24M (Peak 8114.24M) | Time:00:01.61 | Compositing | Operation 31-120
Fra:1 Mem:6089.24M (Peak 8114.24M) | Time:00:01.64 | Compositing | Operation 32-120
Fra:1 Mem:6089.24M (Peak 8114.24M) | Time:00:01.64 | Compositing | Operation 33-120
Fra:1 Mem:6089.24M (Peak 8114.24M) | Time:00:01.67 | Compositing | Operation 34-120
Fra:1 Mem:6089.24M (Peak 8114.24M) | Time:00:01.67 | Compositing | Operation 35-120
Fra:1 Mem:6089.24M (Peak 8114.24M) | Time:00:01.69 | Compositing | Operation 36-120
Fra:1 Mem:6089.24M (Peak 8114.24M) | Time:00:01.69 | Compositing | Operation 37-120
Fra:1 Mem:6089.24M (Peak 8114.24M) | Time:00:01.72 | Compositing | Operation 38-120
Fra:1 Mem:6468.93M (Peak 8114.24M) | Time:00:01.78 | Compositing | Operation 39-120
Fra:1 Mem:6848.62M (Peak 8114.24M) | Time:00:01.84 | Compositing | Operation 40-120
Fra:1 Mem:7228.30M (Peak 8114.24M) | Time:00:01.90 | Compositing | Operation 41-120
Fra:1 Mem:6848.62M (Peak 8114.24M) | Time:00:01.94 | Compositing | Operation 42-120
Fra:1 Mem:6468.93M (Peak 8114.24M) | Time:00:01.98 | Compositing | Operation 43-120
Fra:1 Mem:6089.24M (Peak 8114.24M) | Time:00:02.03 | Compositing | Operation 44-120
Fra:1 Mem:6468.93M (Peak 8114.24M) | Time:00:02.09 | Compositing | Operation 45-120
Fra:1 Mem:6848.62M (Peak 8114.24M) | Time:00:02.15 | Compositing | Operation 46-120
Fra:1 Mem:7228.30M (Peak 8114.24M) | Time:00:02.21 | Compositing | Operation 47-120
Fra:1 Mem:6848.62M (Peak 8114.24M) | Time:00:02.25 | Compositing | Operation 48-120
Fra:1 Mem:6468.93M (Peak 8114.24M) | Time:00:02.29 | Compositing | Operation 49-120
Fra:1 Mem:6089.24M (Peak 8114.24M) | Time:00:02.33 | Compositing | Operation 50-120
Fra:1 Mem:6089.24M (Peak 8114.24M) | Time:00:02.33 | Compositing | Operation 51-120
Fra:1 Mem:6468.93M (Peak 8114.24M) | Time:00:02.41 | Compositing | Operation 52-120
Fra:1 Mem:6468.93M (Peak 8114.24M) | Time:00:02.41 | Compositing | Operation 53-120
Fra:1 Mem:6848.62M (Peak 8114.24M) | Time:00:02.48 | Compositing | Operation 54-120
Fra:1 Mem:6848.62M (Peak 8114.24M) | Time:00:02.48 | Compositing | Operation 55-120
Fra:1 Mem:7228.30M (Peak 8114.24M) | Time:00:02.55 | Compositing | Operation 56-120
Fra:1 Mem:7228.30M (Peak 8114.24M) | Time:00:02.68 | Compositing | Operation 57-120
Fra:1 Mem:7228.30M (Peak 8114.24M) | Time:00:02.80 | Compositing | Operation 58-120
Fra:1 Mem:7228.30M (Peak 8114.24M) | Time:00:02.92 | Compositing | Operation 59-120
Fra:1 Mem:6848.62M (Peak 8114.24M) | Time:00:02.96 | Compositing | Operation 60-120
Fra:1 Mem:6468.93M (Peak 8114.24M) | Time:00:03.00 | Compositing | Operation 61-120
Fra:1 Mem:6089.24M (Peak 8114.24M) | Time:00:03.05 | Compositing | Operation 62-120
Fra:1 Mem:6089.24M (Peak 8114.24M) | Time:00:03.14 | Compositing | Operation 63-120
Fra:1 Mem:6089.24M (Peak 8114.24M) | Time:00:03.22 | Compositing | Operation 64-120
Fra:1 Mem:6089.24M (Peak 8114.24M) | Time:00:03.30 | Compositing | Operation 65-120
Fra:1 Mem:6595.49M (Peak 8114.24M) | Time:00:03.37 | Compositing | Operation 66-120
Fra:1 Mem:6975.18M (Peak 8114.24M) | Time:00:03.45 | Compositing | Operation 67-120
Fra:1 Mem:7481.43M (Peak 8114.24M) | Time:00:03.51 | Compositing | Operation 68-120
Fra:1 Mem:7861.12M (Peak 8114.24M) | Time:00:03.58 | Compositing | Operation 69-120
Fra:1 Mem:8367.37M (Peak 8367.37M) | Time:00:03.63 | Compositing | Operation 70-120
Fra:1 Mem:8747.05M (Peak 8873.62M) | Time:00:03.69 | Compositing | Operation 71-120
Fra:1 Mem:8367.37M (Peak 8873.62M) | Time:00:03.73 | Compositing | Operation 72-120
Fra:1 Mem:7987.68M (Peak 8873.62M) | Time:00:03.77 | Compositing | Operation 73-120
Fra:1 Mem:7607.99M (Peak 8873.62M) | Time:00:03.81 | Compositing | Operation 74-120
Fra:1 Mem:7228.30M (Peak 8873.62M) | Time:00:03.85 | Compositing | Operation 75-120
Fra:1 Mem:6848.62M (Peak 8873.62M) | Time:00:03.90 | Compositing | Operation 76-120
Fra:1 Mem:6468.93M (Peak 8873.62M) | Time:00:03.96 | Compositing | Operation 77-120
Fra:1 Mem:6468.93M (Peak 8873.62M) | Time:00:03.96 | Compositing | Operation 78-120
Fra:1 Mem:6468.93M (Peak 8873.62M) | Time:00:04.13 | Compositing | Operation 79-120
Fra:1 Mem:6468.93M (Peak 8873.62M) | Time:00:04.30 | Compositing | Operation 80-120
Fra:1 Mem:6468.93M (Peak 8873.62M) | Time:00:04.30 | Compositing | Operation 81-120
Fra:1 Mem:6468.93M (Peak 8873.62M) | Time:00:04.46 | Compositing | Operation 82-120
Fra:1 Mem:6468.93M (Peak 8873.62M) | Time:00:04.63 | Compositing | Operation 83-120
Fra:1 Mem:6468.93M (Peak 8873.62M) | Time:00:04.63 | Compositing | Operation 84-120
Fra:1 Mem:6468.93M (Peak 8873.62M) | Time:00:04.79 | Compositing | Operation 85-120
Fra:1 Mem:6468.93M (Peak 8873.62M) | Time:00:04.94 | Compositing | Operation 86-120
Fra:1 Mem:6342.37M (Peak 8873.62M) | Time:00:04.99 | Compositing | Operation 87-120
Fra:1 Mem:6215.80M (Peak 8873.62M) | Time:00:05.04 | Compositing | Operation 88-120
Fra:1 Mem:6089.24M (Peak 8873.62M) | Time:00:05.09 | Compositing | Operation 89-120
Fra:1 Mem:6089.24M (Peak 8873.62M) | Time:00:05.09 | Compositing | Operation 90-120
Fra:1 Mem:6468.93M (Peak 8873.62M) | Time:00:05.17 | Compositing | Operation 91-120
Fra:1 Mem:6468.93M (Peak 8873.62M) | Time:00:05.17 | Compositing | Operation 92-120
Fra:1 Mem:6848.62M (Peak 8873.62M) | Time:00:05.24 | Compositing | Operation 93-120
Fra:1 Mem:6848.62M (Peak 8873.62M) | Time:00:05.24 | Compositing | Operation 94-120
Fra:1 Mem:7228.30M (Peak 8873.62M) | Time:00:05.31 | Compositing | Operation 95-120
Fra:1 Mem:7228.30M (Peak 8873.62M) | Time:00:05.31 | Compositing | Operation 96-120
Fra:1 Mem:7228.30M (Peak 8873.62M) | Time:00:05.40 | Compositing | Operation 97-120
Fra:1 Mem:7228.30M (Peak 8873.62M) | Time:00:05.40 | Compositing | Operation 98-120
Fra:1 Mem:7228.30M (Peak 8873.62M) | Time:00:05.51 | Compositing | Operation 99-120
Fra:1 Mem:7228.30M (Peak 8873.62M) | Time:00:05.51 | Compositing | Operation 100-120
Fra:1 Mem:7228.30M (Peak 8873.62M) | Time:00:05.59 | Compositing | Operation 101-120
Fra:1 Mem:7228.30M (Peak 8873.62M) | Time:00:05.68 | Compositing | Operation 102-120
Fra:1 Mem:7228.30M (Peak 8873.62M) | Time:00:05.76 | Compositing | Operation 103-120
Fra:1 Mem:7228.30M (Peak 8873.62M) | Time:00:05.85 | Compositing | Operation 104-120
Fra:1 Mem:7228.30M (Peak 8873.62M) | Time:00:05.85 | Compositing | Operation 105-120
Fra:1 Mem:6848.62M (Peak 8873.62M) | Time:00:05.89 | Compositing | Operation 106-120
Fra:1 Mem:6848.62M (Peak 8873.62M) | Time:00:05.89 | Compositing | Operation 107-120
Fra:1 Mem:6468.93M (Peak 8873.62M) | Time:00:05.93 | Compositing | Operation 108-120
Fra:1 Mem:6468.93M (Peak 8873.62M) | Time:00:05.93 | Compositing | Operation 109-120
Fra:1 Mem:6089.24M (Peak 8873.62M) | Time:00:05.98 | Compositing | Operation 110-120
Fra:1 Mem:6089.24M (Peak 8873.62M) | Time:00:05.98 | Compositing | Operation 111-120
Fra:1 Mem:6089.24M (Peak 8873.62M) | Time:00:06.02 | Compositing | Operation 112-120
Fra:1 Mem:5962.68M (Peak 8873.62M) | Time:00:06.06 | Compositing | Operation 113-120
Fra:1 Mem:5962.68M (Peak 8873.62M) | Time:00:06.06 | Compositing | Operation 114-120
Fra:1 Mem:5836.12M (Peak 8873.62M) | Time:00:06.10 | Compositing | Operation 115-120
Fra:1 Mem:5709.55M (Peak 8873.62M) | Time:00:06.14 | Compositing | Operation 116-120
Fra:1 Mem:5582.99M (Peak 8873.62M) | Time:00:06.18 | Compositing | Operation 117-120
Fra:1 Mem:5582.99M (Peak 8873.62M) | Time:00:06.18 | Compositing | Operation 118-120
Fra:1 Mem:5582.99M (Peak 8873.62M) | Time:00:06.18 | Compositing | Operation 119-120
Fra:1 Mem:5962.68M (Peak 8873.62M) | Time:00:06.25 | Compositing | Operation 120-120
Fra:1 Mem:6468.93M (Peak 8873.62M) | Time:00:06.61 | Compositing | Operation 121-120
Saved: 'D:\2026 Arboreal Futures\urban-futures\_data-refactored\compositor\outputs\4.10\city_single-state_yr180\base__20260412_131828\base_depth_windowed_balanced_dense.png'
Time: 00:09.43 (Saving: 00:02.81)

Info: Saved "compositor_base__city_single-state_yr180__4.10__20260412_131828.blend"
[render_edge_lab_current_base] Wrote D:\2026 Arboreal Futures\urban-futures\_data-refactored\compositor\outputs\4.10\city_single-state_yr180\base__20260412_131828\base_rgb.png
[render_edge_lab_current_base] Wrote D:\2026 Arboreal Futures\urban-futures\_data-refactored\compositor\outputs\4.10\city_single-state_yr180\base__20260412_131828\base_outlines.png
[render_edge_lab_current_base] Wrote D:\2026 Arboreal Futures\urban-futures\_data-refactored\compositor\outputs\4.10\city_single-state_yr180\base__20260412_131828\base_sim-turns.png
[render_edge_lab_current_base] Wrote D:\2026 Arboreal Futures\urban-futures\_data-refactored\compositor\outputs\4.10\city_single-state_yr180\base__20260412_131828\base_sim-nodes.png
[render_edge_lab_current_base] Wrote D:\2026 Arboreal Futures\urban-futures\_data-refactored\compositor\outputs\4.10\city_single-state_yr180\base__20260412_131828\base_sim-turns_ripple-effect.png
[render_edge_lab_current_base] Wrote D:\2026 Arboreal Futures\urban-futures\_data-refactored\compositor\outputs\4.10\city_single-state_yr180\base__20260412_131828\base_depth_windowed_balanced_refined.png
[render_edge_lab_current_base] Wrote D:\2026 Arboreal Futures\urban-futures\_data-refactored\compositor\outputs\4.10\city_single-state_yr180\base__20260412_131828\base_depth_windowed_internal_refined.png
[render_edge_lab_current_base] Wrote D:\2026 Arboreal Futures\urban-futures\_data-refactored\compositor\outputs\4.10\city_single-state_yr180\base__20260412_131828\base_depth_windowed_internal_dense.png
[render_edge_lab_current_base] Wrote D:\2026 Arboreal Futures\urban-futures\_data-refactored\compositor\outputs\4.10\city_single-state_yr180\base__20260412_131828\base_depth_windowed_balanced_dense.png
Info: Saved "compositor_base__city_single-state_yr180__4.10__20260412_131828.blend"

Blender quit
