Blender 4.2.19 LTS (hash 12a2dfa84963 built 2026-03-17 01:34:28)
Read blend: "D:\2026 Arboreal Futures\urban-futures\_data-refactored\compositor\temp_blends\template_instantiations\compositor_base__city_single-state_yr180__4.10__20260412_104824.blend"
Fra:1 Mem:5456.32M (Peak 5456.32M) | Time:00:00.00 | Compositing
Fra:1 Mem:5456.33M (Peak 5456.33M) | Time:00:00.01 | Compositing | Initializing execution
Fra:1 Mem:5456.33M (Peak 5456.33M) | Time:00:00.01 | Compositing | Operation 2-6
Fra:1 Mem:5456.33M (Peak 5456.33M) | Time:00:00.01 | Compositing | Operation 3-6
Fra:1 Mem:5962.64M (Peak 5962.64M) | Time:00:00.03 | Compositing | Operation 4-6
Fra:1 Mem:5962.64M (Peak 5962.64M) | Time:00:00.03 | Compositing | Operation 5-6
Fra:1 Mem:5582.95M (Peak 6089.20M) | Time:00:00.06 | Compositing | Operation 6-6
Fra:1 Mem:5709.52M (Peak 6089.20M) | Time:00:00.23 | Compositing | Operation 7-6
Saved: 'D:\2026 Arboreal Futures\urban-futures\_data-refactored\compositor\outputs\4.10\city_single-state_yr180\base__20260412_104824\base_rgb.png'
Time: 00:01.69 (Saving: 00:01.45)

Fra:1 Mem:5456.33M (Peak 5456.33M) | Time:00:00.00 | Compositing
Fra:1 Mem:5456.33M (Peak 5456.33M) | Time:00:00.00 | Compositing | Initializing execution
Fra:1 Mem:5582.96M (Peak 5582.96M) | Time:00:00.03 | Compositing | Operation 2-15
Fra:1 Mem:5582.96M (Peak 5709.52M) | Time:00:00.08 | Compositing | Operation 3-15
Fra:1 Mem:5582.96M (Peak 5709.52M) | Time:00:00.08 | Compositing | Operation 4-15
Fra:1 Mem:5962.64M (Peak 6089.21M) | Time:00:00.11 | Compositing | Operation 5-15
Fra:1 Mem:5962.64M (Peak 6468.89M) | Time:00:00.17 | Compositing | Operation 6-15
Fra:1 Mem:5582.96M (Peak 6468.89M) | Time:00:00.20 | Compositing | Operation 7-15
Fra:1 Mem:5962.64M (Peak 6468.89M) | Time:00:00.24 | Compositing | Operation 8-15
Fra:1 Mem:5962.64M (Peak 6468.89M) | Time:00:00.24 | Compositing | Operation 9-15
Fra:1 Mem:5962.64M (Peak 6468.89M) | Time:00:00.24 | Compositing | Operation 10-15
Fra:1 Mem:5582.96M (Peak 6468.89M) | Time:00:00.26 | Compositing | Operation 11-15
Fra:1 Mem:5488.03M (Peak 6468.89M) | Time:00:00.27 | Compositing | Operation 12-15
Fra:1 Mem:5488.03M (Peak 6468.89M) | Time:00:00.27 | Compositing | Operation 13-15
Fra:1 Mem:5488.03M (Peak 6468.89M) | Time:00:00.27 | Compositing | Operation 14-15
Fra:1 Mem:5582.96M (Peak 6468.89M) | Time:00:00.29 | Compositing | Operation 15-15
Fra:1 Mem:5709.52M (Peak 6468.89M) | Time:00:00.37 | Compositing | Operation 16-15
Saved: 'D:\2026 Arboreal Futures\urban-futures\_data-refactored\compositor\outputs\4.10\city_single-state_yr180\base__20260412_104824\base_outlines.png'
Time: 00:01.22 (Saving: 00:00.84)

Fra:1 Mem:5456.33M (Peak 5456.33M) | Time:00:00.00 | Compositing
Fra:1 Mem:5456.33M (Peak 5456.33M) | Time:00:00.00 | Compositing | Initializing execution
Fra:1 Mem:5582.96M (Peak 5582.96M) | Time:00:00.04 | Compositing | Operation 2-12
Fra:1 Mem:5582.96M (Peak 5582.96M) | Time:00:00.04 | Compositing | Operation 3-12
Fra:1 Mem:5582.96M (Peak 5582.96M) | Time:00:00.04 | Compositing | Operation 4-12
Fra:1 Mem:5709.52M (Peak 5709.52M) | Time:00:00.13 | Compositing | Operation 5-12
Fra:1 Mem:5709.52M (Peak 5836.08M) | Time:00:00.16 | Compositing | Operation 6-12
Fra:1 Mem:6089.21M (Peak 6215.77M) | Time:00:00.20 | Compositing | Operation 7-12
Fra:1 Mem:6089.21M (Peak 6215.77M) | Time:00:00.20 | Compositing | Operation 8-12
Fra:1 Mem:6089.21M (Peak 6215.77M) | Time:00:00.20 | Compositing | Operation 9-12
Fra:1 Mem:5962.65M (Peak 6595.46M) | Time:00:00.27 | Compositing | Operation 10-12
Fra:1 Mem:5962.65M (Peak 6595.46M) | Time:00:00.27 | Compositing | Operation 11-12
Fra:1 Mem:5582.96M (Peak 6595.46M) | Time:00:00.31 | Compositing | Operation 12-12
Fra:1 Mem:5709.52M (Peak 6595.46M) | Time:00:00.41 | Compositing | Operation 13-12
Saved: 'D:\2026 Arboreal Futures\urban-futures\_data-refactored\compositor\outputs\4.10\city_single-state_yr180\base__20260412_104824\base_sim-turns.png'
Time: 00:01.53 (Saving: 00:01.05)

Fra:1 Mem:5456.33M (Peak 5456.33M) | Time:00:00.00 | Compositing
Fra:1 Mem:5456.33M (Peak 5456.33M) | Time:00:00.01 | Compositing | Initializing execution
Fra:1 Mem:5582.96M (Peak 5582.96M) | Time:00:00.06 | Compositing | Operation 2-13
Fra:1 Mem:5582.96M (Peak 5582.96M) | Time:00:00.06 | Compositing | Operation 3-13
Fra:1 Mem:5582.96M (Peak 5582.96M) | Time:00:00.06 | Compositing | Operation 4-13
Fra:1 Mem:5709.52M (Peak 5709.52M) | Time:00:00.07 | Compositing | Operation 5-13
Fra:1 Mem:5709.52M (Peak 5836.08M) | Time:00:00.17 | Compositing | Operation 6-13
Fra:1 Mem:5709.52M (Peak 5836.08M) | Time:00:00.18 | Compositing | Operation 7-13
Fra:1 Mem:6089.21M (Peak 6215.77M) | Time:00:00.22 | Compositing | Operation 8-13
Fra:1 Mem:6089.21M (Peak 6215.77M) | Time:00:00.22 | Compositing | Operation 9-13
Fra:1 Mem:6089.21M (Peak 6215.77M) | Time:00:00.22 | Compositing | Operation 10-13
Fra:1 Mem:5962.65M (Peak 6595.46M) | Time:00:00.30 | Compositing | Operation 11-13
Fra:1 Mem:5962.65M (Peak 6595.46M) | Time:00:00.30 | Compositing | Operation 12-13
Fra:1 Mem:5582.96M (Peak 6595.46M) | Time:00:00.37 | Compositing | Operation 13-13
Fra:1 Mem:5709.52M (Peak 6595.46M) | Time:00:00.48 | Compositing | Operation 14-13
Saved: 'D:\2026 Arboreal Futures\urban-futures\_data-refactored\compositor\outputs\4.10\city_single-state_yr180\base__20260412_104824\base_sim-nodes.png'
Time: 00:01.50 (Saving: 00:01.01)

Fra:1 Mem:5456.33M (Peak 5456.33M) | Time:00:00.00 | Compositing
Fra:1 Mem:5456.33M (Peak 5456.33M) | Time:00:00.00 | Compositing | Initializing execution
Fra:1 Mem:5456.33M (Peak 5456.33M) | Time:00:00.00 | Compositing | Operation 2-15
Fra:1 Mem:5456.33M (Peak 5456.33M) | Time:00:00.00 | Compositing | Operation 3-15
Fra:1 Mem:5582.96M (Peak 5582.96M) | Time:00:00.02 | Compositing | Operation 4-15
Fra:1 Mem:5709.52M (Peak 5709.52M) | Time:00:00.05 | Compositing | Operation 5-15
Fra:1 Mem:5709.52M (Peak 5709.52M) | Time:00:00.05 | Compositing | Operation 6-15
Fra:1 Mem:5709.52M (Peak 5709.52M) | Time:00:00.05 | Compositing | Operation 7-15
Fra:1 Mem:5709.52M (Peak 5836.08M) | Time:00:00.09 | Compositing | Operation 8-15
Fra:1 Mem:5709.52M (Peak 5836.08M) | Time:00:00.11 | Compositing | Operation 9-15
Fra:1 Mem:6089.21M (Peak 6215.77M) | Time:00:00.14 | Compositing | Operation 10-15
Fra:1 Mem:6089.21M (Peak 6215.77M) | Time:00:00.14 | Compositing | Operation 11-15
Fra:1 Mem:6089.21M (Peak 6215.77M) | Time:00:00.14 | Compositing | Operation 12-15
Fra:1 Mem:5962.65M (Peak 6595.46M) | Time:00:00.19 | Compositing | Operation 13-15
Fra:1 Mem:5962.65M (Peak 6595.46M) | Time:00:00.19 | Compositing | Operation 14-15
Fra:1 Mem:5582.96M (Peak 6595.46M) | Time:00:00.22 | Compositing | Operation 15-15
Fra:1 Mem:5709.52M (Peak 6595.46M) | Time:00:00.29 | Compositing | Operation 16-15
Saved: 'D:\2026 Arboreal Futures\urban-futures\_data-refactored\compositor\outputs\4.10\city_single-state_yr180\base__20260412_104824\base_sim-turns_ripple-effect.png'
Time: 00:01.13 (Saving: 00:00.83)

Fra:1 Mem:5456.33M (Peak 5456.33M) | Time:00:00.00 | Compositing
Fra:1 Mem:5456.33M (Peak 5456.33M) | Time:00:00.01 | Compositing | Initializing execution
Fra:1 Mem:5582.99M (Peak 5582.99M) | Time:00:00.04 | Compositing | Operation 2-123
Fra:1 Mem:5709.55M (Peak 5709.55M) | Time:00:00.14 | Compositing | Operation 3-123
Fra:1 Mem:5709.55M (Peak 5836.12M) | Time:00:00.22 | Compositing | Operation 4-123
Fra:1 Mem:6089.24M (Peak 6215.80M) | Time:00:00.32 | Compositing | Operation 5-123
Fra:1 Mem:6089.24M (Peak 6215.80M) | Time:00:00.32 | Compositing | Operation 6-123
Fra:1 Mem:6089.24M (Peak 6215.80M) | Time:00:00.32 | Compositing | Operation 7-123
Fra:1 Mem:6215.80M (Peak 6215.80M) | Time:00:00.33 | Compositing | Operation 8-123
Fra:1 Mem:6215.80M (Peak 6215.80M) | Time:00:00.33 | Compositing | Operation 9-123
Fra:1 Mem:6215.80M (Peak 6215.80M) | Time:00:00.33 | Compositing | Operation 10-123
Fra:1 Mem:6595.49M (Peak 6722.05M) | Time:00:00.41 | Compositing | Operation 11-123
Fra:1 Mem:6595.49M (Peak 6722.05M) | Time:00:00.41 | Compositing | Operation 12-123
Fra:1 Mem:6595.49M (Peak 6722.05M) | Time:00:00.41 | Compositing | Operation 13-123
Fra:1 Mem:6595.49M (Peak 7861.12M) | Time:00:01.42 | Compositing | Operation 14-123
Fra:1 Mem:6595.49M (Peak 7861.12M) | Time:00:01.42 | Compositing | Operation 15-123
Fra:1 Mem:6595.49M (Peak 7861.12M) | Time:00:01.42 | Compositing | Operation 16-123
Fra:1 Mem:6722.05M (Peak 7861.12M) | Time:00:01.45 | Compositing | Operation 17-123
Fra:1 Mem:6722.05M (Peak 7861.12M) | Time:00:01.45 | Compositing | Operation 18-123
Fra:1 Mem:6722.05M (Peak 7861.12M) | Time:00:01.45 | Compositing | Operation 19-123
Fra:1 Mem:6848.62M (Peak 7861.12M) | Time:00:01.47 | Compositing | Operation 20-123
Fra:1 Mem:6848.62M (Peak 8114.24M) | Time:00:02.64 | Compositing | Operation 21-123
Fra:1 Mem:6848.62M (Peak 8114.24M) | Time:00:02.64 | Compositing | Operation 22-123
Fra:1 Mem:6848.62M (Peak 8114.24M) | Time:00:02.64 | Compositing | Operation 23-123
Fra:1 Mem:6848.62M (Peak 8114.24M) | Time:00:02.68 | Compositing | Operation 24-123
Fra:1 Mem:6848.62M (Peak 8114.24M) | Time:00:02.68 | Compositing | Operation 25-123
Fra:1 Mem:6468.93M (Peak 8114.24M) | Time:00:02.75 | Compositing | Operation 26-123
Fra:1 Mem:6468.93M (Peak 8114.24M) | Time:00:02.79 | Compositing | Operation 27-123
Fra:1 Mem:6468.93M (Peak 8114.24M) | Time:00:02.79 | Compositing | Operation 28-123
Fra:1 Mem:6468.93M (Peak 8114.24M) | Time:00:02.83 | Compositing | Operation 29-123
Fra:1 Mem:6468.93M (Peak 8114.24M) | Time:00:02.83 | Compositing | Operation 30-123
Fra:1 Mem:6089.24M (Peak 8114.24M) | Time:00:02.90 | Compositing | Operation 31-123
Fra:1 Mem:6089.24M (Peak 8114.24M) | Time:00:02.94 | Compositing | Operation 32-123
Fra:1 Mem:6089.24M (Peak 8114.24M) | Time:00:02.94 | Compositing | Operation 33-123
Fra:1 Mem:6089.24M (Peak 8114.24M) | Time:00:02.98 | Compositing | Operation 34-123
Fra:1 Mem:6089.24M (Peak 8114.24M) | Time:00:02.98 | Compositing | Operation 35-123
Fra:1 Mem:6089.24M (Peak 8114.24M) | Time:00:03.02 | Compositing | Operation 36-123
Fra:1 Mem:6089.24M (Peak 8114.24M) | Time:00:03.02 | Compositing | Operation 37-123
Fra:1 Mem:6089.24M (Peak 8114.24M) | Time:00:03.05 | Compositing | Operation 38-123
Fra:1 Mem:6468.93M (Peak 8114.24M) | Time:00:03.13 | Compositing | Operation 39-123
Fra:1 Mem:6848.62M (Peak 8114.24M) | Time:00:03.20 | Compositing | Operation 40-123
Fra:1 Mem:7228.30M (Peak 8114.24M) | Time:00:03.30 | Compositing | Operation 41-123
Fra:1 Mem:6848.62M (Peak 8114.24M) | Time:00:03.38 | Compositing | Operation 42-123
Fra:1 Mem:6468.93M (Peak 8114.24M) | Time:00:03.45 | Compositing | Operation 43-123
Fra:1 Mem:6089.24M (Peak 8114.24M) | Time:00:03.50 | Compositing | Operation 44-123
Fra:1 Mem:6468.93M (Peak 8114.24M) | Time:00:03.58 | Compositing | Operation 45-123
Fra:1 Mem:6848.62M (Peak 8114.24M) | Time:00:03.67 | Compositing | Operation 46-123
Fra:1 Mem:7228.30M (Peak 8114.24M) | Time:00:03.73 | Compositing | Operation 47-123
Fra:1 Mem:6848.62M (Peak 8114.24M) | Time:00:03.78 | Compositing | Operation 48-123
Fra:1 Mem:6468.93M (Peak 8114.24M) | Time:00:03.82 | Compositing | Operation 49-123
Fra:1 Mem:6089.24M (Peak 8114.24M) | Time:00:03.86 | Compositing | Operation 50-123
Fra:1 Mem:6089.24M (Peak 8114.24M) | Time:00:03.86 | Compositing | Operation 51-123
Fra:1 Mem:6468.93M (Peak 8114.24M) | Time:00:03.94 | Compositing | Operation 52-123
Fra:1 Mem:6468.93M (Peak 8114.24M) | Time:00:03.94 | Compositing | Operation 53-123
Fra:1 Mem:6848.62M (Peak 8114.24M) | Time:00:04.01 | Compositing | Operation 54-123
Fra:1 Mem:6848.62M (Peak 8114.24M) | Time:00:04.01 | Compositing | Operation 55-123
Fra:1 Mem:7228.30M (Peak 8114.24M) | Time:00:04.08 | Compositing | Operation 56-123
Fra:1 Mem:7228.30M (Peak 8114.24M) | Time:00:04.22 | Compositing | Operation 57-123
Fra:1 Mem:7228.30M (Peak 8114.24M) | Time:00:04.35 | Compositing | Operation 58-123
Fra:1 Mem:7228.30M (Peak 8114.24M) | Time:00:04.48 | Compositing | Operation 59-123
Fra:1 Mem:6848.62M (Peak 8114.24M) | Time:00:04.54 | Compositing | Operation 60-123
Fra:1 Mem:6468.93M (Peak 8114.24M) | Time:00:04.58 | Compositing | Operation 61-123
Fra:1 Mem:6089.24M (Peak 8114.24M) | Time:00:04.62 | Compositing | Operation 62-123
Fra:1 Mem:6089.24M (Peak 8114.24M) | Time:00:04.67 | Compositing | Operation 63-123
Fra:1 Mem:6089.24M (Peak 8114.24M) | Time:00:04.72 | Compositing | Operation 64-123
Fra:1 Mem:6089.24M (Peak 8114.24M) | Time:00:04.77 | Compositing | Operation 65-123
Fra:1 Mem:6595.49M (Peak 8114.24M) | Time:00:04.81 | Compositing | Operation 66-123
Fra:1 Mem:6975.18M (Peak 8114.24M) | Time:00:04.85 | Compositing | Operation 67-123
Fra:1 Mem:7481.43M (Peak 8114.24M) | Time:00:04.88 | Compositing | Operation 68-123
Fra:1 Mem:7861.12M (Peak 8114.24M) | Time:00:04.92 | Compositing | Operation 69-123
Fra:1 Mem:8367.37M (Peak 8367.37M) | Time:00:04.95 | Compositing | Operation 70-123
Fra:1 Mem:8747.05M (Peak 8873.62M) | Time:00:04.99 | Compositing | Operation 71-123
Fra:1 Mem:8367.37M (Peak 8873.62M) | Time:00:05.01 | Compositing | Operation 72-123
Fra:1 Mem:7987.68M (Peak 8873.62M) | Time:00:05.05 | Compositing | Operation 73-123
Fra:1 Mem:7607.99M (Peak 8873.62M) | Time:00:05.07 | Compositing | Operation 74-123
Fra:1 Mem:7228.30M (Peak 8873.62M) | Time:00:05.10 | Compositing | Operation 75-123
Fra:1 Mem:6848.62M (Peak 8873.62M) | Time:00:05.14 | Compositing | Operation 76-123
Fra:1 Mem:6468.93M (Peak 8873.62M) | Time:00:05.16 | Compositing | Operation 77-123
Fra:1 Mem:6468.93M (Peak 8873.62M) | Time:00:05.16 | Compositing | Operation 78-123
Fra:1 Mem:6468.93M (Peak 8873.62M) | Time:00:05.24 | Compositing | Operation 79-123
Fra:1 Mem:6468.93M (Peak 8873.62M) | Time:00:05.30 | Compositing | Operation 80-123
Fra:1 Mem:6468.93M (Peak 8873.62M) | Time:00:05.30 | Compositing | Operation 81-123
Fra:1 Mem:6468.93M (Peak 8873.62M) | Time:00:05.36 | Compositing | Operation 82-123
Fra:1 Mem:6468.93M (Peak 8873.62M) | Time:00:05.42 | Compositing | Operation 83-123
Fra:1 Mem:6468.93M (Peak 8873.62M) | Time:00:05.42 | Compositing | Operation 84-123
Fra:1 Mem:6468.93M (Peak 8873.62M) | Time:00:05.47 | Compositing | Operation 85-123
Fra:1 Mem:6468.93M (Peak 8873.62M) | Time:00:05.53 | Compositing | Operation 86-123
Fra:1 Mem:6342.37M (Peak 8873.62M) | Time:00:05.55 | Compositing | Operation 87-123
Fra:1 Mem:6215.80M (Peak 8873.62M) | Time:00:05.58 | Compositing | Operation 88-123
Fra:1 Mem:6089.24M (Peak 8873.62M) | Time:00:05.60 | Compositing | Operation 89-123
Fra:1 Mem:6089.24M (Peak 8873.62M) | Time:00:05.60 | Compositing | Operation 90-123
Fra:1 Mem:6468.93M (Peak 8873.62M) | Time:00:05.64 | Compositing | Operation 91-123
Fra:1 Mem:6468.93M (Peak 8873.62M) | Time:00:05.64 | Compositing | Operation 92-123
Fra:1 Mem:6848.62M (Peak 8873.62M) | Time:00:05.67 | Compositing | Operation 93-123
Fra:1 Mem:6848.62M (Peak 8873.62M) | Time:00:05.67 | Compositing | Operation 94-123
Fra:1 Mem:7228.30M (Peak 8873.62M) | Time:00:05.70 | Compositing | Operation 95-123
Fra:1 Mem:7228.30M (Peak 8873.62M) | Time:00:05.70 | Compositing | Operation 96-123
Fra:1 Mem:7228.30M (Peak 8873.62M) | Time:00:05.75 | Compositing | Operation 97-123
Fra:1 Mem:7228.30M (Peak 8873.62M) | Time:00:05.75 | Compositing | Operation 98-123
Fra:1 Mem:7228.30M (Peak 8873.62M) | Time:00:05.79 | Compositing | Operation 99-123
Fra:1 Mem:7228.30M (Peak 8873.62M) | Time:00:05.79 | Compositing | Operation 100-123
Fra:1 Mem:7228.30M (Peak 8873.62M) | Time:00:05.86 | Compositing | Operation 101-123
Fra:1 Mem:7228.30M (Peak 8873.62M) | Time:00:05.91 | Compositing | Operation 102-123
Fra:1 Mem:7228.30M (Peak 8873.62M) | Time:00:05.96 | Compositing | Operation 103-123
Fra:1 Mem:7228.30M (Peak 8873.62M) | Time:00:06.00 | Compositing | Operation 104-123
Fra:1 Mem:7228.30M (Peak 8873.62M) | Time:00:06.00 | Compositing | Operation 105-123
Fra:1 Mem:6848.62M (Peak 8873.62M) | Time:00:06.02 | Compositing | Operation 106-123
Fra:1 Mem:6848.62M (Peak 8873.62M) | Time:00:06.02 | Compositing | Operation 107-123
Fra:1 Mem:6468.93M (Peak 8873.62M) | Time:00:06.05 | Compositing | Operation 108-123
Fra:1 Mem:6468.93M (Peak 8873.62M) | Time:00:06.05 | Compositing | Operation 109-123
Fra:1 Mem:6089.24M (Peak 8873.62M) | Time:00:06.07 | Compositing | Operation 110-123
Fra:1 Mem:6089.24M (Peak 8873.62M) | Time:00:06.07 | Compositing | Operation 111-123
Fra:1 Mem:6089.24M (Peak 8873.62M) | Time:00:06.09 | Compositing | Operation 112-123
Fra:1 Mem:5962.68M (Peak 8873.62M) | Time:00:06.13 | Compositing | Operation 113-123
Fra:1 Mem:5962.68M (Peak 8873.62M) | Time:00:06.13 | Compositing | Operation 114-123
Fra:1 Mem:5836.12M (Peak 8873.62M) | Time:00:06.16 | Compositing | Operation 115-123
Fra:1 Mem:5709.55M (Peak 8873.62M) | Time:00:06.18 | Compositing | Operation 116-123
Fra:1 Mem:5709.55M (Peak 8873.62M) | Time:00:06.18 | Compositing | Operation 117-123
Fra:1 Mem:5709.55M (Peak 8873.62M) | Time:00:06.18 | Compositing | Operation 118-123
Fra:1 Mem:5582.99M (Peak 8873.62M) | Time:00:06.20 | Compositing | Operation 119-123
Fra:1 Mem:5488.07M (Peak 8873.62M) | Time:00:06.23 | Compositing | Operation 120-123
Fra:1 Mem:5488.07M (Peak 8873.62M) | Time:00:06.23 | Compositing | Operation 121-123
Fra:1 Mem:5488.07M (Peak 8873.62M) | Time:00:06.23 | Compositing | Operation 122-123
Fra:1 Mem:5582.99M (Peak 8873.62M) | Time:00:06.25 | Compositing | Operation 123-123
Fra:1 Mem:5709.55M (Peak 8873.62M) | Time:00:06.32 | Compositing | Operation 124-123
Saved: 'D:\2026 Arboreal Futures\urban-futures\_data-refactored\compositor\outputs\4.10\city_single-state_yr180\base__20260412_104824\base_depth_windowed_balanced_refined.png'
Time: 00:07.25 (Saving: 00:00.92)

Fra:1 Mem:5456.33M (Peak 5456.33M) | Time:00:00.00 | Compositing
Fra:1 Mem:5456.33M (Peak 5456.33M) | Time:00:00.01 | Compositing | Initializing execution
Fra:1 Mem:5583.02M (Peak 5583.02M) | Time:00:00.05 | Compositing | Operation 2-159
Fra:1 Mem:5709.58M (Peak 5709.58M) | Time:00:00.14 | Compositing | Operation 3-159
Fra:1 Mem:6089.27M (Peak 6215.83M) | Time:00:00.25 | Compositing | Operation 4-159
Fra:1 Mem:6089.27M (Peak 6215.83M) | Time:00:00.25 | Compositing | Operation 5-159
Fra:1 Mem:6089.27M (Peak 6215.83M) | Time:00:00.25 | Compositing | Operation 6-159
Fra:1 Mem:6215.83M (Peak 6215.83M) | Time:00:00.28 | Compositing | Operation 7-159
Fra:1 Mem:6215.83M (Peak 6215.83M) | Time:00:00.28 | Compositing | Operation 8-159
Fra:1 Mem:6215.83M (Peak 6215.83M) | Time:00:00.28 | Compositing | Operation 9-159
Fra:1 Mem:6215.83M (Peak 6342.40M) | Time:00:00.34 | Compositing | Operation 10-159
Fra:1 Mem:6215.83M (Peak 6342.40M) | Time:00:00.34 | Compositing | Operation 11-159
Fra:1 Mem:6215.83M (Peak 6342.40M) | Time:00:00.34 | Compositing | Operation 12-159
Fra:1 Mem:6215.83M (Peak 7481.46M) | Time:00:01.41 | Compositing | Operation 13-159
Fra:1 Mem:6215.83M (Peak 7481.46M) | Time:00:01.41 | Compositing | Operation 14-159
Fra:1 Mem:6215.83M (Peak 7481.46M) | Time:00:01.41 | Compositing | Operation 15-159
Fra:1 Mem:6342.40M (Peak 7481.46M) | Time:00:01.43 | Compositing | Operation 16-159
Fra:1 Mem:6342.40M (Peak 7481.46M) | Time:00:01.43 | Compositing | Operation 17-159
Fra:1 Mem:6342.40M (Peak 7481.46M) | Time:00:01.43 | Compositing | Operation 18-159
Fra:1 Mem:6468.96M (Peak 7481.46M) | Time:00:01.46 | Compositing | Operation 19-159
Fra:1 Mem:6848.65M (Peak 7481.46M) | Time:00:01.56 | Compositing | Operation 20-159
Fra:1 Mem:6848.65M (Peak 7481.46M) | Time:00:01.56 | Compositing | Operation 21-159
Fra:1 Mem:6848.65M (Peak 7481.46M) | Time:00:01.56 | Compositing | Operation 22-159
Fra:1 Mem:6848.65M (Peak 7481.46M) | Time:00:01.56 | Compositing | Operation 23-159
Fra:1 Mem:6848.65M (Peak 7481.46M) | Time:00:01.56 | Compositing | Operation 24-159
Fra:1 Mem:6975.21M (Peak 7481.46M) | Time:00:01.58 | Compositing | Operation 25-159
Fra:1 Mem:6975.21M (Peak 7481.46M) | Time:00:01.58 | Compositing | Operation 26-159
Fra:1 Mem:6595.52M (Peak 7481.46M) | Time:00:01.64 | Compositing | Operation 27-159
Fra:1 Mem:6595.52M (Peak 7481.46M) | Time:00:01.67 | Compositing | Operation 28-159
Fra:1 Mem:6595.52M (Peak 7481.46M) | Time:00:01.67 | Compositing | Operation 29-159
Fra:1 Mem:6595.52M (Peak 7481.46M) | Time:00:01.70 | Compositing | Operation 30-159
Fra:1 Mem:6595.52M (Peak 7861.15M) | Time:00:02.79 | Compositing | Operation 31-159
Fra:1 Mem:6595.52M (Peak 7861.15M) | Time:00:02.79 | Compositing | Operation 32-159
Fra:1 Mem:6595.52M (Peak 7861.15M) | Time:00:02.79 | Compositing | Operation 33-159
Fra:1 Mem:6595.52M (Peak 7861.15M) | Time:00:02.82 | Compositing | Operation 34-159
Fra:1 Mem:6595.52M (Peak 7861.15M) | Time:00:02.82 | Compositing | Operation 35-159
Fra:1 Mem:6595.52M (Peak 7861.15M) | Time:00:02.85 | Compositing | Operation 36-159
Fra:1 Mem:6595.52M (Peak 7861.15M) | Time:00:02.85 | Compositing | Operation 37-159
Fra:1 Mem:6595.52M (Peak 7861.15M) | Time:00:02.89 | Compositing | Operation 38-159
Fra:1 Mem:6595.52M (Peak 7861.15M) | Time:00:02.89 | Compositing | Operation 39-159
Fra:1 Mem:6595.52M (Peak 7861.15M) | Time:00:02.92 | Compositing | Operation 40-159
Fra:1 Mem:6595.52M (Peak 7861.15M) | Time:00:02.92 | Compositing | Operation 41-159
Fra:1 Mem:6215.83M (Peak 7861.15M) | Time:00:02.97 | Compositing | Operation 42-159
Fra:1 Mem:6215.83M (Peak 7861.15M) | Time:00:03.00 | Compositing | Operation 43-159
Fra:1 Mem:6215.83M (Peak 7861.15M) | Time:00:03.00 | Compositing | Operation 44-159
Fra:1 Mem:6215.83M (Peak 7861.15M) | Time:00:03.03 | Compositing | Operation 45-159
Fra:1 Mem:6595.52M (Peak 7861.15M) | Time:00:03.09 | Compositing | Operation 46-159
Fra:1 Mem:6975.21M (Peak 7861.15M) | Time:00:03.16 | Compositing | Operation 47-159
Fra:1 Mem:6975.21M (Peak 7861.15M) | Time:00:03.16 | Compositing | Operation 48-159
Fra:1 Mem:6975.21M (Peak 7861.15M) | Time:00:03.18 | Compositing | Operation 49-159
Fra:1 Mem:7354.90M (Peak 7861.15M) | Time:00:03.26 | Compositing | Operation 50-159
Fra:1 Mem:6975.21M (Peak 7861.15M) | Time:00:03.32 | Compositing | Operation 51-159
Fra:1 Mem:6595.52M (Peak 7861.15M) | Time:00:03.39 | Compositing | Operation 52-159
Fra:1 Mem:6975.21M (Peak 7861.15M) | Time:00:03.48 | Compositing | Operation 53-159
Fra:1 Mem:6595.52M (Peak 7861.15M) | Time:00:03.54 | Compositing | Operation 54-159
Fra:1 Mem:6975.21M (Peak 7861.15M) | Time:00:03.61 | Compositing | Operation 55-159
Fra:1 Mem:7354.90M (Peak 7861.15M) | Time:00:03.68 | Compositing | Operation 56-159
Fra:1 Mem:6975.21M (Peak 7861.15M) | Time:00:03.72 | Compositing | Operation 57-159
Fra:1 Mem:7354.90M (Peak 7861.15M) | Time:00:03.79 | Compositing | Operation 58-159
Fra:1 Mem:6975.21M (Peak 7861.15M) | Time:00:03.83 | Compositing | Operation 59-159
Fra:1 Mem:6595.52M (Peak 7861.15M) | Time:00:03.87 | Compositing | Operation 60-159
Fra:1 Mem:6975.21M (Peak 7861.15M) | Time:00:03.94 | Compositing | Operation 61-159
Fra:1 Mem:6595.52M (Peak 7861.15M) | Time:00:03.98 | Compositing | Operation 62-159
Fra:1 Mem:6595.52M (Peak 7861.15M) | Time:00:03.98 | Compositing | Operation 63-159
Fra:1 Mem:6975.21M (Peak 7861.15M) | Time:00:04.06 | Compositing | Operation 64-159
Fra:1 Mem:6975.21M (Peak 7861.15M) | Time:00:04.06 | Compositing | Operation 65-159
Fra:1 Mem:7354.90M (Peak 7861.15M) | Time:00:04.14 | Compositing | Operation 66-159
Fra:1 Mem:6975.21M (Peak 7861.15M) | Time:00:04.17 | Compositing | Operation 67-159
Fra:1 Mem:6975.21M (Peak 7861.15M) | Time:00:04.18 | Compositing | Operation 68-159
Fra:1 Mem:7354.90M (Peak 7861.15M) | Time:00:04.24 | Compositing | Operation 69-159
Fra:1 Mem:7354.90M (Peak 7861.15M) | Time:00:04.42 | Compositing | Operation 70-159
Fra:1 Mem:7354.90M (Peak 7861.15M) | Time:00:04.68 | Compositing | Operation 71-159
Fra:1 Mem:7354.90M (Peak 7861.15M) | Time:00:04.68 | Compositing | Operation 72-159
Fra:1 Mem:7734.58M (Peak 7861.15M) | Time:00:04.75 | Compositing | Operation 73-159
Fra:1 Mem:7734.58M (Peak 8240.83M) | Time:00:04.93 | Compositing | Operation 74-159
Fra:1 Mem:7354.90M (Peak 8240.83M) | Time:00:04.98 | Compositing | Operation 75-159
Fra:1 Mem:6975.21M (Peak 8240.83M) | Time:00:05.01 | Compositing | Operation 76-159
Fra:1 Mem:6975.21M (Peak 8240.83M) | Time:00:05.20 | Compositing | Operation 77-159
Fra:1 Mem:6595.52M (Peak 8240.83M) | Time:00:05.25 | Compositing | Operation 78-159
Fra:1 Mem:6595.52M (Peak 8240.83M) | Time:00:05.31 | Compositing | Operation 79-159
Fra:1 Mem:6595.52M (Peak 8240.83M) | Time:00:05.36 | Compositing | Operation 80-159
Fra:1 Mem:6215.83M (Peak 8240.83M) | Time:00:05.44 | Compositing | Operation 81-159
Fra:1 Mem:6215.83M (Peak 8240.83M) | Time:00:05.49 | Compositing | Operation 82-159
Fra:1 Mem:6722.08M (Peak 8240.83M) | Time:00:05.54 | Compositing | Operation 83-159
Fra:1 Mem:7101.77M (Peak 8240.83M) | Time:00:05.60 | Compositing | Operation 84-159
Fra:1 Mem:7608.02M (Peak 8240.83M) | Time:00:05.63 | Compositing | Operation 85-159
Fra:1 Mem:7987.71M (Peak 8240.83M) | Time:00:05.69 | Compositing | Operation 86-159
Fra:1 Mem:7987.71M (Peak 8240.83M) | Time:00:05.74 | Compositing | Operation 87-159
Fra:1 Mem:8493.96M (Peak 8493.96M) | Time:00:05.78 | Compositing | Operation 88-159
Fra:1 Mem:8873.65M (Peak 9000.21M) | Time:00:05.82 | Compositing | Operation 89-159
Fra:1 Mem:8493.96M (Peak 9000.21M) | Time:00:05.84 | Compositing | Operation 90-159
Fra:1 Mem:8114.27M (Peak 9000.21M) | Time:00:05.87 | Compositing | Operation 91-159
Fra:1 Mem:7734.58M (Peak 9000.21M) | Time:00:05.92 | Compositing | Operation 92-159
Fra:1 Mem:7354.90M (Peak 9000.21M) | Time:00:05.95 | Compositing | Operation 93-159
Fra:1 Mem:7861.15M (Peak 9000.21M) | Time:00:05.98 | Compositing | Operation 94-159
Fra:1 Mem:8240.83M (Peak 9000.21M) | Time:00:06.03 | Compositing | Operation 95-159
Fra:1 Mem:7861.15M (Peak 9000.21M) | Time:00:06.06 | Compositing | Operation 96-159
Fra:1 Mem:7481.46M (Peak 9000.21M) | Time:00:06.10 | Compositing | Operation 97-159
Fra:1 Mem:7481.46M (Peak 9000.21M) | Time:00:06.10 | Compositing | Operation 98-159
Fra:1 Mem:7481.46M (Peak 9000.21M) | Time:00:06.13 | Compositing | Operation 99-159
Fra:1 Mem:7481.46M (Peak 9000.21M) | Time:00:06.21 | Compositing | Operation 100-159
Fra:1 Mem:7481.46M (Peak 9000.21M) | Time:00:06.21 | Compositing | Operation 101-159
Fra:1 Mem:7481.46M (Peak 9000.21M) | Time:00:06.28 | Compositing | Operation 102-159
Fra:1 Mem:7481.46M (Peak 9000.21M) | Time:00:06.34 | Compositing | Operation 103-159
Fra:1 Mem:7101.77M (Peak 9000.21M) | Time:00:06.37 | Compositing | Operation 104-159
Fra:1 Mem:6722.08M (Peak 9000.21M) | Time:00:06.39 | Compositing | Operation 105-159
Fra:1 Mem:6722.08M (Peak 9000.21M) | Time:00:06.39 | Compositing | Operation 106-159
Fra:1 Mem:6722.08M (Peak 9000.21M) | Time:00:06.43 | Compositing | Operation 107-159
Fra:1 Mem:6722.08M (Peak 9000.21M) | Time:00:06.46 | Compositing | Operation 108-159
Fra:1 Mem:6595.52M (Peak 9000.21M) | Time:00:06.48 | Compositing | Operation 109-159
Fra:1 Mem:6468.96M (Peak 9000.21M) | Time:00:06.51 | Compositing | Operation 110-159
Fra:1 Mem:6468.96M (Peak 9000.21M) | Time:00:06.51 | Compositing | Operation 111-159
Fra:1 Mem:6468.96M (Peak 9000.21M) | Time:00:06.60 | Compositing | Operation 112-159
Fra:1 Mem:6468.96M (Peak 9000.21M) | Time:00:06.65 | Compositing | Operation 113-159
Fra:1 Mem:6342.40M (Peak 9000.21M) | Time:00:06.69 | Compositing | Operation 114-159
Fra:1 Mem:6342.40M (Peak 9000.21M) | Time:00:06.69 | Compositing | Operation 115-159
Fra:1 Mem:6722.08M (Peak 9000.21M) | Time:00:06.72 | Compositing | Operation 116-159
Fra:1 Mem:6722.08M (Peak 9000.21M) | Time:00:06.72 | Compositing | Operation 117-159
Fra:1 Mem:7101.77M (Peak 9000.21M) | Time:00:06.76 | Compositing | Operation 118-159
Fra:1 Mem:6975.21M (Peak 9000.21M) | Time:00:06.78 | Compositing | Operation 119-159
Fra:1 Mem:6975.21M (Peak 9000.21M) | Time:00:06.78 | Compositing | Operation 120-159
Fra:1 Mem:7354.90M (Peak 9000.21M) | Time:00:06.81 | Compositing | Operation 121-159
Fra:1 Mem:7354.90M (Peak 9000.21M) | Time:00:06.81 | Compositing | Operation 122-159
Fra:1 Mem:7354.90M (Peak 9000.21M) | Time:00:06.86 | Compositing | Operation 123-159
Fra:1 Mem:7354.90M (Peak 9000.21M) | Time:00:06.86 | Compositing | Operation 124-159
Fra:1 Mem:7354.90M (Peak 9000.21M) | Time:00:06.91 | Compositing | Operation 125-159
Fra:1 Mem:7354.90M (Peak 9000.21M) | Time:00:06.91 | Compositing | Operation 126-159
Fra:1 Mem:7734.58M (Peak 9000.21M) | Time:00:06.94 | Compositing | Operation 127-159
Fra:1 Mem:7734.58M (Peak 9000.21M) | Time:00:06.94 | Compositing | Operation 128-159
Fra:1 Mem:7734.58M (Peak 9000.21M) | Time:00:06.99 | Compositing | Operation 129-159
Fra:1 Mem:7734.58M (Peak 9000.21M) | Time:00:07.05 | Compositing | Operation 130-159
Fra:1 Mem:7734.58M (Peak 9000.21M) | Time:00:07.10 | Compositing | Operation 131-159
Fra:1 Mem:7734.58M (Peak 9000.21M) | Time:00:07.10 | Compositing | Operation 132-159
Fra:1 Mem:7734.58M (Peak 9000.21M) | Time:00:07.15 | Compositing | Operation 133-159
Fra:1 Mem:7734.58M (Peak 9000.21M) | Time:00:07.19 | Compositing | Operation 134-159
Fra:1 Mem:7734.58M (Peak 9000.21M) | Time:00:07.19 | Compositing | Operation 135-159
Fra:1 Mem:7354.90M (Peak 9000.21M) | Time:00:07.22 | Compositing | Operation 136-159
Fra:1 Mem:7354.90M (Peak 9000.21M) | Time:00:07.22 | Compositing | Operation 137-159
Fra:1 Mem:6975.21M (Peak 9000.21M) | Time:00:07.25 | Compositing | Operation 138-159
Fra:1 Mem:6975.21M (Peak 9000.21M) | Time:00:07.29 | Compositing | Operation 139-159
Fra:1 Mem:6975.21M (Peak 9000.21M) | Time:00:07.29 | Compositing | Operation 140-159
Fra:1 Mem:6595.52M (Peak 9000.21M) | Time:00:07.32 | Compositing | Operation 141-159
Fra:1 Mem:6595.52M (Peak 9000.21M) | Time:00:07.32 | Compositing | Operation 142-159
Fra:1 Mem:6595.52M (Peak 9000.21M) | Time:00:07.34 | Compositing | Operation 143-159
Fra:1 Mem:6595.52M (Peak 9000.21M) | Time:00:07.35 | Compositing | Operation 144-159
Fra:1 Mem:6595.52M (Peak 9000.21M) | Time:00:07.35 | Compositing | Operation 145-159
Fra:1 Mem:6215.83M (Peak 9000.21M) | Time:00:07.38 | Compositing | Operation 146-159
Fra:1 Mem:6215.83M (Peak 9000.21M) | Time:00:07.38 | Compositing | Operation 147-159
Fra:1 Mem:6089.27M (Peak 9000.21M) | Time:00:07.40 | Compositing | Operation 148-159
Fra:1 Mem:5962.71M (Peak 9000.21M) | Time:00:07.42 | Compositing | Operation 149-159
Fra:1 Mem:5962.71M (Peak 9000.21M) | Time:00:07.42 | Compositing | Operation 150-159
Fra:1 Mem:5836.15M (Peak 9000.21M) | Time:00:07.45 | Compositing | Operation 151-159
Fra:1 Mem:5709.58M (Peak 9000.21M) | Time:00:07.47 | Compositing | Operation 152-159
Fra:1 Mem:5709.58M (Peak 9000.21M) | Time:00:07.47 | Compositing | Operation 153-159
Fra:1 Mem:5709.58M (Peak 9000.21M) | Time:00:07.47 | Compositing | Operation 154-159
Fra:1 Mem:5583.02M (Peak 9000.21M) | Time:00:07.49 | Compositing | Operation 155-159
Fra:1 Mem:5488.10M (Peak 9000.21M) | Time:00:07.51 | Compositing | Operation 156-159
Fra:1 Mem:5488.10M (Peak 9000.21M) | Time:00:07.51 | Compositing | Operation 157-159
Fra:1 Mem:5488.10M (Peak 9000.21M) | Time:00:07.51 | Compositing | Operation 158-159
Fra:1 Mem:5583.02M (Peak 9000.21M) | Time:00:07.52 | Compositing | Operation 159-159
Fra:1 Mem:5709.58M (Peak 9000.21M) | Time:00:07.59 | Compositing | Operation 160-159
Saved: 'D:\2026 Arboreal Futures\urban-futures\_data-refactored\compositor\outputs\4.10\city_single-state_yr180\base__20260412_104824\base_depth_windowed_internal_refined.png'
Time: 00:08.44 (Saving: 00:00.84)

Fra:1 Mem:5456.33M (Peak 5456.33M) | Time:00:00.00 | Compositing
Fra:1 Mem:5456.33M (Peak 5456.33M) | Time:00:00.00 | Compositing | Initializing execution
Fra:1 Mem:5583.02M (Peak 5583.02M) | Time:00:00.03 | Compositing | Operation 2-159
Fra:1 Mem:5709.58M (Peak 5709.58M) | Time:00:00.10 | Compositing | Operation 3-159
Fra:1 Mem:6089.27M (Peak 6215.83M) | Time:00:00.23 | Compositing | Operation 4-159
Fra:1 Mem:6089.27M (Peak 6215.83M) | Time:00:00.23 | Compositing | Operation 5-159
Fra:1 Mem:6089.27M (Peak 6215.83M) | Time:00:00.23 | Compositing | Operation 6-159
Fra:1 Mem:6215.83M (Peak 6215.83M) | Time:00:00.24 | Compositing | Operation 7-159
Fra:1 Mem:6215.83M (Peak 6215.83M) | Time:00:00.24 | Compositing | Operation 8-159
Fra:1 Mem:6215.83M (Peak 6215.83M) | Time:00:00.24 | Compositing | Operation 9-159
Fra:1 Mem:6215.83M (Peak 6342.40M) | Time:00:00.32 | Compositing | Operation 10-159
Fra:1 Mem:6215.83M (Peak 6342.40M) | Time:00:00.32 | Compositing | Operation 11-159
Fra:1 Mem:6215.83M (Peak 6342.40M) | Time:00:00.32 | Compositing | Operation 12-159
Fra:1 Mem:6215.83M (Peak 7481.46M) | Time:00:02.08 | Compositing | Operation 13-159
Fra:1 Mem:6215.83M (Peak 7481.46M) | Time:00:02.08 | Compositing | Operation 14-159
Fra:1 Mem:6215.83M (Peak 7481.46M) | Time:00:02.08 | Compositing | Operation 15-159
Fra:1 Mem:6342.40M (Peak 7481.46M) | Time:00:02.10 | Compositing | Operation 16-159
Fra:1 Mem:6342.40M (Peak 7481.46M) | Time:00:02.10 | Compositing | Operation 17-159
Fra:1 Mem:6342.40M (Peak 7481.46M) | Time:00:02.10 | Compositing | Operation 18-159
Fra:1 Mem:6468.96M (Peak 7481.46M) | Time:00:02.13 | Compositing | Operation 19-159
Fra:1 Mem:6848.65M (Peak 7481.46M) | Time:00:02.24 | Compositing | Operation 20-159
Fra:1 Mem:6848.65M (Peak 7481.46M) | Time:00:02.24 | Compositing | Operation 21-159
Fra:1 Mem:6848.65M (Peak 7481.46M) | Time:00:02.24 | Compositing | Operation 22-159
Fra:1 Mem:6848.65M (Peak 7481.46M) | Time:00:02.24 | Compositing | Operation 23-159
Fra:1 Mem:6848.65M (Peak 7481.46M) | Time:00:02.24 | Compositing | Operation 24-159
Fra:1 Mem:6975.21M (Peak 7481.46M) | Time:00:02.28 | Compositing | Operation 25-159
Fra:1 Mem:6975.21M (Peak 7481.46M) | Time:00:02.28 | Compositing | Operation 26-159
Fra:1 Mem:6595.52M (Peak 7481.46M) | Time:00:02.33 | Compositing | Operation 27-159
Fra:1 Mem:6595.52M (Peak 7481.46M) | Time:00:02.36 | Compositing | Operation 28-159
Fra:1 Mem:6595.52M (Peak 7481.46M) | Time:00:02.36 | Compositing | Operation 29-159
Fra:1 Mem:6595.52M (Peak 7481.46M) | Time:00:02.39 | Compositing | Operation 30-159
Fra:1 Mem:6595.52M (Peak 7861.15M) | Time:00:03.47 | Compositing | Operation 31-159
Fra:1 Mem:6595.52M (Peak 7861.15M) | Time:00:03.47 | Compositing | Operation 32-159
Fra:1 Mem:6595.52M (Peak 7861.15M) | Time:00:03.47 | Compositing | Operation 33-159
Fra:1 Mem:6595.52M (Peak 7861.15M) | Time:00:03.51 | Compositing | Operation 34-159
Fra:1 Mem:6595.52M (Peak 7861.15M) | Time:00:03.51 | Compositing | Operation 35-159
Fra:1 Mem:6595.52M (Peak 7861.15M) | Time:00:03.54 | Compositing | Operation 36-159
Fra:1 Mem:6595.52M (Peak 7861.15M) | Time:00:03.54 | Compositing | Operation 37-159
Fra:1 Mem:6595.52M (Peak 7861.15M) | Time:00:03.57 | Compositing | Operation 38-159
Fra:1 Mem:6595.52M (Peak 7861.15M) | Time:00:03.57 | Compositing | Operation 39-159
Fra:1 Mem:6595.52M (Peak 7861.15M) | Time:00:03.60 | Compositing | Operation 40-159
Fra:1 Mem:6595.52M (Peak 7861.15M) | Time:00:03.60 | Compositing | Operation 41-159
Fra:1 Mem:6215.83M (Peak 7861.15M) | Time:00:03.65 | Compositing | Operation 42-159
Fra:1 Mem:6215.83M (Peak 7861.15M) | Time:00:03.67 | Compositing | Operation 43-159
Fra:1 Mem:6215.83M (Peak 7861.15M) | Time:00:03.67 | Compositing | Operation 44-159
Fra:1 Mem:6215.83M (Peak 7861.15M) | Time:00:03.70 | Compositing | Operation 45-159
Fra:1 Mem:6595.52M (Peak 7861.15M) | Time:00:03.77 | Compositing | Operation 46-159
Fra:1 Mem:6975.21M (Peak 7861.15M) | Time:00:03.83 | Compositing | Operation 47-159
Fra:1 Mem:6975.21M (Peak 7861.15M) | Time:00:03.83 | Compositing | Operation 48-159
Fra:1 Mem:6975.21M (Peak 7861.15M) | Time:00:03.86 | Compositing | Operation 49-159
Fra:1 Mem:7354.90M (Peak 7861.15M) | Time:00:03.93 | Compositing | Operation 50-159
Fra:1 Mem:6975.21M (Peak 7861.15M) | Time:00:03.97 | Compositing | Operation 51-159
Fra:1 Mem:6595.52M (Peak 7861.15M) | Time:00:04.01 | Compositing | Operation 52-159
Fra:1 Mem:6975.21M (Peak 7861.15M) | Time:00:04.07 | Compositing | Operation 53-159
Fra:1 Mem:6595.52M (Peak 7861.15M) | Time:00:04.12 | Compositing | Operation 54-159
Fra:1 Mem:6975.21M (Peak 7861.15M) | Time:00:04.18 | Compositing | Operation 55-159
Fra:1 Mem:7354.90M (Peak 7861.15M) | Time:00:04.28 | Compositing | Operation 56-159
Fra:1 Mem:6975.21M (Peak 7861.15M) | Time:00:04.32 | Compositing | Operation 57-159
Fra:1 Mem:7354.90M (Peak 7861.15M) | Time:00:04.39 | Compositing | Operation 58-159
Fra:1 Mem:6975.21M (Peak 7861.15M) | Time:00:04.43 | Compositing | Operation 59-159
Fra:1 Mem:6595.52M (Peak 7861.15M) | Time:00:04.48 | Compositing | Operation 60-159
Fra:1 Mem:6975.21M (Peak 7861.15M) | Time:00:04.55 | Compositing | Operation 61-159
Fra:1 Mem:6595.52M (Peak 7861.15M) | Time:00:04.60 | Compositing | Operation 62-159
Fra:1 Mem:6595.52M (Peak 7861.15M) | Time:00:04.60 | Compositing | Operation 63-159
Fra:1 Mem:6975.21M (Peak 7861.15M) | Time:00:04.66 | Compositing | Operation 64-159
Fra:1 Mem:6975.21M (Peak 7861.15M) | Time:00:04.66 | Compositing | Operation 65-159
Fra:1 Mem:7354.90M (Peak 7861.15M) | Time:00:04.73 | Compositing | Operation 66-159
Fra:1 Mem:6975.21M (Peak 7861.15M) | Time:00:04.78 | Compositing | Operation 67-159
Fra:1 Mem:6975.21M (Peak 7861.15M) | Time:00:04.78 | Compositing | Operation 68-159
Fra:1 Mem:7354.90M (Peak 7861.15M) | Time:00:04.84 | Compositing | Operation 69-159
Fra:1 Mem:7354.90M (Peak 7861.15M) | Time:00:04.97 | Compositing | Operation 70-159
Fra:1 Mem:7354.90M (Peak 7861.15M) | Time:00:05.11 | Compositing | Operation 71-159
Fra:1 Mem:7354.90M (Peak 7861.15M) | Time:00:05.11 | Compositing | Operation 72-159
Fra:1 Mem:7734.58M (Peak 7861.15M) | Time:00:05.18 | Compositing | Operation 73-159
Fra:1 Mem:7734.58M (Peak 8240.83M) | Time:00:05.31 | Compositing | Operation 74-159
Fra:1 Mem:7354.90M (Peak 8240.83M) | Time:00:05.35 | Compositing | Operation 75-159
Fra:1 Mem:6975.21M (Peak 8240.83M) | Time:00:05.39 | Compositing | Operation 76-159
Fra:1 Mem:6975.21M (Peak 8240.83M) | Time:00:05.52 | Compositing | Operation 77-159
Fra:1 Mem:6595.52M (Peak 8240.83M) | Time:00:05.56 | Compositing | Operation 78-159
Fra:1 Mem:6595.52M (Peak 8240.83M) | Time:00:05.61 | Compositing | Operation 79-159
Fra:1 Mem:6595.52M (Peak 8240.83M) | Time:00:05.67 | Compositing | Operation 80-159
Fra:1 Mem:6215.83M (Peak 8240.83M) | Time:00:05.72 | Compositing | Operation 81-159
Fra:1 Mem:6215.83M (Peak 8240.83M) | Time:00:05.76 | Compositing | Operation 82-159
Fra:1 Mem:6722.08M (Peak 8240.83M) | Time:00:05.80 | Compositing | Operation 83-159
Fra:1 Mem:7101.77M (Peak 8240.83M) | Time:00:05.83 | Compositing | Operation 84-159
Fra:1 Mem:7608.02M (Peak 8240.83M) | Time:00:05.87 | Compositing | Operation 85-159
Fra:1 Mem:7987.71M (Peak 8240.83M) | Time:00:05.90 | Compositing | Operation 86-159
Fra:1 Mem:7987.71M (Peak 8240.83M) | Time:00:05.96 | Compositing | Operation 87-159
Fra:1 Mem:8493.96M (Peak 8493.96M) | Time:00:05.99 | Compositing | Operation 88-159
Fra:1 Mem:8873.65M (Peak 9000.21M) | Time:00:06.03 | Compositing | Operation 89-159
Fra:1 Mem:8493.96M (Peak 9000.21M) | Time:00:06.05 | Compositing | Operation 90-159
Fra:1 Mem:8114.27M (Peak 9000.21M) | Time:00:06.08 | Compositing | Operation 91-159
Fra:1 Mem:7734.58M (Peak 9000.21M) | Time:00:06.11 | Compositing | Operation 92-159
Fra:1 Mem:7354.90M (Peak 9000.21M) | Time:00:06.14 | Compositing | Operation 93-159
Fra:1 Mem:7861.15M (Peak 9000.21M) | Time:00:06.18 | Compositing | Operation 94-159
Fra:1 Mem:8240.83M (Peak 9000.21M) | Time:00:06.21 | Compositing | Operation 95-159
Fra:1 Mem:7861.15M (Peak 9000.21M) | Time:00:06.24 | Compositing | Operation 96-159
Fra:1 Mem:7481.46M (Peak 9000.21M) | Time:00:06.28 | Compositing | Operation 97-159
Fra:1 Mem:7481.46M (Peak 9000.21M) | Time:00:06.28 | Compositing | Operation 98-159
Fra:1 Mem:7481.46M (Peak 9000.21M) | Time:00:06.33 | Compositing | Operation 99-159
Fra:1 Mem:7481.46M (Peak 9000.21M) | Time:00:06.39 | Compositing | Operation 100-159
Fra:1 Mem:7481.46M (Peak 9000.21M) | Time:00:06.39 | Compositing | Operation 101-159
Fra:1 Mem:7481.46M (Peak 9000.21M) | Time:00:06.45 | Compositing | Operation 102-159
Fra:1 Mem:7481.46M (Peak 9000.21M) | Time:00:06.51 | Compositing | Operation 103-159
Fra:1 Mem:7101.77M (Peak 9000.21M) | Time:00:06.54 | Compositing | Operation 104-159
Fra:1 Mem:6722.08M (Peak 9000.21M) | Time:00:06.57 | Compositing | Operation 105-159
Fra:1 Mem:6722.08M (Peak 9000.21M) | Time:00:06.57 | Compositing | Operation 106-159
Fra:1 Mem:6722.08M (Peak 9000.21M) | Time:00:06.63 | Compositing | Operation 107-159
Fra:1 Mem:6722.08M (Peak 9000.21M) | Time:00:06.69 | Compositing | Operation 108-159
Fra:1 Mem:6595.52M (Peak 9000.21M) | Time:00:06.71 | Compositing | Operation 109-159
Fra:1 Mem:6468.96M (Peak 9000.21M) | Time:00:06.74 | Compositing | Operation 110-159
Fra:1 Mem:6468.96M (Peak 9000.21M) | Time:00:06.74 | Compositing | Operation 111-159
Fra:1 Mem:6468.96M (Peak 9000.21M) | Time:00:06.80 | Compositing | Operation 112-159
Fra:1 Mem:6468.96M (Peak 9000.21M) | Time:00:06.86 | Compositing | Operation 113-159
Fra:1 Mem:6342.40M (Peak 9000.21M) | Time:00:06.88 | Compositing | Operation 114-159
Fra:1 Mem:6342.40M (Peak 9000.21M) | Time:00:06.88 | Compositing | Operation 115-159
Fra:1 Mem:6722.08M (Peak 9000.21M) | Time:00:06.92 | Compositing | Operation 116-159
Fra:1 Mem:6722.08M (Peak 9000.21M) | Time:00:06.92 | Compositing | Operation 117-159
Fra:1 Mem:7101.77M (Peak 9000.21M) | Time:00:06.95 | Compositing | Operation 118-159
Fra:1 Mem:6975.21M (Peak 9000.21M) | Time:00:06.97 | Compositing | Operation 119-159
Fra:1 Mem:6975.21M (Peak 9000.21M) | Time:00:06.97 | Compositing | Operation 120-159
Fra:1 Mem:7354.90M (Peak 9000.21M) | Time:00:07.01 | Compositing | Operation 121-159
Fra:1 Mem:7354.90M (Peak 9000.21M) | Time:00:07.01 | Compositing | Operation 122-159
Fra:1 Mem:7354.90M (Peak 9000.21M) | Time:00:07.06 | Compositing | Operation 123-159
Fra:1 Mem:7354.90M (Peak 9000.21M) | Time:00:07.06 | Compositing | Operation 124-159
Fra:1 Mem:7354.90M (Peak 9000.21M) | Time:00:07.10 | Compositing | Operation 125-159
Fra:1 Mem:7354.90M (Peak 9000.21M) | Time:00:07.10 | Compositing | Operation 126-159
Fra:1 Mem:7734.58M (Peak 9000.21M) | Time:00:07.13 | Compositing | Operation 127-159
Fra:1 Mem:7734.58M (Peak 9000.21M) | Time:00:07.14 | Compositing | Operation 128-159
Fra:1 Mem:7734.58M (Peak 9000.21M) | Time:00:07.18 | Compositing | Operation 129-159
Fra:1 Mem:7734.58M (Peak 9000.21M) | Time:00:07.23 | Compositing | Operation 130-159
Fra:1 Mem:7734.58M (Peak 9000.21M) | Time:00:07.28 | Compositing | Operation 131-159
Fra:1 Mem:7734.58M (Peak 9000.21M) | Time:00:07.28 | Compositing | Operation 132-159
Fra:1 Mem:7734.58M (Peak 9000.21M) | Time:00:07.33 | Compositing | Operation 133-159
Fra:1 Mem:7734.58M (Peak 9000.21M) | Time:00:07.38 | Compositing | Operation 134-159
Fra:1 Mem:7734.58M (Peak 9000.21M) | Time:00:07.38 | Compositing | Operation 135-159
Fra:1 Mem:7354.90M (Peak 9000.21M) | Time:00:07.40 | Compositing | Operation 136-159
Fra:1 Mem:7354.90M (Peak 9000.21M) | Time:00:07.40 | Compositing | Operation 137-159
Fra:1 Mem:6975.21M (Peak 9000.21M) | Time:00:07.43 | Compositing | Operation 138-159
Fra:1 Mem:6975.21M (Peak 9000.21M) | Time:00:07.48 | Compositing | Operation 139-159
Fra:1 Mem:6975.21M (Peak 9000.21M) | Time:00:07.48 | Compositing | Operation 140-159
Fra:1 Mem:6595.52M (Peak 9000.21M) | Time:00:07.50 | Compositing | Operation 141-159
Fra:1 Mem:6595.52M (Peak 9000.21M) | Time:00:07.50 | Compositing | Operation 142-159
Fra:1 Mem:6595.52M (Peak 9000.21M) | Time:00:07.52 | Compositing | Operation 143-159
Fra:1 Mem:6595.52M (Peak 9000.21M) | Time:00:07.54 | Compositing | Operation 144-159
Fra:1 Mem:6595.52M (Peak 9000.21M) | Time:00:07.54 | Compositing | Operation 145-159
Fra:1 Mem:6215.83M (Peak 9000.21M) | Time:00:07.57 | Compositing | Operation 146-159
Fra:1 Mem:6215.83M (Peak 9000.21M) | Time:00:07.57 | Compositing | Operation 147-159
Fra:1 Mem:6089.27M (Peak 9000.21M) | Time:00:07.60 | Compositing | Operation 148-159
Fra:1 Mem:5962.71M (Peak 9000.21M) | Time:00:07.62 | Compositing | Operation 149-159
Fra:1 Mem:5962.71M (Peak 9000.21M) | Time:00:07.62 | Compositing | Operation 150-159
Fra:1 Mem:5836.15M (Peak 9000.21M) | Time:00:07.65 | Compositing | Operation 151-159
Fra:1 Mem:5709.58M (Peak 9000.21M) | Time:00:07.67 | Compositing | Operation 152-159
Fra:1 Mem:5709.58M (Peak 9000.21M) | Time:00:07.67 | Compositing | Operation 153-159
Fra:1 Mem:5709.58M (Peak 9000.21M) | Time:00:07.67 | Compositing | Operation 154-159
Fra:1 Mem:5583.02M (Peak 9000.21M) | Time:00:07.70 | Compositing | Operation 155-159
Fra:1 Mem:5488.10M (Peak 9000.21M) | Time:00:07.72 | Compositing | Operation 156-159
Fra:1 Mem:5488.10M (Peak 9000.21M) | Time:00:07.72 | Compositing | Operation 157-159
Fra:1 Mem:5488.10M (Peak 9000.21M) | Time:00:07.72 | Compositing | Operation 158-159
Fra:1 Mem:5583.02M (Peak 9000.21M) | Time:00:07.74 | Compositing | Operation 159-159
Fra:1 Mem:5709.58M (Peak 9000.21M) | Time:00:07.82 | Compositing | Operation 160-159
Saved: 'D:\2026 Arboreal Futures\urban-futures\_data-refactored\compositor\outputs\4.10\city_single-state_yr180\base__20260412_104824\base_depth_windowed_internal_dense.png'
Time: 00:08.67 (Saving: 00:00.84)

Fra:1 Mem:5456.33M (Peak 5456.33M) | Time:00:00.00 | Compositing
Fra:1 Mem:5456.33M (Peak 5456.33M) | Time:00:00.01 | Compositing | Initializing execution
Fra:1 Mem:5582.99M (Peak 5582.99M) | Time:00:00.06 | Compositing | Operation 2-123
Fra:1 Mem:5709.55M (Peak 5709.55M) | Time:00:00.18 | Compositing | Operation 3-123
Fra:1 Mem:5709.55M (Peak 5836.12M) | Time:00:00.26 | Compositing | Operation 4-123
Fra:1 Mem:6089.24M (Peak 6215.80M) | Time:00:00.35 | Compositing | Operation 5-123
Fra:1 Mem:6089.24M (Peak 6215.80M) | Time:00:00.35 | Compositing | Operation 6-123
Fra:1 Mem:6089.24M (Peak 6215.80M) | Time:00:00.35 | Compositing | Operation 7-123
Fra:1 Mem:6215.80M (Peak 6215.80M) | Time:00:00.37 | Compositing | Operation 8-123
Fra:1 Mem:6215.80M (Peak 6215.80M) | Time:00:00.37 | Compositing | Operation 9-123
Fra:1 Mem:6215.80M (Peak 6215.80M) | Time:00:00.37 | Compositing | Operation 10-123
Fra:1 Mem:6595.49M (Peak 6722.05M) | Time:00:00.45 | Compositing | Operation 11-123
Fra:1 Mem:6595.49M (Peak 6722.05M) | Time:00:00.45 | Compositing | Operation 12-123
Fra:1 Mem:6595.49M (Peak 6722.05M) | Time:00:00.45 | Compositing | Operation 13-123
Fra:1 Mem:6595.49M (Peak 7861.12M) | Time:00:01.52 | Compositing | Operation 14-123
Fra:1 Mem:6595.49M (Peak 7861.12M) | Time:00:01.52 | Compositing | Operation 15-123
Fra:1 Mem:6595.49M (Peak 7861.12M) | Time:00:01.52 | Compositing | Operation 16-123
Fra:1 Mem:6722.05M (Peak 7861.12M) | Time:00:01.55 | Compositing | Operation 17-123
Fra:1 Mem:6722.05M (Peak 7861.12M) | Time:00:01.55 | Compositing | Operation 18-123
Fra:1 Mem:6722.05M (Peak 7861.12M) | Time:00:01.55 | Compositing | Operation 19-123
Fra:1 Mem:6848.62M (Peak 7861.12M) | Time:00:01.57 | Compositing | Operation 20-123
Fra:1 Mem:6848.62M (Peak 8114.24M) | Time:00:03.81 | Compositing | Operation 21-123
Fra:1 Mem:6848.62M (Peak 8114.24M) | Time:00:03.81 | Compositing | Operation 22-123
Fra:1 Mem:6848.62M (Peak 8114.24M) | Time:00:03.81 | Compositing | Operation 23-123
Fra:1 Mem:6848.62M (Peak 8114.24M) | Time:00:03.83 | Compositing | Operation 24-123
Fra:1 Mem:6848.62M (Peak 8114.24M) | Time:00:03.83 | Compositing | Operation 25-123
Fra:1 Mem:6468.93M (Peak 8114.24M) | Time:00:03.91 | Compositing | Operation 26-123
Fra:1 Mem:6468.93M (Peak 8114.24M) | Time:00:03.93 | Compositing | Operation 27-123
Fra:1 Mem:6468.93M (Peak 8114.24M) | Time:00:03.93 | Compositing | Operation 28-123
Fra:1 Mem:6468.93M (Peak 8114.24M) | Time:00:03.97 | Compositing | Operation 29-123
Fra:1 Mem:6468.93M (Peak 8114.24M) | Time:00:03.97 | Compositing | Operation 30-123
Fra:1 Mem:6089.24M (Peak 8114.24M) | Time:00:04.03 | Compositing | Operation 31-123
Fra:1 Mem:6089.24M (Peak 8114.24M) | Time:00:04.07 | Compositing | Operation 32-123
Fra:1 Mem:6089.24M (Peak 8114.24M) | Time:00:04.07 | Compositing | Operation 33-123
Fra:1 Mem:6089.24M (Peak 8114.24M) | Time:00:04.10 | Compositing | Operation 34-123
Fra:1 Mem:6089.24M (Peak 8114.24M) | Time:00:04.10 | Compositing | Operation 35-123
Fra:1 Mem:6089.24M (Peak 8114.24M) | Time:00:04.15 | Compositing | Operation 36-123
Fra:1 Mem:6089.24M (Peak 8114.24M) | Time:00:04.15 | Compositing | Operation 37-123
Fra:1 Mem:6089.24M (Peak 8114.24M) | Time:00:04.17 | Compositing | Operation 38-123
Fra:1 Mem:6468.93M (Peak 8114.24M) | Time:00:04.24 | Compositing | Operation 39-123
Fra:1 Mem:6848.62M (Peak 8114.24M) | Time:00:04.32 | Compositing | Operation 40-123
Fra:1 Mem:7228.30M (Peak 8114.24M) | Time:00:04.39 | Compositing | Operation 41-123
Fra:1 Mem:6848.62M (Peak 8114.24M) | Time:00:04.44 | Compositing | Operation 42-123
Fra:1 Mem:6468.93M (Peak 8114.24M) | Time:00:04.49 | Compositing | Operation 43-123
Fra:1 Mem:6089.24M (Peak 8114.24M) | Time:00:04.53 | Compositing | Operation 44-123
Fra:1 Mem:6468.93M (Peak 8114.24M) | Time:00:04.62 | Compositing | Operation 45-123
Fra:1 Mem:6848.62M (Peak 8114.24M) | Time:00:04.70 | Compositing | Operation 46-123
Fra:1 Mem:7228.30M (Peak 8114.24M) | Time:00:04.78 | Compositing | Operation 47-123
Fra:1 Mem:6848.62M (Peak 8114.24M) | Time:00:04.83 | Compositing | Operation 48-123
Fra:1 Mem:6468.93M (Peak 8114.24M) | Time:00:04.88 | Compositing | Operation 49-123
Fra:1 Mem:6089.24M (Peak 8114.24M) | Time:00:04.92 | Compositing | Operation 50-123
Fra:1 Mem:6089.24M (Peak 8114.24M) | Time:00:04.92 | Compositing | Operation 51-123
Fra:1 Mem:6468.93M (Peak 8114.24M) | Time:00:05.00 | Compositing | Operation 52-123
Fra:1 Mem:6468.93M (Peak 8114.24M) | Time:00:05.00 | Compositing | Operation 53-123
Fra:1 Mem:6848.62M (Peak 8114.24M) | Time:00:05.08 | Compositing | Operation 54-123
Fra:1 Mem:6848.62M (Peak 8114.24M) | Time:00:05.08 | Compositing | Operation 55-123
Fra:1 Mem:7228.30M (Peak 8114.24M) | Time:00:05.15 | Compositing | Operation 56-123
Fra:1 Mem:7228.30M (Peak 8114.24M) | Time:00:05.34 | Compositing | Operation 57-123
Fra:1 Mem:7228.30M (Peak 8114.24M) | Time:00:05.51 | Compositing | Operation 58-123
Fra:1 Mem:7228.30M (Peak 8114.24M) | Time:00:05.69 | Compositing | Operation 59-123
Fra:1 Mem:6848.62M (Peak 8114.24M) | Time:00:05.75 | Compositing | Operation 60-123
Fra:1 Mem:6468.93M (Peak 8114.24M) | Time:00:05.78 | Compositing | Operation 61-123
Fra:1 Mem:6089.24M (Peak 8114.24M) | Time:00:05.84 | Compositing | Operation 62-123
Fra:1 Mem:6089.24M (Peak 8114.24M) | Time:00:05.91 | Compositing | Operation 63-123
Fra:1 Mem:6089.24M (Peak 8114.24M) | Time:00:05.97 | Compositing | Operation 64-123
Fra:1 Mem:6089.24M (Peak 8114.24M) | Time:00:06.05 | Compositing | Operation 65-123
Fra:1 Mem:6595.49M (Peak 8114.24M) | Time:00:06.10 | Compositing | Operation 66-123
Fra:1 Mem:6975.18M (Peak 8114.24M) | Time:00:06.13 | Compositing | Operation 67-123
Fra:1 Mem:7481.43M (Peak 8114.24M) | Time:00:06.18 | Compositing | Operation 68-123
Fra:1 Mem:7861.12M (Peak 8114.24M) | Time:00:06.23 | Compositing | Operation 69-123
Fra:1 Mem:8367.37M (Peak 8367.37M) | Time:00:06.26 | Compositing | Operation 70-123
Fra:1 Mem:8747.05M (Peak 8873.62M) | Time:00:06.31 | Compositing | Operation 71-123
Fra:1 Mem:8367.37M (Peak 8873.62M) | Time:00:06.33 | Compositing | Operation 72-123
Fra:1 Mem:7987.68M (Peak 8873.62M) | Time:00:06.36 | Compositing | Operation 73-123
Fra:1 Mem:7607.99M (Peak 8873.62M) | Time:00:06.38 | Compositing | Operation 74-123
Fra:1 Mem:7228.30M (Peak 8873.62M) | Time:00:06.42 | Compositing | Operation 75-123
Fra:1 Mem:6848.62M (Peak 8873.62M) | Time:00:06.45 | Compositing | Operation 76-123
Fra:1 Mem:6468.93M (Peak 8873.62M) | Time:00:06.47 | Compositing | Operation 77-123
Fra:1 Mem:6468.93M (Peak 8873.62M) | Time:00:06.47 | Compositing | Operation 78-123
Fra:1 Mem:6468.93M (Peak 8873.62M) | Time:00:06.54 | Compositing | Operation 79-123
Fra:1 Mem:6468.93M (Peak 8873.62M) | Time:00:06.61 | Compositing | Operation 80-123
Fra:1 Mem:6468.93M (Peak 8873.62M) | Time:00:06.61 | Compositing | Operation 81-123
Fra:1 Mem:6468.93M (Peak 8873.62M) | Time:00:06.66 | Compositing | Operation 82-123
Fra:1 Mem:6468.93M (Peak 8873.62M) | Time:00:06.72 | Compositing | Operation 83-123
Fra:1 Mem:6468.93M (Peak 8873.62M) | Time:00:06.72 | Compositing | Operation 84-123
Fra:1 Mem:6468.93M (Peak 8873.62M) | Time:00:06.81 | Compositing | Operation 85-123
Fra:1 Mem:6468.93M (Peak 8873.62M) | Time:00:06.88 | Compositing | Operation 86-123
Fra:1 Mem:6342.37M (Peak 8873.62M) | Time:00:06.90 | Compositing | Operation 87-123
Fra:1 Mem:6215.80M (Peak 8873.62M) | Time:00:06.92 | Compositing | Operation 88-123
Fra:1 Mem:6089.24M (Peak 8873.62M) | Time:00:06.94 | Compositing | Operation 89-123
Fra:1 Mem:6089.24M (Peak 8873.62M) | Time:00:06.94 | Compositing | Operation 90-123
Fra:1 Mem:6468.93M (Peak 8873.62M) | Time:00:06.99 | Compositing | Operation 91-123
Fra:1 Mem:6468.93M (Peak 8873.62M) | Time:00:06.99 | Compositing | Operation 92-123
Fra:1 Mem:6848.62M (Peak 8873.62M) | Time:00:07.02 | Compositing | Operation 93-123
Fra:1 Mem:6848.62M (Peak 8873.62M) | Time:00:07.02 | Compositing | Operation 94-123
Fra:1 Mem:7228.30M (Peak 8873.62M) | Time:00:07.08 | Compositing | Operation 95-123
Fra:1 Mem:7228.30M (Peak 8873.62M) | Time:00:07.08 | Compositing | Operation 96-123
Fra:1 Mem:7228.30M (Peak 8873.62M) | Time:00:07.16 | Compositing | Operation 97-123
Fra:1 Mem:7228.30M (Peak 8873.62M) | Time:00:07.16 | Compositing | Operation 98-123
Fra:1 Mem:7228.30M (Peak 8873.62M) | Time:00:07.20 | Compositing | Operation 99-123
Fra:1 Mem:7228.30M (Peak 8873.62M) | Time:00:07.20 | Compositing | Operation 100-123
Fra:1 Mem:7228.30M (Peak 8873.62M) | Time:00:07.27 | Compositing | Operation 101-123
Fra:1 Mem:7228.30M (Peak 8873.62M) | Time:00:07.31 | Compositing | Operation 102-123
Fra:1 Mem:7228.30M (Peak 8873.62M) | Time:00:07.39 | Compositing | Operation 103-123
Fra:1 Mem:7228.30M (Peak 8873.62M) | Time:00:07.46 | Compositing | Operation 104-123
Fra:1 Mem:7228.30M (Peak 8873.62M) | Time:00:07.46 | Compositing | Operation 105-123
Fra:1 Mem:6848.62M (Peak 8873.62M) | Time:00:07.48 | Compositing | Operation 106-123
Fra:1 Mem:6848.62M (Peak 8873.62M) | Time:00:07.48 | Compositing | Operation 107-123
Fra:1 Mem:6468.93M (Peak 8873.62M) | Time:00:07.56 | Compositing | Operation 108-123
Fra:1 Mem:6468.93M (Peak 8873.62M) | Time:00:07.56 | Compositing | Operation 109-123
Fra:1 Mem:6089.24M (Peak 8873.62M) | Time:00:07.58 | Compositing | Operation 110-123
Fra:1 Mem:6089.24M (Peak 8873.62M) | Time:00:07.58 | Compositing | Operation 111-123
Fra:1 Mem:6089.24M (Peak 8873.62M) | Time:00:07.59 | Compositing | Operation 112-123
Fra:1 Mem:5962.68M (Peak 8873.62M) | Time:00:07.63 | Compositing | Operation 113-123
Fra:1 Mem:5962.68M (Peak 8873.62M) | Time:00:07.63 | Compositing | Operation 114-123
Fra:1 Mem:5836.12M (Peak 8873.62M) | Time:00:07.66 | Compositing | Operation 115-123
Fra:1 Mem:5709.55M (Peak 8873.62M) | Time:00:07.68 | Compositing | Operation 116-123
Fra:1 Mem:5709.55M (Peak 8873.62M) | Time:00:07.68 | Compositing | Operation 117-123
Fra:1 Mem:5709.55M (Peak 8873.62M) | Time:00:07.68 | Compositing | Operation 118-123
Fra:1 Mem:5582.99M (Peak 8873.62M) | Time:00:07.70 | Compositing | Operation 119-123
Fra:1 Mem:5488.07M (Peak 8873.62M) | Time:00:07.73 | Compositing | Operation 120-123
Fra:1 Mem:5488.07M (Peak 8873.62M) | Time:00:07.73 | Compositing | Operation 121-123
Fra:1 Mem:5488.07M (Peak 8873.62M) | Time:00:07.73 | Compositing | Operation 122-123
Fra:1 Mem:5582.99M (Peak 8873.62M) | Time:00:07.75 | Compositing | Operation 123-123
Fra:1 Mem:5709.55M (Peak 8873.62M) | Time:00:07.90 | Compositing | Operation 124-123
Saved: 'D:\2026 Arboreal Futures\urban-futures\_data-refactored\compositor\outputs\4.10\city_single-state_yr180\base__20260412_104824\base_depth_windowed_balanced_dense.png'
Time: 00:09.30 (Saving: 00:01.36)

Info: Saved "compositor_base__city_single-state_yr180__4.10__20260412_104824.blend"
[render_edge_lab_current_base] Wrote D:\2026 Arboreal Futures\urban-futures\_data-refactored\compositor\outputs\4.10\city_single-state_yr180\base__20260412_104824\base_rgb.png
[render_edge_lab_current_base] Wrote D:\2026 Arboreal Futures\urban-futures\_data-refactored\compositor\outputs\4.10\city_single-state_yr180\base__20260412_104824\base_outlines.png
[render_edge_lab_current_base] Wrote D:\2026 Arboreal Futures\urban-futures\_data-refactored\compositor\outputs\4.10\city_single-state_yr180\base__20260412_104824\base_sim-turns.png
[render_edge_lab_current_base] Wrote D:\2026 Arboreal Futures\urban-futures\_data-refactored\compositor\outputs\4.10\city_single-state_yr180\base__20260412_104824\base_sim-nodes.png
[render_edge_lab_current_base] Wrote D:\2026 Arboreal Futures\urban-futures\_data-refactored\compositor\outputs\4.10\city_single-state_yr180\base__20260412_104824\base_sim-turns_ripple-effect.png
[render_edge_lab_current_base] Wrote D:\2026 Arboreal Futures\urban-futures\_data-refactored\compositor\outputs\4.10\city_single-state_yr180\base__20260412_104824\base_depth_windowed_balanced_refined.png
[render_edge_lab_current_base] Wrote D:\2026 Arboreal Futures\urban-futures\_data-refactored\compositor\outputs\4.10\city_single-state_yr180\base__20260412_104824\base_depth_windowed_internal_refined.png
[render_edge_lab_current_base] Wrote D:\2026 Arboreal Futures\urban-futures\_data-refactored\compositor\outputs\4.10\city_single-state_yr180\base__20260412_104824\base_depth_windowed_internal_dense.png
[render_edge_lab_current_base] Wrote D:\2026 Arboreal Futures\urban-futures\_data-refactored\compositor\outputs\4.10\city_single-state_yr180\base__20260412_104824\base_depth_windowed_balanced_dense.png
Info: Saved "compositor_base__city_single-state_yr180__4.10__20260412_104824.blend"

Blender quit
