Blender 4.2.19 LTS (hash 12a2dfa84963 built 2026-03-17 01:34:28)
Read blend: "D:\2026 Arboreal Futures\urban-futures\_data-refactored\compositor\temp_blends\template_instantiations\compositor_depth_outliner__city_single-state_yr180__4.10__20260412_104824.blend"
Fra:1 Mem:5453.13M (Peak 5453.13M) | Time:00:00.00 | Compositing
Fra:1 Mem:5453.13M (Peak 5453.13M) | Time:00:00.00 | Compositing | Initializing execution
Fra:1 Mem:5579.76M (Peak 5579.76M) | Time:00:00.02 | Compositing | Operation 2-23
Fra:1 Mem:5579.76M (Peak 5706.32M) | Time:00:00.09 | Compositing | Operation 3-23
Fra:1 Mem:5579.76M (Peak 5706.32M) | Time:00:00.09 | Compositing | Operation 4-23
Fra:1 Mem:5959.45M (Peak 6086.01M) | Time:00:00.16 | Compositing | Operation 5-23
Fra:1 Mem:6086.01M (Peak 6086.01M) | Time:00:00.22 | Compositing | Operation 6-23
Fra:1 Mem:6086.01M (Peak 6592.26M) | Time:00:00.35 | Compositing | Operation 7-23
Fra:1 Mem:6086.01M (Peak 6592.26M) | Time:00:00.35 | Compositing | Operation 8-23
Fra:1 Mem:6086.01M (Peak 6592.26M) | Time:00:00.38 | Compositing | Operation 9-23
Fra:1 Mem:6086.01M (Peak 6592.26M) | Time:00:00.38 | Compositing | Operation 10-23
Fra:1 Mem:5706.32M (Peak 6592.26M) | Time:00:00.42 | Compositing | Operation 11-23
Fra:1 Mem:5706.32M (Peak 6592.26M) | Time:00:00.42 | Compositing | Operation 12-23
Fra:1 Mem:5706.32M (Peak 6592.26M) | Time:00:00.42 | Compositing | Operation 13-23
Fra:1 Mem:5706.32M (Peak 6592.26M) | Time:00:00.46 | Compositing | Operation 14-23
Fra:1 Mem:6086.01M (Peak 6592.26M) | Time:00:00.54 | Compositing | Operation 15-23
Fra:1 Mem:6086.01M (Peak 6592.26M) | Time:00:00.54 | Compositing | Operation 16-23
Fra:1 Mem:6086.01M (Peak 6592.26M) | Time:00:00.57 | Compositing | Operation 17-23
Fra:1 Mem:5706.32M (Peak 6592.26M) | Time:00:00.62 | Compositing | Operation 18-23
Fra:1 Mem:5579.76M (Peak 6592.26M) | Time:00:00.65 | Compositing | Operation 19-23
Fra:1 Mem:5579.76M (Peak 6592.26M) | Time:00:00.65 | Compositing | Operation 20-23
Fra:1 Mem:5579.76M (Peak 6592.26M) | Time:00:00.65 | Compositing | Operation 21-23
Fra:1 Mem:5959.45M (Peak 6592.26M) | Time:00:00.72 | Compositing | Operation 22-23
Fra:1 Mem:6971.95M (Peak 6971.95M) | Time:00:01.01 | Compositing | Operation 23-23
Saved: 'D:\2026 Arboreal Futures\urban-futures\_data-refactored\compositor\outputs\4.10\city_single-state_yr180\depth_outliner__20260412_104824\_discard_render.png'
Time: 00:04.54 (Saving: 00:03.49)

Fra:1 Mem:5453.13M (Peak 5453.13M) | Time:00:00.00 | Compositing
Fra:1 Mem:5453.13M (Peak 5453.13M) | Time:00:00.00 | Compositing | Initializing execution
Fra:1 Mem:5579.76M (Peak 5579.76M) | Time:00:00.04 | Compositing | Operation 2-22
Fra:1 Mem:5579.76M (Peak 5706.32M) | Time:00:00.14 | Compositing | Operation 3-22
Fra:1 Mem:5579.76M (Peak 5706.32M) | Time:00:00.14 | Compositing | Operation 4-22
Fra:1 Mem:5959.45M (Peak 6086.01M) | Time:00:00.22 | Compositing | Operation 5-22
Fra:1 Mem:6086.01M (Peak 6086.01M) | Time:00:00.24 | Compositing | Operation 6-22
Fra:1 Mem:6086.01M (Peak 6592.26M) | Time:00:00.37 | Compositing | Operation 7-22
Fra:1 Mem:6086.01M (Peak 6592.26M) | Time:00:00.37 | Compositing | Operation 8-22
Fra:1 Mem:6086.01M (Peak 6592.26M) | Time:00:00.41 | Compositing | Operation 9-22
Fra:1 Mem:6086.01M (Peak 6592.26M) | Time:00:00.41 | Compositing | Operation 10-22
Fra:1 Mem:5706.32M (Peak 6592.26M) | Time:00:00.45 | Compositing | Operation 11-22
Fra:1 Mem:5706.32M (Peak 6592.26M) | Time:00:00.45 | Compositing | Operation 12-22
Fra:1 Mem:5706.32M (Peak 6592.26M) | Time:00:00.45 | Compositing | Operation 13-22
Fra:1 Mem:5706.32M (Peak 6592.26M) | Time:00:00.48 | Compositing | Operation 14-22
Fra:1 Mem:6086.01M (Peak 6592.26M) | Time:00:00.56 | Compositing | Operation 15-22
Fra:1 Mem:6086.01M (Peak 6592.26M) | Time:00:00.56 | Compositing | Operation 16-22
Fra:1 Mem:6086.01M (Peak 6592.26M) | Time:00:00.59 | Compositing | Operation 17-22
Fra:1 Mem:5706.32M (Peak 6592.26M) | Time:00:00.63 | Compositing | Operation 18-22
Fra:1 Mem:5579.76M (Peak 6592.26M) | Time:00:00.68 | Compositing | Operation 19-22
Fra:1 Mem:5579.76M (Peak 6592.26M) | Time:00:00.68 | Compositing | Operation 20-22
Fra:1 Mem:5579.76M (Peak 6592.26M) | Time:00:00.68 | Compositing | Operation 21-22
Fra:1 Mem:5959.45M (Peak 6592.26M) | Time:00:00.75 | Compositing | Operation 22-22
Fra:1 Mem:6465.70M (Peak 6971.95M) | Time:00:01.10 | Compositing | Operation 23-22
Saved: 'D:\2026 Arboreal Futures\urban-futures\_data-refactored\compositor\outputs\4.10\city_single-state_yr180\depth_outliner__20260412_104824\depth_outliner.png'
Time: 00:04.25 (Saving: 00:03.14)

[render_edge_lab_current_depth_outliner] Wrote D:\2026 Arboreal Futures\urban-futures\_data-refactored\compositor\outputs\4.10\city_single-state_yr180\depth_outliner__20260412_104824\depth_outliner.png
[render_edge_lab_current_depth_outliner] Wrote D:\2026 Arboreal Futures\urban-futures\_data-refactored\compositor\outputs\4.10\city_single-state_yr180\depth_outliner__20260412_104824\depth_outliner.png

Blender quit
