Blender 4.2.19 LTS (hash 12a2dfa84963 built 2026-03-17 01:34:28)
Read blend: "D:\2026 Arboreal Futures\urban-futures\_data-refactored\compositor\temp_blends\template_instantiations\compositor_proposal-outline__city_single-state_yr180__20260411_234840.blend"
Fra:1 Mem:5452.91M (Peak 5452.91M) | Time:00:00.00 | Compositing
Fra:1 Mem:5452.92M (Peak 5452.92M) | Time:00:00.12 | Compositing | Initializing execution
Fra:1 Mem:5452.95M (Peak 5452.95M) | Time:00:00.13 | Compositing | Operation 2-68
Fra:1 Mem:5452.95M (Peak 5452.95M) | Time:00:00.13 | Compositing | Operation 3-68
Fra:1 Mem:5579.57M (Peak 5579.57M) | Time:00:00.15 | Compositing | Operation 4-68
Fra:1 Mem:5579.57M (Peak 5706.13M) | Time:00:00.19 | Compositing | Operation 5-68
Fra:1 Mem:5579.57M (Peak 5706.13M) | Time:00:00.19 | Compositing | Operation 6-68
Fra:1 Mem:5706.13M (Peak 5706.13M) | Time:00:00.34 | Compositing | Operation 7-68
Fra:1 Mem:5706.13M (Peak 5832.70M) | Time:00:00.55 | Compositing | Operation 8-68
Fra:1 Mem:5706.13M (Peak 5832.70M) | Time:00:00.55 | Compositing | Operation 9-68
Fra:1 Mem:5706.13M (Peak 5832.70M) | Time:00:00.55 | Compositing | Operation 10-68
Fra:1 Mem:5579.57M (Peak 5832.70M) | Time:00:00.58 | Compositing | Operation 11-68
Fra:1 Mem:5579.57M (Peak 5832.70M) | Time:00:00.61 | Compositing | Operation 12-68
Fra:1 Mem:5579.57M (Peak 5832.70M) | Time:00:00.61 | Compositing | Operation 13-68
Fra:1 Mem:5579.57M (Peak 5832.70M) | Time:00:00.61 | Compositing | Operation 14-68
Fra:1 Mem:5959.26M (Peak 6085.82M) | Time:00:00.66 | Compositing | Operation 15-68
Fra:1 Mem:6971.76M (Peak 6971.76M) | Time:00:00.94 | Compositing | Operation 16-68
Fra:1 Mem:6971.76M (Peak 6971.76M) | Time:00:00.94 | Compositing | Operation 17-68
Fra:1 Mem:6971.76M (Peak 6971.76M) | Time:00:00.94 | Compositing | Operation 18-68
Fra:1 Mem:7098.33M (Peak 7098.33M) | Time:00:00.97 | Compositing | Operation 19-68
Fra:1 Mem:7098.33M (Peak 7098.33M) | Time:00:00.97 | Compositing | Operation 20-68
Fra:1 Mem:7098.33M (Peak 7098.33M) | Time:00:00.97 | Compositing | Operation 21-68
Fra:1 Mem:7224.89M (Peak 7224.89M) | Time:00:00.99 | Compositing | Operation 22-68
Fra:1 Mem:7224.89M (Peak 7224.89M) | Time:00:00.99 | Compositing | Operation 23-68
Fra:1 Mem:7224.89M (Peak 7224.89M) | Time:00:00.99 | Compositing | Operation 24-68
Fra:1 Mem:7351.45M (Peak 7351.45M) | Time:00:01.01 | Compositing | Operation 25-68
Fra:1 Mem:7351.45M (Peak 7351.45M) | Time:00:01.01 | Compositing | Operation 26-68
Fra:1 Mem:7351.45M (Peak 7351.45M) | Time:00:01.01 | Compositing | Operation 27-68
Fra:1 Mem:7478.01M (Peak 7478.01M) | Time:00:01.04 | Compositing | Operation 28-68
Fra:1 Mem:7478.01M (Peak 7604.58M) | Time:00:01.08 | Compositing | Operation 29-68
Fra:1 Mem:7478.01M (Peak 7604.58M) | Time:00:01.12 | Compositing | Operation 30-68
Fra:1 Mem:7478.01M (Peak 7604.58M) | Time:00:01.16 | Compositing | Operation 31-68
Fra:1 Mem:7478.01M (Peak 7604.58M) | Time:00:01.19 | Compositing | Operation 32-68
Fra:1 Mem:7478.01M (Peak 7604.58M) | Time:00:01.19 | Compositing | Operation 33-68
Fra:1 Mem:7604.58M (Peak 7604.58M) | Time:00:01.34 | Compositing | Operation 34-68
Fra:1 Mem:7604.58M (Peak 7731.14M) | Time:00:01.48 | Compositing | Operation 35-68
Fra:1 Mem:7604.58M (Peak 7731.14M) | Time:00:01.48 | Compositing | Operation 36-68
Fra:1 Mem:7731.14M (Peak 7731.14M) | Time:00:01.62 | Compositing | Operation 37-68
Fra:1 Mem:7731.14M (Peak 7857.70M) | Time:00:01.75 | Compositing | Operation 38-68
Fra:1 Mem:7731.14M (Peak 7857.70M) | Time:00:01.75 | Compositing | Operation 39-68
Fra:1 Mem:7857.70M (Peak 7857.70M) | Time:00:01.88 | Compositing | Operation 40-68
Fra:1 Mem:7857.70M (Peak 7984.26M) | Time:00:02.03 | Compositing | Operation 41-68
Fra:1 Mem:7857.70M (Peak 7984.26M) | Time:00:02.03 | Compositing | Operation 42-68
Fra:1 Mem:7984.26M (Peak 7984.26M) | Time:00:02.17 | Compositing | Operation 43-68
Fra:1 Mem:7984.26M (Peak 8110.83M) | Time:00:02.31 | Compositing | Operation 44-68
Fra:1 Mem:7984.26M (Peak 8110.83M) | Time:00:02.31 | Compositing | Operation 45-68
Fra:1 Mem:7984.26M (Peak 8110.83M) | Time:00:02.31 | Compositing | Operation 46-68
Fra:1 Mem:7857.70M (Peak 8110.83M) | Time:00:02.35 | Compositing | Operation 47-68
Fra:1 Mem:7857.70M (Peak 8110.83M) | Time:00:02.35 | Compositing | Operation 48-68
Fra:1 Mem:7857.70M (Peak 8110.83M) | Time:00:02.35 | Compositing | Operation 49-68
Fra:1 Mem:7731.14M (Peak 8110.83M) | Time:00:02.38 | Compositing | Operation 50-68
Fra:1 Mem:7731.14M (Peak 8110.83M) | Time:00:02.38 | Compositing | Operation 51-68
Fra:1 Mem:7731.14M (Peak 8110.83M) | Time:00:02.38 | Compositing | Operation 52-68
Fra:1 Mem:7604.58M (Peak 8110.83M) | Time:00:02.42 | Compositing | Operation 53-68
Fra:1 Mem:7604.58M (Peak 8110.83M) | Time:00:02.42 | Compositing | Operation 54-68
Fra:1 Mem:7604.58M (Peak 8110.83M) | Time:00:02.42 | Compositing | Operation 55-68
Fra:1 Mem:7478.01M (Peak 8110.83M) | Time:00:02.46 | Compositing | Operation 56-68
Fra:1 Mem:7478.01M (Peak 8110.83M) | Time:00:02.49 | Compositing | Operation 57-68
Fra:1 Mem:7478.01M (Peak 8110.83M) | Time:00:02.49 | Compositing | Operation 58-68
Fra:1 Mem:7478.01M (Peak 8110.83M) | Time:00:02.52 | Compositing | Operation 59-68
Fra:1 Mem:7478.01M (Peak 8110.83M) | Time:00:02.52 | Compositing | Operation 60-68
Fra:1 Mem:7478.01M (Peak 8110.83M) | Time:00:02.54 | Compositing | Operation 61-68
Fra:1 Mem:7478.01M (Peak 8110.83M) | Time:00:02.54 | Compositing | Operation 62-68
Fra:1 Mem:7478.01M (Peak 8110.83M) | Time:00:02.57 | Compositing | Operation 63-68
Fra:1 Mem:7478.01M (Peak 8110.83M) | Time:00:02.57 | Compositing | Operation 64-68
Fra:1 Mem:7857.70M (Peak 8110.83M) | Time:00:02.62 | Compositing | Operation 65-68
Fra:1 Mem:8237.39M (Peak 8363.95M) | Time:00:02.68 | Compositing | Operation 66-68
Fra:1 Mem:8617.08M (Peak 8743.64M) | Time:00:02.73 | Compositing | Operation 67-68
Fra:1 Mem:8996.76M (Peak 9123.33M) | Time:00:02.78 | Compositing | Operation 68-68
Fra:1 Mem:8996.77M (Peak 11528.01M) | Time:00:03.73 | Compositing | Operation 69-68
Saved: 'D:\2026 Arboreal Futures\urban-futures\_data-refactored\compositor\outputs\4.9\city_single-state_yr180\proposal-outline__20260411_234840\bio_positive__proposal-outline_deploy-structure_0001.png'
Saved: 'D:\2026 Arboreal Futures\urban-futures\_data-refactored\compositor\outputs\4.9\city_single-state_yr180\proposal-outline__20260411_234840\bio_positive__proposal-outline_colonise_0001.png'
Saved: 'D:\2026 Arboreal Futures\urban-futures\_data-refactored\compositor\outputs\4.9\city_single-state_yr180\proposal-outline__20260411_234840\bio_positive__proposal-outline_recruit_0001.png'
Saved: 'D:\2026 Arboreal Futures\urban-futures\_data-refactored\compositor\outputs\4.9\city_single-state_yr180\proposal-outline__20260411_234840\bio_positive__proposal-outline_release-control_0001.png'
Saved: 'D:\2026 Arboreal Futures\urban-futures\_data-refactored\compositor\outputs\4.9\city_single-state_yr180\proposal-outline__20260411_234840\bio_positive__proposal-outline_decay_0001.png'
Saved: 'D:\2026 Arboreal Futures\urban-futures\_data-refactored\compositor\outputs\4.9\city_single-state_yr180\proposal-outline__20260411_234840\_discard_render.png'
Time: 00:24.83 (Saving: 00:03.13)

[run_proposal_subcategory] done: D:\2026 Arboreal Futures\urban-futures\_data-refactored\compositor\outputs\4.9\city_single-state_yr180\proposal-outline__20260411_234840  prefix=bio_positive  exr=city_single-state_yr180__bioenvelope_positive__8k64s.exr

Blender quit
