Blender 4.2.19 LTS (hash 12a2dfa84963 built 2026-03-17 01:34:28)
Read blend: "D:\2026 Arboreal Futures\urban-futures\_data-refactored\compositor\temp_blends\template_instantiations\compositor_shading__city_single-state_yr180__4.10__20260412_104824.blend"
Fra:1 Mem:38107.59M (Peak 38107.59M) | Time:00:00.00 | Compositing
Fra:1 Mem:38107.63M (Peak 38107.63M) | Time:00:00.00 | Compositing | Initializing execution
Fra:1 Mem:38107.66M (Peak 38107.66M) | Time:00:00.00 | Compositing | Operation 2-92
Fra:1 Mem:38107.66M (Peak 38107.66M) | Time:00:00.00 | Compositing | Operation 3-92
Fra:1 Mem:39120.23M (Peak 39120.23M) | Time:00:00.41 | Compositing | Operation 4-92
Fra:1 Mem:39499.91M (Peak 39499.91M) | Time:00:00.47 | Compositing | Operation 5-92
Fra:1 Mem:39879.60M (Peak 39879.60M) | Time:00:00.53 | Compositing | Operation 6-92
Fra:1 Mem:40259.29M (Peak 40259.29M) | Time:00:00.59 | Compositing | Operation 7-92
Fra:1 Mem:40638.98M (Peak 40638.98M) | Time:00:00.65 | Compositing | Operation 8-92
Fra:1 Mem:40638.98M (Peak 40638.98M) | Time:00:00.65 | Compositing | Operation 9-92
Fra:1 Mem:40638.98M (Peak 41018.66M) | Time:00:18.59 | Compositing | Operation 10-92
Fra:1 Mem:41145.23M (Peak 41145.23M) | Time:00:18.69 | Compositing | Operation 11-92
Fra:1 Mem:41145.23M (Peak 41145.23M) | Time:00:18.69 | Compositing | Operation 12-92
Fra:1 Mem:41145.23M (Peak 41524.91M) | Time:00:34.66 | Compositing | Operation 13-92
Fra:1 Mem:41651.48M (Peak 41651.48M) | Time:00:34.74 | Compositing | Operation 14-92
Fra:1 Mem:41778.04M (Peak 41778.04M) | Time:00:34.76 | Compositing | Operation 15-92
Fra:1 Mem:41904.60M (Peak 41904.60M) | Time:00:34.78 | Compositing | Operation 16-92
Fra:1 Mem:41904.60M (Peak 41904.60M) | Time:00:34.78 | Compositing | Operation 17-92
Fra:1 Mem:41904.60M (Peak 42284.29M) | Time:00:51.56 | Compositing | Operation 18-92
Fra:1 Mem:42410.85M (Peak 42410.85M) | Time:00:51.64 | Compositing | Operation 19-92
Fra:1 Mem:42410.85M (Peak 42410.85M) | Time:00:51.64 | Compositing | Operation 20-92
Fra:1 Mem:42410.85M (Peak 42790.54M) | Time:01:09.25 | Compositing | Operation 21-92
Fra:1 Mem:42917.10M (Peak 42917.10M) | Time:01:09.37 | Compositing | Operation 22-92
Fra:1 Mem:43043.66M (Peak 43043.66M) | Time:01:09.40 | Compositing | Operation 23-92
Fra:1 Mem:42663.98M (Peak 43549.91M) | Time:01:16.42 | Compositing | Operation 24-92
Fra:1 Mem:42284.29M (Peak 43549.91M) | Time:01:23.03 | Compositing | Operation 25-92
Fra:1 Mem:42284.29M (Peak 43549.91M) | Time:01:23.10 | Compositing | Operation 26-92
Fra:1 Mem:42284.29M (Peak 43549.91M) | Time:01:23.17 | Compositing | Operation 27-92
Fra:1 Mem:41904.60M (Peak 43549.91M) | Time:01:32.52 | Compositing | Operation 28-92
Fra:1 Mem:42031.16M (Peak 43549.91M) | Time:01:32.56 | Compositing | Operation 29-92
Fra:1 Mem:41651.48M (Peak 43549.91M) | Time:01:39.48 | Compositing | Operation 30-92
Fra:1 Mem:41778.04M (Peak 43549.91M) | Time:01:39.51 | Compositing | Operation 31-92
Fra:1 Mem:41778.04M (Peak 43549.91M) | Time:01:39.59 | Compositing | Operation 32-92
Fra:1 Mem:41398.35M (Peak 43549.91M) | Time:01:39.68 | Compositing | Operation 33-92
Fra:1 Mem:41018.66M (Peak 43549.91M) | Time:01:39.76 | Compositing | Operation 34-92
Fra:1 Mem:41398.35M (Peak 43549.91M) | Time:01:39.86 | Compositing | Operation 35-92
Fra:1 Mem:41778.04M (Peak 43549.91M) | Time:01:39.96 | Compositing | Operation 36-92
Fra:1 Mem:41398.35M (Peak 43549.91M) | Time:01:40.04 | Compositing | Operation 37-92
Fra:1 Mem:41398.35M (Peak 43549.91M) | Time:01:40.12 | Compositing | Operation 38-92
Fra:1 Mem:41018.66M (Peak 43549.91M) | Time:01:40.20 | Compositing | Operation 39-92
Fra:1 Mem:41018.66M (Peak 43549.91M) | Time:01:40.27 | Compositing | Operation 40-92
Fra:1 Mem:41398.35M (Peak 43549.91M) | Time:01:40.35 | Compositing | Operation 41-92
Fra:1 Mem:41398.35M (Peak 43549.91M) | Time:01:40.35 | Compositing | Operation 42-92
Fra:1 Mem:41904.60M (Peak 43549.91M) | Time:01:40.42 | Compositing | Operation 43-92
Fra:1 Mem:41904.60M (Peak 43549.91M) | Time:01:40.42 | Compositing | Operation 44-92
Fra:1 Mem:41904.60M (Peak 43549.91M) | Time:01:40.42 | Compositing | Operation 45-92
Fra:1 Mem:42284.29M (Peak 43549.91M) | Time:01:40.49 | Compositing | Operation 46-92
Fra:1 Mem:42284.29M (Peak 43549.91M) | Time:01:40.49 | Compositing | Operation 47-92
Fra:1 Mem:42284.29M (Peak 43549.91M) | Time:01:41.05 | Compositing | Operation 48-92
Fra:1 Mem:42284.29M (Peak 43549.91M) | Time:01:41.57 | Compositing | Operation 49-92
Fra:1 Mem:42284.29M (Peak 43549.91M) | Time:01:41.57 | Compositing | Operation 50-92
Fra:1 Mem:42663.98M (Peak 43549.91M) | Time:01:41.64 | Compositing | Operation 51-92
Fra:1 Mem:42663.98M (Peak 43549.91M) | Time:01:41.64 | Compositing | Operation 52-92
Fra:1 Mem:43043.66M (Peak 43549.91M) | Time:01:41.71 | Compositing | Operation 53-92
Fra:1 Mem:43043.66M (Peak 43549.91M) | Time:01:41.71 | Compositing | Operation 54-92
Fra:1 Mem:43423.35M (Peak 43549.91M) | Time:01:41.78 | Compositing | Operation 55-92
Fra:1 Mem:43423.35M (Peak 43549.91M) | Time:01:41.78 | Compositing | Operation 56-92
Fra:1 Mem:43803.04M (Peak 43929.60M) | Time:01:41.85 | Compositing | Operation 57-92
Fra:1 Mem:43803.04M (Peak 43929.60M) | Time:01:41.85 | Compositing | Operation 58-92
Fra:1 Mem:44182.73M (Peak 44309.29M) | Time:01:41.91 | Compositing | Operation 59-92
Fra:1 Mem:44182.73M (Peak 44309.29M) | Time:01:41.91 | Compositing | Operation 60-92
Fra:1 Mem:44182.73M (Peak 45448.35M) | Time:01:42.42 | Compositing | Operation 61-92
Fra:1 Mem:44309.29M (Peak 45448.35M) | Time:01:42.44 | Compositing | Operation 62-92
Fra:1 Mem:44309.29M (Peak 45448.35M) | Time:01:42.52 | Compositing | Operation 63-92
Fra:1 Mem:44435.85M (Peak 45448.35M) | Time:01:42.55 | Compositing | Operation 64-92
Fra:1 Mem:44435.85M (Peak 45448.35M) | Time:01:42.63 | Compositing | Operation 65-92
Fra:1 Mem:44435.85M (Peak 45448.35M) | Time:01:42.63 | Compositing | Operation 66-92
Fra:1 Mem:44056.16M (Peak 45448.35M) | Time:01:42.67 | Compositing | Operation 67-92
Fra:1 Mem:43676.48M (Peak 45448.35M) | Time:01:42.74 | Compositing | Operation 68-92
Fra:1 Mem:43803.04M (Peak 45448.35M) | Time:01:42.76 | Compositing | Operation 69-92
Fra:1 Mem:43803.04M (Peak 45448.35M) | Time:01:42.86 | Compositing | Operation 70-92
Fra:1 Mem:43803.04M (Peak 45448.35M) | Time:01:43.43 | Compositing | Operation 71-92
Fra:1 Mem:43929.60M (Peak 45448.35M) | Time:01:43.46 | Compositing | Operation 72-92
Fra:1 Mem:43929.60M (Peak 45448.35M) | Time:01:43.55 | Compositing | Operation 73-92
Fra:1 Mem:43929.60M (Peak 45448.35M) | Time:01:44.09 | Compositing | Operation 74-92
Fra:1 Mem:43929.60M (Peak 45448.35M) | Time:01:44.17 | Compositing | Operation 75-92
Fra:1 Mem:43549.91M (Peak 45448.35M) | Time:01:44.21 | Compositing | Operation 76-92
Fra:1 Mem:43549.91M (Peak 45448.35M) | Time:01:44.30 | Compositing | Operation 77-92
Fra:1 Mem:43423.35M (Peak 45448.35M) | Time:01:44.40 | Compositing | Operation 78-92
Fra:1 Mem:43423.35M (Peak 45448.35M) | Time:01:44.43 | Compositing | Operation 79-92
Fra:1 Mem:43296.79M (Peak 45448.35M) | Time:01:44.52 | Compositing | Operation 80-92
Fra:1 Mem:43423.35M (Peak 45448.35M) | Time:01:44.54 | Compositing | Operation 81-92
Fra:1 Mem:43929.60M (Peak 45448.35M) | Time:01:44.62 | Compositing | Operation 82-92
Fra:1 Mem:43549.91M (Peak 45448.35M) | Time:01:44.67 | Compositing | Operation 83-92
Fra:1 Mem:43423.35M (Peak 45448.35M) | Time:01:44.78 | Compositing | Operation 84-92
Fra:1 Mem:43043.66M (Peak 45448.35M) | Time:01:44.82 | Compositing | Operation 85-92
Fra:1 Mem:42917.10M (Peak 45448.35M) | Time:01:44.92 | Compositing | Operation 86-92
Fra:1 Mem:42790.54M (Peak 45448.35M) | Time:01:45.01 | Compositing | Operation 87-92
Fra:1 Mem:42663.98M (Peak 45448.35M) | Time:01:45.08 | Compositing | Operation 88-92
Fra:1 Mem:42537.41M (Peak 45448.35M) | Time:01:45.18 | Compositing | Operation 89-92
Fra:1 Mem:42410.85M (Peak 45448.35M) | Time:01:45.26 | Compositing | Operation 90-92
Fra:1 Mem:42284.29M (Peak 45448.35M) | Time:01:45.35 | Compositing | Operation 91-92
Fra:1 Mem:42157.73M (Peak 45448.35M) | Time:01:45.44 | Compositing | Operation 92-92
Fra:1 Mem:42157.73M (Peak 45448.35M) | Time:01:46.90 | Compositing | Operation 93-92
Saved: 'D:\2026 Arboreal Futures\urban-futures\_data-refactored\compositor\outputs\4.10\city_single-state_yr180\shading__20260412_104824\positive_bioenvelope_shading_0001.png'
Saved: 'D:\2026 Arboreal Futures\urban-futures\_data-refactored\compositor\outputs\4.10\city_single-state_yr180\shading__20260412_104824\trending_shading_0001.png'
Saved: 'D:\2026 Arboreal Futures\urban-futures\_data-refactored\compositor\outputs\4.10\city_single-state_yr180\shading__20260412_104824\priority_shading_0001.png'
Saved: 'D:\2026 Arboreal Futures\urban-futures\_data-refactored\compositor\outputs\4.10\city_single-state_yr180\shading__20260412_104824\pathway_shading_0001.png'
Saved: 'D:\2026 Arboreal Futures\urban-futures\_data-refactored\compositor\outputs\4.10\city_single-state_yr180\shading__20260412_104824\trending_bioenvelope_shading_0001.png'
Saved: 'D:\2026 Arboreal Futures\urban-futures\_data-refactored\compositor\outputs\4.10\city_single-state_yr180\shading__20260412_104824\existing_condition_ao_full_0001.png'
Saved: 'D:\2026 Arboreal Futures\urban-futures\_data-refactored\compositor\outputs\4.10\city_single-state_yr180\shading__20260412_104824\_discard_render.png'
Time: 02:07.49 (Saving: 00:03.07)

[render_edge_lab_current_shading] Renamed existing_condition_ao_full_0001.png -> existing_condition_ao_full.png
[render_edge_lab_current_shading] Renamed pathway_shading_0001.png -> pathway_shading.png
[render_edge_lab_current_shading] Renamed positive_bioenvelope_shading_0001.png -> positive_bioenvelope_shading.png
[render_edge_lab_current_shading] Renamed priority_shading_0001.png -> priority_shading.png
[render_edge_lab_current_shading] Renamed trending_bioenvelope_shading_0001.png -> trending_bioenvelope_shading.png
[render_edge_lab_current_shading] Renamed trending_shading_0001.png -> trending_shading.png
[render_edge_lab_current_shading] Wrote D:\2026 Arboreal Futures\urban-futures\_data-refactored\compositor\outputs\4.10\city_single-state_yr180\shading__20260412_104824\trending_bioenvelope_shading.png
[render_edge_lab_current_shading] Wrote D:\2026 Arboreal Futures\urban-futures\_data-refactored\compositor\outputs\4.10\city_single-state_yr180\shading__20260412_104824\positive_bioenvelope_shading.png
[render_edge_lab_current_shading] Wrote D:\2026 Arboreal Futures\urban-futures\_data-refactored\compositor\outputs\4.10\city_single-state_yr180\shading__20260412_104824\existing_condition_ao_full.png
[render_edge_lab_current_shading] Wrote D:\2026 Arboreal Futures\urban-futures\_data-refactored\compositor\outputs\4.10\city_single-state_yr180\shading__20260412_104824\priority_shading.png
[render_edge_lab_current_shading] Wrote D:\2026 Arboreal Futures\urban-futures\_data-refactored\compositor\outputs\4.10\city_single-state_yr180\shading__20260412_104824\pathway_shading.png
[render_edge_lab_current_shading] Wrote D:\2026 Arboreal Futures\urban-futures\_data-refactored\compositor\outputs\4.10\city_single-state_yr180\shading__20260412_104824\trending_shading.png

Blender quit
