Blender 4.2.19 LTS (hash 12a2dfa84963 built 2026-03-17 01:34:28)
Read blend: "D:\2026 Arboreal Futures\urban-futures\_data-refactored\compositor\temp_blends\template_instantiations\compositor_proposal-colored-depth__batch__20260411_2130.blend"
Fra:1 Mem:5453.19M (Peak 5453.19M) | Time:00:00.00 | Compositing
Fra:1 Mem:5453.21M (Peak 5453.21M) | Time:00:00.00 | Compositing | Initializing execution
Fra:1 Mem:5579.86M (Peak 5579.86M) | Time:00:00.01 | Compositing | Operation 2-105
Fra:1 Mem:5579.86M (Peak 5706.43M) | Time:00:00.08 | Compositing | Operation 3-105
Fra:1 Mem:5579.86M (Peak 5706.43M) | Time:00:00.08 | Compositing | Operation 4-105
Fra:1 Mem:5959.55M (Peak 6086.11M) | Time:00:00.13 | Compositing | Operation 5-105
Fra:1 Mem:5959.55M (Peak 6465.80M) | Time:00:00.33 | Compositing | Operation 6-105
Fra:1 Mem:5579.86M (Peak 6465.80M) | Time:00:00.37 | Compositing | Operation 7-105
Fra:1 Mem:5959.55M (Peak 6465.80M) | Time:00:00.43 | Compositing | Operation 8-105
Fra:1 Mem:5959.55M (Peak 6465.80M) | Time:00:00.43 | Compositing | Operation 9-105
Fra:1 Mem:5959.55M (Peak 6465.80M) | Time:00:00.43 | Compositing | Operation 10-105
Fra:1 Mem:5579.86M (Peak 6465.80M) | Time:00:00.47 | Compositing | Operation 11-105
Fra:1 Mem:5579.86M (Peak 6465.80M) | Time:00:00.47 | Compositing | Operation 12-105
Fra:1 Mem:5579.86M (Peak 6465.80M) | Time:00:00.47 | Compositing | Operation 13-105
Fra:1 Mem:5706.43M (Peak 6465.80M) | Time:00:00.48 | Compositing | Operation 14-105
Fra:1 Mem:5706.43M (Peak 6465.80M) | Time:00:00.51 | Compositing | Operation 15-105
Fra:1 Mem:5706.43M (Peak 6465.80M) | Time:00:00.51 | Compositing | Operation 16-105
Fra:1 Mem:5706.43M (Peak 6465.80M) | Time:00:00.54 | Compositing | Operation 17-105
Fra:1 Mem:6212.68M (Peak 6465.80M) | Time:00:00.59 | Compositing | Operation 18-105
Fra:1 Mem:6212.68M (Peak 6465.80M) | Time:00:00.59 | Compositing | Operation 19-105
Fra:1 Mem:6086.11M (Peak 6718.93M) | Time:00:00.65 | Compositing | Operation 20-105
Fra:1 Mem:7098.62M (Peak 7098.62M) | Time:00:00.92 | Compositing | Operation 21-105
Saved: 'D:\2026 Arboreal Futures\urban-futures\_data-refactored\compositor\outputs\4.9\parade_timeline\proposal-colored-depth__20260411_2130\_discard_render.png'
Time: 00:04.94 (Saving: 00:03.96)

[run_proposal_subcategory] done: D:\2026 Arboreal Futures\urban-futures\_data-refactored\compositor\outputs\4.9\parade_timeline\proposal-colored-depth__20260411_2130  prefix=trending  exr=parade_timeline__trending_state__8k64s.exr

Blender quit
