Blender 4.2.19 LTS (hash 12a2dfa84963 built 2026-03-17 01:34:28)
Read blend: "D:\2026 Arboreal Futures\urban-futures\_data-refactored\compositor\temp_blends\template_instantiations\compositor_proposal-colored-depth__batch_fixed__20260411_2130.blend"
Fra:1 Mem:5453.19M (Peak 5453.19M) | Time:00:00.00 | Compositing
Fra:1 Mem:5453.21M (Peak 5453.21M) | Time:00:00.00 | Compositing | Initializing execution
Fra:1 Mem:5579.86M (Peak 5579.86M) | Time:00:00.01 | Compositing | Operation 2-69
Fra:1 Mem:5579.86M (Peak 5706.43M) | Time:00:00.08 | Compositing | Operation 3-69
Fra:1 Mem:5579.86M (Peak 5706.43M) | Time:00:00.08 | Compositing | Operation 4-69
Fra:1 Mem:5959.55M (Peak 6086.11M) | Time:00:00.13 | Compositing | Operation 5-69
Fra:1 Mem:5959.55M (Peak 6465.80M) | Time:00:00.30 | Compositing | Operation 6-69
Fra:1 Mem:5579.86M (Peak 6465.80M) | Time:00:00.35 | Compositing | Operation 7-69
Fra:1 Mem:5959.55M (Peak 6465.80M) | Time:00:00.42 | Compositing | Operation 8-69
Fra:1 Mem:5959.55M (Peak 6465.80M) | Time:00:00.42 | Compositing | Operation 9-69
Fra:1 Mem:5959.55M (Peak 6465.80M) | Time:00:00.42 | Compositing | Operation 10-69
Fra:1 Mem:5579.86M (Peak 6465.80M) | Time:00:00.46 | Compositing | Operation 11-69
Fra:1 Mem:5579.86M (Peak 6465.80M) | Time:00:00.46 | Compositing | Operation 12-69
Fra:1 Mem:5579.86M (Peak 6465.80M) | Time:00:00.46 | Compositing | Operation 13-69
Fra:1 Mem:5706.43M (Peak 6465.80M) | Time:00:00.47 | Compositing | Operation 14-69
Fra:1 Mem:5706.43M (Peak 6465.80M) | Time:00:00.50 | Compositing | Operation 15-69
Fra:1 Mem:5706.43M (Peak 6465.80M) | Time:00:00.50 | Compositing | Operation 16-69
Fra:1 Mem:5706.43M (Peak 6465.80M) | Time:00:00.53 | Compositing | Operation 17-69
Fra:1 Mem:6212.68M (Peak 6465.80M) | Time:00:00.58 | Compositing | Operation 18-69
Fra:1 Mem:6212.68M (Peak 6465.80M) | Time:00:00.58 | Compositing | Operation 19-69
Fra:1 Mem:6086.11M (Peak 6718.93M) | Time:00:00.64 | Compositing | Operation 20-69
Fra:1 Mem:7098.62M (Peak 7098.62M) | Time:00:00.88 | Compositing | Operation 21-69
Fra:1 Mem:7098.62M (Peak 7098.62M) | Time:00:00.88 | Compositing | Operation 22-69
Fra:1 Mem:7098.62M (Peak 7098.62M) | Time:00:00.88 | Compositing | Operation 23-69
Fra:1 Mem:7225.18M (Peak 7225.18M) | Time:00:00.90 | Compositing | Operation 24-69
Fra:1 Mem:7225.18M (Peak 7225.18M) | Time:00:00.90 | Compositing | Operation 25-69
Fra:1 Mem:7225.18M (Peak 7225.18M) | Time:00:00.90 | Compositing | Operation 26-69
Fra:1 Mem:7225.18M (Peak 7351.74M) | Time:00:00.93 | Compositing | Operation 27-69
Fra:1 Mem:7225.18M (Peak 7351.74M) | Time:00:00.93 | Compositing | Operation 28-69
Fra:1 Mem:7225.18M (Peak 7351.74M) | Time:00:00.93 | Compositing | Operation 29-69
Fra:1 Mem:7351.74M (Peak 7351.74M) | Time:00:00.95 | Compositing | Operation 30-69
Fra:1 Mem:7351.74M (Peak 7351.74M) | Time:00:00.95 | Compositing | Operation 31-69
Fra:1 Mem:7351.74M (Peak 7351.74M) | Time:00:00.95 | Compositing | Operation 32-69
Fra:1 Mem:7351.74M (Peak 7351.74M) | Time:00:00.95 | Compositing | Operation 33-69
Fra:1 Mem:7351.74M (Peak 7478.31M) | Time:00:01.00 | Compositing | Operation 34-69
Fra:1 Mem:7351.74M (Peak 7478.31M) | Time:00:01.00 | Compositing | Operation 35-69
Fra:1 Mem:7351.74M (Peak 7478.31M) | Time:00:01.00 | Compositing | Operation 36-69
Fra:1 Mem:7351.74M (Peak 7478.31M) | Time:00:01.00 | Compositing | Operation 37-69
Fra:1 Mem:7478.31M (Peak 7478.31M) | Time:00:01.01 | Compositing | Operation 38-69
Fra:1 Mem:7478.31M (Peak 7478.31M) | Time:00:01.01 | Compositing | Operation 39-69
Fra:1 Mem:7478.31M (Peak 7478.31M) | Time:00:01.01 | Compositing | Operation 40-69
Fra:1 Mem:7478.31M (Peak 7478.31M) | Time:00:01.01 | Compositing | Operation 41-69
Fra:1 Mem:7604.87M (Peak 7604.87M) | Time:00:01.03 | Compositing | Operation 42-69
Fra:1 Mem:7604.87M (Peak 7604.87M) | Time:00:01.03 | Compositing | Operation 43-69
Fra:1 Mem:7604.87M (Peak 7604.87M) | Time:00:01.03 | Compositing | Operation 44-69
Fra:1 Mem:7604.87M (Peak 7604.87M) | Time:00:01.03 | Compositing | Operation 45-69
Fra:1 Mem:7731.43M (Peak 7731.43M) | Time:00:01.05 | Compositing | Operation 46-69
Fra:1 Mem:7731.43M (Peak 7731.43M) | Time:00:01.05 | Compositing | Operation 47-69
Fra:1 Mem:7731.43M (Peak 7731.43M) | Time:00:01.05 | Compositing | Operation 48-69
Fra:1 Mem:7731.43M (Peak 7731.43M) | Time:00:01.05 | Compositing | Operation 49-69
Fra:1 Mem:7857.99M (Peak 7857.99M) | Time:00:01.06 | Compositing | Operation 50-69
Fra:1 Mem:7857.99M (Peak 7857.99M) | Time:00:01.06 | Compositing | Operation 51-69
Fra:1 Mem:7857.99M (Peak 7984.56M) | Time:00:01.10 | Compositing | Operation 52-69
Fra:1 Mem:8364.24M (Peak 8364.24M) | Time:00:01.15 | Compositing | Operation 53-69
Fra:1 Mem:8364.24M (Peak 8490.81M) | Time:00:01.18 | Compositing | Operation 54-69
Fra:1 Mem:8870.49M (Peak 8870.49M) | Time:00:01.23 | Compositing | Operation 55-69
Fra:1 Mem:8870.49M (Peak 8997.06M) | Time:00:01.26 | Compositing | Operation 56-69
Fra:1 Mem:9376.74M (Peak 9376.74M) | Time:00:01.32 | Compositing | Operation 57-69
Fra:1 Mem:9376.74M (Peak 9503.31M) | Time:00:01.35 | Compositing | Operation 58-69
Fra:1 Mem:9882.99M (Peak 9882.99M) | Time:00:01.42 | Compositing | Operation 59-69
Fra:1 Mem:9882.99M (Peak 10009.56M) | Time:00:01.44 | Compositing | Operation 60-69
Fra:1 Mem:10389.24M (Peak 10389.24M) | Time:00:01.51 | Compositing | Operation 61-69
Fra:1 Mem:10389.24M (Peak 10515.81M) | Time:00:01.53 | Compositing | Operation 62-69
Fra:1 Mem:10768.93M (Peak 10895.49M) | Time:00:01.58 | Compositing | Operation 63-69
Fra:1 Mem:10642.37M (Peak 11275.18M) | Time:00:01.66 | Compositing | Operation 64-69
Fra:1 Mem:10515.81M (Peak 11275.18M) | Time:00:01.75 | Compositing | Operation 65-69
Fra:1 Mem:10389.24M (Peak 11275.18M) | Time:00:01.83 | Compositing | Operation 66-69
Fra:1 Mem:10262.68M (Peak 11275.18M) | Time:00:01.91 | Compositing | Operation 67-69
Fra:1 Mem:10136.12M (Peak 11275.18M) | Time:00:01.98 | Compositing | Operation 68-69
Fra:1 Mem:10009.56M (Peak 11275.18M) | Time:00:02.05 | Compositing | Operation 69-69
Fra:1 Mem:10009.57M (Peak 13553.30M) | Time:00:03.47 | Compositing | Operation 70-69
Saved: 'D:\2026 Arboreal Futures\urban-futures\_data-refactored\compositor\outputs\4.9\uni_timeline\proposal-colored-depth__20260411_2130\trending__proposal-depth-colour_release_control_0001.png'
Saved: 'D:\2026 Arboreal Futures\urban-futures\_data-refactored\compositor\outputs\4.9\uni_timeline\proposal-colored-depth__20260411_2130\trending__proposal-depth-colour_decay_0001.png'
Saved: 'D:\2026 Arboreal Futures\urban-futures\_data-refactored\compositor\outputs\4.9\uni_timeline\proposal-colored-depth__20260411_2130\trending__proposal-depth-colour_recruit-smalls_0001.png'
Saved: 'D:\2026 Arboreal Futures\urban-futures\_data-refactored\compositor\outputs\4.9\uni_timeline\proposal-colored-depth__20260411_2130\trending__proposal-depth-colour_deploy-structure_0001.png'
Saved: 'D:\2026 Arboreal Futures\urban-futures\_data-refactored\compositor\outputs\4.9\uni_timeline\proposal-colored-depth__20260411_2130\trending__proposal-depth-colour_colonise_0001.png'
Saved: 'D:\2026 Arboreal Futures\urban-futures\_data-refactored\compositor\outputs\4.9\uni_timeline\proposal-colored-depth__20260411_2130\trending__proposal-depth-colour_deploy-structure-fallen-logs_0001.png'
Saved: 'D:\2026 Arboreal Futures\urban-futures\_data-refactored\compositor\outputs\4.9\uni_timeline\proposal-colored-depth__20260411_2130\trending__proposal-depth-colour_recruit_0001.png'
Saved: 'D:\2026 Arboreal Futures\urban-futures\_data-refactored\compositor\outputs\4.9\uni_timeline\proposal-colored-depth__20260411_2130\_discard_render.png'
Time: 00:26.37 (Saving: 00:02.87)

[run_proposal_subcategory] done: D:\2026 Arboreal Futures\urban-futures\_data-refactored\compositor\outputs\4.9\uni_timeline\proposal-colored-depth__20260411_2130  prefix=trending  exr=uni_timeline__trending_state__8k64s.exr

Blender quit
