Blender 4.2.19 LTS (hash 12a2dfa84963 built 2026-03-17 01:34:28)
Read blend: "D:\2026 Arboreal Futures\urban-futures\_data-refactored\compositor\temp_blends\template_instantiations\compositor_shading__parade_timeline__20260411_2037.blend"
Fra:1 Mem:38107.59M (Peak 38107.59M) | Time:00:00.00 | Compositing
Fra:1 Mem:38107.63M (Peak 38107.63M) | Time:00:00.00 | Compositing | Initializing execution
Fra:1 Mem:38107.66M (Peak 38107.66M) | Time:00:00.00 | Compositing | Operation 2-92
Fra:1 Mem:38107.66M (Peak 38107.66M) | Time:00:00.00 | Compositing | Operation 3-92
Fra:1 Mem:39120.23M (Peak 39120.23M) | Time:00:00.26 | Compositing | Operation 4-92
Fra:1 Mem:39499.91M (Peak 39499.91M) | Time:00:00.32 | Compositing | Operation 5-92
Fra:1 Mem:39879.60M (Peak 39879.60M) | Time:00:00.36 | Compositing | Operation 6-92
Fra:1 Mem:40259.29M (Peak 40259.29M) | Time:00:00.40 | Compositing | Operation 7-92
Fra:1 Mem:40638.98M (Peak 40638.98M) | Time:00:00.44 | Compositing | Operation 8-92
Fra:1 Mem:40638.98M (Peak 40638.98M) | Time:00:00.44 | Compositing | Operation 9-92
Fra:1 Mem:40638.98M (Peak 41018.66M) | Time:00:13.06 | Compositing | Operation 10-92
Fra:1 Mem:41145.23M (Peak 41145.23M) | Time:00:13.13 | Compositing | Operation 11-92
Fra:1 Mem:41145.23M (Peak 41145.23M) | Time:00:13.13 | Compositing | Operation 12-92
Fra:1 Mem:41145.23M (Peak 41524.91M) | Time:00:25.90 | Compositing | Operation 13-92
Fra:1 Mem:41651.48M (Peak 41651.48M) | Time:00:25.97 | Compositing | Operation 14-92
Fra:1 Mem:41778.04M (Peak 41778.04M) | Time:00:25.98 | Compositing | Operation 15-92
Fra:1 Mem:41904.60M (Peak 41904.60M) | Time:00:26.00 | Compositing | Operation 16-92
Fra:1 Mem:41904.60M (Peak 41904.60M) | Time:00:26.00 | Compositing | Operation 17-92
Fra:1 Mem:41904.60M (Peak 42284.29M) | Time:00:38.97 | Compositing | Operation 18-92
Fra:1 Mem:42410.85M (Peak 42410.85M) | Time:00:39.05 | Compositing | Operation 19-92
Fra:1 Mem:42410.85M (Peak 42410.85M) | Time:00:39.05 | Compositing | Operation 20-92
Fra:1 Mem:42410.85M (Peak 42790.54M) | Time:00:52.14 | Compositing | Operation 21-92
Fra:1 Mem:42917.10M (Peak 42917.10M) | Time:00:52.25 | Compositing | Operation 22-92
Fra:1 Mem:43043.66M (Peak 43043.66M) | Time:00:52.27 | Compositing | Operation 23-92
Fra:1 Mem:42663.98M (Peak 43549.91M) | Time:00:58.60 | Compositing | Operation 24-92
Fra:1 Mem:42284.29M (Peak 43549.91M) | Time:01:04.83 | Compositing | Operation 25-92
Fra:1 Mem:42284.29M (Peak 43549.91M) | Time:01:04.92 | Compositing | Operation 26-92
Fra:1 Mem:42284.29M (Peak 43549.91M) | Time:01:04.99 | Compositing | Operation 27-92
Fra:1 Mem:41904.60M (Peak 43549.91M) | Time:01:11.45 | Compositing | Operation 28-92
Fra:1 Mem:42031.16M (Peak 43549.91M) | Time:01:11.47 | Compositing | Operation 29-92
Fra:1 Mem:41651.48M (Peak 43549.91M) | Time:01:17.57 | Compositing | Operation 30-92
Fra:1 Mem:41778.04M (Peak 43549.91M) | Time:01:17.59 | Compositing | Operation 31-92
Fra:1 Mem:41778.04M (Peak 43549.91M) | Time:01:17.67 | Compositing | Operation 32-92
Fra:1 Mem:41398.35M (Peak 43549.91M) | Time:01:17.76 | Compositing | Operation 33-92
Fra:1 Mem:41018.66M (Peak 43549.91M) | Time:01:17.85 | Compositing | Operation 34-92
Fra:1 Mem:41398.35M (Peak 43549.91M) | Time:01:17.92 | Compositing | Operation 35-92
Fra:1 Mem:41778.04M (Peak 43549.91M) | Time:01:17.99 | Compositing | Operation 36-92
Fra:1 Mem:41398.35M (Peak 43549.91M) | Time:01:18.06 | Compositing | Operation 37-92
Fra:1 Mem:41398.35M (Peak 43549.91M) | Time:01:18.13 | Compositing | Operation 38-92
Fra:1 Mem:41018.66M (Peak 43549.91M) | Time:01:18.22 | Compositing | Operation 39-92
Fra:1 Mem:41018.66M (Peak 43549.91M) | Time:01:18.29 | Compositing | Operation 40-92
Fra:1 Mem:41398.35M (Peak 43549.91M) | Time:01:18.36 | Compositing | Operation 41-92
Fra:1 Mem:41398.35M (Peak 43549.91M) | Time:01:18.36 | Compositing | Operation 42-92
Fra:1 Mem:41904.60M (Peak 43549.91M) | Time:01:18.43 | Compositing | Operation 43-92
Fra:1 Mem:41904.60M (Peak 43549.91M) | Time:01:18.43 | Compositing | Operation 44-92
Fra:1 Mem:41904.60M (Peak 43549.91M) | Time:01:18.43 | Compositing | Operation 45-92
Fra:1 Mem:42284.29M (Peak 43549.91M) | Time:01:18.49 | Compositing | Operation 46-92
Fra:1 Mem:42284.29M (Peak 43549.91M) | Time:01:18.49 | Compositing | Operation 47-92
Fra:1 Mem:42284.29M (Peak 43549.91M) | Time:01:19.02 | Compositing | Operation 48-92
Fra:1 Mem:42284.29M (Peak 43549.91M) | Time:01:19.50 | Compositing | Operation 49-92
Fra:1 Mem:42284.29M (Peak 43549.91M) | Time:01:19.50 | Compositing | Operation 50-92
Fra:1 Mem:42663.98M (Peak 43549.91M) | Time:01:19.57 | Compositing | Operation 51-92
Fra:1 Mem:42663.98M (Peak 43549.91M) | Time:01:19.57 | Compositing | Operation 52-92
Fra:1 Mem:43043.66M (Peak 43549.91M) | Time:01:19.62 | Compositing | Operation 53-92
Fra:1 Mem:43043.66M (Peak 43549.91M) | Time:01:19.62 | Compositing | Operation 54-92
Fra:1 Mem:43423.35M (Peak 43549.91M) | Time:01:19.68 | Compositing | Operation 55-92
Fra:1 Mem:43423.35M (Peak 43549.91M) | Time:01:19.68 | Compositing | Operation 56-92
Fra:1 Mem:43803.04M (Peak 43929.60M) | Time:01:19.73 | Compositing | Operation 57-92
Fra:1 Mem:43803.04M (Peak 43929.60M) | Time:01:19.73 | Compositing | Operation 58-92
Fra:1 Mem:44182.73M (Peak 44309.29M) | Time:01:19.79 | Compositing | Operation 59-92
Fra:1 Mem:44182.73M (Peak 44309.29M) | Time:01:19.79 | Compositing | Operation 60-92
Fra:1 Mem:44182.73M (Peak 45448.35M) | Time:01:20.26 | Compositing | Operation 61-92
Fra:1 Mem:44309.29M (Peak 45448.35M) | Time:01:20.27 | Compositing | Operation 62-92
Fra:1 Mem:44309.29M (Peak 45448.35M) | Time:01:20.35 | Compositing | Operation 63-92
Fra:1 Mem:44435.85M (Peak 45448.35M) | Time:01:20.36 | Compositing | Operation 64-92
Fra:1 Mem:44435.85M (Peak 45448.35M) | Time:01:20.43 | Compositing | Operation 65-92
Fra:1 Mem:44435.85M (Peak 45448.35M) | Time:01:20.43 | Compositing | Operation 66-92
Fra:1 Mem:44056.16M (Peak 45448.35M) | Time:01:20.47 | Compositing | Operation 67-92
Fra:1 Mem:43676.48M (Peak 45448.35M) | Time:01:20.52 | Compositing | Operation 68-92
Fra:1 Mem:43803.04M (Peak 45448.35M) | Time:01:20.54 | Compositing | Operation 69-92
Fra:1 Mem:43803.04M (Peak 45448.35M) | Time:01:20.61 | Compositing | Operation 70-92
Fra:1 Mem:43803.04M (Peak 45448.35M) | Time:01:21.12 | Compositing | Operation 71-92
Fra:1 Mem:43929.60M (Peak 45448.35M) | Time:01:21.13 | Compositing | Operation 72-92
Fra:1 Mem:43929.60M (Peak 45448.35M) | Time:01:21.21 | Compositing | Operation 73-92
Fra:1 Mem:43929.60M (Peak 45448.35M) | Time:01:21.72 | Compositing | Operation 74-92
Fra:1 Mem:43929.60M (Peak 45448.35M) | Time:01:21.80 | Compositing | Operation 75-92
Fra:1 Mem:43549.91M (Peak 45448.35M) | Time:01:21.83 | Compositing | Operation 76-92
Fra:1 Mem:43549.91M (Peak 45448.35M) | Time:01:21.90 | Compositing | Operation 77-92
Fra:1 Mem:43423.35M (Peak 45448.35M) | Time:01:21.98 | Compositing | Operation 78-92
Fra:1 Mem:43423.35M (Peak 45448.35M) | Time:01:22.01 | Compositing | Operation 79-92
Fra:1 Mem:43296.79M (Peak 45448.35M) | Time:01:22.08 | Compositing | Operation 80-92
Fra:1 Mem:43423.35M (Peak 45448.35M) | Time:01:22.09 | Compositing | Operation 81-92
Fra:1 Mem:43929.60M (Peak 45448.35M) | Time:01:22.14 | Compositing | Operation 82-92
Fra:1 Mem:43549.91M (Peak 45448.35M) | Time:01:22.18 | Compositing | Operation 83-92
Fra:1 Mem:43423.35M (Peak 45448.35M) | Time:01:22.26 | Compositing | Operation 84-92
Fra:1 Mem:43043.66M (Peak 45448.35M) | Time:01:22.30 | Compositing | Operation 85-92
Fra:1 Mem:42917.10M (Peak 45448.35M) | Time:01:22.38 | Compositing | Operation 86-92
Fra:1 Mem:42790.54M (Peak 45448.35M) | Time:01:22.47 | Compositing | Operation 87-92
Fra:1 Mem:42663.98M (Peak 45448.35M) | Time:01:22.55 | Compositing | Operation 88-92
Fra:1 Mem:42537.41M (Peak 45448.35M) | Time:01:22.63 | Compositing | Operation 89-92
Fra:1 Mem:42410.85M (Peak 45448.35M) | Time:01:22.71 | Compositing | Operation 90-92
Fra:1 Mem:42284.29M (Peak 45448.35M) | Time:01:22.80 | Compositing | Operation 91-92
Fra:1 Mem:42157.73M (Peak 45448.35M) | Time:01:22.88 | Compositing | Operation 92-92
Fra:1 Mem:42157.73M (Peak 45448.35M) | Time:01:24.46 | Compositing | Operation 93-92
Saved: 'D:\2026 Arboreal Futures\urban-futures\_data-refactored\compositor\outputs\4.9\parade_timeline\shading__20260411_2037\priority_shading_0001.png'
Saved: 'D:\2026 Arboreal Futures\urban-futures\_data-refactored\compositor\outputs\4.9\parade_timeline\shading__20260411_2037\trending_bioenvelope_shading_0001.png'
Saved: 'D:\2026 Arboreal Futures\urban-futures\_data-refactored\compositor\outputs\4.9\parade_timeline\shading__20260411_2037\existing_condition_ao_full_0001.png'
Saved: 'D:\2026 Arboreal Futures\urban-futures\_data-refactored\compositor\outputs\4.9\parade_timeline\shading__20260411_2037\positive_bioenvelope_shading_0001.png'
Saved: 'D:\2026 Arboreal Futures\urban-futures\_data-refactored\compositor\outputs\4.9\parade_timeline\shading__20260411_2037\trending_shading_0001.png'
Saved: 'D:\2026 Arboreal Futures\urban-futures\_data-refactored\compositor\outputs\4.9\parade_timeline\shading__20260411_2037\pathway_shading_0001.png'
Saved: 'D:\2026 Arboreal Futures\urban-futures\_data-refactored\compositor\outputs\4.9\parade_timeline\shading__20260411_2037\_discard_render.png'
Time: 01:44.01 (Saving: 00:03.03)

[render_edge_lab_current_shading] Renamed existing_condition_ao_full_0001.png -> existing_condition_ao_full.png
[render_edge_lab_current_shading] Renamed pathway_shading_0001.png -> pathway_shading.png
[render_edge_lab_current_shading] Renamed positive_bioenvelope_shading_0001.png -> positive_bioenvelope_shading.png
[render_edge_lab_current_shading] Renamed priority_shading_0001.png -> priority_shading.png
[render_edge_lab_current_shading] Renamed trending_bioenvelope_shading_0001.png -> trending_bioenvelope_shading.png
[render_edge_lab_current_shading] Renamed trending_shading_0001.png -> trending_shading.png
[render_edge_lab_current_shading] Wrote D:\2026 Arboreal Futures\urban-futures\_data-refactored\compositor\outputs\4.9\parade_timeline\shading__20260411_2037\trending_bioenvelope_shading.png
[render_edge_lab_current_shading] Wrote D:\2026 Arboreal Futures\urban-futures\_data-refactored\compositor\outputs\4.9\parade_timeline\shading__20260411_2037\positive_bioenvelope_shading.png
[render_edge_lab_current_shading] Wrote D:\2026 Arboreal Futures\urban-futures\_data-refactored\compositor\outputs\4.9\parade_timeline\shading__20260411_2037\existing_condition_ao_full.png
[render_edge_lab_current_shading] Wrote D:\2026 Arboreal Futures\urban-futures\_data-refactored\compositor\outputs\4.9\parade_timeline\shading__20260411_2037\priority_shading.png
[render_edge_lab_current_shading] Wrote D:\2026 Arboreal Futures\urban-futures\_data-refactored\compositor\outputs\4.9\parade_timeline\shading__20260411_2037\pathway_shading.png
[render_edge_lab_current_shading] Wrote D:\2026 Arboreal Futures\urban-futures\_data-refactored\compositor\outputs\4.9\parade_timeline\shading__20260411_2037\trending_shading.png

Blender quit
