=== UPLOAD city_timeline/sizes -> pipeline/4.9/compositor_pngs/city_timeline/sizes__20260411_2037 ===
Connected to [0;34mmediaflux.researchsoftware.unimelb.edu.au:443[0m as [0;33munimelb:holland1[0m

Checking 32 files...
Uploading file: 'D:\2026 Arboreal Futures\urban-futures\_data-refactored\compositor\outputs\4.9\city_timeline\sizes__20260411_2037\existing_condition_artificial.png' to asset: '/projects/proj-7020_research_archive-1128.4.442/MF 2026 Arboreal Futures/pipeline/4.9/compositor_pngs/city_timeline/sizes__20260411_2037/existing_condition_artificial.png'
Uploaded file: 'D:\2026 Arboreal Futures\urban-futures\_data-refactored\compositor\outputs\4.9\city_timeline\sizes__20260411_2037\existing_condition_artificial.png' to asset(id=2705150780): '/projects/proj-7020_research_archive-1128.4.442/MF 2026 Arboreal Futures/pipeline/4.9/compositor_pngs/city_timeline/sizes__20260411_2037/existing_condition_artificial.png'
Uploading file: 'D:\2026 Arboreal Futures\urban-futures\_data-refactored\compositor\outputs\4.9\city_timeline\sizes__20260411_2037\existing_condition_fallen.png' to asset: '/projects/proj-7020_research_archive-1128.4.442/MF 2026 Arboreal Futures/pipeline/4.9/compositor_pngs/city_timeline/sizes__20260411_2037/existing_condition_fallen.png'
Uploaded file: 'D:\2026 Arboreal Futures\urban-futures\_data-refactored\compositor\outputs\4.9\city_timeline\sizes__20260411_2037\existing_condition_fallen.png' to asset(id=2705150812): '/projects/proj-7020_research_archive-1128.4.442/MF 2026 Arboreal Futures/pipeline/4.9/compositor_pngs/city_timeline/sizes__20260411_2037/existing_condition_fallen.png'
Uploading file: 'D:\2026 Arboreal Futures\urban-futures\_data-refactored\compositor\outputs\4.9\city_timeline\sizes__20260411_2037\existing_condition_large.png' to asset: '/projects/proj-7020_research_archive-1128.4.442/MF 2026 Arboreal Futures/pipeline/4.9/compositor_pngs/city_timeline/sizes__20260411_2037/existing_condition_large.png'
Uploaded file: 'D:\2026 Arboreal Futures\urban-futures\_data-refactored\compositor\outputs\4.9\city_timeline\sizes__20260411_2037\existing_condition_large.png' to asset(id=2705150829): '/projects/proj-7020_research_archive-1128.4.442/MF 2026 Arboreal Futures/pipeline/4.9/compositor_pngs/city_timeline/sizes__20260411_2037/existing_condition_large.png'
Uploading file: 'D:\2026 Arboreal Futures\urban-futures\_data-refactored\compositor\outputs\4.9\city_timeline\sizes__20260411_2037\existing_condition_medium.png' to asset: '/projects/proj-7020_research_archive-1128.4.442/MF 2026 Arboreal Futures/pipeline/4.9/compositor_pngs/city_timeline/sizes__20260411_2037/existing_condition_medium.png'
Uploaded file: 'D:\2026 Arboreal Futures\urban-futures\_data-refactored\compositor\outputs\4.9\city_timeline\sizes__20260411_2037\existing_condition_medium.png' to asset(id=2705150844): '/projects/proj-7020_research_archive-1128.4.442/MF 2026 Arboreal Futures/pipeline/4.9/compositor_pngs/city_timeline/sizes__20260411_2037/existing_condition_medium.png'
Uploading file: 'D:\2026 Arboreal Futures\urban-futures\_data-refactored\compositor\outputs\4.9\city_timeline\sizes__20260411_2037\existing_condition_senescing.png' to asset: '/projects/proj-7020_research_archive-1128.4.442/MF 2026 Arboreal Futures/pipeline/4.9/compositor_pngs/city_timeline/sizes__20260411_2037/existing_condition_senescing.png'
Uploaded file: 'D:\2026 Arboreal Futures\urban-futures\_data-refactored\compositor\outputs\4.9\city_timeline\sizes__20260411_2037\existing_condition_senescing.png' to asset(id=2705150863): '/projects/proj-7020_research_archive-1128.4.442/MF 2026 Arboreal Futures/pipeline/4.9/compositor_pngs/city_timeline/sizes__20260411_2037/existing_condition_senescing.png'
Uploading file: 'D:\2026 Arboreal Futures\urban-futures\_data-refactored\compositor\outputs\4.9\city_timeline\sizes__20260411_2037\existing_condition_size_combined.png' to asset: '/projects/proj-7020_research_archive-1128.4.442/MF 2026 Arboreal Futures/pipeline/4.9/compositor_pngs/city_timeline/sizes__20260411_2037/existing_condition_size_combined.png'
Uploaded file: 'D:\2026 Arboreal Futures\urban-futures\_data-refactored\compositor\outputs\4.9\city_timeline\sizes__20260411_2037\existing_condition_size_combined.png' to asset(id=2705150877): '/projects/proj-7020_research_archive-1128.4.442/MF 2026 Arboreal Futures/pipeline/4.9/compositor_pngs/city_timeline/sizes__20260411_2037/existing_condition_size_combined.png'
Uploading file: 'D:\2026 Arboreal Futures\urban-futures\_data-refactored\compositor\outputs\4.9\city_timeline\sizes__20260411_2037\existing_condition_small.png' to asset: '/projects/proj-7020_research_archive-1128.4.442/MF 2026 Arboreal Futures/pipeline/4.9/compositor_pngs/city_timeline/sizes__20260411_2037/existing_condition_small.png'
Uploaded file: 'D:\2026 Arboreal Futures\urban-futures\_data-refactored\compositor\outputs\4.9\city_timeline\sizes__20260411_2037\existing_condition_small.png' to asset(id=2705150890): '/projects/proj-7020_research_archive-1128.4.442/MF 2026 Arboreal Futures/pipeline/4.9/compositor_pngs/city_timeline/sizes__20260411_2037/existing_condition_small.png'
Uploading file: 'D:\2026 Arboreal Futures\urban-futures\_data-refactored\compositor\outputs\4.9\city_timeline\sizes__20260411_2037\existing_condition_snag.png' to asset: '/projects/proj-7020_research_archive-1128.4.442/MF 2026 Arboreal Futures/pipeline/4.9/compositor_pngs/city_timeline/sizes__20260411_2037/existing_condition_snag.png'
Uploaded file: 'D:\2026 Arboreal Futures\urban-futures\_data-refactored\compositor\outputs\4.9\city_timeline\sizes__20260411_2037\existing_condition_snag.png' to asset(id=2705150913): '/projects/proj-7020_research_archive-1128.4.442/MF 2026 Arboreal Futures/pipeline/4.9/compositor_pngs/city_timeline/sizes__20260411_2037/existing_condition_snag.png'
Uploading file: 'D:\2026 Arboreal Futures\urban-futures\_data-refactored\compositor\outputs\4.9\city_timeline\sizes__20260411_2037\pathway_artificial.png' to asset: '/projects/proj-7020_research_archive-1128.4.442/MF 2026 Arboreal Futures/pipeline/4.9/compositor_pngs/city_timeline/sizes__20260411_2037/pathway_artificial.png'
Uploaded file: 'D:\2026 Arboreal Futures\urban-futures\_data-refactored\compositor\outputs\4.9\city_timeline\sizes__20260411_2037\pathway_artificial.png' to asset(id=2705150927): '/projects/proj-7020_research_archive-1128.4.442/MF 2026 Arboreal Futures/pipeline/4.9/compositor_pngs/city_timeline/sizes__20260411_2037/pathway_artificial.png'
Uploading file: 'D:\2026 Arboreal Futures\urban-futures\_data-refactored\compositor\outputs\4.9\city_timeline\sizes__20260411_2037\pathway_fallen.png' to asset: '/projects/proj-7020_research_archive-1128.4.442/MF 2026 Arboreal Futures/pipeline/4.9/compositor_pngs/city_timeline/sizes__20260411_2037/pathway_fallen.png'
Uploaded file: 'D:\2026 Arboreal Futures\urban-futures\_data-refactored\compositor\outputs\4.9\city_timeline\sizes__20260411_2037\pathway_fallen.png' to asset(id=2705150946): '/projects/proj-7020_research_archive-1128.4.442/MF 2026 Arboreal Futures/pipeline/4.9/compositor_pngs/city_timeline/sizes__20260411_2037/pathway_fallen.png'
Uploading file: 'D:\2026 Arboreal Futures\urban-futures\_data-refactored\compositor\outputs\4.9\city_timeline\sizes__20260411_2037\pathway_large.png' to asset: '/projects/proj-7020_research_archive-1128.4.442/MF 2026 Arboreal Futures/pipeline/4.9/compositor_pngs/city_timeline/sizes__20260411_2037/pathway_large.png'
Uploaded file: 'D:\2026 Arboreal Futures\urban-futures\_data-refactored\compositor\outputs\4.9\city_timeline\sizes__20260411_2037\pathway_large.png' to asset(id=2705150969): '/projects/proj-7020_research_archive-1128.4.442/MF 2026 Arboreal Futures/pipeline/4.9/compositor_pngs/city_timeline/sizes__20260411_2037/pathway_large.png'
Uploading file: 'D:\2026 Arboreal Futures\urban-futures\_data-refactored\compositor\outputs\4.9\city_timeline\sizes__20260411_2037\pathway_medium.png' to asset: '/projects/proj-7020_research_archive-1128.4.442/MF 2026 Arboreal Futures/pipeline/4.9/compositor_pngs/city_timeline/sizes__20260411_2037/pathway_medium.png'
Uploaded file: 'D:\2026 Arboreal Futures\urban-futures\_data-refactored\compositor\outputs\4.9\city_timeline\sizes__20260411_2037\pathway_medium.png' to asset(id=2705150988): '/projects/proj-7020_research_archive-1128.4.442/MF 2026 Arboreal Futures/pipeline/4.9/compositor_pngs/city_timeline/sizes__20260411_2037/pathway_medium.png'
Uploading file: 'D:\2026 Arboreal Futures\urban-futures\_data-refactored\compositor\outputs\4.9\city_timeline\sizes__20260411_2037\pathway_senescing.png' to asset: '/projects/proj-7020_research_archive-1128.4.442/MF 2026 Arboreal Futures/pipeline/4.9/compositor_pngs/city_timeline/sizes__20260411_2037/pathway_senescing.png'
Uploaded file: 'D:\2026 Arboreal Futures\urban-futures\_data-refactored\compositor\outputs\4.9\city_timeline\sizes__20260411_2037\pathway_senescing.png' to asset(id=2705150999): '/projects/proj-7020_research_archive-1128.4.442/MF 2026 Arboreal Futures/pipeline/4.9/compositor_pngs/city_timeline/sizes__20260411_2037/pathway_senescing.png'
Uploading file: 'D:\2026 Arboreal Futures\urban-futures\_data-refactored\compositor\outputs\4.9\city_timeline\sizes__20260411_2037\pathway_size_combined.png' to asset: '/projects/proj-7020_research_archive-1128.4.442/MF 2026 Arboreal Futures/pipeline/4.9/compositor_pngs/city_timeline/sizes__20260411_2037/pathway_size_combined.png'
Uploaded file: 'D:\2026 Arboreal Futures\urban-futures\_data-refactored\compositor\outputs\4.9\city_timeline\sizes__20260411_2037\pathway_size_combined.png' to asset(id=2705151024): '/projects/proj-7020_research_archive-1128.4.442/MF 2026 Arboreal Futures/pipeline/4.9/compositor_pngs/city_timeline/sizes__20260411_2037/pathway_size_combined.png'
Uploading file: 'D:\2026 Arboreal Futures\urban-futures\_data-refactored\compositor\outputs\4.9\city_timeline\sizes__20260411_2037\pathway_small.png' to asset: '/projects/proj-7020_research_archive-1128.4.442/MF 2026 Arboreal Futures/pipeline/4.9/compositor_pngs/city_timeline/sizes__20260411_2037/pathway_small.png'
Uploaded file: 'D:\2026 Arboreal Futures\urban-futures\_data-refactored\compositor\outputs\4.9\city_timeline\sizes__20260411_2037\pathway_small.png' to asset(id=2705151038): '/projects/proj-7020_research_archive-1128.4.442/MF 2026 Arboreal Futures/pipeline/4.9/compositor_pngs/city_timeline/sizes__20260411_2037/pathway_small.png'
Uploading file: 'D:\2026 Arboreal Futures\urban-futures\_data-refactored\compositor\outputs\4.9\city_timeline\sizes__20260411_2037\pathway_snag.png' to asset: '/projects/proj-7020_research_archive-1128.4.442/MF 2026 Arboreal Futures/pipeline/4.9/compositor_pngs/city_timeline/sizes__20260411_2037/pathway_snag.png'
Uploaded file: 'D:\2026 Arboreal Futures\urban-futures\_data-refactored\compositor\outputs\4.9\city_timeline\sizes__20260411_2037\pathway_snag.png' to asset(id=2705151062): '/projects/proj-7020_research_archive-1128.4.442/MF 2026 Arboreal Futures/pipeline/4.9/compositor_pngs/city_timeline/sizes__20260411_2037/pathway_snag.png'
Uploading file: 'D:\2026 Arboreal Futures\urban-futures\_data-refactored\compositor\outputs\4.9\city_timeline\sizes__20260411_2037\priority_artificial.png' to asset: '/projects/proj-7020_research_archive-1128.4.442/MF 2026 Arboreal Futures/pipeline/4.9/compositor_pngs/city_timeline/sizes__20260411_2037/priority_artificial.png'
Uploaded file: 'D:\2026 Arboreal Futures\urban-futures\_data-refactored\compositor\outputs\4.9\city_timeline\sizes__20260411_2037\priority_artificial.png' to asset(id=2705151079): '/projects/proj-7020_research_archive-1128.4.442/MF 2026 Arboreal Futures/pipeline/4.9/compositor_pngs/city_timeline/sizes__20260411_2037/priority_artificial.png'
Uploading file: 'D:\2026 Arboreal Futures\urban-futures\_data-refactored\compositor\outputs\4.9\city_timeline\sizes__20260411_2037\priority_fallen.png' to asset: '/projects/proj-7020_research_archive-1128.4.442/MF 2026 Arboreal Futures/pipeline/4.9/compositor_pngs/city_timeline/sizes__20260411_2037/priority_fallen.png'
Uploaded file: 'D:\2026 Arboreal Futures\urban-futures\_data-refactored\compositor\outputs\4.9\city_timeline\sizes__20260411_2037\priority_fallen.png' to asset(id=2705151096): '/projects/proj-7020_research_archive-1128.4.442/MF 2026 Arboreal Futures/pipeline/4.9/compositor_pngs/city_timeline/sizes__20260411_2037/priority_fallen.png'
Uploading file: 'D:\2026 Arboreal Futures\urban-futures\_data-refactored\compositor\outputs\4.9\city_timeline\sizes__20260411_2037\priority_large.png' to asset: '/projects/proj-7020_research_archive-1128.4.442/MF 2026 Arboreal Futures/pipeline/4.9/compositor_pngs/city_timeline/sizes__20260411_2037/priority_large.png'
Uploaded file: 'D:\2026 Arboreal Futures\urban-futures\_data-refactored\compositor\outputs\4.9\city_timeline\sizes__20260411_2037\priority_large.png' to asset(id=2705151108): '/projects/proj-7020_research_archive-1128.4.442/MF 2026 Arboreal Futures/pipeline/4.9/compositor_pngs/city_timeline/sizes__20260411_2037/priority_large.png'
Uploading file: 'D:\2026 Arboreal Futures\urban-futures\_data-refactored\compositor\outputs\4.9\city_timeline\sizes__20260411_2037\priority_medium.png' to asset: '/projects/proj-7020_research_archive-1128.4.442/MF 2026 Arboreal Futures/pipeline/4.9/compositor_pngs/city_timeline/sizes__20260411_2037/priority_medium.png'
Uploaded file: 'D:\2026 Arboreal Futures\urban-futures\_data-refactored\compositor\outputs\4.9\city_timeline\sizes__20260411_2037\priority_medium.png' to asset(id=2705151123): '/projects/proj-7020_research_archive-1128.4.442/MF 2026 Arboreal Futures/pipeline/4.9/compositor_pngs/city_timeline/sizes__20260411_2037/priority_medium.png'
Uploading file: 'D:\2026 Arboreal Futures\urban-futures\_data-refactored\compositor\outputs\4.9\city_timeline\sizes__20260411_2037\priority_senescing.png' to asset: '/projects/proj-7020_research_archive-1128.4.442/MF 2026 Arboreal Futures/pipeline/4.9/compositor_pngs/city_timeline/sizes__20260411_2037/priority_senescing.png'
Uploaded file: 'D:\2026 Arboreal Futures\urban-futures\_data-refactored\compositor\outputs\4.9\city_timeline\sizes__20260411_2037\priority_senescing.png' to asset(id=2705151142): '/projects/proj-7020_research_archive-1128.4.442/MF 2026 Arboreal Futures/pipeline/4.9/compositor_pngs/city_timeline/sizes__20260411_2037/priority_senescing.png'
Uploading file: 'D:\2026 Arboreal Futures\urban-futures\_data-refactored\compositor\outputs\4.9\city_timeline\sizes__20260411_2037\priority_size_combined.png' to asset: '/projects/proj-7020_research_archive-1128.4.442/MF 2026 Arboreal Futures/pipeline/4.9/compositor_pngs/city_timeline/sizes__20260411_2037/priority_size_combined.png'
Uploaded file: 'D:\2026 Arboreal Futures\urban-futures\_data-refactored\compositor\outputs\4.9\city_timeline\sizes__20260411_2037\priority_size_combined.png' to asset(id=2705151166): '/projects/proj-7020_research_archive-1128.4.442/MF 2026 Arboreal Futures/pipeline/4.9/compositor_pngs/city_timeline/sizes__20260411_2037/priority_size_combined.png'
Uploading file: 'D:\2026 Arboreal Futures\urban-futures\_data-refactored\compositor\outputs\4.9\city_timeline\sizes__20260411_2037\priority_small.png' to asset: '/projects/proj-7020_research_archive-1128.4.442/MF 2026 Arboreal Futures/pipeline/4.9/compositor_pngs/city_timeline/sizes__20260411_2037/priority_small.png'
Uploaded file: 'D:\2026 Arboreal Futures\urban-futures\_data-refactored\compositor\outputs\4.9\city_timeline\sizes__20260411_2037\priority_small.png' to asset(id=2705151177): '/projects/proj-7020_research_archive-1128.4.442/MF 2026 Arboreal Futures/pipeline/4.9/compositor_pngs/city_timeline/sizes__20260411_2037/priority_small.png'
Uploading file: 'D:\2026 Arboreal Futures\urban-futures\_data-refactored\compositor\outputs\4.9\city_timeline\sizes__20260411_2037\priority_snag.png' to asset: '/projects/proj-7020_research_archive-1128.4.442/MF 2026 Arboreal Futures/pipeline/4.9/compositor_pngs/city_timeline/sizes__20260411_2037/priority_snag.png'
Uploaded file: 'D:\2026 Arboreal Futures\urban-futures\_data-refactored\compositor\outputs\4.9\city_timeline\sizes__20260411_2037\priority_snag.png' to asset(id=2705151188): '/projects/proj-7020_research_archive-1128.4.442/MF 2026 Arboreal Futures/pipeline/4.9/compositor_pngs/city_timeline/sizes__20260411_2037/priority_snag.png'
Uploading file: 'D:\2026 Arboreal Futures\urban-futures\_data-refactored\compositor\outputs\4.9\city_timeline\sizes__20260411_2037\trending_artificial.png' to asset: '/projects/proj-7020_research_archive-1128.4.442/MF 2026 Arboreal Futures/pipeline/4.9/compositor_pngs/city_timeline/sizes__20260411_2037/trending_artificial.png'
Uploaded file: 'D:\2026 Arboreal Futures\urban-futures\_data-refactored\compositor\outputs\4.9\city_timeline\sizes__20260411_2037\trending_artificial.png' to asset(id=2705151202): '/projects/proj-7020_research_archive-1128.4.442/MF 2026 Arboreal Futures/pipeline/4.9/compositor_pngs/city_timeline/sizes__20260411_2037/trending_artificial.png'
Uploading file: 'D:\2026 Arboreal Futures\urban-futures\_data-refactored\compositor\outputs\4.9\city_timeline\sizes__20260411_2037\trending_fallen.png' to asset: '/projects/proj-7020_research_archive-1128.4.442/MF 2026 Arboreal Futures/pipeline/4.9/compositor_pngs/city_timeline/sizes__20260411_2037/trending_fallen.png'
Uploaded file: 'D:\2026 Arboreal Futures\urban-futures\_data-refactored\compositor\outputs\4.9\city_timeline\sizes__20260411_2037\trending_fallen.png' to asset(id=2705151216): '/projects/proj-7020_research_archive-1128.4.442/MF 2026 Arboreal Futures/pipeline/4.9/compositor_pngs/city_timeline/sizes__20260411_2037/trending_fallen.png'
Uploading file: 'D:\2026 Arboreal Futures\urban-futures\_data-refactored\compositor\outputs\4.9\city_timeline\sizes__20260411_2037\trending_large.png' to asset: '/projects/proj-7020_research_archive-1128.4.442/MF 2026 Arboreal Futures/pipeline/4.9/compositor_pngs/city_timeline/sizes__20260411_2037/trending_large.png'
Uploaded file: 'D:\2026 Arboreal Futures\urban-futures\_data-refactored\compositor\outputs\4.9\city_timeline\sizes__20260411_2037\trending_large.png' to asset(id=2705151245): '/projects/proj-7020_research_archive-1128.4.442/MF 2026 Arboreal Futures/pipeline/4.9/compositor_pngs/city_timeline/sizes__20260411_2037/trending_large.png'
Uploading file: 'D:\2026 Arboreal Futures\urban-futures\_data-refactored\compositor\outputs\4.9\city_timeline\sizes__20260411_2037\trending_medium.png' to asset: '/projects/proj-7020_research_archive-1128.4.442/MF 2026 Arboreal Futures/pipeline/4.9/compositor_pngs/city_timeline/sizes__20260411_2037/trending_medium.png'
Uploaded file: 'D:\2026 Arboreal Futures\urban-futures\_data-refactored\compositor\outputs\4.9\city_timeline\sizes__20260411_2037\trending_medium.png' to asset(id=2705151260): '/projects/proj-7020_research_archive-1128.4.442/MF 2026 Arboreal Futures/pipeline/4.9/compositor_pngs/city_timeline/sizes__20260411_2037/trending_medium.png'
Uploading file: 'D:\2026 Arboreal Futures\urban-futures\_data-refactored\compositor\outputs\4.9\city_timeline\sizes__20260411_2037\trending_senescing.png' to asset: '/projects/proj-7020_research_archive-1128.4.442/MF 2026 Arboreal Futures/pipeline/4.9/compositor_pngs/city_timeline/sizes__20260411_2037/trending_senescing.png'
Uploaded file: 'D:\2026 Arboreal Futures\urban-futures\_data-refactored\compositor\outputs\4.9\city_timeline\sizes__20260411_2037\trending_senescing.png' to asset(id=2705151284): '/projects/proj-7020_research_archive-1128.4.442/MF 2026 Arboreal Futures/pipeline/4.9/compositor_pngs/city_timeline/sizes__20260411_2037/trending_senescing.png'
Uploading file: 'D:\2026 Arboreal Futures\urban-futures\_data-refactored\compositor\outputs\4.9\city_timeline\sizes__20260411_2037\trending_size_combined.png' to asset: '/projects/proj-7020_research_archive-1128.4.442/MF 2026 Arboreal Futures/pipeline/4.9/compositor_pngs/city_timeline/sizes__20260411_2037/trending_size_combined.png'
Uploaded file: 'D:\2026 Arboreal Futures\urban-futures\_data-refactored\compositor\outputs\4.9\city_timeline\sizes__20260411_2037\trending_size_combined.png' to asset(id=2705151299): '/projects/proj-7020_research_archive-1128.4.442/MF 2026 Arboreal Futures/pipeline/4.9/compositor_pngs/city_timeline/sizes__20260411_2037/trending_size_combined.png'
Uploading file: 'D:\2026 Arboreal Futures\urban-futures\_data-refactored\compositor\outputs\4.9\city_timeline\sizes__20260411_2037\trending_small.png' to asset: '/projects/proj-7020_research_archive-1128.4.442/MF 2026 Arboreal Futures/pipeline/4.9/compositor_pngs/city_timeline/sizes__20260411_2037/trending_small.png'
Uploaded file: 'D:\2026 Arboreal Futures\urban-futures\_data-refactored\compositor\outputs\4.9\city_timeline\sizes__20260411_2037\trending_small.png' to asset(id=2705151314): '/projects/proj-7020_research_archive-1128.4.442/MF 2026 Arboreal Futures/pipeline/4.9/compositor_pngs/city_timeline/sizes__20260411_2037/trending_small.png'
Uploading file: 'D:\2026 Arboreal Futures\urban-futures\_data-refactored\compositor\outputs\4.9\city_timeline\sizes__20260411_2037\trending_snag.png' to asset: '/projects/proj-7020_research_archive-1128.4.442/MF 2026 Arboreal Futures/pipeline/4.9/compositor_pngs/city_timeline/sizes__20260411_2037/trending_snag.png'
Uploaded file: 'D:\2026 Arboreal Futures\urban-futures\_data-refactored\compositor\outputs\4.9\city_timeline\sizes__20260411_2037\trending_snag.png' to asset(id=2705151327): '/projects/proj-7020_research_archive-1128.4.442/MF 2026 Arboreal Futures/pipeline/4.9/compositor_pngs/city_timeline/sizes__20260411_2037/trending_snag.png'
Listening socket closed!

Upload:
    src(directory): D:\2026 Arboreal Futures\urban-futures\_data-refactored\compositor\outputs\4.9\city_timeline\sizes__20260411_2037
    dst(mediaflux): /projects/proj-7020_research_archive-1128.4.442/MF 2026 Arboreal Futures/pipeline/4.9/compositor_pngs/city_timeline/sizes__20260411_2037


Summary:
         Exec time: 8.379 seconds
    Worker threads: 1

    Uploaded files:                               32 files
     Skipped files:                                0 files
      Failed files:                                0 files
       Total files:                               32 files
    Uploaded bytes:                      458,661,814 bytes
      Upload speed:                           54.739 MB/s

  EXIT=0
=== UPLOAD city_timeline/ao -> pipeline/4.9/compositor_pngs/city_timeline/ao__20260411_2037 ===
Connected to [0;34mmediaflux.researchsoftware.unimelb.edu.au:443[0m as [0;33munimelb:holland1[0m

Checking 3 files...
Uploading file: 'D:\2026 Arboreal Futures\urban-futures\_data-refactored\compositor\outputs\4.9\city_timeline\ao__20260411_2037\existing_condition_ao_full.png' to asset: '/projects/proj-7020_research_archive-1128.4.442/MF 2026 Arboreal Futures/pipeline/4.9/compositor_pngs/city_timeline/ao__20260411_2037/existing_condition_ao_full.png'
Uploaded file: 'D:\2026 Arboreal Futures\urban-futures\_data-refactored\compositor\outputs\4.9\city_timeline\ao__20260411_2037\existing_condition_ao_full.png' to asset(id=2705151550): '/projects/proj-7020_research_archive-1128.4.442/MF 2026 Arboreal Futures/pipeline/4.9/compositor_pngs/city_timeline/ao__20260411_2037/existing_condition_ao_full.png'
Uploading file: 'D:\2026 Arboreal Futures\urban-futures\_data-refactored\compositor\outputs\4.9\city_timeline\ao__20260411_2037\pathway_ao_masked.png' to asset: '/projects/proj-7020_research_archive-1128.4.442/MF 2026 Arboreal Futures/pipeline/4.9/compositor_pngs/city_timeline/ao__20260411_2037/pathway_ao_masked.png'
Uploaded file: 'D:\2026 Arboreal Futures\urban-futures\_data-refactored\compositor\outputs\4.9\city_timeline\ao__20260411_2037\pathway_ao_masked.png' to asset(id=2705151562): '/projects/proj-7020_research_archive-1128.4.442/MF 2026 Arboreal Futures/pipeline/4.9/compositor_pngs/city_timeline/ao__20260411_2037/pathway_ao_masked.png'
Uploading file: 'D:\2026 Arboreal Futures\urban-futures\_data-refactored\compositor\outputs\4.9\city_timeline\ao__20260411_2037\priority_ao_masked.png' to asset: '/projects/proj-7020_research_archive-1128.4.442/MF 2026 Arboreal Futures/pipeline/4.9/compositor_pngs/city_timeline/ao__20260411_2037/priority_ao_masked.png'
Uploaded file: 'D:\2026 Arboreal Futures\urban-futures\_data-refactored\compositor\outputs\4.9\city_timeline\ao__20260411_2037\priority_ao_masked.png' to asset(id=2705151582): '/projects/proj-7020_research_archive-1128.4.442/MF 2026 Arboreal Futures/pipeline/4.9/compositor_pngs/city_timeline/ao__20260411_2037/priority_ao_masked.png'
Listening socket closed!

Upload:
    src(directory): D:\2026 Arboreal Futures\urban-futures\_data-refactored\compositor\outputs\4.9\city_timeline\ao__20260411_2037
    dst(mediaflux): /projects/proj-7020_research_archive-1128.4.442/MF 2026 Arboreal Futures/pipeline/4.9/compositor_pngs/city_timeline/ao__20260411_2037


Summary:
         Exec time: 1.347 seconds
    Worker threads: 1

    Uploaded files:                                3 files
     Skipped files:                                0 files
      Failed files:                                0 files
       Total files:                                3 files
    Uploaded bytes:                       85,620,248 bytes
      Upload speed:                           63.564 MB/s

  EXIT=0
=== UPLOAD city_timeline/shading -> pipeline/4.9/compositor_pngs/city_timeline/shading__20260411_2037 ===
Connected to [0;34mmediaflux.researchsoftware.unimelb.edu.au:443[0m as [0;33munimelb:holland1[0m

Checking 6 files...
Uploading file: 'D:\2026 Arboreal Futures\urban-futures\_data-refactored\compositor\outputs\4.9\city_timeline\shading__20260411_2037\existing_condition_ao_full.png' to asset: '/projects/proj-7020_research_archive-1128.4.442/MF 2026 Arboreal Futures/pipeline/4.9/compositor_pngs/city_timeline/shading__20260411_2037/existing_condition_ao_full.png'
Uploaded file: 'D:\2026 Arboreal Futures\urban-futures\_data-refactored\compositor\outputs\4.9\city_timeline\shading__20260411_2037\existing_condition_ao_full.png' to asset(id=2705151850): '/projects/proj-7020_research_archive-1128.4.442/MF 2026 Arboreal Futures/pipeline/4.9/compositor_pngs/city_timeline/shading__20260411_2037/existing_condition_ao_full.png'
Uploading file: 'D:\2026 Arboreal Futures\urban-futures\_data-refactored\compositor\outputs\4.9\city_timeline\shading__20260411_2037\pathway_shading.png' to asset: '/projects/proj-7020_research_archive-1128.4.442/MF 2026 Arboreal Futures/pipeline/4.9/compositor_pngs/city_timeline/shading__20260411_2037/pathway_shading.png'
Uploaded file: 'D:\2026 Arboreal Futures\urban-futures\_data-refactored\compositor\outputs\4.9\city_timeline\shading__20260411_2037\pathway_shading.png' to asset(id=2705151866): '/projects/proj-7020_research_archive-1128.4.442/MF 2026 Arboreal Futures/pipeline/4.9/compositor_pngs/city_timeline/shading__20260411_2037/pathway_shading.png'
Uploading file: 'D:\2026 Arboreal Futures\urban-futures\_data-refactored\compositor\outputs\4.9\city_timeline\shading__20260411_2037\positive_bioenvelope_shading.png' to asset: '/projects/proj-7020_research_archive-1128.4.442/MF 2026 Arboreal Futures/pipeline/4.9/compositor_pngs/city_timeline/shading__20260411_2037/positive_bioenvelope_shading.png'
Uploaded file: 'D:\2026 Arboreal Futures\urban-futures\_data-refactored\compositor\outputs\4.9\city_timeline\shading__20260411_2037\positive_bioenvelope_shading.png' to asset(id=2705151881): '/projects/proj-7020_research_archive-1128.4.442/MF 2026 Arboreal Futures/pipeline/4.9/compositor_pngs/city_timeline/shading__20260411_2037/positive_bioenvelope_shading.png'
Uploading file: 'D:\2026 Arboreal Futures\urban-futures\_data-refactored\compositor\outputs\4.9\city_timeline\shading__20260411_2037\priority_shading.png' to asset: '/projects/proj-7020_research_archive-1128.4.442/MF 2026 Arboreal Futures/pipeline/4.9/compositor_pngs/city_timeline/shading__20260411_2037/priority_shading.png'
Uploaded file: 'D:\2026 Arboreal Futures\urban-futures\_data-refactored\compositor\outputs\4.9\city_timeline\shading__20260411_2037\priority_shading.png' to asset(id=2705151898): '/projects/proj-7020_research_archive-1128.4.442/MF 2026 Arboreal Futures/pipeline/4.9/compositor_pngs/city_timeline/shading__20260411_2037/priority_shading.png'
Uploading file: 'D:\2026 Arboreal Futures\urban-futures\_data-refactored\compositor\outputs\4.9\city_timeline\shading__20260411_2037\trending_bioenvelope_shading.png' to asset: '/projects/proj-7020_research_archive-1128.4.442/MF 2026 Arboreal Futures/pipeline/4.9/compositor_pngs/city_timeline/shading__20260411_2037/trending_bioenvelope_shading.png'
Uploaded file: 'D:\2026 Arboreal Futures\urban-futures\_data-refactored\compositor\outputs\4.9\city_timeline\shading__20260411_2037\trending_bioenvelope_shading.png' to asset(id=2705151911): '/projects/proj-7020_research_archive-1128.4.442/MF 2026 Arboreal Futures/pipeline/4.9/compositor_pngs/city_timeline/shading__20260411_2037/trending_bioenvelope_shading.png'
Uploading file: 'D:\2026 Arboreal Futures\urban-futures\_data-refactored\compositor\outputs\4.9\city_timeline\shading__20260411_2037\trending_shading.png' to asset: '/projects/proj-7020_research_archive-1128.4.442/MF 2026 Arboreal Futures/pipeline/4.9/compositor_pngs/city_timeline/shading__20260411_2037/trending_shading.png'
Uploaded file: 'D:\2026 Arboreal Futures\urban-futures\_data-refactored\compositor\outputs\4.9\city_timeline\shading__20260411_2037\trending_shading.png' to asset(id=2705151924): '/projects/proj-7020_research_archive-1128.4.442/MF 2026 Arboreal Futures/pipeline/4.9/compositor_pngs/city_timeline/shading__20260411_2037/trending_shading.png'
Listening socket closed!

Upload:
    src(directory): D:\2026 Arboreal Futures\urban-futures\_data-refactored\compositor\outputs\4.9\city_timeline\shading__20260411_2037
    dst(mediaflux): /projects/proj-7020_research_archive-1128.4.442/MF 2026 Arboreal Futures/pipeline/4.9/compositor_pngs/city_timeline/shading__20260411_2037


Summary:
         Exec time: 2.311 seconds
    Worker threads: 1

    Uploaded files:                                6 files
     Skipped files:                                0 files
      Failed files:                                0 files
       Total files:                                6 files
    Uploaded bytes:                      106,038,912 bytes
      Upload speed:                           45.884 MB/s

  EXIT=0
=== UPLOAD parade_timeline/sizes -> pipeline/4.9/compositor_pngs/parade_timeline/sizes__20260411_2037 ===
Connected to [0;34mmediaflux.researchsoftware.unimelb.edu.au:443[0m as [0;33munimelb:holland1[0m

Checking 32 files...
Uploading file: 'D:\2026 Arboreal Futures\urban-futures\_data-refactored\compositor\outputs\4.9\parade_timeline\sizes__20260411_2037\existing_condition_artificial.png' to asset: '/projects/proj-7020_research_archive-1128.4.442/MF 2026 Arboreal Futures/pipeline/4.9/compositor_pngs/parade_timeline/sizes__20260411_2037/existing_condition_artificial.png'
Uploaded file: 'D:\2026 Arboreal Futures\urban-futures\_data-refactored\compositor\outputs\4.9\parade_timeline\sizes__20260411_2037\existing_condition_artificial.png' to asset(id=2705152141): '/projects/proj-7020_research_archive-1128.4.442/MF 2026 Arboreal Futures/pipeline/4.9/compositor_pngs/parade_timeline/sizes__20260411_2037/existing_condition_artificial.png'
Uploading file: 'D:\2026 Arboreal Futures\urban-futures\_data-refactored\compositor\outputs\4.9\parade_timeline\sizes__20260411_2037\existing_condition_fallen.png' to asset: '/projects/proj-7020_research_archive-1128.4.442/MF 2026 Arboreal Futures/pipeline/4.9/compositor_pngs/parade_timeline/sizes__20260411_2037/existing_condition_fallen.png'
Uploaded file: 'D:\2026 Arboreal Futures\urban-futures\_data-refactored\compositor\outputs\4.9\parade_timeline\sizes__20260411_2037\existing_condition_fallen.png' to asset(id=2705152163): '/projects/proj-7020_research_archive-1128.4.442/MF 2026 Arboreal Futures/pipeline/4.9/compositor_pngs/parade_timeline/sizes__20260411_2037/existing_condition_fallen.png'
Uploading file: 'D:\2026 Arboreal Futures\urban-futures\_data-refactored\compositor\outputs\4.9\parade_timeline\sizes__20260411_2037\existing_condition_large.png' to asset: '/projects/proj-7020_research_archive-1128.4.442/MF 2026 Arboreal Futures/pipeline/4.9/compositor_pngs/parade_timeline/sizes__20260411_2037/existing_condition_large.png'
Uploaded file: 'D:\2026 Arboreal Futures\urban-futures\_data-refactored\compositor\outputs\4.9\parade_timeline\sizes__20260411_2037\existing_condition_large.png' to asset(id=2705152184): '/projects/proj-7020_research_archive-1128.4.442/MF 2026 Arboreal Futures/pipeline/4.9/compositor_pngs/parade_timeline/sizes__20260411_2037/existing_condition_large.png'
Uploading file: 'D:\2026 Arboreal Futures\urban-futures\_data-refactored\compositor\outputs\4.9\parade_timeline\sizes__20260411_2037\existing_condition_medium.png' to asset: '/projects/proj-7020_research_archive-1128.4.442/MF 2026 Arboreal Futures/pipeline/4.9/compositor_pngs/parade_timeline/sizes__20260411_2037/existing_condition_medium.png'
Uploaded file: 'D:\2026 Arboreal Futures\urban-futures\_data-refactored\compositor\outputs\4.9\parade_timeline\sizes__20260411_2037\existing_condition_medium.png' to asset(id=2705152199): '/projects/proj-7020_research_archive-1128.4.442/MF 2026 Arboreal Futures/pipeline/4.9/compositor_pngs/parade_timeline/sizes__20260411_2037/existing_condition_medium.png'
Uploading file: 'D:\2026 Arboreal Futures\urban-futures\_data-refactored\compositor\outputs\4.9\parade_timeline\sizes__20260411_2037\existing_condition_senescing.png' to asset: '/projects/proj-7020_research_archive-1128.4.442/MF 2026 Arboreal Futures/pipeline/4.9/compositor_pngs/parade_timeline/sizes__20260411_2037/existing_condition_senescing.png'
Uploaded file: 'D:\2026 Arboreal Futures\urban-futures\_data-refactored\compositor\outputs\4.9\parade_timeline\sizes__20260411_2037\existing_condition_senescing.png' to asset(id=2705152222): '/projects/proj-7020_research_archive-1128.4.442/MF 2026 Arboreal Futures/pipeline/4.9/compositor_pngs/parade_timeline/sizes__20260411_2037/existing_condition_senescing.png'
Uploading file: 'D:\2026 Arboreal Futures\urban-futures\_data-refactored\compositor\outputs\4.9\parade_timeline\sizes__20260411_2037\existing_condition_size_combined.png' to asset: '/projects/proj-7020_research_archive-1128.4.442/MF 2026 Arboreal Futures/pipeline/4.9/compositor_pngs/parade_timeline/sizes__20260411_2037/existing_condition_size_combined.png'
Uploaded file: 'D:\2026 Arboreal Futures\urban-futures\_data-refactored\compositor\outputs\4.9\parade_timeline\sizes__20260411_2037\existing_condition_size_combined.png' to asset(id=2705152241): '/projects/proj-7020_research_archive-1128.4.442/MF 2026 Arboreal Futures/pipeline/4.9/compositor_pngs/parade_timeline/sizes__20260411_2037/existing_condition_size_combined.png'
Uploading file: 'D:\2026 Arboreal Futures\urban-futures\_data-refactored\compositor\outputs\4.9\parade_timeline\sizes__20260411_2037\existing_condition_small.png' to asset: '/projects/proj-7020_research_archive-1128.4.442/MF 2026 Arboreal Futures/pipeline/4.9/compositor_pngs/parade_timeline/sizes__20260411_2037/existing_condition_small.png'
Uploaded file: 'D:\2026 Arboreal Futures\urban-futures\_data-refactored\compositor\outputs\4.9\parade_timeline\sizes__20260411_2037\existing_condition_small.png' to asset(id=2705152254): '/projects/proj-7020_research_archive-1128.4.442/MF 2026 Arboreal Futures/pipeline/4.9/compositor_pngs/parade_timeline/sizes__20260411_2037/existing_condition_small.png'
Uploading file: 'D:\2026 Arboreal Futures\urban-futures\_data-refactored\compositor\outputs\4.9\parade_timeline\sizes__20260411_2037\existing_condition_snag.png' to asset: '/projects/proj-7020_research_archive-1128.4.442/MF 2026 Arboreal Futures/pipeline/4.9/compositor_pngs/parade_timeline/sizes__20260411_2037/existing_condition_snag.png'
Uploaded file: 'D:\2026 Arboreal Futures\urban-futures\_data-refactored\compositor\outputs\4.9\parade_timeline\sizes__20260411_2037\existing_condition_snag.png' to asset(id=2705152286): '/projects/proj-7020_research_archive-1128.4.442/MF 2026 Arboreal Futures/pipeline/4.9/compositor_pngs/parade_timeline/sizes__20260411_2037/existing_condition_snag.png'
Uploading file: 'D:\2026 Arboreal Futures\urban-futures\_data-refactored\compositor\outputs\4.9\parade_timeline\sizes__20260411_2037\pathway_artificial.png' to asset: '/projects/proj-7020_research_archive-1128.4.442/MF 2026 Arboreal Futures/pipeline/4.9/compositor_pngs/parade_timeline/sizes__20260411_2037/pathway_artificial.png'
Uploaded file: 'D:\2026 Arboreal Futures\urban-futures\_data-refactored\compositor\outputs\4.9\parade_timeline\sizes__20260411_2037\pathway_artificial.png' to asset(id=2705152300): '/projects/proj-7020_research_archive-1128.4.442/MF 2026 Arboreal Futures/pipeline/4.9/compositor_pngs/parade_timeline/sizes__20260411_2037/pathway_artificial.png'
Uploading file: 'D:\2026 Arboreal Futures\urban-futures\_data-refactored\compositor\outputs\4.9\parade_timeline\sizes__20260411_2037\pathway_fallen.png' to asset: '/projects/proj-7020_research_archive-1128.4.442/MF 2026 Arboreal Futures/pipeline/4.9/compositor_pngs/parade_timeline/sizes__20260411_2037/pathway_fallen.png'
Uploaded file: 'D:\2026 Arboreal Futures\urban-futures\_data-refactored\compositor\outputs\4.9\parade_timeline\sizes__20260411_2037\pathway_fallen.png' to asset(id=2705152321): '/projects/proj-7020_research_archive-1128.4.442/MF 2026 Arboreal Futures/pipeline/4.9/compositor_pngs/parade_timeline/sizes__20260411_2037/pathway_fallen.png'
Uploading file: 'D:\2026 Arboreal Futures\urban-futures\_data-refactored\compositor\outputs\4.9\parade_timeline\sizes__20260411_2037\pathway_large.png' to asset: '/projects/proj-7020_research_archive-1128.4.442/MF 2026 Arboreal Futures/pipeline/4.9/compositor_pngs/parade_timeline/sizes__20260411_2037/pathway_large.png'
Uploaded file: 'D:\2026 Arboreal Futures\urban-futures\_data-refactored\compositor\outputs\4.9\parade_timeline\sizes__20260411_2037\pathway_large.png' to asset(id=2705152346): '/projects/proj-7020_research_archive-1128.4.442/MF 2026 Arboreal Futures/pipeline/4.9/compositor_pngs/parade_timeline/sizes__20260411_2037/pathway_large.png'
Uploading file: 'D:\2026 Arboreal Futures\urban-futures\_data-refactored\compositor\outputs\4.9\parade_timeline\sizes__20260411_2037\pathway_medium.png' to asset: '/projects/proj-7020_research_archive-1128.4.442/MF 2026 Arboreal Futures/pipeline/4.9/compositor_pngs/parade_timeline/sizes__20260411_2037/pathway_medium.png'
Uploaded file: 'D:\2026 Arboreal Futures\urban-futures\_data-refactored\compositor\outputs\4.9\parade_timeline\sizes__20260411_2037\pathway_medium.png' to asset(id=2705152366): '/projects/proj-7020_research_archive-1128.4.442/MF 2026 Arboreal Futures/pipeline/4.9/compositor_pngs/parade_timeline/sizes__20260411_2037/pathway_medium.png'
Uploading file: 'D:\2026 Arboreal Futures\urban-futures\_data-refactored\compositor\outputs\4.9\parade_timeline\sizes__20260411_2037\pathway_senescing.png' to asset: '/projects/proj-7020_research_archive-1128.4.442/MF 2026 Arboreal Futures/pipeline/4.9/compositor_pngs/parade_timeline/sizes__20260411_2037/pathway_senescing.png'
Uploaded file: 'D:\2026 Arboreal Futures\urban-futures\_data-refactored\compositor\outputs\4.9\parade_timeline\sizes__20260411_2037\pathway_senescing.png' to asset(id=2705152373): '/projects/proj-7020_research_archive-1128.4.442/MF 2026 Arboreal Futures/pipeline/4.9/compositor_pngs/parade_timeline/sizes__20260411_2037/pathway_senescing.png'
Uploading file: 'D:\2026 Arboreal Futures\urban-futures\_data-refactored\compositor\outputs\4.9\parade_timeline\sizes__20260411_2037\pathway_size_combined.png' to asset: '/projects/proj-7020_research_archive-1128.4.442/MF 2026 Arboreal Futures/pipeline/4.9/compositor_pngs/parade_timeline/sizes__20260411_2037/pathway_size_combined.png'
Uploaded file: 'D:\2026 Arboreal Futures\urban-futures\_data-refactored\compositor\outputs\4.9\parade_timeline\sizes__20260411_2037\pathway_size_combined.png' to asset(id=2705152399): '/projects/proj-7020_research_archive-1128.4.442/MF 2026 Arboreal Futures/pipeline/4.9/compositor_pngs/parade_timeline/sizes__20260411_2037/pathway_size_combined.png'
Uploading file: 'D:\2026 Arboreal Futures\urban-futures\_data-refactored\compositor\outputs\4.9\parade_timeline\sizes__20260411_2037\pathway_small.png' to asset: '/projects/proj-7020_research_archive-1128.4.442/MF 2026 Arboreal Futures/pipeline/4.9/compositor_pngs/parade_timeline/sizes__20260411_2037/pathway_small.png'
Uploaded file: 'D:\2026 Arboreal Futures\urban-futures\_data-refactored\compositor\outputs\4.9\parade_timeline\sizes__20260411_2037\pathway_small.png' to asset(id=2705152444): '/projects/proj-7020_research_archive-1128.4.442/MF 2026 Arboreal Futures/pipeline/4.9/compositor_pngs/parade_timeline/sizes__20260411_2037/pathway_small.png'
Uploading file: 'D:\2026 Arboreal Futures\urban-futures\_data-refactored\compositor\outputs\4.9\parade_timeline\sizes__20260411_2037\pathway_snag.png' to asset: '/projects/proj-7020_research_archive-1128.4.442/MF 2026 Arboreal Futures/pipeline/4.9/compositor_pngs/parade_timeline/sizes__20260411_2037/pathway_snag.png'
Uploaded file: 'D:\2026 Arboreal Futures\urban-futures\_data-refactored\compositor\outputs\4.9\parade_timeline\sizes__20260411_2037\pathway_snag.png' to asset(id=2705152457): '/projects/proj-7020_research_archive-1128.4.442/MF 2026 Arboreal Futures/pipeline/4.9/compositor_pngs/parade_timeline/sizes__20260411_2037/pathway_snag.png'
Uploading file: 'D:\2026 Arboreal Futures\urban-futures\_data-refactored\compositor\outputs\4.9\parade_timeline\sizes__20260411_2037\priority_artificial.png' to asset: '/projects/proj-7020_research_archive-1128.4.442/MF 2026 Arboreal Futures/pipeline/4.9/compositor_pngs/parade_timeline/sizes__20260411_2037/priority_artificial.png'
Uploaded file: 'D:\2026 Arboreal Futures\urban-futures\_data-refactored\compositor\outputs\4.9\parade_timeline\sizes__20260411_2037\priority_artificial.png' to asset(id=2705152486): '/projects/proj-7020_research_archive-1128.4.442/MF 2026 Arboreal Futures/pipeline/4.9/compositor_pngs/parade_timeline/sizes__20260411_2037/priority_artificial.png'
Uploading file: 'D:\2026 Arboreal Futures\urban-futures\_data-refactored\compositor\outputs\4.9\parade_timeline\sizes__20260411_2037\priority_fallen.png' to asset: '/projects/proj-7020_research_archive-1128.4.442/MF 2026 Arboreal Futures/pipeline/4.9/compositor_pngs/parade_timeline/sizes__20260411_2037/priority_fallen.png'
Uploaded file: 'D:\2026 Arboreal Futures\urban-futures\_data-refactored\compositor\outputs\4.9\parade_timeline\sizes__20260411_2037\priority_fallen.png' to asset(id=2705152505): '/projects/proj-7020_research_archive-1128.4.442/MF 2026 Arboreal Futures/pipeline/4.9/compositor_pngs/parade_timeline/sizes__20260411_2037/priority_fallen.png'
Uploading file: 'D:\2026 Arboreal Futures\urban-futures\_data-refactored\compositor\outputs\4.9\parade_timeline\sizes__20260411_2037\priority_large.png' to asset: '/projects/proj-7020_research_archive-1128.4.442/MF 2026 Arboreal Futures/pipeline/4.9/compositor_pngs/parade_timeline/sizes__20260411_2037/priority_large.png'
Uploaded file: 'D:\2026 Arboreal Futures\urban-futures\_data-refactored\compositor\outputs\4.9\parade_timeline\sizes__20260411_2037\priority_large.png' to asset(id=2705152534): '/projects/proj-7020_research_archive-1128.4.442/MF 2026 Arboreal Futures/pipeline/4.9/compositor_pngs/parade_timeline/sizes__20260411_2037/priority_large.png'
Uploading file: 'D:\2026 Arboreal Futures\urban-futures\_data-refactored\compositor\outputs\4.9\parade_timeline\sizes__20260411_2037\priority_medium.png' to asset: '/projects/proj-7020_research_archive-1128.4.442/MF 2026 Arboreal Futures/pipeline/4.9/compositor_pngs/parade_timeline/sizes__20260411_2037/priority_medium.png'
Uploaded file: 'D:\2026 Arboreal Futures\urban-futures\_data-refactored\compositor\outputs\4.9\parade_timeline\sizes__20260411_2037\priority_medium.png' to asset(id=2705152548): '/projects/proj-7020_research_archive-1128.4.442/MF 2026 Arboreal Futures/pipeline/4.9/compositor_pngs/parade_timeline/sizes__20260411_2037/priority_medium.png'
Uploading file: 'D:\2026 Arboreal Futures\urban-futures\_data-refactored\compositor\outputs\4.9\parade_timeline\sizes__20260411_2037\priority_senescing.png' to asset: '/projects/proj-7020_research_archive-1128.4.442/MF 2026 Arboreal Futures/pipeline/4.9/compositor_pngs/parade_timeline/sizes__20260411_2037/priority_senescing.png'
Uploaded file: 'D:\2026 Arboreal Futures\urban-futures\_data-refactored\compositor\outputs\4.9\parade_timeline\sizes__20260411_2037\priority_senescing.png' to asset(id=2705152563): '/projects/proj-7020_research_archive-1128.4.442/MF 2026 Arboreal Futures/pipeline/4.9/compositor_pngs/parade_timeline/sizes__20260411_2037/priority_senescing.png'
Uploading file: 'D:\2026 Arboreal Futures\urban-futures\_data-refactored\compositor\outputs\4.9\parade_timeline\sizes__20260411_2037\priority_size_combined.png' to asset: '/projects/proj-7020_research_archive-1128.4.442/MF 2026 Arboreal Futures/pipeline/4.9/compositor_pngs/parade_timeline/sizes__20260411_2037/priority_size_combined.png'
Uploaded file: 'D:\2026 Arboreal Futures\urban-futures\_data-refactored\compositor\outputs\4.9\parade_timeline\sizes__20260411_2037\priority_size_combined.png' to asset(id=2705152585): '/projects/proj-7020_research_archive-1128.4.442/MF 2026 Arboreal Futures/pipeline/4.9/compositor_pngs/parade_timeline/sizes__20260411_2037/priority_size_combined.png'
Uploading file: 'D:\2026 Arboreal Futures\urban-futures\_data-refactored\compositor\outputs\4.9\parade_timeline\sizes__20260411_2037\priority_small.png' to asset: '/projects/proj-7020_research_archive-1128.4.442/MF 2026 Arboreal Futures/pipeline/4.9/compositor_pngs/parade_timeline/sizes__20260411_2037/priority_small.png'
Uploaded file: 'D:\2026 Arboreal Futures\urban-futures\_data-refactored\compositor\outputs\4.9\parade_timeline\sizes__20260411_2037\priority_small.png' to asset(id=2705152610): '/projects/proj-7020_research_archive-1128.4.442/MF 2026 Arboreal Futures/pipeline/4.9/compositor_pngs/parade_timeline/sizes__20260411_2037/priority_small.png'
Uploading file: 'D:\2026 Arboreal Futures\urban-futures\_data-refactored\compositor\outputs\4.9\parade_timeline\sizes__20260411_2037\priority_snag.png' to asset: '/projects/proj-7020_research_archive-1128.4.442/MF 2026 Arboreal Futures/pipeline/4.9/compositor_pngs/parade_timeline/sizes__20260411_2037/priority_snag.png'
Uploaded file: 'D:\2026 Arboreal Futures\urban-futures\_data-refactored\compositor\outputs\4.9\parade_timeline\sizes__20260411_2037\priority_snag.png' to asset(id=2705152634): '/projects/proj-7020_research_archive-1128.4.442/MF 2026 Arboreal Futures/pipeline/4.9/compositor_pngs/parade_timeline/sizes__20260411_2037/priority_snag.png'
Uploading file: 'D:\2026 Arboreal Futures\urban-futures\_data-refactored\compositor\outputs\4.9\parade_timeline\sizes__20260411_2037\trending_artificial.png' to asset: '/projects/proj-7020_research_archive-1128.4.442/MF 2026 Arboreal Futures/pipeline/4.9/compositor_pngs/parade_timeline/sizes__20260411_2037/trending_artificial.png'
Uploaded file: 'D:\2026 Arboreal Futures\urban-futures\_data-refactored\compositor\outputs\4.9\parade_timeline\sizes__20260411_2037\trending_artificial.png' to asset(id=2705152653): '/projects/proj-7020_research_archive-1128.4.442/MF 2026 Arboreal Futures/pipeline/4.9/compositor_pngs/parade_timeline/sizes__20260411_2037/trending_artificial.png'
Uploading file: 'D:\2026 Arboreal Futures\urban-futures\_data-refactored\compositor\outputs\4.9\parade_timeline\sizes__20260411_2037\trending_fallen.png' to asset: '/projects/proj-7020_research_archive-1128.4.442/MF 2026 Arboreal Futures/pipeline/4.9/compositor_pngs/parade_timeline/sizes__20260411_2037/trending_fallen.png'
Uploaded file: 'D:\2026 Arboreal Futures\urban-futures\_data-refactored\compositor\outputs\4.9\parade_timeline\sizes__20260411_2037\trending_fallen.png' to asset(id=2705152659): '/projects/proj-7020_research_archive-1128.4.442/MF 2026 Arboreal Futures/pipeline/4.9/compositor_pngs/parade_timeline/sizes__20260411_2037/trending_fallen.png'
Uploading file: 'D:\2026 Arboreal Futures\urban-futures\_data-refactored\compositor\outputs\4.9\parade_timeline\sizes__20260411_2037\trending_large.png' to asset: '/projects/proj-7020_research_archive-1128.4.442/MF 2026 Arboreal Futures/pipeline/4.9/compositor_pngs/parade_timeline/sizes__20260411_2037/trending_large.png'
Uploaded file: 'D:\2026 Arboreal Futures\urban-futures\_data-refactored\compositor\outputs\4.9\parade_timeline\sizes__20260411_2037\trending_large.png' to asset(id=2705152673): '/projects/proj-7020_research_archive-1128.4.442/MF 2026 Arboreal Futures/pipeline/4.9/compositor_pngs/parade_timeline/sizes__20260411_2037/trending_large.png'
Uploading file: 'D:\2026 Arboreal Futures\urban-futures\_data-refactored\compositor\outputs\4.9\parade_timeline\sizes__20260411_2037\trending_medium.png' to asset: '/projects/proj-7020_research_archive-1128.4.442/MF 2026 Arboreal Futures/pipeline/4.9/compositor_pngs/parade_timeline/sizes__20260411_2037/trending_medium.png'
Uploaded file: 'D:\2026 Arboreal Futures\urban-futures\_data-refactored\compositor\outputs\4.9\parade_timeline\sizes__20260411_2037\trending_medium.png' to asset(id=2705152689): '/projects/proj-7020_research_archive-1128.4.442/MF 2026 Arboreal Futures/pipeline/4.9/compositor_pngs/parade_timeline/sizes__20260411_2037/trending_medium.png'
Uploading file: 'D:\2026 Arboreal Futures\urban-futures\_data-refactored\compositor\outputs\4.9\parade_timeline\sizes__20260411_2037\trending_senescing.png' to asset: '/projects/proj-7020_research_archive-1128.4.442/MF 2026 Arboreal Futures/pipeline/4.9/compositor_pngs/parade_timeline/sizes__20260411_2037/trending_senescing.png'
Uploaded file: 'D:\2026 Arboreal Futures\urban-futures\_data-refactored\compositor\outputs\4.9\parade_timeline\sizes__20260411_2037\trending_senescing.png' to asset(id=2705152704): '/projects/proj-7020_research_archive-1128.4.442/MF 2026 Arboreal Futures/pipeline/4.9/compositor_pngs/parade_timeline/sizes__20260411_2037/trending_senescing.png'
Uploading file: 'D:\2026 Arboreal Futures\urban-futures\_data-refactored\compositor\outputs\4.9\parade_timeline\sizes__20260411_2037\trending_size_combined.png' to asset: '/projects/proj-7020_research_archive-1128.4.442/MF 2026 Arboreal Futures/pipeline/4.9/compositor_pngs/parade_timeline/sizes__20260411_2037/trending_size_combined.png'
Uploaded file: 'D:\2026 Arboreal Futures\urban-futures\_data-refactored\compositor\outputs\4.9\parade_timeline\sizes__20260411_2037\trending_size_combined.png' to asset(id=2705152723): '/projects/proj-7020_research_archive-1128.4.442/MF 2026 Arboreal Futures/pipeline/4.9/compositor_pngs/parade_timeline/sizes__20260411_2037/trending_size_combined.png'
Uploading file: 'D:\2026 Arboreal Futures\urban-futures\_data-refactored\compositor\outputs\4.9\parade_timeline\sizes__20260411_2037\trending_small.png' to asset: '/projects/proj-7020_research_archive-1128.4.442/MF 2026 Arboreal Futures/pipeline/4.9/compositor_pngs/parade_timeline/sizes__20260411_2037/trending_small.png'
Uploaded file: 'D:\2026 Arboreal Futures\urban-futures\_data-refactored\compositor\outputs\4.9\parade_timeline\sizes__20260411_2037\trending_small.png' to asset(id=2705152747): '/projects/proj-7020_research_archive-1128.4.442/MF 2026 Arboreal Futures/pipeline/4.9/compositor_pngs/parade_timeline/sizes__20260411_2037/trending_small.png'
Uploading file: 'D:\2026 Arboreal Futures\urban-futures\_data-refactored\compositor\outputs\4.9\parade_timeline\sizes__20260411_2037\trending_snag.png' to asset: '/projects/proj-7020_research_archive-1128.4.442/MF 2026 Arboreal Futures/pipeline/4.9/compositor_pngs/parade_timeline/sizes__20260411_2037/trending_snag.png'
Uploaded file: 'D:\2026 Arboreal Futures\urban-futures\_data-refactored\compositor\outputs\4.9\parade_timeline\sizes__20260411_2037\trending_snag.png' to asset(id=2705152760): '/projects/proj-7020_research_archive-1128.4.442/MF 2026 Arboreal Futures/pipeline/4.9/compositor_pngs/parade_timeline/sizes__20260411_2037/trending_snag.png'
Listening socket closed!

Upload:
    src(directory): D:\2026 Arboreal Futures\urban-futures\_data-refactored\compositor\outputs\4.9\parade_timeline\sizes__20260411_2037
    dst(mediaflux): /projects/proj-7020_research_archive-1128.4.442/MF 2026 Arboreal Futures/pipeline/4.9/compositor_pngs/parade_timeline/sizes__20260411_2037


Summary:
         Exec time: 10.017 seconds
    Worker threads: 1

    Uploaded files:                               32 files
     Skipped files:                                0 files
      Failed files:                                0 files
       Total files:                               32 files
    Uploaded bytes:                      462,940,335 bytes
      Upload speed:                           46.215 MB/s

  EXIT=0
=== UPLOAD parade_timeline/ao -> pipeline/4.9/compositor_pngs/parade_timeline/ao__20260411_2037 ===
Connected to [0;34mmediaflux.researchsoftware.unimelb.edu.au:443[0m as [0;33munimelb:holland1[0m

Checking 3 files...
Uploading file: 'D:\2026 Arboreal Futures\urban-futures\_data-refactored\compositor\outputs\4.9\parade_timeline\ao__20260411_2037\existing_condition_ao_full.png' to asset: '/projects/proj-7020_research_archive-1128.4.442/MF 2026 Arboreal Futures/pipeline/4.9/compositor_pngs/parade_timeline/ao__20260411_2037/existing_condition_ao_full.png'
Uploaded file: 'D:\2026 Arboreal Futures\urban-futures\_data-refactored\compositor\outputs\4.9\parade_timeline\ao__20260411_2037\existing_condition_ao_full.png' to asset(id=2705153031): '/projects/proj-7020_research_archive-1128.4.442/MF 2026 Arboreal Futures/pipeline/4.9/compositor_pngs/parade_timeline/ao__20260411_2037/existing_condition_ao_full.png'
Uploading file: 'D:\2026 Arboreal Futures\urban-futures\_data-refactored\compositor\outputs\4.9\parade_timeline\ao__20260411_2037\pathway_ao_masked.png' to asset: '/projects/proj-7020_research_archive-1128.4.442/MF 2026 Arboreal Futures/pipeline/4.9/compositor_pngs/parade_timeline/ao__20260411_2037/pathway_ao_masked.png'
Uploaded file: 'D:\2026 Arboreal Futures\urban-futures\_data-refactored\compositor\outputs\4.9\parade_timeline\ao__20260411_2037\pathway_ao_masked.png' to asset(id=2705153062): '/projects/proj-7020_research_archive-1128.4.442/MF 2026 Arboreal Futures/pipeline/4.9/compositor_pngs/parade_timeline/ao__20260411_2037/pathway_ao_masked.png'
Uploading file: 'D:\2026 Arboreal Futures\urban-futures\_data-refactored\compositor\outputs\4.9\parade_timeline\ao__20260411_2037\priority_ao_masked.png' to asset: '/projects/proj-7020_research_archive-1128.4.442/MF 2026 Arboreal Futures/pipeline/4.9/compositor_pngs/parade_timeline/ao__20260411_2037/priority_ao_masked.png'
Uploaded file: 'D:\2026 Arboreal Futures\urban-futures\_data-refactored\compositor\outputs\4.9\parade_timeline\ao__20260411_2037\priority_ao_masked.png' to asset(id=2705153078): '/projects/proj-7020_research_archive-1128.4.442/MF 2026 Arboreal Futures/pipeline/4.9/compositor_pngs/parade_timeline/ao__20260411_2037/priority_ao_masked.png'
Listening socket closed!

Upload:
    src(directory): D:\2026 Arboreal Futures\urban-futures\_data-refactored\compositor\outputs\4.9\parade_timeline\ao__20260411_2037
    dst(mediaflux): /projects/proj-7020_research_archive-1128.4.442/MF 2026 Arboreal Futures/pipeline/4.9/compositor_pngs/parade_timeline/ao__20260411_2037


Summary:
         Exec time: 1.721 seconds
    Worker threads: 1

    Uploaded files:                                3 files
     Skipped files:                                0 files
      Failed files:                                0 files
       Total files:                                3 files
    Uploaded bytes:                       73,082,717 bytes
      Upload speed:                           42.465 MB/s

  EXIT=0
=== UPLOAD parade_timeline/shading -> pipeline/4.9/compositor_pngs/parade_timeline/shading__20260411_2037 ===
Connected to [0;34mmediaflux.researchsoftware.unimelb.edu.au:443[0m as [0;33munimelb:holland1[0m

Checking 6 files...
Uploading file: 'D:\2026 Arboreal Futures\urban-futures\_data-refactored\compositor\outputs\4.9\parade_timeline\shading__20260411_2037\existing_condition_ao_full.png' to asset: '/projects/proj-7020_research_archive-1128.4.442/MF 2026 Arboreal Futures/pipeline/4.9/compositor_pngs/parade_timeline/shading__20260411_2037/existing_condition_ao_full.png'
Uploaded file: 'D:\2026 Arboreal Futures\urban-futures\_data-refactored\compositor\outputs\4.9\parade_timeline\shading__20260411_2037\existing_condition_ao_full.png' to asset(id=2705153283): '/projects/proj-7020_research_archive-1128.4.442/MF 2026 Arboreal Futures/pipeline/4.9/compositor_pngs/parade_timeline/shading__20260411_2037/existing_condition_ao_full.png'
Uploading file: 'D:\2026 Arboreal Futures\urban-futures\_data-refactored\compositor\outputs\4.9\parade_timeline\shading__20260411_2037\pathway_shading.png' to asset: '/projects/proj-7020_research_archive-1128.4.442/MF 2026 Arboreal Futures/pipeline/4.9/compositor_pngs/parade_timeline/shading__20260411_2037/pathway_shading.png'
Uploaded file: 'D:\2026 Arboreal Futures\urban-futures\_data-refactored\compositor\outputs\4.9\parade_timeline\shading__20260411_2037\pathway_shading.png' to asset(id=2705153310): '/projects/proj-7020_research_archive-1128.4.442/MF 2026 Arboreal Futures/pipeline/4.9/compositor_pngs/parade_timeline/shading__20260411_2037/pathway_shading.png'
Uploading file: 'D:\2026 Arboreal Futures\urban-futures\_data-refactored\compositor\outputs\4.9\parade_timeline\shading__20260411_2037\positive_bioenvelope_shading.png' to asset: '/projects/proj-7020_research_archive-1128.4.442/MF 2026 Arboreal Futures/pipeline/4.9/compositor_pngs/parade_timeline/shading__20260411_2037/positive_bioenvelope_shading.png'
Uploaded file: 'D:\2026 Arboreal Futures\urban-futures\_data-refactored\compositor\outputs\4.9\parade_timeline\shading__20260411_2037\positive_bioenvelope_shading.png' to asset(id=2705153316): '/projects/proj-7020_research_archive-1128.4.442/MF 2026 Arboreal Futures/pipeline/4.9/compositor_pngs/parade_timeline/shading__20260411_2037/positive_bioenvelope_shading.png'
Uploading file: 'D:\2026 Arboreal Futures\urban-futures\_data-refactored\compositor\outputs\4.9\parade_timeline\shading__20260411_2037\priority_shading.png' to asset: '/projects/proj-7020_research_archive-1128.4.442/MF 2026 Arboreal Futures/pipeline/4.9/compositor_pngs/parade_timeline/shading__20260411_2037/priority_shading.png'
Uploaded file: 'D:\2026 Arboreal Futures\urban-futures\_data-refactored\compositor\outputs\4.9\parade_timeline\shading__20260411_2037\priority_shading.png' to asset(id=2705153332): '/projects/proj-7020_research_archive-1128.4.442/MF 2026 Arboreal Futures/pipeline/4.9/compositor_pngs/parade_timeline/shading__20260411_2037/priority_shading.png'
Uploading file: 'D:\2026 Arboreal Futures\urban-futures\_data-refactored\compositor\outputs\4.9\parade_timeline\shading__20260411_2037\trending_bioenvelope_shading.png' to asset: '/projects/proj-7020_research_archive-1128.4.442/MF 2026 Arboreal Futures/pipeline/4.9/compositor_pngs/parade_timeline/shading__20260411_2037/trending_bioenvelope_shading.png'
Uploaded file: 'D:\2026 Arboreal Futures\urban-futures\_data-refactored\compositor\outputs\4.9\parade_timeline\shading__20260411_2037\trending_bioenvelope_shading.png' to asset(id=2705153356): '/projects/proj-7020_research_archive-1128.4.442/MF 2026 Arboreal Futures/pipeline/4.9/compositor_pngs/parade_timeline/shading__20260411_2037/trending_bioenvelope_shading.png'
Uploading file: 'D:\2026 Arboreal Futures\urban-futures\_data-refactored\compositor\outputs\4.9\parade_timeline\shading__20260411_2037\trending_shading.png' to asset: '/projects/proj-7020_research_archive-1128.4.442/MF 2026 Arboreal Futures/pipeline/4.9/compositor_pngs/parade_timeline/shading__20260411_2037/trending_shading.png'
Uploaded file: 'D:\2026 Arboreal Futures\urban-futures\_data-refactored\compositor\outputs\4.9\parade_timeline\shading__20260411_2037\trending_shading.png' to asset(id=2705153373): '/projects/proj-7020_research_archive-1128.4.442/MF 2026 Arboreal Futures/pipeline/4.9/compositor_pngs/parade_timeline/shading__20260411_2037/trending_shading.png'
Listening socket closed!

Upload:
    src(directory): D:\2026 Arboreal Futures\urban-futures\_data-refactored\compositor\outputs\4.9\parade_timeline\shading__20260411_2037
    dst(mediaflux): /projects/proj-7020_research_archive-1128.4.442/MF 2026 Arboreal Futures/pipeline/4.9/compositor_pngs/parade_timeline/shading__20260411_2037


Summary:
         Exec time: 2.512 seconds
    Worker threads: 1

    Uploaded files:                                6 files
     Skipped files:                                0 files
      Failed files:                                0 files
       Total files:                                6 files
    Uploaded bytes:                       89,190,169 bytes
      Upload speed:                           35.506 MB/s

  EXIT=0
=== UPLOAD uni_timeline/sizes -> pipeline/4.9/compositor_pngs/uni_timeline/sizes__20260411_2037 ===
Connected to [0;34mmediaflux.researchsoftware.unimelb.edu.au:443[0m as [0;33munimelb:holland1[0m

Checking 32 files...
Uploading file: 'D:\2026 Arboreal Futures\urban-futures\_data-refactored\compositor\outputs\4.9\uni_timeline\sizes__20260411_2037\existing_condition_artificial.png' to asset: '/projects/proj-7020_research_archive-1128.4.442/MF 2026 Arboreal Futures/pipeline/4.9/compositor_pngs/uni_timeline/sizes__20260411_2037/existing_condition_artificial.png'
Uploaded file: 'D:\2026 Arboreal Futures\urban-futures\_data-refactored\compositor\outputs\4.9\uni_timeline\sizes__20260411_2037\existing_condition_artificial.png' to asset(id=2705153599): '/projects/proj-7020_research_archive-1128.4.442/MF 2026 Arboreal Futures/pipeline/4.9/compositor_pngs/uni_timeline/sizes__20260411_2037/existing_condition_artificial.png'
Uploading file: 'D:\2026 Arboreal Futures\urban-futures\_data-refactored\compositor\outputs\4.9\uni_timeline\sizes__20260411_2037\existing_condition_fallen.png' to asset: '/projects/proj-7020_research_archive-1128.4.442/MF 2026 Arboreal Futures/pipeline/4.9/compositor_pngs/uni_timeline/sizes__20260411_2037/existing_condition_fallen.png'
Uploaded file: 'D:\2026 Arboreal Futures\urban-futures\_data-refactored\compositor\outputs\4.9\uni_timeline\sizes__20260411_2037\existing_condition_fallen.png' to asset(id=2705153612): '/projects/proj-7020_research_archive-1128.4.442/MF 2026 Arboreal Futures/pipeline/4.9/compositor_pngs/uni_timeline/sizes__20260411_2037/existing_condition_fallen.png'
Uploading file: 'D:\2026 Arboreal Futures\urban-futures\_data-refactored\compositor\outputs\4.9\uni_timeline\sizes__20260411_2037\existing_condition_large.png' to asset: '/projects/proj-7020_research_archive-1128.4.442/MF 2026 Arboreal Futures/pipeline/4.9/compositor_pngs/uni_timeline/sizes__20260411_2037/existing_condition_large.png'
Uploaded file: 'D:\2026 Arboreal Futures\urban-futures\_data-refactored\compositor\outputs\4.9\uni_timeline\sizes__20260411_2037\existing_condition_large.png' to asset(id=2705153636): '/projects/proj-7020_research_archive-1128.4.442/MF 2026 Arboreal Futures/pipeline/4.9/compositor_pngs/uni_timeline/sizes__20260411_2037/existing_condition_large.png'
Uploading file: 'D:\2026 Arboreal Futures\urban-futures\_data-refactored\compositor\outputs\4.9\uni_timeline\sizes__20260411_2037\existing_condition_medium.png' to asset: '/projects/proj-7020_research_archive-1128.4.442/MF 2026 Arboreal Futures/pipeline/4.9/compositor_pngs/uni_timeline/sizes__20260411_2037/existing_condition_medium.png'
Uploaded file: 'D:\2026 Arboreal Futures\urban-futures\_data-refactored\compositor\outputs\4.9\uni_timeline\sizes__20260411_2037\existing_condition_medium.png' to asset(id=2705153648): '/projects/proj-7020_research_archive-1128.4.442/MF 2026 Arboreal Futures/pipeline/4.9/compositor_pngs/uni_timeline/sizes__20260411_2037/existing_condition_medium.png'
Uploading file: 'D:\2026 Arboreal Futures\urban-futures\_data-refactored\compositor\outputs\4.9\uni_timeline\sizes__20260411_2037\existing_condition_senescing.png' to asset: '/projects/proj-7020_research_archive-1128.4.442/MF 2026 Arboreal Futures/pipeline/4.9/compositor_pngs/uni_timeline/sizes__20260411_2037/existing_condition_senescing.png'
Uploaded file: 'D:\2026 Arboreal Futures\urban-futures\_data-refactored\compositor\outputs\4.9\uni_timeline\sizes__20260411_2037\existing_condition_senescing.png' to asset(id=2705153665): '/projects/proj-7020_research_archive-1128.4.442/MF 2026 Arboreal Futures/pipeline/4.9/compositor_pngs/uni_timeline/sizes__20260411_2037/existing_condition_senescing.png'
Uploading file: 'D:\2026 Arboreal Futures\urban-futures\_data-refactored\compositor\outputs\4.9\uni_timeline\sizes__20260411_2037\existing_condition_size_combined.png' to asset: '/projects/proj-7020_research_archive-1128.4.442/MF 2026 Arboreal Futures/pipeline/4.9/compositor_pngs/uni_timeline/sizes__20260411_2037/existing_condition_size_combined.png'
Uploaded file: 'D:\2026 Arboreal Futures\urban-futures\_data-refactored\compositor\outputs\4.9\uni_timeline\sizes__20260411_2037\existing_condition_size_combined.png' to asset(id=2705153679): '/projects/proj-7020_research_archive-1128.4.442/MF 2026 Arboreal Futures/pipeline/4.9/compositor_pngs/uni_timeline/sizes__20260411_2037/existing_condition_size_combined.png'
Uploading file: 'D:\2026 Arboreal Futures\urban-futures\_data-refactored\compositor\outputs\4.9\uni_timeline\sizes__20260411_2037\existing_condition_small.png' to asset: '/projects/proj-7020_research_archive-1128.4.442/MF 2026 Arboreal Futures/pipeline/4.9/compositor_pngs/uni_timeline/sizes__20260411_2037/existing_condition_small.png'
Uploaded file: 'D:\2026 Arboreal Futures\urban-futures\_data-refactored\compositor\outputs\4.9\uni_timeline\sizes__20260411_2037\existing_condition_small.png' to asset(id=2705153706): '/projects/proj-7020_research_archive-1128.4.442/MF 2026 Arboreal Futures/pipeline/4.9/compositor_pngs/uni_timeline/sizes__20260411_2037/existing_condition_small.png'
Uploading file: 'D:\2026 Arboreal Futures\urban-futures\_data-refactored\compositor\outputs\4.9\uni_timeline\sizes__20260411_2037\existing_condition_snag.png' to asset: '/projects/proj-7020_research_archive-1128.4.442/MF 2026 Arboreal Futures/pipeline/4.9/compositor_pngs/uni_timeline/sizes__20260411_2037/existing_condition_snag.png'
Uploaded file: 'D:\2026 Arboreal Futures\urban-futures\_data-refactored\compositor\outputs\4.9\uni_timeline\sizes__20260411_2037\existing_condition_snag.png' to asset(id=2705153716): '/projects/proj-7020_research_archive-1128.4.442/MF 2026 Arboreal Futures/pipeline/4.9/compositor_pngs/uni_timeline/sizes__20260411_2037/existing_condition_snag.png'
Uploading file: 'D:\2026 Arboreal Futures\urban-futures\_data-refactored\compositor\outputs\4.9\uni_timeline\sizes__20260411_2037\pathway_artificial.png' to asset: '/projects/proj-7020_research_archive-1128.4.442/MF 2026 Arboreal Futures/pipeline/4.9/compositor_pngs/uni_timeline/sizes__20260411_2037/pathway_artificial.png'
Uploaded file: 'D:\2026 Arboreal Futures\urban-futures\_data-refactored\compositor\outputs\4.9\uni_timeline\sizes__20260411_2037\pathway_artificial.png' to asset(id=2705153727): '/projects/proj-7020_research_archive-1128.4.442/MF 2026 Arboreal Futures/pipeline/4.9/compositor_pngs/uni_timeline/sizes__20260411_2037/pathway_artificial.png'
Uploading file: 'D:\2026 Arboreal Futures\urban-futures\_data-refactored\compositor\outputs\4.9\uni_timeline\sizes__20260411_2037\pathway_fallen.png' to asset: '/projects/proj-7020_research_archive-1128.4.442/MF 2026 Arboreal Futures/pipeline/4.9/compositor_pngs/uni_timeline/sizes__20260411_2037/pathway_fallen.png'
Uploaded file: 'D:\2026 Arboreal Futures\urban-futures\_data-refactored\compositor\outputs\4.9\uni_timeline\sizes__20260411_2037\pathway_fallen.png' to asset(id=2705153743): '/projects/proj-7020_research_archive-1128.4.442/MF 2026 Arboreal Futures/pipeline/4.9/compositor_pngs/uni_timeline/sizes__20260411_2037/pathway_fallen.png'
Uploading file: 'D:\2026 Arboreal Futures\urban-futures\_data-refactored\compositor\outputs\4.9\uni_timeline\sizes__20260411_2037\pathway_large.png' to asset: '/projects/proj-7020_research_archive-1128.4.442/MF 2026 Arboreal Futures/pipeline/4.9/compositor_pngs/uni_timeline/sizes__20260411_2037/pathway_large.png'
Uploaded file: 'D:\2026 Arboreal Futures\urban-futures\_data-refactored\compositor\outputs\4.9\uni_timeline\sizes__20260411_2037\pathway_large.png' to asset(id=2705153757): '/projects/proj-7020_research_archive-1128.4.442/MF 2026 Arboreal Futures/pipeline/4.9/compositor_pngs/uni_timeline/sizes__20260411_2037/pathway_large.png'
Uploading file: 'D:\2026 Arboreal Futures\urban-futures\_data-refactored\compositor\outputs\4.9\uni_timeline\sizes__20260411_2037\pathway_medium.png' to asset: '/projects/proj-7020_research_archive-1128.4.442/MF 2026 Arboreal Futures/pipeline/4.9/compositor_pngs/uni_timeline/sizes__20260411_2037/pathway_medium.png'
Uploaded file: 'D:\2026 Arboreal Futures\urban-futures\_data-refactored\compositor\outputs\4.9\uni_timeline\sizes__20260411_2037\pathway_medium.png' to asset(id=2705153784): '/projects/proj-7020_research_archive-1128.4.442/MF 2026 Arboreal Futures/pipeline/4.9/compositor_pngs/uni_timeline/sizes__20260411_2037/pathway_medium.png'
Uploading file: 'D:\2026 Arboreal Futures\urban-futures\_data-refactored\compositor\outputs\4.9\uni_timeline\sizes__20260411_2037\pathway_senescing.png' to asset: '/projects/proj-7020_research_archive-1128.4.442/MF 2026 Arboreal Futures/pipeline/4.9/compositor_pngs/uni_timeline/sizes__20260411_2037/pathway_senescing.png'
Uploaded file: 'D:\2026 Arboreal Futures\urban-futures\_data-refactored\compositor\outputs\4.9\uni_timeline\sizes__20260411_2037\pathway_senescing.png' to asset(id=2705153798): '/projects/proj-7020_research_archive-1128.4.442/MF 2026 Arboreal Futures/pipeline/4.9/compositor_pngs/uni_timeline/sizes__20260411_2037/pathway_senescing.png'
Uploading file: 'D:\2026 Arboreal Futures\urban-futures\_data-refactored\compositor\outputs\4.9\uni_timeline\sizes__20260411_2037\pathway_size_combined.png' to asset: '/projects/proj-7020_research_archive-1128.4.442/MF 2026 Arboreal Futures/pipeline/4.9/compositor_pngs/uni_timeline/sizes__20260411_2037/pathway_size_combined.png'
Uploaded file: 'D:\2026 Arboreal Futures\urban-futures\_data-refactored\compositor\outputs\4.9\uni_timeline\sizes__20260411_2037\pathway_size_combined.png' to asset(id=2705153824): '/projects/proj-7020_research_archive-1128.4.442/MF 2026 Arboreal Futures/pipeline/4.9/compositor_pngs/uni_timeline/sizes__20260411_2037/pathway_size_combined.png'
Uploading file: 'D:\2026 Arboreal Futures\urban-futures\_data-refactored\compositor\outputs\4.9\uni_timeline\sizes__20260411_2037\pathway_small.png' to asset: '/projects/proj-7020_research_archive-1128.4.442/MF 2026 Arboreal Futures/pipeline/4.9/compositor_pngs/uni_timeline/sizes__20260411_2037/pathway_small.png'
Uploaded file: 'D:\2026 Arboreal Futures\urban-futures\_data-refactored\compositor\outputs\4.9\uni_timeline\sizes__20260411_2037\pathway_small.png' to asset(id=2705153841): '/projects/proj-7020_research_archive-1128.4.442/MF 2026 Arboreal Futures/pipeline/4.9/compositor_pngs/uni_timeline/sizes__20260411_2037/pathway_small.png'
Uploading file: 'D:\2026 Arboreal Futures\urban-futures\_data-refactored\compositor\outputs\4.9\uni_timeline\sizes__20260411_2037\pathway_snag.png' to asset: '/projects/proj-7020_research_archive-1128.4.442/MF 2026 Arboreal Futures/pipeline/4.9/compositor_pngs/uni_timeline/sizes__20260411_2037/pathway_snag.png'
Uploaded file: 'D:\2026 Arboreal Futures\urban-futures\_data-refactored\compositor\outputs\4.9\uni_timeline\sizes__20260411_2037\pathway_snag.png' to asset(id=2705153862): '/projects/proj-7020_research_archive-1128.4.442/MF 2026 Arboreal Futures/pipeline/4.9/compositor_pngs/uni_timeline/sizes__20260411_2037/pathway_snag.png'
Uploading file: 'D:\2026 Arboreal Futures\urban-futures\_data-refactored\compositor\outputs\4.9\uni_timeline\sizes__20260411_2037\priority_artificial.png' to asset: '/projects/proj-7020_research_archive-1128.4.442/MF 2026 Arboreal Futures/pipeline/4.9/compositor_pngs/uni_timeline/sizes__20260411_2037/priority_artificial.png'
Uploaded file: 'D:\2026 Arboreal Futures\urban-futures\_data-refactored\compositor\outputs\4.9\uni_timeline\sizes__20260411_2037\priority_artificial.png' to asset(id=2705153872): '/projects/proj-7020_research_archive-1128.4.442/MF 2026 Arboreal Futures/pipeline/4.9/compositor_pngs/uni_timeline/sizes__20260411_2037/priority_artificial.png'
Uploading file: 'D:\2026 Arboreal Futures\urban-futures\_data-refactored\compositor\outputs\4.9\uni_timeline\sizes__20260411_2037\priority_fallen.png' to asset: '/projects/proj-7020_research_archive-1128.4.442/MF 2026 Arboreal Futures/pipeline/4.9/compositor_pngs/uni_timeline/sizes__20260411_2037/priority_fallen.png'
Uploaded file: 'D:\2026 Arboreal Futures\urban-futures\_data-refactored\compositor\outputs\4.9\uni_timeline\sizes__20260411_2037\priority_fallen.png' to asset(id=2705153887): '/projects/proj-7020_research_archive-1128.4.442/MF 2026 Arboreal Futures/pipeline/4.9/compositor_pngs/uni_timeline/sizes__20260411_2037/priority_fallen.png'
Uploading file: 'D:\2026 Arboreal Futures\urban-futures\_data-refactored\compositor\outputs\4.9\uni_timeline\sizes__20260411_2037\priority_large.png' to asset: '/projects/proj-7020_research_archive-1128.4.442/MF 2026 Arboreal Futures/pipeline/4.9/compositor_pngs/uni_timeline/sizes__20260411_2037/priority_large.png'
Uploaded file: 'D:\2026 Arboreal Futures\urban-futures\_data-refactored\compositor\outputs\4.9\uni_timeline\sizes__20260411_2037\priority_large.png' to asset(id=2705153918): '/projects/proj-7020_research_archive-1128.4.442/MF 2026 Arboreal Futures/pipeline/4.9/compositor_pngs/uni_timeline/sizes__20260411_2037/priority_large.png'
Uploading file: 'D:\2026 Arboreal Futures\urban-futures\_data-refactored\compositor\outputs\4.9\uni_timeline\sizes__20260411_2037\priority_medium.png' to asset: '/projects/proj-7020_research_archive-1128.4.442/MF 2026 Arboreal Futures/pipeline/4.9/compositor_pngs/uni_timeline/sizes__20260411_2037/priority_medium.png'
Uploaded file: 'D:\2026 Arboreal Futures\urban-futures\_data-refactored\compositor\outputs\4.9\uni_timeline\sizes__20260411_2037\priority_medium.png' to asset(id=2705153931): '/projects/proj-7020_research_archive-1128.4.442/MF 2026 Arboreal Futures/pipeline/4.9/compositor_pngs/uni_timeline/sizes__20260411_2037/priority_medium.png'
Uploading file: 'D:\2026 Arboreal Futures\urban-futures\_data-refactored\compositor\outputs\4.9\uni_timeline\sizes__20260411_2037\priority_senescing.png' to asset: '/projects/proj-7020_research_archive-1128.4.442/MF 2026 Arboreal Futures/pipeline/4.9/compositor_pngs/uni_timeline/sizes__20260411_2037/priority_senescing.png'
Uploaded file: 'D:\2026 Arboreal Futures\urban-futures\_data-refactored\compositor\outputs\4.9\uni_timeline\sizes__20260411_2037\priority_senescing.png' to asset(id=2705153946): '/projects/proj-7020_research_archive-1128.4.442/MF 2026 Arboreal Futures/pipeline/4.9/compositor_pngs/uni_timeline/sizes__20260411_2037/priority_senescing.png'
Uploading file: 'D:\2026 Arboreal Futures\urban-futures\_data-refactored\compositor\outputs\4.9\uni_timeline\sizes__20260411_2037\priority_size_combined.png' to asset: '/projects/proj-7020_research_archive-1128.4.442/MF 2026 Arboreal Futures/pipeline/4.9/compositor_pngs/uni_timeline/sizes__20260411_2037/priority_size_combined.png'
Uploaded file: 'D:\2026 Arboreal Futures\urban-futures\_data-refactored\compositor\outputs\4.9\uni_timeline\sizes__20260411_2037\priority_size_combined.png' to asset(id=2705153967): '/projects/proj-7020_research_archive-1128.4.442/MF 2026 Arboreal Futures/pipeline/4.9/compositor_pngs/uni_timeline/sizes__20260411_2037/priority_size_combined.png'
Uploading file: 'D:\2026 Arboreal Futures\urban-futures\_data-refactored\compositor\outputs\4.9\uni_timeline\sizes__20260411_2037\priority_small.png' to asset: '/projects/proj-7020_research_archive-1128.4.442/MF 2026 Arboreal Futures/pipeline/4.9/compositor_pngs/uni_timeline/sizes__20260411_2037/priority_small.png'
Uploaded file: 'D:\2026 Arboreal Futures\urban-futures\_data-refactored\compositor\outputs\4.9\uni_timeline\sizes__20260411_2037\priority_small.png' to asset(id=2705153982): '/projects/proj-7020_research_archive-1128.4.442/MF 2026 Arboreal Futures/pipeline/4.9/compositor_pngs/uni_timeline/sizes__20260411_2037/priority_small.png'
Uploading file: 'D:\2026 Arboreal Futures\urban-futures\_data-refactored\compositor\outputs\4.9\uni_timeline\sizes__20260411_2037\priority_snag.png' to asset: '/projects/proj-7020_research_archive-1128.4.442/MF 2026 Arboreal Futures/pipeline/4.9/compositor_pngs/uni_timeline/sizes__20260411_2037/priority_snag.png'
Uploaded file: 'D:\2026 Arboreal Futures\urban-futures\_data-refactored\compositor\outputs\4.9\uni_timeline\sizes__20260411_2037\priority_snag.png' to asset(id=2705153991): '/projects/proj-7020_research_archive-1128.4.442/MF 2026 Arboreal Futures/pipeline/4.9/compositor_pngs/uni_timeline/sizes__20260411_2037/priority_snag.png'
Uploading file: 'D:\2026 Arboreal Futures\urban-futures\_data-refactored\compositor\outputs\4.9\uni_timeline\sizes__20260411_2037\trending_artificial.png' to asset: '/projects/proj-7020_research_archive-1128.4.442/MF 2026 Arboreal Futures/pipeline/4.9/compositor_pngs/uni_timeline/sizes__20260411_2037/trending_artificial.png'
Uploaded file: 'D:\2026 Arboreal Futures\urban-futures\_data-refactored\compositor\outputs\4.9\uni_timeline\sizes__20260411_2037\trending_artificial.png' to asset(id=2705153998): '/projects/proj-7020_research_archive-1128.4.442/MF 2026 Arboreal Futures/pipeline/4.9/compositor_pngs/uni_timeline/sizes__20260411_2037/trending_artificial.png'
Uploading file: 'D:\2026 Arboreal Futures\urban-futures\_data-refactored\compositor\outputs\4.9\uni_timeline\sizes__20260411_2037\trending_fallen.png' to asset: '/projects/proj-7020_research_archive-1128.4.442/MF 2026 Arboreal Futures/pipeline/4.9/compositor_pngs/uni_timeline/sizes__20260411_2037/trending_fallen.png'
Uploaded file: 'D:\2026 Arboreal Futures\urban-futures\_data-refactored\compositor\outputs\4.9\uni_timeline\sizes__20260411_2037\trending_fallen.png' to asset(id=2705154013): '/projects/proj-7020_research_archive-1128.4.442/MF 2026 Arboreal Futures/pipeline/4.9/compositor_pngs/uni_timeline/sizes__20260411_2037/trending_fallen.png'
Uploading file: 'D:\2026 Arboreal Futures\urban-futures\_data-refactored\compositor\outputs\4.9\uni_timeline\sizes__20260411_2037\trending_large.png' to asset: '/projects/proj-7020_research_archive-1128.4.442/MF 2026 Arboreal Futures/pipeline/4.9/compositor_pngs/uni_timeline/sizes__20260411_2037/trending_large.png'
Uploaded file: 'D:\2026 Arboreal Futures\urban-futures\_data-refactored\compositor\outputs\4.9\uni_timeline\sizes__20260411_2037\trending_large.png' to asset(id=2705154029): '/projects/proj-7020_research_archive-1128.4.442/MF 2026 Arboreal Futures/pipeline/4.9/compositor_pngs/uni_timeline/sizes__20260411_2037/trending_large.png'
Uploading file: 'D:\2026 Arboreal Futures\urban-futures\_data-refactored\compositor\outputs\4.9\uni_timeline\sizes__20260411_2037\trending_medium.png' to asset: '/projects/proj-7020_research_archive-1128.4.442/MF 2026 Arboreal Futures/pipeline/4.9/compositor_pngs/uni_timeline/sizes__20260411_2037/trending_medium.png'
Uploaded file: 'D:\2026 Arboreal Futures\urban-futures\_data-refactored\compositor\outputs\4.9\uni_timeline\sizes__20260411_2037\trending_medium.png' to asset(id=2705154051): '/projects/proj-7020_research_archive-1128.4.442/MF 2026 Arboreal Futures/pipeline/4.9/compositor_pngs/uni_timeline/sizes__20260411_2037/trending_medium.png'
Uploading file: 'D:\2026 Arboreal Futures\urban-futures\_data-refactored\compositor\outputs\4.9\uni_timeline\sizes__20260411_2037\trending_senescing.png' to asset: '/projects/proj-7020_research_archive-1128.4.442/MF 2026 Arboreal Futures/pipeline/4.9/compositor_pngs/uni_timeline/sizes__20260411_2037/trending_senescing.png'
Uploaded file: 'D:\2026 Arboreal Futures\urban-futures\_data-refactored\compositor\outputs\4.9\uni_timeline\sizes__20260411_2037\trending_senescing.png' to asset(id=2705154073): '/projects/proj-7020_research_archive-1128.4.442/MF 2026 Arboreal Futures/pipeline/4.9/compositor_pngs/uni_timeline/sizes__20260411_2037/trending_senescing.png'
Uploading file: 'D:\2026 Arboreal Futures\urban-futures\_data-refactored\compositor\outputs\4.9\uni_timeline\sizes__20260411_2037\trending_size_combined.png' to asset: '/projects/proj-7020_research_archive-1128.4.442/MF 2026 Arboreal Futures/pipeline/4.9/compositor_pngs/uni_timeline/sizes__20260411_2037/trending_size_combined.png'
Uploaded file: 'D:\2026 Arboreal Futures\urban-futures\_data-refactored\compositor\outputs\4.9\uni_timeline\sizes__20260411_2037\trending_size_combined.png' to asset(id=2705154097): '/projects/proj-7020_research_archive-1128.4.442/MF 2026 Arboreal Futures/pipeline/4.9/compositor_pngs/uni_timeline/sizes__20260411_2037/trending_size_combined.png'
Uploading file: 'D:\2026 Arboreal Futures\urban-futures\_data-refactored\compositor\outputs\4.9\uni_timeline\sizes__20260411_2037\trending_small.png' to asset: '/projects/proj-7020_research_archive-1128.4.442/MF 2026 Arboreal Futures/pipeline/4.9/compositor_pngs/uni_timeline/sizes__20260411_2037/trending_small.png'
Uploaded file: 'D:\2026 Arboreal Futures\urban-futures\_data-refactored\compositor\outputs\4.9\uni_timeline\sizes__20260411_2037\trending_small.png' to asset(id=2705154111): '/projects/proj-7020_research_archive-1128.4.442/MF 2026 Arboreal Futures/pipeline/4.9/compositor_pngs/uni_timeline/sizes__20260411_2037/trending_small.png'
Uploading file: 'D:\2026 Arboreal Futures\urban-futures\_data-refactored\compositor\outputs\4.9\uni_timeline\sizes__20260411_2037\trending_snag.png' to asset: '/projects/proj-7020_research_archive-1128.4.442/MF 2026 Arboreal Futures/pipeline/4.9/compositor_pngs/uni_timeline/sizes__20260411_2037/trending_snag.png'
Uploaded file: 'D:\2026 Arboreal Futures\urban-futures\_data-refactored\compositor\outputs\4.9\uni_timeline\sizes__20260411_2037\trending_snag.png' to asset(id=2705154127): '/projects/proj-7020_research_archive-1128.4.442/MF 2026 Arboreal Futures/pipeline/4.9/compositor_pngs/uni_timeline/sizes__20260411_2037/trending_snag.png'
Listening socket closed!

Upload:
    src(directory): D:\2026 Arboreal Futures\urban-futures\_data-refactored\compositor\outputs\4.9\uni_timeline\sizes__20260411_2037
    dst(mediaflux): /projects/proj-7020_research_archive-1128.4.442/MF 2026 Arboreal Futures/pipeline/4.9/compositor_pngs/uni_timeline/sizes__20260411_2037


Summary:
         Exec time: 8.647 seconds
    Worker threads: 1

    Uploaded files:                               32 files
     Skipped files:                                0 files
      Failed files:                                0 files
       Total files:                               32 files
    Uploaded bytes:                      454,300,236 bytes
      Upload speed:                           52.538 MB/s

  EXIT=0
=== UPLOAD uni_timeline/ao -> pipeline/4.9/compositor_pngs/uni_timeline/ao__20260411_2037 ===
Connected to [0;34mmediaflux.researchsoftware.unimelb.edu.au:443[0m as [0;33munimelb:holland1[0m

Checking 3 files...
Uploading file: 'D:\2026 Arboreal Futures\urban-futures\_data-refactored\compositor\outputs\4.9\uni_timeline\ao__20260411_2037\existing_condition_ao_full.png' to asset: '/projects/proj-7020_research_archive-1128.4.442/MF 2026 Arboreal Futures/pipeline/4.9/compositor_pngs/uni_timeline/ao__20260411_2037/existing_condition_ao_full.png'
Uploaded file: 'D:\2026 Arboreal Futures\urban-futures\_data-refactored\compositor\outputs\4.9\uni_timeline\ao__20260411_2037\existing_condition_ao_full.png' to asset(id=2705154340): '/projects/proj-7020_research_archive-1128.4.442/MF 2026 Arboreal Futures/pipeline/4.9/compositor_pngs/uni_timeline/ao__20260411_2037/existing_condition_ao_full.png'
Uploading file: 'D:\2026 Arboreal Futures\urban-futures\_data-refactored\compositor\outputs\4.9\uni_timeline\ao__20260411_2037\pathway_ao_masked.png' to asset: '/projects/proj-7020_research_archive-1128.4.442/MF 2026 Arboreal Futures/pipeline/4.9/compositor_pngs/uni_timeline/ao__20260411_2037/pathway_ao_masked.png'
Uploaded file: 'D:\2026 Arboreal Futures\urban-futures\_data-refactored\compositor\outputs\4.9\uni_timeline\ao__20260411_2037\pathway_ao_masked.png' to asset(id=2705154361): '/projects/proj-7020_research_archive-1128.4.442/MF 2026 Arboreal Futures/pipeline/4.9/compositor_pngs/uni_timeline/ao__20260411_2037/pathway_ao_masked.png'
Uploading file: 'D:\2026 Arboreal Futures\urban-futures\_data-refactored\compositor\outputs\4.9\uni_timeline\ao__20260411_2037\priority_ao_masked.png' to asset: '/projects/proj-7020_research_archive-1128.4.442/MF 2026 Arboreal Futures/pipeline/4.9/compositor_pngs/uni_timeline/ao__20260411_2037/priority_ao_masked.png'
Uploaded file: 'D:\2026 Arboreal Futures\urban-futures\_data-refactored\compositor\outputs\4.9\uni_timeline\ao__20260411_2037\priority_ao_masked.png' to asset(id=2705154390): '/projects/proj-7020_research_archive-1128.4.442/MF 2026 Arboreal Futures/pipeline/4.9/compositor_pngs/uni_timeline/ao__20260411_2037/priority_ao_masked.png'
Listening socket closed!

Upload:
    src(directory): D:\2026 Arboreal Futures\urban-futures\_data-refactored\compositor\outputs\4.9\uni_timeline\ao__20260411_2037
    dst(mediaflux): /projects/proj-7020_research_archive-1128.4.442/MF 2026 Arboreal Futures/pipeline/4.9/compositor_pngs/uni_timeline/ao__20260411_2037


Summary:
         Exec time: 1.524 seconds
    Worker threads: 1

    Uploaded files:                                3 files
     Skipped files:                                0 files
      Failed files:                                0 files
       Total files:                                3 files
    Uploaded bytes:                       78,597,649 bytes
      Upload speed:                           51.573 MB/s

  EXIT=0
=== UPLOAD uni_timeline/shading -> pipeline/4.9/compositor_pngs/uni_timeline/shading__20260411_2037 ===
Connected to [0;34mmediaflux.researchsoftware.unimelb.edu.au:443[0m as [0;33munimelb:holland1[0m

Checking 6 files...
Uploading file: 'D:\2026 Arboreal Futures\urban-futures\_data-refactored\compositor\outputs\4.9\uni_timeline\shading__20260411_2037\existing_condition_ao_full.png' to asset: '/projects/proj-7020_research_archive-1128.4.442/MF 2026 Arboreal Futures/pipeline/4.9/compositor_pngs/uni_timeline/shading__20260411_2037/existing_condition_ao_full.png'
Uploaded file: 'D:\2026 Arboreal Futures\urban-futures\_data-refactored\compositor\outputs\4.9\uni_timeline\shading__20260411_2037\existing_condition_ao_full.png' to asset(id=2705154628): '/projects/proj-7020_research_archive-1128.4.442/MF 2026 Arboreal Futures/pipeline/4.9/compositor_pngs/uni_timeline/shading__20260411_2037/existing_condition_ao_full.png'
Uploading file: 'D:\2026 Arboreal Futures\urban-futures\_data-refactored\compositor\outputs\4.9\uni_timeline\shading__20260411_2037\pathway_shading.png' to asset: '/projects/proj-7020_research_archive-1128.4.442/MF 2026 Arboreal Futures/pipeline/4.9/compositor_pngs/uni_timeline/shading__20260411_2037/pathway_shading.png'
Uploaded file: 'D:\2026 Arboreal Futures\urban-futures\_data-refactored\compositor\outputs\4.9\uni_timeline\shading__20260411_2037\pathway_shading.png' to asset(id=2705154648): '/projects/proj-7020_research_archive-1128.4.442/MF 2026 Arboreal Futures/pipeline/4.9/compositor_pngs/uni_timeline/shading__20260411_2037/pathway_shading.png'
Uploading file: 'D:\2026 Arboreal Futures\urban-futures\_data-refactored\compositor\outputs\4.9\uni_timeline\shading__20260411_2037\positive_bioenvelope_shading.png' to asset: '/projects/proj-7020_research_archive-1128.4.442/MF 2026 Arboreal Futures/pipeline/4.9/compositor_pngs/uni_timeline/shading__20260411_2037/positive_bioenvelope_shading.png'
Uploaded file: 'D:\2026 Arboreal Futures\urban-futures\_data-refactored\compositor\outputs\4.9\uni_timeline\shading__20260411_2037\positive_bioenvelope_shading.png' to asset(id=2705154673): '/projects/proj-7020_research_archive-1128.4.442/MF 2026 Arboreal Futures/pipeline/4.9/compositor_pngs/uni_timeline/shading__20260411_2037/positive_bioenvelope_shading.png'
Uploading file: 'D:\2026 Arboreal Futures\urban-futures\_data-refactored\compositor\outputs\4.9\uni_timeline\shading__20260411_2037\priority_shading.png' to asset: '/projects/proj-7020_research_archive-1128.4.442/MF 2026 Arboreal Futures/pipeline/4.9/compositor_pngs/uni_timeline/shading__20260411_2037/priority_shading.png'
Uploaded file: 'D:\2026 Arboreal Futures\urban-futures\_data-refactored\compositor\outputs\4.9\uni_timeline\shading__20260411_2037\priority_shading.png' to asset(id=2705154698): '/projects/proj-7020_research_archive-1128.4.442/MF 2026 Arboreal Futures/pipeline/4.9/compositor_pngs/uni_timeline/shading__20260411_2037/priority_shading.png'
Uploading file: 'D:\2026 Arboreal Futures\urban-futures\_data-refactored\compositor\outputs\4.9\uni_timeline\shading__20260411_2037\trending_bioenvelope_shading.png' to asset: '/projects/proj-7020_research_archive-1128.4.442/MF 2026 Arboreal Futures/pipeline/4.9/compositor_pngs/uni_timeline/shading__20260411_2037/trending_bioenvelope_shading.png'
Uploaded file: 'D:\2026 Arboreal Futures\urban-futures\_data-refactored\compositor\outputs\4.9\uni_timeline\shading__20260411_2037\trending_bioenvelope_shading.png' to asset(id=2705154712): '/projects/proj-7020_research_archive-1128.4.442/MF 2026 Arboreal Futures/pipeline/4.9/compositor_pngs/uni_timeline/shading__20260411_2037/trending_bioenvelope_shading.png'
Uploading file: 'D:\2026 Arboreal Futures\urban-futures\_data-refactored\compositor\outputs\4.9\uni_timeline\shading__20260411_2037\trending_shading.png' to asset: '/projects/proj-7020_research_archive-1128.4.442/MF 2026 Arboreal Futures/pipeline/4.9/compositor_pngs/uni_timeline/shading__20260411_2037/trending_shading.png'
Uploaded file: 'D:\2026 Arboreal Futures\urban-futures\_data-refactored\compositor\outputs\4.9\uni_timeline\shading__20260411_2037\trending_shading.png' to asset(id=2705154720): '/projects/proj-7020_research_archive-1128.4.442/MF 2026 Arboreal Futures/pipeline/4.9/compositor_pngs/uni_timeline/shading__20260411_2037/trending_shading.png'
Listening socket closed!

Upload:
    src(directory): D:\2026 Arboreal Futures\urban-futures\_data-refactored\compositor\outputs\4.9\uni_timeline\shading__20260411_2037
    dst(mediaflux): /projects/proj-7020_research_archive-1128.4.442/MF 2026 Arboreal Futures/pipeline/4.9/compositor_pngs/uni_timeline/shading__20260411_2037


Summary:
         Exec time: 2.535 seconds
    Worker threads: 1

    Uploaded files:                                6 files
     Skipped files:                                0 files
      Failed files:                                0 files
       Total files:                                6 files
    Uploaded bytes:                      107,734,233 bytes
      Upload speed:                           42.499 MB/s

  EXIT=0
